[0.313s] Invoking command in '/home/racecar/racecar_ws/build/ydlidar': CMAKE_PREFIX_PATH=/opt/ros/iron /usr/bin/cmake /home/racecar/racecar_ws/src/ydlidar_ros2 -DAMENT_CMAKE_SYMLINK_INSTALL=1 -DCMAKE_INSTALL_PREFIX=/home/racecar/racecar_ws/install/ydlidar
[1.137s] -- The C compiler identification is GNU 11.4.0
[1.858s] -- The CXX compiler identification is GNU 11.4.0
[1.902s] -- Detecting C compiler ABI info
[2.267s] -- Detecting C compiler ABI info - done
[2.293s] -- Check for working C compiler: /usr/bin/cc - skipped
[2.296s] -- Detecting C compile features
[2.298s] -- Detecting C compile features - done
[2.313s] -- Detecting CXX compiler ABI info
[2.680s] -- Detecting CXX compiler ABI info - done
[2.707s] -- Check for working CXX compiler: /usr/bin/c++ - skipped
[2.708s] -- Detecting CXX compile features
[2.710s] -- Detecting CXX compile features - done
[2.751s] -- Found ament_cmake: 2.0.3 (/opt/ros/iron/share/ament_cmake/cmake)
[3.631s] -- Found Python3: /usr/bin/python3.10 (found version "3.10.12") found components: Interpreter 
[3.946s] -- Override CMake install command with custom implementation using symlinks instead of copying resources
[4.268s] -- Found rclcpp: 21.0.4 (/opt/ros/iron/share/rclcpp/cmake)
[4.681s] -- Found rosidl_generator_c: 4.0.1 (/opt/ros/iron/share/rosidl_generator_c/cmake)
[4.780s] -- Found rosidl_generator_cpp: 4.0.1 (/opt/ros/iron/share/rosidl_generator_cpp/cmake)
[4.905s] -- Using all available rosidl_typesupport_c: rosidl_typesupport_fastrtps_c;rosidl_typesupport_introspection_c
[5.042s] -- Using all available rosidl_typesupport_cpp: rosidl_typesupport_fastrtps_cpp;rosidl_typesupport_introspection_cpp
[5.864s] -- Found rmw_implementation_cmake: 7.1.0 (/opt/ros/iron/share/rmw_implementation_cmake/cmake)
[5.893s] -- Found rmw_fastrtps_cpp: 7.1.2 (/opt/ros/iron/share/rmw_fastrtps_cpp/cmake)
[6.614s] -- Found OpenSSL: /usr/lib/aarch64-linux-gnu/libcrypto.so (found version "3.0.2")  
[6.879s] -- Found FastRTPS: /opt/ros/iron/include  
[7.315s] -- Using RMW implementation 'rmw_fastrtps_cpp' as default
[8.111s] -- Found sensor_msgs: 5.0.0 (/opt/ros/iron/share/sensor_msgs/cmake)
[9.046s] -- Found visualization_msgs: 5.0.0 (/opt/ros/iron/share/visualization_msgs/cmake)
[9.670s] -- Found ament_lint_auto: 0.14.2 (/opt/ros/iron/share/ament_lint_auto/cmake)
[10.194s] -- Added test 'copyright' to check source files copyright and LICENSE
[10.489s] -- Added test 'cppcheck' to perform static code analysis on C / C++ code
[10.490s] -- Configured cppcheck include dirs: /home/racecar/racecar_ws/src/ydlidar_ros2/src;/home/racecar/racecar_ws/src/ydlidar_ros2/sdk/include;/home/racecar/racecar_ws/src/ydlidar_ros2/sdk/src
[10.491s] -- Configured cppcheck exclude dirs and/or files: 
[10.781s] -- Added test 'cpplint' to check C / C++ code against the Google style
[10.782s] -- Configured cpplint exclude dirs and/or files: 
[10.821s] -- Added test 'flake8' to check Python code syntax and style conventions
[10.821s] -- Configured 'flake8' exclude dirs and/or files: 
[10.895s] -- Added test 'lint_cmake' to check CMake code style
[10.934s] -- Added test 'pep257' to check Python code against some of the docstring style conventions in PEP 257
[11.225s] -- Added test 'uncrustify' to check C / C++ code style
[11.226s] -- Configured uncrustify additional arguments: 
[11.264s] -- Added test 'xmllint' to check XML markup files
[11.273s] -- Configuring done
[11.369s] -- Generating done
[11.377s] -- Build files have been written to: /home/racecar/racecar_ws/build/ydlidar
[11.422s] Invoked command in '/home/racecar/racecar_ws/build/ydlidar' returned '0': CMAKE_PREFIX_PATH=/opt/ros/iron /usr/bin/cmake /home/racecar/racecar_ws/src/ydlidar_ros2 -DAMENT_CMAKE_SYMLINK_INSTALL=1 -DCMAKE_INSTALL_PREFIX=/home/racecar/racecar_ws/install/ydlidar
[11.434s] Invoking command in '/home/racecar/racecar_ws/build/ydlidar': CMAKE_PREFIX_PATH=/opt/ros/iron /usr/bin/cmake --build /home/racecar/racecar_ws/build/ydlidar -- -j4 -l4
[11.654s] [  9%] [32mBuilding CXX object CMakeFiles/ydlidar_client.dir/src/ydlidar_client.cpp.o[0m
[11.657s] [ 18%] [32mBuilding CXX object CMakeFiles/ydlidar_node.dir/src/ydlidar_node.cpp.o[0m
[11.659s] [ 27%] [32mBuilding CXX object CMakeFiles/ydlidar_node.dir/sdk/src/CYdLidar.cpp.o[0m
[11.693s] [ 36%] [32mBuilding CXX object CMakeFiles/ydlidar_node.dir/sdk/src/impl/unix/list_ports_linux.cpp.o[0m
[14.135s] In file included from [01m[K/home/racecar/racecar_ws/src/ydlidar_ros2/sdk/include/serial.h:9[m[K,
[14.136s]                  from [01m[K/home/racecar/racecar_ws/src/ydlidar_ros2/sdk/src/impl/unix/list_ports_linux.cpp:26[m[K:
[14.137s] [01m[K/home/racecar/racecar_ws/src/ydlidar_ros2/sdk/include/v8stdint.h:[m[K In function â€˜[01m[Kbool ydlidar::fileExists(std::string)[m[Kâ€™:
[14.138s] [01m[K/home/racecar/racecar_ws/src/ydlidar_ros2/sdk/include/v8stdint.h:240:24:[m[K [01;35m[Kwarning: [m[Kmissing initializer for member â€˜[01m[Kstat::st_ino[m[Kâ€™ [[01;35m[K]8;;https://gcc.gnu.org/onlinedocs/gcc/Warning-Options.html#index-Wmissing-field-initializers-Wmissing-field-initializers]8;;[m[K]
[14.139s]   240 |   struct stat info = {0[01;35m[K}[m[K;
[14.139s]       |                        [01;35m[K^[m[K
[14.140s] [01m[K/home/racecar/racecar_ws/src/ydlidar_ros2/sdk/include/v8stdint.h:240:24:[m[K [01;35m[Kwarning: [m[Kmissing initializer for member â€˜[01m[Kstat::st_mode[m[Kâ€™ [[01;35m[K]8;;https://gcc.gnu.org/onlinedocs/gcc/Warning-Options.html#index-Wmissing-field-initializers-Wmissing-field-initializers]8;;[m[K]
[14.140s] [01m[K/home/racecar/racecar_ws/src/ydlidar_ros2/sdk/include/v8stdint.h:240:24:[m[K [01;35m[Kwarning: [m[Kmissing initializer for member â€˜[01m[Kstat::st_nlink[m[Kâ€™ [[01;35m[K]8;;https://gcc.gnu.org/onlinedocs/gcc/Warning-Options.html#index-Wmissing-field-initializers-Wmissing-field-initializers]8;;[m[K]
[14.141s] [01m[K/home/racecar/racecar_ws/src/ydlidar_ros2/sdk/include/v8stdint.h:240:24:[m[K [01;35m[Kwarning: [m[Kmissing initializer for member â€˜[01m[Kstat::st_uid[m[Kâ€™ [[01;35m[K]8;;https://gcc.gnu.org/onlinedocs/gcc/Warning-Options.html#index-Wmissing-field-initializers-Wmissing-field-initializers]8;;[m[K]
[14.142s] [01m[K/home/racecar/racecar_ws/src/ydlidar_ros2/sdk/include/v8stdint.h:240:24:[m[K [01;35m[Kwarning: [m[Kmissing initializer for member â€˜[01m[Kstat::st_gid[m[Kâ€™ [[01;35m[K]8;;https://gcc.gnu.org/onlinedocs/gcc/Warning-Options.html#index-Wmissing-field-initializers-Wmissing-field-initializers]8;;[m[K]
[14.142s] [01m[K/home/racecar/racecar_ws/src/ydlidar_ros2/sdk/include/v8stdint.h:240:24:[m[K [01;35m[Kwarning: [m[Kmissing initializer for member â€˜[01m[Kstat::st_rdev[m[Kâ€™ [[01;35m[K]8;;https://gcc.gnu.org/onlinedocs/gcc/Warning-Options.html#index-Wmissing-field-initializers-Wmissing-field-initializers]8;;[m[K]
[14.143s] [01m[K/home/racecar/racecar_ws/src/ydlidar_ros2/sdk/include/v8stdint.h:240:24:[m[K [01;35m[Kwarning: [m[Kmissing initializer for member â€˜[01m[Kstat::__pad1[m[Kâ€™ [[01;35m[K]8;;https://gcc.gnu.org/onlinedocs/gcc/Warning-Options.html#index-Wmissing-field-initializers-Wmissing-field-initializers]8;;[m[K]
[14.144s] [01m[K/home/racecar/racecar_ws/src/ydlidar_ros2/sdk/include/v8stdint.h:240:24:[m[K [01;35m[Kwarning: [m[Kmissing initializer for member â€˜[01m[Kstat::st_size[m[Kâ€™ [[01;35m[K]8;;https://gcc.gnu.org/onlinedocs/gcc/Warning-Options.html#index-Wmissing-field-initializers-Wmissing-field-initializers]8;;[m[K]
[14.145s] [01m[K/home/racecar/racecar_ws/src/ydlidar_ros2/sdk/include/v8stdint.h:240:24:[m[K [01;35m[Kwarning: [m[Kmissing initializer for member â€˜[01m[Kstat::st_blksize[m[Kâ€™ [[01;35m[K]8;;https://gcc.gnu.org/onlinedocs/gcc/Warning-Options.html#index-Wmissing-field-initializers-Wmissing-field-initializers]8;;[m[K]
[14.146s] [01m[K/home/racecar/racecar_ws/src/ydlidar_ros2/sdk/include/v8stdint.h:240:24:[m[K [01;35m[Kwarning: [m[Kmissing initializer for member â€˜[01m[Kstat::__pad2[m[Kâ€™ [[01;35m[K]8;;https://gcc.gnu.org/onlinedocs/gcc/Warning-Options.html#index-Wmissing-field-initializers-Wmissing-field-initializers]8;;[m[K]
[14.147s] [01m[K/home/racecar/racecar_ws/src/ydlidar_ros2/sdk/include/v8stdint.h:240:24:[m[K [01;35m[Kwarning: [m[Kmissing initializer for member â€˜[01m[Kstat::st_blocks[m[Kâ€™ [[01;35m[K]8;;https://gcc.gnu.org/onlinedocs/gcc/Warning-Options.html#index-Wmissing-field-initializers-Wmissing-field-initializers]8;;[m[K]
[14.148s] [01m[K/home/racecar/racecar_ws/src/ydlidar_ros2/sdk/include/v8stdint.h:240:24:[m[K [01;35m[Kwarning: [m[Kmissing initializer for member â€˜[01m[Kstat::st_atim[m[Kâ€™ [[01;35m[K]8;;https://gcc.gnu.org/onlinedocs/gcc/Warning-Options.html#index-Wmissing-field-initializers-Wmissing-field-initializers]8;;[m[K]
[14.149s] [01m[K/home/racecar/racecar_ws/src/ydlidar_ros2/sdk/include/v8stdint.h:240:24:[m[K [01;35m[Kwarning: [m[Kmissing initializer for member â€˜[01m[Kstat::st_mtim[m[Kâ€™ [[01;35m[K]8;;https://gcc.gnu.org/onlinedocs/gcc/Warning-Options.html#index-Wmissing-field-initializers-Wmissing-field-initializers]8;;[m[K]
[14.150s] [01m[K/home/racecar/racecar_ws/src/ydlidar_ros2/sdk/include/v8stdint.h:240:24:[m[K [01;35m[Kwarning: [m[Kmissing initializer for member â€˜[01m[Kstat::st_ctim[m[Kâ€™ [[01;35m[K]8;;https://gcc.gnu.org/onlinedocs/gcc/Warning-Options.html#index-Wmissing-field-initializers-Wmissing-field-initializers]8;;[m[K]
[14.150s] [01m[K/home/racecar/racecar_ws/src/ydlidar_ros2/sdk/include/v8stdint.h:240:24:[m[K [01;35m[Kwarning: [m[Kmissing initializer for member â€˜[01m[Kstat::__glibc_reserved[m[Kâ€™ [[01;35m[K]8;;https://gcc.gnu.org/onlinedocs/gcc/Warning-Options.html#index-Wmissing-field-initializers-Wmissing-field-initializers]8;;[m[K]
[14.160s] [01m[K/home/racecar/racecar_ws/src/ydlidar_ros2/sdk/src/impl/unix/list_ports_linux.cpp:[m[K In function â€˜[01m[Kstd::vector<std::__cxx11::basic_string<char> > glob(const std::vector<std::__cxx11::basic_string<char> >&)[m[Kâ€™:
[14.161s] [01m[K/home/racecar/racecar_ws/src/ydlidar_ros2/sdk/src/impl/unix/list_ports_linux.cpp:58:7:[m[K [01;35m[Kwarning: [m[Kvariable â€˜[01m[Kglob_retval[m[Kâ€™ set but not used [[01;35m[K]8;;https://gcc.gnu.org/onlinedocs/gcc/Warning-Options.html#index-Wunused-but-set-variable-Wunused-but-set-variable]8;;[m[K]
[14.162s]    58 |   int [01;35m[Kglob_retval[m[K = glob(patterns[0].c_str(), 0, NULL, &glob_results);
[14.163s]       |       [01;35m[K^~~~~~~~~~~[m[K
[14.684s] In file included from [01m[K/home/racecar/racecar_ws/src/ydlidar_ros2/sdk/include/serial.h:9[m[K,
[14.685s]                  from [01m[K/home/racecar/racecar_ws/src/ydlidar_ros2/sdk/include/ydlidar_driver.h:54[m[K,
[14.686s]                  from [01m[K/home/racecar/racecar_ws/src/ydlidar_ros2/sdk/include/CYdLidar.h:36[m[K,
[14.687s]                  from [01m[K/home/racecar/racecar_ws/src/ydlidar_ros2/sdk/src/CYdLidar.cpp:34[m[K:
[14.689s] [01m[K/home/racecar/racecar_ws/src/ydlidar_ros2/sdk/include/v8stdint.h:[m[K In function â€˜[01m[Kbool ydlidar::fileExists(std::string)[m[Kâ€™:
[14.690s] [01m[K/home/racecar/racecar_ws/src/ydlidar_ros2/sdk/include/v8stdint.h:240:24:[m[K [01;35m[Kwarning: [m[Kmissing initializer for member â€˜[01m[Kstat::st_ino[m[Kâ€™ [[01;35m[K]8;;https://gcc.gnu.org/onlinedocs/gcc/Warning-Options.html#index-Wmissing-field-initializers-Wmissing-field-initializers]8;;[m[K]
[14.692s]   240 |   struct stat info = {0[01;35m[K}[m[K;
[14.694s]       |                        [01;35m[K^[m[K
[14.695s] [01m[K/home/racecar/racecar_ws/src/ydlidar_ros2/sdk/include/v8stdint.h:240:24:[m[K [01;35m[Kwarning: [m[Kmissing initializer for member â€˜[01m[Kstat::st_mode[m[Kâ€™ [[01;35m[K]8;;https://gcc.gnu.org/onlinedocs/gcc/Warning-Options.html#index-Wmissing-field-initializers-Wmissing-field-initializers]8;;[m[K]
[14.695s] [01m[K/home/racecar/racecar_ws/src/ydlidar_ros2/sdk/include/v8stdint.h:240:24:[m[K [01;35m[Kwarning: [m[Kmissing initializer for member â€˜[01m[Kstat::st_nlink[m[Kâ€™ [[01;35m[K]8;;https://gcc.gnu.org/onlinedocs/gcc/Warning-Options.html#index-Wmissing-field-initializers-Wmissing-field-initializers]8;;[m[K]
[14.696s] [01m[K/home/racecar/racecar_ws/src/ydlidar_ros2/sdk/include/v8stdint.h:240:24:[m[K [01;35m[Kwarning: [m[Kmissing initializer for member â€˜[01m[Kstat::st_uid[m[Kâ€™ [[01;35m[K]8;;https://gcc.gnu.org/onlinedocs/gcc/Warning-Options.html#index-Wmissing-field-initializers-Wmissing-field-initializers]8;;[m[K]
[14.697s] [01m[K/home/racecar/racecar_ws/src/ydlidar_ros2/sdk/include/v8stdint.h:240:24:[m[K [01;35m[Kwarning: [m[Kmissing initializer for member â€˜[01m[Kstat::st_gid[m[Kâ€™ [[01;35m[K]8;;https://gcc.gnu.org/onlinedocs/gcc/Warning-Options.html#index-Wmissing-field-initializers-Wmissing-field-initializers]8;;[m[K]
[14.698s] [01m[K/home/racecar/racecar_ws/src/ydlidar_ros2/sdk/include/v8stdint.h:240:24:[m[K [01;35m[Kwarning: [m[Kmissing initializer for member â€˜[01m[Kstat::st_rdev[m[Kâ€™ [[01;35m[K]8;;https://gcc.gnu.org/onlinedocs/gcc/Warning-Options.html#index-Wmissing-field-initializers-Wmissing-field-initializers]8;;[m[K]
[14.699s] [01m[K/home/racecar/racecar_ws/src/ydlidar_ros2/sdk/include/v8stdint.h:240:24:[m[K [01;35m[Kwarning: [m[Kmissing initializer for member â€˜[01m[Kstat::__pad1[m[Kâ€™ [[01;35m[K]8;;https://gcc.gnu.org/onlinedocs/gcc/Warning-Options.html#index-Wmissing-field-initializers-Wmissing-field-initializers]8;;[m[K]
[14.700s] [01m[K/home/racecar/racecar_ws/src/ydlidar_ros2/sdk/include/v8stdint.h:240:24:[m[K [01;35m[Kwarning: [m[Kmissing initializer for member â€˜[01m[Kstat::st_size[m[Kâ€™ [[01;35m[K]8;;https://gcc.gnu.org/onlinedocs/gcc/Warning-Options.html#index-Wmissing-field-initializers-Wmissing-field-initializers]8;;[m[K]
[14.702s] [01m[K/home/racecar/racecar_ws/src/ydlidar_ros2/sdk/include/v8stdint.h:240:24:[m[K [01;35m[Kwarning: [m[Kmissing initializer for member â€˜[01m[Kstat::st_blksize[m[Kâ€™ [[01;35m[K]8;;https://gcc.gnu.org/onlinedocs/gcc/Warning-Options.html#index-Wmissing-field-initializers-Wmissing-field-initializers]8;;[m[K]
[14.703s] [01m[K/home/racecar/racecar_ws/src/ydlidar_ros2/sdk/include/v8stdint.h:240:24:[m[K [01;35m[Kwarning: [m[Kmissing initializer for member â€˜[01m[Kstat::__pad2[m[Kâ€™ [[01;35m[K]8;;https://gcc.gnu.org/onlinedocs/gcc/Warning-Options.html#index-Wmissing-field-initializers-Wmissing-field-initializers]8;;[m[K]
[14.704s] [01m[K/home/racecar/racecar_ws/src/ydlidar_ros2/sdk/include/v8stdint.h:240:24:[m[K [01;35m[Kwarning: [m[Kmissing initializer for member â€˜[01m[Kstat::st_blocks[m[Kâ€™ [[01;35m[K]8;;https://gcc.gnu.org/onlinedocs/gcc/Warning-Options.html#index-Wmissing-field-initializers-Wmissing-field-initializers]8;;[m[K]
[14.705s] [01m[K/home/racecar/racecar_ws/src/ydlidar_ros2/sdk/include/v8stdint.h:240:24:[m[K [01;35m[Kwarning: [m[Kmissing initializer for member â€˜[01m[Kstat::st_atim[m[Kâ€™ [[01;35m[K]8;;https://gcc.gnu.org/onlinedocs/gcc/Warning-Options.html#index-Wmissing-field-initializers-Wmissing-field-initializers]8;;[m[K]
[14.708s] [01m[K/home/racecar/racecar_ws/src/ydlidar_ros2/sdk/include/v8stdint.h:240:24:[m[K [01;35m[Kwarning: [m[Kmissing initializer for member â€˜[01m[Kstat::st_mtim[m[Kâ€™ [[01;35m[K]8;;https://gcc.gnu.org/onlinedocs/gcc/Warning-Options.html#index-Wmissing-field-initializers-Wmissing-field-initializers]8;;[m[K]
[14.709s] [01m[K/home/racecar/racecar_ws/src/ydlidar_ros2/sdk/include/v8stdint.h:240:24:[m[K [01;35m[Kwarning: [m[Kmissing initializer for member â€˜[01m[Kstat::st_ctim[m[Kâ€™ [[01;35m[K]8;;https://gcc.gnu.org/onlinedocs/gcc/Warning-Options.html#index-Wmissing-field-initializers-Wmissing-field-initializers]8;;[m[K]
[14.710s] [01m[K/home/racecar/racecar_ws/src/ydlidar_ros2/sdk/include/v8stdint.h:240:24:[m[K [01;35m[Kwarning: [m[Kmissing initializer for member â€˜[01m[Kstat::__glibc_reserved[m[Kâ€™ [[01;35m[K]8;;https://gcc.gnu.org/onlinedocs/gcc/Warning-Options.html#index-Wmissing-field-initializers-Wmissing-field-initializers]8;;[m[K]
[14.713s] In file included from [01m[K/home/racecar/racecar_ws/src/ydlidar_ros2/sdk/include/ydlidar_driver.h:56[m[K,
[14.715s]                  from [01m[K/home/racecar/racecar_ws/src/ydlidar_ros2/sdk/include/CYdLidar.h:36[m[K,
[14.716s]                  from [01m[K/home/racecar/racecar_ws/src/ydlidar_ros2/sdk/src/CYdLidar.cpp:34[m[K:
[14.718s] [01m[K/home/racecar/racecar_ws/src/ydlidar_ros2/sdk/include/thread.h:[m[K In static member function â€˜[01m[Kstatic Thread Thread::createThread(thread_proc_t, void*)[m[Kâ€™:
[14.720s] [01m[K/home/racecar/racecar_ws/src/ydlidar_ros2/sdk/include/thread.h:43:57:[m[K [01;35m[Kwarning: [m[Kcast between incompatible function types from â€˜[01m[Kthread_proc_t[m[Kâ€™ {aka â€˜[01m[Klong unsigned int (*)(void*)[m[Kâ€™} to â€˜[01m[Kvoid* (*)(void*)[m[Kâ€™ [[01;35m[K]8;;https://gcc.gnu.org/onlinedocs/gcc/Warning-Options.html#index-Wcast-function-type-Wcast-function-type]8;;[m[K]
[14.721s]    43 |     pthread_create((pthread_t *)&thread_._handle, NULL, [01;35m[K(void *(*)(void *))proc[m[K,
[14.722s]       |                                                         [01;35m[K^~~~~~~~~~~~~~~~~~~~~~~[m[K
[14.745s] In file included from [01m[K/home/racecar/racecar_ws/src/ydlidar_ros2/sdk/include/ydlidar_driver.h:58[m[K,
[14.746s]                  from [01m[K/home/racecar/racecar_ws/src/ydlidar_ros2/sdk/include/CYdLidar.h:36[m[K,
[14.746s]                  from [01m[K/home/racecar/racecar_ws/src/ydlidar_ros2/sdk/src/CYdLidar.cpp:34[m[K:
[14.747s] [01m[K/home/racecar/racecar_ws/src/ydlidar_ros2/sdk/include/help_info.h:[m[K In function â€˜[01m[Kbool ydlidar::isSupportMotorCtrl(int)[m[Kâ€™:
[14.753s] [01m[K/home/racecar/racecar_ws/src/ydlidar_ros2/sdk/include/help_info.h:414:8:[m[K [01;35m[Kwarning: [m[Kvariable â€˜[01m[Kret[m[Kâ€™ set but not used [[01;35m[K]8;;https://gcc.gnu.org/onlinedocs/gcc/Warning-Options.html#index-Wunused-but-set-variable-Wunused-but-set-variable]8;;[m[K]
[14.754s]   414 |   bool [01;35m[Kret[m[K = false;
[14.755s]       |        [01;35m[K^~~[m[K
[15.515s] [ 45%] [32mBuilding CXX object CMakeFiles/ydlidar_node.dir/sdk/src/impl/unix/unix_serial.cpp.o[0m
[15.844s] [01m[K/home/racecar/racecar_ws/src/ydlidar_ros2/sdk/src/CYdLidar.cpp:[m[K In member function â€˜[01m[Kbool CYdLidar::doProcessSimple(LaserScan&, bool&)[m[Kâ€™:
[15.845s] [01m[K/home/racecar/racecar_ws/src/ydlidar_ros2/sdk/src/CYdLidar.cpp:216:23:[m[K [01;35m[Kwarning: [m[Kcomparison of integer expressions of different signedness: â€˜[01m[Kint[m[Kâ€™ and â€˜[01m[Ksize_t[m[Kâ€™ {aka â€˜[01m[Klong unsigned int[m[Kâ€™} [[01;35m[K]8;;https://gcc.gnu.org/onlinedocs/gcc/Warning-Options.html#index-Wsign-compare-Wsign-compare]8;;[m[K]
[15.846s]   216 |     for (int i = 0; [01;35m[Ki < count[m[K; i++) {
[15.847s]       |                     [01;35m[K~~^~~~~~~[m[K
[16.679s] In file included from [01m[K/home/racecar/racecar_ws/src/ydlidar_ros2/sdk/include/ydlidar_driver.h:58[m[K,
[16.680s]                  from [01m[K/home/racecar/racecar_ws/src/ydlidar_ros2/sdk/include/CYdLidar.h:36[m[K,
[16.681s]                  from [01m[K/home/racecar/racecar_ws/src/ydlidar_ros2/sdk/src/CYdLidar.cpp:34[m[K:
[16.681s] [01m[K/home/racecar/racecar_ws/src/ydlidar_ros2/sdk/include/help_info.h:[m[K In function â€˜[01m[Kbool ydlidar::ParseLaserDebugInfo(const LaserDebug&, device_info&)[m[Kâ€™:
[16.682s] [01m[K/home/racecar/racecar_ws/src/ydlidar_ros2/sdk/include/help_info.h:679:67:[m[K [01;35m[Kwarning: [m[Kâ€˜[01m[Ksprintf[m[Kâ€™ writing a terminating nul past the end of the destination [[01;35m[K]8;;https://gcc.gnu.org/onlinedocs/gcc/Warning-Options.html#index-Wformat-overflow=-Wformat-overflow=]8;;[m[K]
[16.683s]   679 |       sprintf(reinterpret_cast<char *>(value.serialnum + 8), "%08d[01;35m[K"[m[K, Number);
[16.685s]       |                                                                   [01;35m[K^[m[K
[16.686s] [01m[K/home/racecar/racecar_ws/src/ydlidar_ros2/sdk/include/help_info.h:679:14:[m[K [01;36m[Knote: [m[Kâ€˜[01m[Ksprintf[m[Kâ€™ output 9 bytes into a destination of size 8
[16.687s]   679 |       [01;36m[Ksprintf(reinterpret_cast<char *>(value.serialnum + 8), "%08d", Number)[m[K;
[16.688s]       |       [01;36m[K~~~~~~~^~~~~~~~~~~~~~~~~~~~~~~~~~~~~~~~~~~~~~~~~~~~~~~~~~~~~~~~~~~~~~~[m[K
[18.321s] In file included from [01m[K/home/racecar/racecar_ws/src/ydlidar_ros2/sdk/include/serial.h:9[m[K,
[18.323s]                  from [01m[K/home/racecar/racecar_ws/src/ydlidar_ros2/sdk/src/impl/unix/unix_serial.h:9[m[K,
[18.324s]                  from [01m[K/home/racecar/racecar_ws/src/ydlidar_ros2/sdk/src/impl/unix/unix_serial.cpp:39[m[K:
[18.326s] [01m[K/home/racecar/racecar_ws/src/ydlidar_ros2/sdk/include/v8stdint.h:[m[K In function â€˜[01m[Kbool ydlidar::fileExists(std::string)[m[Kâ€™:
[18.327s] [01m[K/home/racecar/racecar_ws/src/ydlidar_ros2/sdk/include/v8stdint.h:240:24:[m[K [01;35m[Kwarning: [m[Kmissing initializer for member â€˜[01m[Kstat::st_ino[m[Kâ€™ [[01;35m[K]8;;https://gcc.gnu.org/onlinedocs/gcc/Warning-Options.html#index-Wmissing-field-initializers-Wmissing-field-initializers]8;;[m[K]
[18.329s]   240 |   struct stat info = {0[01;35m[K}[m[K;
[18.330s]       |                        [01;35m[K^[m[K
[18.345s] [01m[K/home/racecar/racecar_ws/src/ydlidar_ros2/sdk/include/v8stdint.h:240:24:[m[K [01;35m[Kwarning: [m[Kmissing initializer for member â€˜[01m[Kstat::st_mode[m[Kâ€™ [[01;35m[K]8;;https://gcc.gnu.org/onlinedocs/gcc/Warning-Options.html#index-Wmissing-field-initializers-Wmissing-field-initializers]8;;[m[K]
[18.346s] [01m[K/home/racecar/racecar_ws/src/ydlidar_ros2/sdk/include/v8stdint.h:240:24:[m[K [01;35m[Kwarning: [m[Kmissing initializer for member â€˜[01m[Kstat::st_nlink[m[Kâ€™ [[01;35m[K]8;;https://gcc.gnu.org/onlinedocs/gcc/Warning-Options.html#index-Wmissing-field-initializers-Wmissing-field-initializers]8;;[m[K]
[18.347s] [01m[K/home/racecar/racecar_ws/src/ydlidar_ros2/sdk/include/v8stdint.h:240:24:[m[K [01;35m[Kwarning: [m[Kmissing initializer for member â€˜[01m[Kstat::st_uid[m[Kâ€™ [[01;35m[K]8;;https://gcc.gnu.org/onlinedocs/gcc/Warning-Options.html#index-Wmissing-field-initializers-Wmissing-field-initializers]8;;[m[K]
[18.348s] [01m[K/home/racecar/racecar_ws/src/ydlidar_ros2/sdk/include/v8stdint.h:240:24:[m[K [01;35m[Kwarning: [m[Kmissing initializer for member â€˜[01m[Kstat::st_gid[m[Kâ€™ [[01;35m[K]8;;https://gcc.gnu.org/onlinedocs/gcc/Warning-Options.html#index-Wmissing-field-initializers-Wmissing-field-initializers]8;;[m[K]
[18.349s] [01m[K/home/racecar/racecar_ws/src/ydlidar_ros2/sdk/include/v8stdint.h:240:24:[m[K [01;35m[Kwarning: [m[Kmissing initializer for member â€˜[01m[Kstat::st_rdev[m[Kâ€™ [[01;35m[K]8;;https://gcc.gnu.org/onlinedocs/gcc/Warning-Options.html#index-Wmissing-field-initializers-Wmissing-field-initializers]8;;[m[K]
[18.350s] [01m[K/home/racecar/racecar_ws/src/ydlidar_ros2/sdk/include/v8stdint.h:240:24:[m[K [01;35m[Kwarning: [m[Kmissing initializer for member â€˜[01m[Kstat::__pad1[m[Kâ€™ [[01;35m[K]8;;https://gcc.gnu.org/onlinedocs/gcc/Warning-Options.html#index-Wmissing-field-initializers-Wmissing-field-initializers]8;;[m[K]
[18.351s] [01m[K/home/racecar/racecar_ws/src/ydlidar_ros2/sdk/include/v8stdint.h:240:24:[m[K [01;35m[Kwarning: [m[Kmissing initializer for member â€˜[01m[Kstat::st_size[m[Kâ€™ [[01;35m[K]8;;https://gcc.gnu.org/onlinedocs/gcc/Warning-Options.html#index-Wmissing-field-initializers-Wmissing-field-initializers]8;;[m[K]
[18.352s] [01m[K/home/racecar/racecar_ws/src/ydlidar_ros2/sdk/include/v8stdint.h:240:24:[m[K [01;35m[Kwarning: [m[Kmissing initializer for member â€˜[01m[Kstat::st_blksize[m[Kâ€™ [[01;35m[K]8;;https://gcc.gnu.org/onlinedocs/gcc/Warning-Options.html#index-Wmissing-field-initializers-Wmissing-field-initializers]8;;[m[K]
[18.353s] [01m[K/home/racecar/racecar_ws/src/ydlidar_ros2/sdk/include/v8stdint.h:240:24:[m[K [01;35m[Kwarning: [m[Kmissing initializer for member â€˜[01m[Kstat::__pad2[m[Kâ€™ [[01;35m[K]8;;https://gcc.gnu.org/onlinedocs/gcc/Warning-Options.html#index-Wmissing-field-initializers-Wmissing-field-initializers]8;;[m[K]
[18.354s] [01m[K/home/racecar/racecar_ws/src/ydlidar_ros2/sdk/include/v8stdint.h:240:24:[m[K [01;35m[Kwarning: [m[Kmissing initializer for member â€˜[01m[Kstat::st_blocks[m[Kâ€™ [[01;35m[K]8;;https://gcc.gnu.org/onlinedocs/gcc/Warning-Options.html#index-Wmissing-field-initializers-Wmissing-field-initializers]8;;[m[K]
[18.355s] [01m[K/home/racecar/racecar_ws/src/ydlidar_ros2/sdk/include/v8stdint.h:240:24:[m[K [01;35m[Kwarning: [m[Kmissing initializer for member â€˜[01m[Kstat::st_atim[m[Kâ€™ [[01;35m[K]8;;https://gcc.gnu.org/onlinedocs/gcc/Warning-Options.html#index-Wmissing-field-initializers-Wmissing-field-initializers]8;;[m[K]
[18.356s] [01m[K/home/racecar/racecar_ws/src/ydlidar_ros2/sdk/include/v8stdint.h:240:24:[m[K [01;35m[Kwarning: [m[Kmissing initializer for member â€˜[01m[Kstat::st_mtim[m[Kâ€™ [[01;35m[K]8;;https://gcc.gnu.org/onlinedocs/gcc/Warning-Options.html#index-Wmissing-field-initializers-Wmissing-field-initializers]8;;[m[K]
[18.371s] [01m[K/home/racecar/racecar_ws/src/ydlidar_ros2/sdk/include/v8stdint.h:240:24:[m[K [01;35m[Kwarning: [m[Kmissing initializer for member â€˜[01m[Kstat::st_ctim[m[Kâ€™ [[01;35m[K]8;;https://gcc.gnu.org/onlinedocs/gcc/Warning-Options.html#index-Wmissing-field-initializers-Wmissing-field-initializers]8;;[m[K]
[18.372s] [01m[K/home/racecar/racecar_ws/src/ydlidar_ros2/sdk/include/v8stdint.h:240:24:[m[K [01;35m[Kwarning: [m[Kmissing initializer for member â€˜[01m[Kstat::__glibc_reserved[m[Kâ€™ [[01;35m[K]8;;https://gcc.gnu.org/onlinedocs/gcc/Warning-Options.html#index-Wmissing-field-initializers-Wmissing-field-initializers]8;;[m[K]
[18.392s] [ 54%] [32mBuilding CXX object CMakeFiles/ydlidar_node.dir/sdk/src/impl/unix/unix_timer.cpp.o[0m
[18.399s] [01m[K/home/racecar/racecar_ws/src/ydlidar_ros2/sdk/src/impl/unix/unix_serial.cpp:[m[K In member function â€˜[01m[Kbool serial::Serial::SerialImpl::setCustomBaudRate(long unsigned int)[m[Kâ€™:
[18.400s] [01m[K/home/racecar/racecar_ws/src/ydlidar_ros2/sdk/src/impl/unix/unix_serial.cpp:1235:40:[m[K [01;35m[Kwarning: [m[Kcomparison of integer expressions of different signedness: â€˜[01m[Klong unsigned int[m[Kâ€™ and â€˜[01m[Kint[m[Kâ€™ [[01;35m[K]8;;https://gcc.gnu.org/onlinedocs/gcc/Warning-Options.html#index-Wsign-compare-Wsign-compare]8;;[m[K]
[18.400s]  1235 |   if ([01;35m[Kserial.custom_divisor * baudrate != serial.baud_base[m[K) {
[18.401s]       |       [01;35m[K~~~~~~~~~~~~~~~~~~~~~~~~~~~~~~~~~^~~~~~~~~~~~~~~~~~~[m[K
[19.066s] [ 63%] [32mBuilding C object CMakeFiles/ydlidar_node.dir/sdk/src/lock.c.o[0m
[19.669s] [01m[K/home/racecar/racecar_ws/src/ydlidar_ros2/sdk/src/lock.c:[m[K In function â€˜[01m[Kfhs_lock[m[Kâ€™:
[19.675s] [01m[K/home/racecar/racecar_ws/src/ydlidar_ros2/sdk/src/lock.c:199:40:[m[K [01;35m[Kwarning: [m[Kunused parameter â€˜[01m[Kpid[m[Kâ€™ [[01;35m[K]8;;https://gcc.gnu.org/onlinedocs/gcc/Warning-Options.html#index-Wunused-parameter-Wunused-parameter]8;;[m[K]
[19.676s]   199 | int fhs_lock(const char *filename, [01;35m[Kint pid[m[K) {
[19.677s]       |                                    [01;35m[K~~~~^~~[m[K
[19.679s] [01m[K/home/racecar/racecar_ws/src/ydlidar_ros2/sdk/src/lock.c:[m[K In function â€˜[01m[Kuucp_lock[m[Kâ€™:
[19.679s] [01m[K/home/racecar/racecar_ws/src/ydlidar_ros2/sdk/src/lock.c:281:41:[m[K [01;35m[Kwarning: [m[Kunused parameter â€˜[01m[Kpid[m[Kâ€™ [[01;35m[K]8;;https://gcc.gnu.org/onlinedocs/gcc/Warning-Options.html#index-Wunused-parameter-Wunused-parameter]8;;[m[K]
[19.680s]   281 | int uucp_lock(const char *filename, [01;35m[Kint pid[m[K) {
[19.681s]       |                                     [01;35m[K~~~~^~~[m[K
[19.927s] [ 72%] [32mBuilding CXX object CMakeFiles/ydlidar_node.dir/sdk/src/serial.cpp.o[0m
[20.071s] In file included from [01m[K/home/racecar/racecar_ws/src/ydlidar_ros2/sdk/include/timer.h:2[m[K,
[20.072s]                  from [01m[K/home/racecar/racecar_ws/src/ydlidar_ros2/sdk/src/impl/unix/unix_timer.cpp:2[m[K:
[20.073s] [01m[K/home/racecar/racecar_ws/src/ydlidar_ros2/sdk/include/v8stdint.h:[m[K In function â€˜[01m[Kbool ydlidar::fileExists(std::string)[m[Kâ€™:
[20.074s] [01m[K/home/racecar/racecar_ws/src/ydlidar_ros2/sdk/include/v8stdint.h:240:24:[m[K [01;35m[Kwarning: [m[Kmissing initializer for member â€˜[01m[Kstat::st_ino[m[Kâ€™ [[01;35m[K]8;;https://gcc.gnu.org/onlinedocs/gcc/Warning-Options.html#index-Wmissing-field-initializers-Wmissing-field-initializers]8;;[m[K]
[20.075s]   240 |   struct stat info = {0[01;35m[K}[m[K;
[20.075s]       |                        [01;35m[K^[m[K
[20.077s] [01m[K/home/racecar/racecar_ws/src/ydlidar_ros2/sdk/include/v8stdint.h:240:24:[m[K [01;35m[Kwarning: [m[Kmissing initializer for member â€˜[01m[Kstat::st_mode[m[Kâ€™ [[01;35m[K]8;;https://gcc.gnu.org/onlinedocs/gcc/Warning-Options.html#index-Wmissing-field-initializers-Wmissing-field-initializers]8;;[m[K]
[20.078s] [01m[K/home/racecar/racecar_ws/src/ydlidar_ros2/sdk/include/v8stdint.h:240:24:[m[K [01;35m[Kwarning: [m[Kmissing initializer for member â€˜[01m[Kstat::st_nlink[m[Kâ€™ [[01;35m[K]8;;https://gcc.gnu.org/onlinedocs/gcc/Warning-Options.html#index-Wmissing-field-initializers-Wmissing-field-initializers]8;;[m[K]
[20.079s] [01m[K/home/racecar/racecar_ws/src/ydlidar_ros2/sdk/include/v8stdint.h:240:24:[m[K [01;35m[Kwarning: [m[Kmissing initializer for member â€˜[01m[Kstat::st_uid[m[Kâ€™ [[01;35m[K]8;;https://gcc.gnu.org/onlinedocs/gcc/Warning-Options.html#index-Wmissing-field-initializers-Wmissing-field-initializers]8;;[m[K]
[20.080s] [01m[K/home/racecar/racecar_ws/src/ydlidar_ros2/sdk/include/v8stdint.h:240:24:[m[K [01;35m[Kwarning: [m[Kmissing initializer for member â€˜[01m[Kstat::st_gid[m[Kâ€™ [[01;35m[K]8;;https://gcc.gnu.org/onlinedocs/gcc/Warning-Options.html#index-Wmissing-field-initializers-Wmissing-field-initializers]8;;[m[K]
[20.081s] [01m[K/home/racecar/racecar_ws/src/ydlidar_ros2/sdk/include/v8stdint.h:240:24:[m[K [01;35m[Kwarning: [m[Kmissing initializer for member â€˜[01m[Kstat::st_rdev[m[Kâ€™ [[01;35m[K]8;;https://gcc.gnu.org/onlinedocs/gcc/Warning-Options.html#index-Wmissing-field-initializers-Wmissing-field-initializers]8;;[m[K]
[20.082s] [01m[K/home/racecar/racecar_ws/src/ydlidar_ros2/sdk/include/v8stdint.h:240:24:[m[K [01;35m[Kwarning: [m[Kmissing initializer for member â€˜[01m[Kstat::__pad1[m[Kâ€™ [[01;35m[K]8;;https://gcc.gnu.org/onlinedocs/gcc/Warning-Options.html#index-Wmissing-field-initializers-Wmissing-field-initializers]8;;[m[K]
[20.083s] [01m[K/home/racecar/racecar_ws/src/ydlidar_ros2/sdk/include/v8stdint.h:240:24:[m[K [01;35m[Kwarning: [m[Kmissing initializer for member â€˜[01m[Kstat::st_size[m[Kâ€™ [[01;35m[K]8;;https://gcc.gnu.org/onlinedocs/gcc/Warning-Options.html#index-Wmissing-field-initializers-Wmissing-field-initializers]8;;[m[K]
[20.084s] [01m[K/home/racecar/racecar_ws/src/ydlidar_ros2/sdk/include/v8stdint.h:240:24:[m[K [01;35m[Kwarning: [m[Kmissing initializer for member â€˜[01m[Kstat::st_blksize[m[Kâ€™ [[01;35m[K]8;;https://gcc.gnu.org/onlinedocs/gcc/Warning-Options.html#index-Wmissing-field-initializers-Wmissing-field-initializers]8;;[m[K]
[20.085s] [01m[K/home/racecar/racecar_ws/src/ydlidar_ros2/sdk/include/v8stdint.h:240:24:[m[K [01;35m[Kwarning: [m[Kmissing initializer for member â€˜[01m[Kstat::__pad2[m[Kâ€™ [[01;35m[K]8;;https://gcc.gnu.org/onlinedocs/gcc/Warning-Options.html#index-Wmissing-field-initializers-Wmissing-field-initializers]8;;[m[K]
[20.086s] [01m[K/home/racecar/racecar_ws/src/ydlidar_ros2/sdk/include/v8stdint.h:240:24:[m[K [01;35m[Kwarning: [m[Kmissing initializer for member â€˜[01m[Kstat::st_blocks[m[Kâ€™ [[01;35m[K]8;;https://gcc.gnu.org/onlinedocs/gcc/Warning-Options.html#index-Wmissing-field-initializers-Wmissing-field-initializers]8;;[m[K]
[20.097s] [01m[K/home/racecar/racecar_ws/src/ydlidar_ros2/sdk/include/v8stdint.h:240:24:[m[K [01;35m[Kwarning: [m[Kmissing initializer for member â€˜[01m[Kstat::st_atim[m[Kâ€™ [[01;35m[K]8;;https://gcc.gnu.org/onlinedocs/gcc/Warning-Options.html#index-Wmissing-field-initializers-Wmissing-field-initializers]8;;[m[K]
[20.098s] [01m[K/home/racecar/racecar_ws/src/ydlidar_ros2/sdk/include/v8stdint.h:240:24:[m[K [01;35m[Kwarning: [m[Kmissing initializer for member â€˜[01m[Kstat::st_mtim[m[Kâ€™ [[01;35m[K]8;;https://gcc.gnu.org/onlinedocs/gcc/Warning-Options.html#index-Wmissing-field-initializers-Wmissing-field-initializers]8;;[m[K]
[20.099s] [01m[K/home/racecar/racecar_ws/src/ydlidar_ros2/sdk/include/v8stdint.h:240:24:[m[K [01;35m[Kwarning: [m[Kmissing initializer for member â€˜[01m[Kstat::st_ctim[m[Kâ€™ [[01;35m[K]8;;https://gcc.gnu.org/onlinedocs/gcc/Warning-Options.html#index-Wmissing-field-initializers-Wmissing-field-initializers]8;;[m[K]
[20.100s] [01m[K/home/racecar/racecar_ws/src/ydlidar_ros2/sdk/include/v8stdint.h:240:24:[m[K [01;35m[Kwarning: [m[Kmissing initializer for member â€˜[01m[Kstat::__glibc_reserved[m[Kâ€™ [[01;35m[K]8;;https://gcc.gnu.org/onlinedocs/gcc/Warning-Options.html#index-Wmissing-field-initializers-Wmissing-field-initializers]8;;[m[K]
[20.325s] [ 81%] [32mBuilding CXX object CMakeFiles/ydlidar_node.dir/sdk/src/ydlidar_driver.cpp.o[0m
[23.470s] In file included from [01m[K/home/racecar/racecar_ws/src/ydlidar_ros2/sdk/include/serial.h:9[m[K,
[23.472s]                  from [01m[K/home/racecar/racecar_ws/src/ydlidar_ros2/sdk/include/ydlidar_driver.h:54[m[K,
[23.474s]                  from [01m[K/home/racecar/racecar_ws/src/ydlidar_ros2/sdk/src/ydlidar_driver.cpp:34[m[K:
[23.475s] [01m[K/home/racecar/racecar_ws/src/ydlidar_ros2/sdk/include/v8stdint.h:[m[K In function â€˜[01m[Kbool ydlidar::fileExists(std::string)[m[Kâ€™:
[23.477s] [01m[K/home/racecar/racecar_ws/src/ydlidar_ros2/sdk/include/v8stdint.h:240:24:[m[K [01;35m[Kwarning: [m[Kmissing initializer for member â€˜[01m[Kstat::st_ino[m[Kâ€™ [[01;35m[K]8;;https://gcc.gnu.org/onlinedocs/gcc/Warning-Options.html#index-Wmissing-field-initializers-Wmissing-field-initializers]8;;[m[K]
[23.478s]   240 |   struct stat info = {0[01;35m[K}[m[K;
[23.480s]       |                        [01;35m[K^[m[K
[23.481s] [01m[K/home/racecar/racecar_ws/src/ydlidar_ros2/sdk/include/v8stdint.h:240:24:[m[K [01;35m[Kwarning: [m[Kmissing initializer for member â€˜[01m[Kstat::st_mode[m[Kâ€™ [[01;35m[K]8;;https://gcc.gnu.org/onlinedocs/gcc/Warning-Options.html#index-Wmissing-field-initializers-Wmissing-field-initializers]8;;[m[K]
[23.483s] [01m[K/home/racecar/racecar_ws/src/ydlidar_ros2/sdk/include/v8stdint.h:240:24:[m[K [01;35m[Kwarning: [m[Kmissing initializer for member â€˜[01m[Kstat::st_nlink[m[Kâ€™ [[01;35m[K]8;;https://gcc.gnu.org/onlinedocs/gcc/Warning-Options.html#index-Wmissing-field-initializers-Wmissing-field-initializers]8;;[m[K]
[23.485s] [01m[K/home/racecar/racecar_ws/src/ydlidar_ros2/sdk/include/v8stdint.h:240:24:[m[K [01;35m[Kwarning: [m[Kmissing initializer for member â€˜[01m[Kstat::st_uid[m[Kâ€™ [[01;35m[K]8;;https://gcc.gnu.org/onlinedocs/gcc/Warning-Options.html#index-Wmissing-field-initializers-Wmissing-field-initializers]8;;[m[K]
[23.489s] [01m[K/home/racecar/racecar_ws/src/ydlidar_ros2/sdk/include/v8stdint.h:240:24:[m[K [01;35m[Kwarning: [m[Kmissing initializer for member â€˜[01m[Kstat::st_gid[m[Kâ€™ [[01;35m[K]8;;https://gcc.gnu.org/onlinedocs/gcc/Warning-Options.html#index-Wmissing-field-initializers-Wmissing-field-initializers]8;;[m[K]
[23.490s] [01m[K/home/racecar/racecar_ws/src/ydlidar_ros2/sdk/include/v8stdint.h:240:24:[m[K [01;35m[Kwarning: [m[Kmissing initializer for member â€˜[01m[Kstat::st_rdev[m[Kâ€™ [[01;35m[K]8;;https://gcc.gnu.org/onlinedocs/gcc/Warning-Options.html#index-Wmissing-field-initializers-Wmissing-field-initializers]8;;[m[K]
[23.491s] [01m[K/home/racecar/racecar_ws/src/ydlidar_ros2/sdk/include/v8stdint.h:240:24:[m[K [01;35m[Kwarning: [m[Kmissing initializer for member â€˜[01m[Kstat::__pad1[m[Kâ€™ [[01;35m[K]8;;https://gcc.gnu.org/onlinedocs/gcc/Warning-Options.html#index-Wmissing-field-initializers-Wmissing-field-initializers]8;;[m[K]
[23.492s] [01m[K/home/racecar/racecar_ws/src/ydlidar_ros2/sdk/include/v8stdint.h:240:24:[m[K [01;35m[Kwarning: [m[Kmissing initializer for member â€˜[01m[Kstat::st_size[m[Kâ€™ [[01;35m[K]8;;https://gcc.gnu.org/onlinedocs/gcc/Warning-Options.html#index-Wmissing-field-initializers-Wmissing-field-initializers]8;;[m[K]
[23.493s] [01m[K/home/racecar/racecar_ws/src/ydlidar_ros2/sdk/include/v8stdint.h:240:24:[m[K [01;35m[Kwarning: [m[Kmissing initializer for member â€˜[01m[Kstat::st_blksize[m[Kâ€™ [[01;35m[K]8;;https://gcc.gnu.org/onlinedocs/gcc/Warning-Options.html#index-Wmissing-field-initializers-Wmissing-field-initializers]8;;[m[K]
[23.494s] [01m[K/home/racecar/racecar_ws/src/ydlidar_ros2/sdk/include/v8stdint.h:240:24:[m[K [01;35m[Kwarning: [m[Kmissing initializer for member â€˜[01m[Kstat::__pad2[m[Kâ€™ [[01;35m[K]8;;https://gcc.gnu.org/onlinedocs/gcc/Warning-Options.html#index-Wmissing-field-initializers-Wmissing-field-initializers]8;;[m[K]
[23.495s] [01m[K/home/racecar/racecar_ws/src/ydlidar_ros2/sdk/include/v8stdint.h:240:24:[m[K [01;35m[Kwarning: [m[Kmissing initializer for member â€˜[01m[Kstat::st_blocks[m[Kâ€™ [[01;35m[K]8;;https://gcc.gnu.org/onlinedocs/gcc/Warning-Options.html#index-Wmissing-field-initializers-Wmissing-field-initializers]8;;[m[K]
[23.496s] [01m[K/home/racecar/racecar_ws/src/ydlidar_ros2/sdk/include/v8stdint.h:240:24:[m[K [01;35m[Kwarning: [m[Kmissing initializer for member â€˜[01m[Kstat::st_atim[m[Kâ€™ [[01;35m[K]8;;https://gcc.gnu.org/onlinedocs/gcc/Warning-Options.html#index-Wmissing-field-initializers-Wmissing-field-initializers]8;;[m[K]
[23.497s] [01m[K/home/racecar/racecar_ws/src/ydlidar_ros2/sdk/include/v8stdint.h:240:24:[m[K [01;35m[Kwarning: [m[Kmissing initializer for member â€˜[01m[Kstat::st_mtim[m[Kâ€™ [[01;35m[K]8;;https://gcc.gnu.org/onlinedocs/gcc/Warning-Options.html#index-Wmissing-field-initializers-Wmissing-field-initializers]8;;[m[K]
[23.498s] [01m[K/home/racecar/racecar_ws/src/ydlidar_ros2/sdk/include/v8stdint.h:240:24:[m[K [01;35m[Kwarning: [m[Kmissing initializer for member â€˜[01m[Kstat::st_ctim[m[Kâ€™ [[01;35m[K]8;;https://gcc.gnu.org/onlinedocs/gcc/Warning-Options.html#index-Wmissing-field-initializers-Wmissing-field-initializers]8;;[m[K]
[23.499s] [01m[K/home/racecar/racecar_ws/src/ydlidar_ros2/sdk/include/v8stdint.h:240:24:[m[K [01;35m[Kwarning: [m[Kmissing initializer for member â€˜[01m[Kstat::__glibc_reserved[m[Kâ€™ [[01;35m[K]8;;https://gcc.gnu.org/onlinedocs/gcc/Warning-Options.html#index-Wmissing-field-initializers-Wmissing-field-initializers]8;;[m[K]
[23.525s] In file included from [01m[K/home/racecar/racecar_ws/src/ydlidar_ros2/sdk/include/ydlidar_driver.h:56[m[K,
[23.526s]                  from [01m[K/home/racecar/racecar_ws/src/ydlidar_ros2/sdk/src/ydlidar_driver.cpp:34[m[K:
[23.527s] [01m[K/home/racecar/racecar_ws/src/ydlidar_ros2/sdk/include/thread.h:[m[K In static member function â€˜[01m[Kstatic Thread Thread::createThread(thread_proc_t, void*)[m[Kâ€™:
[23.528s] [01m[K/home/racecar/racecar_ws/src/ydlidar_ros2/sdk/include/thread.h:43:57:[m[K [01;35m[Kwarning: [m[Kcast between incompatible function types from â€˜[01m[Kthread_proc_t[m[Kâ€™ {aka â€˜[01m[Klong unsigned int (*)(void*)[m[Kâ€™} to â€˜[01m[Kvoid* (*)(void*)[m[Kâ€™ [[01;35m[K]8;;https://gcc.gnu.org/onlinedocs/gcc/Warning-Options.html#index-Wcast-function-type-Wcast-function-type]8;;[m[K]
[23.529s]    43 |     pthread_create((pthread_t *)&thread_._handle, NULL, [01;35m[K(void *(*)(void *))proc[m[K,
[23.531s]       |                                                         [01;35m[K^~~~~~~~~~~~~~~~~~~~~~~[m[K
[23.556s] In file included from [01m[K/home/racecar/racecar_ws/src/ydlidar_ros2/sdk/include/ydlidar_driver.h:58[m[K,
[23.557s]                  from [01m[K/home/racecar/racecar_ws/src/ydlidar_ros2/sdk/src/ydlidar_driver.cpp:34[m[K:
[23.559s] [01m[K/home/racecar/racecar_ws/src/ydlidar_ros2/sdk/include/help_info.h:[m[K In function â€˜[01m[Kbool ydlidar::isSupportMotorCtrl(int)[m[Kâ€™:
[23.559s] [01m[K/home/racecar/racecar_ws/src/ydlidar_ros2/sdk/include/help_info.h:414:8:[m[K [01;35m[Kwarning: [m[Kvariable â€˜[01m[Kret[m[Kâ€™ set but not used [[01;35m[K]8;;https://gcc.gnu.org/onlinedocs/gcc/Warning-Options.html#index-Wunused-but-set-variable-Wunused-but-set-variable]8;;[m[K]
[23.560s]   414 |   bool [01;35m[Kret[m[K = false;
[23.561s]       |        [01;35m[K^~~[m[K
[23.630s] In file included from [01m[K/home/racecar/racecar_ws/src/ydlidar_ros2/sdk/include/serial.h:9[m[K,
[23.630s]                  from [01m[K/home/racecar/racecar_ws/src/ydlidar_ros2/sdk/src/serial.cpp:11[m[K:
[23.632s] [01m[K/home/racecar/racecar_ws/src/ydlidar_ros2/sdk/include/v8stdint.h:[m[K In function â€˜[01m[Kbool ydlidar::fileExists(std::string)[m[Kâ€™:
[23.633s] [01m[K/home/racecar/racecar_ws/src/ydlidar_ros2/sdk/include/v8stdint.h:240:24:[m[K [01;35m[Kwarning: [m[Kmissing initializer for member â€˜[01m[Kstat::st_ino[m[Kâ€™ [[01;35m[K]8;;https://gcc.gnu.org/onlinedocs/gcc/Warning-Options.html#index-Wmissing-field-initializers-Wmissing-field-initializers]8;;[m[K]
[23.633s]   240 |   struct stat info = {0[01;35m[K}[m[K;
[23.634s]       |                        [01;35m[K^[m[K
[23.636s] [01m[K/home/racecar/racecar_ws/src/ydlidar_ros2/sdk/include/v8stdint.h:240:24:[m[K [01;35m[Kwarning: [m[Kmissing initializer for member â€˜[01m[Kstat::st_mode[m[Kâ€™ [[01;35m[K]8;;https://gcc.gnu.org/onlinedocs/gcc/Warning-Options.html#index-Wmissing-field-initializers-Wmissing-field-initializers]8;;[m[K]
[23.637s] [01m[K/home/racecar/racecar_ws/src/ydlidar_ros2/sdk/include/v8stdint.h:240:24:[m[K [01;35m[Kwarning: [m[Kmissing initializer for member â€˜[01m[Kstat::st_nlink[m[Kâ€™ [[01;35m[K]8;;https://gcc.gnu.org/onlinedocs/gcc/Warning-Options.html#index-Wmissing-field-initializers-Wmissing-field-initializers]8;;[m[K]
[23.637s] [01m[K/home/racecar/racecar_ws/src/ydlidar_ros2/sdk/include/v8stdint.h:240:24:[m[K [01;35m[Kwarning: [m[Kmissing initializer for member â€˜[01m[Kstat::st_uid[m[Kâ€™ [[01;35m[K]8;;https://gcc.gnu.org/onlinedocs/gcc/Warning-Options.html#index-Wmissing-field-initializers-Wmissing-field-initializers]8;;[m[K]
[23.638s] [01m[K/home/racecar/racecar_ws/src/ydlidar_ros2/sdk/include/v8stdint.h:240:24:[m[K [01;35m[Kwarning: [m[Kmissing initializer for member â€˜[01m[Kstat::st_gid[m[Kâ€™ [[01;35m[K]8;;https://gcc.gnu.org/onlinedocs/gcc/Warning-Options.html#index-Wmissing-field-initializers-Wmissing-field-initializers]8;;[m[K]
[23.639s] [01m[K/home/racecar/racecar_ws/src/ydlidar_ros2/sdk/include/v8stdint.h:240:24:[m[K [01;35m[Kwarning: [m[Kmissing initializer for member â€˜[01m[Kstat::st_rdev[m[Kâ€™ [[01;35m[K]8;;https://gcc.gnu.org/onlinedocs/gcc/Warning-Options.html#index-Wmissing-field-initializers-Wmissing-field-initializers]8;;[m[K]
[23.639s] [01m[K/home/racecar/racecar_ws/src/ydlidar_ros2/sdk/include/v8stdint.h:240:24:[m[K [01;35m[Kwarning: [m[Kmissing initializer for member â€˜[01m[Kstat::__pad1[m[Kâ€™ [[01;35m[K]8;;https://gcc.gnu.org/onlinedocs/gcc/Warning-Options.html#index-Wmissing-field-initializers-Wmissing-field-initializers]8;;[m[K]
[23.640s] [01m[K/home/racecar/racecar_ws/src/ydlidar_ros2/sdk/include/v8stdint.h:240:24:[m[K [01;35m[Kwarning: [m[Kmissing initializer for member â€˜[01m[Kstat::st_size[m[Kâ€™ [[01;35m[K]8;;https://gcc.gnu.org/onlinedocs/gcc/Warning-Options.html#index-Wmissing-field-initializers-Wmissing-field-initializers]8;;[m[K]
[23.641s] [01m[K/home/racecar/racecar_ws/src/ydlidar_ros2/sdk/include/v8stdint.h:240:24:[m[K [01;35m[Kwarning: [m[Kmissing initializer for member â€˜[01m[Kstat::st_blksize[m[Kâ€™ [[01;35m[K]8;;https://gcc.gnu.org/onlinedocs/gcc/Warning-Options.html#index-Wmissing-field-initializers-Wmissing-field-initializers]8;;[m[K]
[23.642s] [01m[K/home/racecar/racecar_ws/src/ydlidar_ros2/sdk/include/v8stdint.h:240:24:[m[K [01;35m[Kwarning: [m[Kmissing initializer for member â€˜[01m[Kstat::__pad2[m[Kâ€™ [[01;35m[K]8;;https://gcc.gnu.org/onlinedocs/gcc/Warning-Options.html#index-Wmissing-field-initializers-Wmissing-field-initializers]8;;[m[K]
[23.642s] [01m[K/home/racecar/racecar_ws/src/ydlidar_ros2/sdk/include/v8stdint.h:240:24:[m[K [01;35m[Kwarning: [m[Kmissing initializer for member â€˜[01m[Kstat::st_blocks[m[Kâ€™ [[01;35m[K]8;;https://gcc.gnu.org/onlinedocs/gcc/Warning-Options.html#index-Wmissing-field-initializers-Wmissing-field-initializers]8;;[m[K]
[23.643s] [01m[K/home/racecar/racecar_ws/src/ydlidar_ros2/sdk/include/v8stdint.h:240:24:[m[K [01;35m[Kwarning: [m[Kmissing initializer for member â€˜[01m[Kstat::st_atim[m[Kâ€™ [[01;35m[K]8;;https://gcc.gnu.org/onlinedocs/gcc/Warning-Options.html#index-Wmissing-field-initializers-Wmissing-field-initializers]8;;[m[K]
[23.644s] [01m[K/home/racecar/racecar_ws/src/ydlidar_ros2/sdk/include/v8stdint.h:240:24:[m[K [01;35m[Kwarning: [m[Kmissing initializer for member â€˜[01m[Kstat::st_mtim[m[Kâ€™ [[01;35m[K]8;;https://gcc.gnu.org/onlinedocs/gcc/Warning-Options.html#index-Wmissing-field-initializers-Wmissing-field-initializers]8;;[m[K]
[23.657s] [01m[K/home/racecar/racecar_ws/src/ydlidar_ros2/sdk/include/v8stdint.h:240:24:[m[K [01;35m[Kwarning: [m[Kmissing initializer for member â€˜[01m[Kstat::st_ctim[m[Kâ€™ [[01;35m[K]8;;https://gcc.gnu.org/onlinedocs/gcc/Warning-Options.html#index-Wmissing-field-initializers-Wmissing-field-initializers]8;;[m[K]
[23.658s] [01m[K/home/racecar/racecar_ws/src/ydlidar_ros2/sdk/include/v8stdint.h:240:24:[m[K [01;35m[Kwarning: [m[Kmissing initializer for member â€˜[01m[Kstat::__glibc_reserved[m[Kâ€™ [[01;35m[K]8;;https://gcc.gnu.org/onlinedocs/gcc/Warning-Options.html#index-Wmissing-field-initializers-Wmissing-field-initializers]8;;[m[K]
[23.976s] [01m[K/home/racecar/racecar_ws/src/ydlidar_ros2/sdk/src/ydlidar_driver.cpp:[m[K In member function â€˜[01m[Kresult_t ydlidar::YDlidarDriver::waitPackage(node_info*, uint32_t)[m[Kâ€™:
[23.977s] [01m[K/home/racecar/racecar_ws/src/ydlidar_ros2/sdk/src/ydlidar_driver.cpp:992:95:[m[K [01;35m[Kwarning: [m[Ksuggest parentheses around arithmetic in operand of â€˜[01m[K|[m[Kâ€™ [[01;35m[K]8;;https://gcc.gnu.org/onlinedocs/gcc/Warning-Options.html#index-Wparentheses-Wparentheses]8;;[m[K]
[23.978s]   992 |                                          [01;35m[Kpackages.packageSampleDistance[package_Sample_Index] &[m[K
[23.979s]       |                                          [01;35m[K~~~~~~~~~~~~~~~~~~~~~~~~~~~~~~~~~~~~~~~~~~~~~~~~~~~~~^[m[K
[23.980s]   993 | [01;35m[K                                         0x0003[m[K)) << LIDAR_RESP_MEASUREMENT_QUALITY_SHIFT;
[23.981s]       |                                          [01;35m[K~~~~~~[m[K                                                
[23.983s] In file included from [01m[K/home/racecar/racecar_ws/src/ydlidar_ros2/sdk/src/common.h:47[m[K,
[23.984s]                  from [01m[K/home/racecar/racecar_ws/src/ydlidar_ros2/sdk/src/serial.cpp:12[m[K:
[23.985s] [01m[K/home/racecar/racecar_ws/src/ydlidar_ros2/sdk/include/thread.h:[m[K In static member function â€˜[01m[Kstatic Thread Thread::createThread(thread_proc_t, void*)[m[Kâ€™:
[23.986s] [01m[K/home/racecar/racecar_ws/src/ydlidar_ros2/sdk/include/thread.h:43:57:[m[K [01;35m[Kwarning: [m[Kcast between incompatible function types from â€˜[01m[Kthread_proc_t[m[Kâ€™ {aka â€˜[01m[Klong unsigned int (*)(void*)[m[Kâ€™} to â€˜[01m[Kvoid* (*)(void*)[m[Kâ€™ [[01;35m[K]8;;https://gcc.gnu.org/onlinedocs/gcc/Warning-Options.html#index-Wcast-function-type-Wcast-function-type]8;;[m[K]
[23.987s]    43 |     pthread_create((pthread_t *)&thread_._handle, NULL, [01;35m[K(void *(*)(void *))proc[m[K,
[23.987s]       |                                                         [01;35m[K^~~~~~~~~~~~~~~~~~~~~~~[m[K
[28.797s] In file included from [01m[K/home/racecar/racecar_ws/src/ydlidar_ros2/sdk/include/serial.h:9[m[K,
[28.797s]                  from [01m[K/home/racecar/racecar_ws/src/ydlidar_ros2/sdk/include/ydlidar_driver.h:54[m[K,
[28.798s]                  from [01m[K/home/racecar/racecar_ws/src/ydlidar_ros2/sdk/include/CYdLidar.h:36[m[K,
[28.798s]                  from [01m[K/home/racecar/racecar_ws/src/ydlidar_ros2/src/ydlidar_node.cpp:26[m[K:
[28.799s] [01m[K/home/racecar/racecar_ws/src/ydlidar_ros2/sdk/include/v8stdint.h:[m[K In function â€˜[01m[Kbool ydlidar::fileExists(std::string)[m[Kâ€™:
[28.800s] [01m[K/home/racecar/racecar_ws/src/ydlidar_ros2/sdk/include/v8stdint.h:240:24:[m[K [01;35m[Kwarning: [m[Kmissing initializer for member â€˜[01m[Kstat::st_ino[m[Kâ€™ [[01;35m[K]8;;https://gcc.gnu.org/onlinedocs/gcc/Warning-Options.html#index-Wmissing-field-initializers-Wmissing-field-initializers]8;;[m[K]
[28.800s]   240 |   struct stat info = {0[01;35m[K}[m[K;
[28.801s]       |                        [01;35m[K^[m[K
[28.801s] [01m[K/home/racecar/racecar_ws/src/ydlidar_ros2/sdk/include/v8stdint.h:240:24:[m[K [01;35m[Kwarning: [m[Kmissing initializer for member â€˜[01m[Kstat::st_mode[m[Kâ€™ [[01;35m[K]8;;https://gcc.gnu.org/onlinedocs/gcc/Warning-Options.html#index-Wmissing-field-initializers-Wmissing-field-initializers]8;;[m[K]
[28.802s] [01m[K/home/racecar/racecar_ws/src/ydlidar_ros2/sdk/include/v8stdint.h:240:24:[m[K [01;35m[Kwarning: [m[Kmissing initializer for member â€˜[01m[Kstat::st_nlink[m[Kâ€™ [[01;35m[K]8;;https://gcc.gnu.org/onlinedocs/gcc/Warning-Options.html#index-Wmissing-field-initializers-Wmissing-field-initializers]8;;[m[K]
[28.803s] [01m[K/home/racecar/racecar_ws/src/ydlidar_ros2/sdk/include/v8stdint.h:240:24:[m[K [01;35m[Kwarning: [m[Kmissing initializer for member â€˜[01m[Kstat::st_uid[m[Kâ€™ [[01;35m[K]8;;https://gcc.gnu.org/onlinedocs/gcc/Warning-Options.html#index-Wmissing-field-initializers-Wmissing-field-initializers]8;;[m[K]
[28.803s] [01m[K/home/racecar/racecar_ws/src/ydlidar_ros2/sdk/include/v8stdint.h:240:24:[m[K [01;35m[Kwarning: [m[Kmissing initializer for member â€˜[01m[Kstat::st_gid[m[Kâ€™ [[01;35m[K]8;;https://gcc.gnu.org/onlinedocs/gcc/Warning-Options.html#index-Wmissing-field-initializers-Wmissing-field-initializers]8;;[m[K]
[28.804s] [01m[K/home/racecar/racecar_ws/src/ydlidar_ros2/sdk/include/v8stdint.h:240:24:[m[K [01;35m[Kwarning: [m[Kmissing initializer for member â€˜[01m[Kstat::st_rdev[m[Kâ€™ [[01;35m[K]8;;https://gcc.gnu.org/onlinedocs/gcc/Warning-Options.html#index-Wmissing-field-initializers-Wmissing-field-initializers]8;;[m[K]
[28.805s] [01m[K/home/racecar/racecar_ws/src/ydlidar_ros2/sdk/include/v8stdint.h:240:24:[m[K [01;35m[Kwarning: [m[Kmissing initializer for member â€˜[01m[Kstat::__pad1[m[Kâ€™ [[01;35m[K]8;;https://gcc.gnu.org/onlinedocs/gcc/Warning-Options.html#index-Wmissing-field-initializers-Wmissing-field-initializers]8;;[m[K]
[28.805s] [01m[K/home/racecar/racecar_ws/src/ydlidar_ros2/sdk/include/v8stdint.h:240:24:[m[K [01;35m[Kwarning: [m[Kmissing initializer for member â€˜[01m[Kstat::st_size[m[Kâ€™ [[01;35m[K]8;;https://gcc.gnu.org/onlinedocs/gcc/Warning-Options.html#index-Wmissing-field-initializers-Wmissing-field-initializers]8;;[m[K]
[28.806s] [01m[K/home/racecar/racecar_ws/src/ydlidar_ros2/sdk/include/v8stdint.h:240:24:[m[K [01;35m[Kwarning: [m[Kmissing initializer for member â€˜[01m[Kstat::st_blksize[m[Kâ€™ [[01;35m[K]8;;https://gcc.gnu.org/onlinedocs/gcc/Warning-Options.html#index-Wmissing-field-initializers-Wmissing-field-initializers]8;;[m[K]
[28.807s] [01m[K/home/racecar/racecar_ws/src/ydlidar_ros2/sdk/include/v8stdint.h:240:24:[m[K [01;35m[Kwarning: [m[Kmissing initializer for member â€˜[01m[Kstat::__pad2[m[Kâ€™ [[01;35m[K]8;;https://gcc.gnu.org/onlinedocs/gcc/Warning-Options.html#index-Wmissing-field-initializers-Wmissing-field-initializers]8;;[m[K]
[28.807s] [01m[K/home/racecar/racecar_ws/src/ydlidar_ros2/sdk/include/v8stdint.h:240:24:[m[K [01;35m[Kwarning: [m[Kmissing initializer for member â€˜[01m[Kstat::st_blocks[m[Kâ€™ [[01;35m[K]8;;https://gcc.gnu.org/onlinedocs/gcc/Warning-Options.html#index-Wmissing-field-initializers-Wmissing-field-initializers]8;;[m[K]
[28.808s] [01m[K/home/racecar/racecar_ws/src/ydlidar_ros2/sdk/include/v8stdint.h:240:24:[m[K [01;35m[Kwarning: [m[Kmissing initializer for member â€˜[01m[Kstat::st_atim[m[Kâ€™ [[01;35m[K]8;;https://gcc.gnu.org/onlinedocs/gcc/Warning-Options.html#index-Wmissing-field-initializers-Wmissing-field-initializers]8;;[m[K]
[28.808s] [01m[K/home/racecar/racecar_ws/src/ydlidar_ros2/sdk/include/v8stdint.h:240:24:[m[K [01;35m[Kwarning: [m[Kmissing initializer for member â€˜[01m[Kstat::st_mtim[m[Kâ€™ [[01;35m[K]8;;https://gcc.gnu.org/onlinedocs/gcc/Warning-Options.html#index-Wmissing-field-initializers-Wmissing-field-initializers]8;;[m[K]
[28.809s] [01m[K/home/racecar/racecar_ws/src/ydlidar_ros2/sdk/include/v8stdint.h:240:24:[m[K [01;35m[Kwarning: [m[Kmissing initializer for member â€˜[01m[Kstat::st_ctim[m[Kâ€™ [[01;35m[K]8;;https://gcc.gnu.org/onlinedocs/gcc/Warning-Options.html#index-Wmissing-field-initializers-Wmissing-field-initializers]8;;[m[K]
[28.810s] [01m[K/home/racecar/racecar_ws/src/ydlidar_ros2/sdk/include/v8stdint.h:240:24:[m[K [01;35m[Kwarning: [m[Kmissing initializer for member â€˜[01m[Kstat::__glibc_reserved[m[Kâ€™ [[01;35m[K]8;;https://gcc.gnu.org/onlinedocs/gcc/Warning-Options.html#index-Wmissing-field-initializers-Wmissing-field-initializers]8;;[m[K]
[28.816s] In file included from [01m[K/home/racecar/racecar_ws/src/ydlidar_ros2/sdk/include/ydlidar_driver.h:56[m[K,
[28.817s]                  from [01m[K/home/racecar/racecar_ws/src/ydlidar_ros2/sdk/include/CYdLidar.h:36[m[K,
[28.818s]                  from [01m[K/home/racecar/racecar_ws/src/ydlidar_ros2/src/ydlidar_node.cpp:26[m[K:
[28.819s] [01m[K/home/racecar/racecar_ws/src/ydlidar_ros2/sdk/include/thread.h:[m[K In static member function â€˜[01m[Kstatic Thread Thread::createThread(thread_proc_t, void*)[m[Kâ€™:
[28.820s] [01m[K/home/racecar/racecar_ws/src/ydlidar_ros2/sdk/include/thread.h:43:57:[m[K [01;35m[Kwarning: [m[Kcast between incompatible function types from â€˜[01m[Kthread_proc_t[m[Kâ€™ {aka â€˜[01m[Klong unsigned int (*)(void*)[m[Kâ€™} to â€˜[01m[Kvoid* (*)(void*)[m[Kâ€™ [[01;35m[K]8;;https://gcc.gnu.org/onlinedocs/gcc/Warning-Options.html#index-Wcast-function-type-Wcast-function-type]8;;[m[K]
[28.821s]    43 |     pthread_create((pthread_t *)&thread_._handle, NULL, [01;35m[K(void *(*)(void *))proc[m[K,
[28.821s]       |                                                         [01;35m[K^~~~~~~~~~~~~~~~~~~~~~~[m[K
[28.844s] In file included from [01m[K/home/racecar/racecar_ws/src/ydlidar_ros2/sdk/include/ydlidar_driver.h:58[m[K,
[28.845s]                  from [01m[K/home/racecar/racecar_ws/src/ydlidar_ros2/sdk/include/CYdLidar.h:36[m[K,
[28.845s]                  from [01m[K/home/racecar/racecar_ws/src/ydlidar_ros2/src/ydlidar_node.cpp:26[m[K:
[28.846s] [01m[K/home/racecar/racecar_ws/src/ydlidar_ros2/sdk/include/help_info.h:[m[K In function â€˜[01m[Kbool ydlidar::isSupportMotorCtrl(int)[m[Kâ€™:
[28.846s] [01m[K/home/racecar/racecar_ws/src/ydlidar_ros2/sdk/include/help_info.h:414:8:[m[K [01;35m[Kwarning: [m[Kvariable â€˜[01m[Kret[m[Kâ€™ set but not used [[01;35m[K]8;;https://gcc.gnu.org/onlinedocs/gcc/Warning-Options.html#index-Wunused-but-set-variable-Wunused-but-set-variable]8;;[m[K]
[28.847s]   414 |   bool [01;35m[Kret[m[K = false;
[28.848s]       |        [01;35m[K^~~[m[K
[28.881s] [01m[K/home/racecar/racecar_ws/src/ydlidar_ros2/src/ydlidar_node.cpp:[m[K In function â€˜[01m[Kint main(int, char**)[m[Kâ€™:
[28.881s] [01m[K/home/racecar/racecar_ws/src/ydlidar_ros2/src/ydlidar_node.cpp:78:26:[m[K [01;31m[Kerror: [m[Kno matching function for call to â€˜[01m[Krclcpp::Node::declare_parameter(const char [5])[m[Kâ€™
[28.882s]    78 |   [01;31m[Knode->declare_parameter("port")[m[K;
[28.883s]       |   [01;31m[K~~~~~~~~~~~~~~~~~~~~~~~^~~~~~~~[m[K
[28.886s] In file included from [01m[K/opt/ros/iron/include/rclcpp/rclcpp/executors/single_threaded_executor.hpp:28[m[K,
[28.887s]                  from [01m[K/opt/ros/iron/include/rclcpp/rclcpp/executors.hpp:22[m[K,
[28.889s]                  from [01m[K/opt/ros/iron/include/rclcpp/rclcpp/rclcpp.hpp:167[m[K,
[28.890s]                  from [01m[K/home/racecar/racecar_ws/src/ydlidar_ros2/src/ydlidar_node.cpp:23[m[K:
[28.891s] [01m[K/opt/ros/iron/include/rclcpp/rclcpp/node.hpp:479:3:[m[K [01;36m[Knote: [m[Kcandidate: â€˜[01m[Ktemplate<class ParameterT> auto rclcpp::Node::declare_parameter(const string&, const ParameterT&, const ParameterDescriptor&, bool)[m[Kâ€™
[28.893s]   479 |   [01;36m[Kdeclare_parameter[m[K(
[28.894s]       |   [01;36m[K^~~~~~~~~~~~~~~~~[m[K
[28.895s] [01m[K/opt/ros/iron/include/rclcpp/rclcpp/node.hpp:479:3:[m[K [01;36m[Knote: [m[K  template argument deduction/substitution failed:
[28.896s] [01m[K/home/racecar/racecar_ws/src/ydlidar_ros2/src/ydlidar_node.cpp:78:26:[m[K [01;36m[Knote: [m[K  candidate expects 4 arguments, 1 provided
[28.897s]    78 |   [01;36m[Knode->declare_parameter("port")[m[K;
[28.899s]       |   [01;36m[K~~~~~~~~~~~~~~~~~~~~~~~^~~~~~~~[m[K
[28.900s] In file included from [01m[K/opt/ros/iron/include/rclcpp/rclcpp/executors/single_threaded_executor.hpp:28[m[K,
[28.901s]                  from [01m[K/opt/ros/iron/include/rclcpp/rclcpp/executors.hpp:22[m[K,
[28.902s]                  from [01m[K/opt/ros/iron/include/rclcpp/rclcpp/rclcpp.hpp:167[m[K,
[28.903s]                  from [01m[K/home/racecar/racecar_ws/src/ydlidar_ros2/src/ydlidar_node.cpp:23[m[K:
[28.904s] [01m[K/opt/ros/iron/include/rclcpp/rclcpp/node.hpp:492:3:[m[K [01;36m[Knote: [m[Kcandidate: â€˜[01m[Ktemplate<class ParameterT> auto rclcpp::Node::declare_parameter(const string&, const ParameterDescriptor&, bool)[m[Kâ€™
[28.905s]   492 |   [01;36m[Kdeclare_parameter[m[K(
[28.906s]       |   [01;36m[K^~~~~~~~~~~~~~~~~[m[K
[28.907s] [01m[K/opt/ros/iron/include/rclcpp/rclcpp/node.hpp:492:3:[m[K [01;36m[Knote: [m[K  template argument deduction/substitution failed:
[28.908s] [01m[K/home/racecar/racecar_ws/src/ydlidar_ros2/src/ydlidar_node.cpp:78:26:[m[K [01;36m[Knote: [m[K  couldnâ€™t deduce template parameter â€˜[01m[KParameterT[m[Kâ€™
[28.909s]    78 |   [01;36m[Knode->declare_parameter("port")[m[K;
[28.910s]       |   [01;36m[K~~~~~~~~~~~~~~~~~~~~~~~^~~~~~~~[m[K
[28.911s] In file included from [01m[K/opt/ros/iron/include/rclcpp/rclcpp/executors/single_threaded_executor.hpp:28[m[K,
[28.913s]                  from [01m[K/opt/ros/iron/include/rclcpp/rclcpp/executors.hpp:22[m[K,
[28.914s]                  from [01m[K/opt/ros/iron/include/rclcpp/rclcpp/rclcpp.hpp:167[m[K,
[28.916s]                  from [01m[K/home/racecar/racecar_ws/src/ydlidar_ros2/src/ydlidar_node.cpp:23[m[K:
[28.918s] [01m[K/opt/ros/iron/include/rclcpp/rclcpp/node.hpp:424:3:[m[K [01;36m[Knote: [m[Kcandidate: â€˜[01m[Kconst rclcpp::ParameterValue& rclcpp::Node::declare_parameter(const string&, const rclcpp::ParameterValue&, const ParameterDescriptor&, bool)[m[Kâ€™
[28.919s]   424 |   [01;36m[Kdeclare_parameter[m[K(
[28.920s]       |   [01;36m[K^~~~~~~~~~~~~~~~~[m[K
[28.921s] [01m[K/opt/ros/iron/include/rclcpp/rclcpp/node.hpp:424:3:[m[K [01;36m[Knote: [m[K  candidate expects 4 arguments, 1 provided
[28.922s] [01m[K/opt/ros/iron/include/rclcpp/rclcpp/node.hpp:449:3:[m[K [01;36m[Knote: [m[Kcandidate: â€˜[01m[Kconst rclcpp::ParameterValue& rclcpp::Node::declare_parameter(const string&, rclcpp::ParameterType, const ParameterDescriptor&, bool)[m[Kâ€™
[28.923s]   449 |   [01;36m[Kdeclare_parameter[m[K(
[28.924s]       |   [01;36m[K^~~~~~~~~~~~~~~~~[m[K
[28.925s] [01m[K/opt/ros/iron/include/rclcpp/rclcpp/node.hpp:449:3:[m[K [01;36m[Knote: [m[K  candidate expects 4 arguments, 1 provided
[28.926s] [01m[K/home/racecar/racecar_ws/src/ydlidar_ros2/src/ydlidar_node.cpp:81:26:[m[K [01;31m[Kerror: [m[Kno matching function for call to â€˜[01m[Krclcpp::Node::declare_parameter(const char [9])[m[Kâ€™
[28.927s]    81 |   [01;31m[Knode->declare_parameter("frame_id")[m[K;
[28.928s]       |   [01;31m[K~~~~~~~~~~~~~~~~~~~~~~~^~~~~~~~~~~~[m[K
[28.930s] In file included from [01m[K/opt/ros/iron/include/rclcpp/rclcpp/executors/single_threaded_executor.hpp:28[m[K,
[28.930s]                  from [01m[K/opt/ros/iron/include/rclcpp/rclcpp/executors.hpp:22[m[K,
[28.931s]                  from [01m[K/opt/ros/iron/include/rclcpp/rclcpp/rclcpp.hpp:167[m[K,
[28.932s]                  from [01m[K/home/racecar/racecar_ws/src/ydlidar_ros2/src/ydlidar_node.cpp:23[m[K:
[28.934s] [01m[K/opt/ros/iron/include/rclcpp/rclcpp/node.hpp:479:3:[m[K [01;36m[Knote: [m[Kcandidate: â€˜[01m[Ktemplate<class ParameterT> auto rclcpp::Node::declare_parameter(const string&, const ParameterT&, const ParameterDescriptor&, bool)[m[Kâ€™
[28.935s]   479 |   [01;36m[Kdeclare_parameter[m[K(
[28.935s]       |   [01;36m[K^~~~~~~~~~~~~~~~~[m[K
[28.936s] [01m[K/opt/ros/iron/include/rclcpp/rclcpp/node.hpp:479:3:[m[K [01;36m[Knote: [m[K  template argument deduction/substitution failed:
[28.937s] [01m[K/home/racecar/racecar_ws/src/ydlidar_ros2/src/ydlidar_node.cpp:81:26:[m[K [01;36m[Knote: [m[K  candidate expects 4 arguments, 1 provided
[28.938s]    81 |   [01;36m[Knode->declare_parameter("frame_id")[m[K;
[28.939s]       |   [01;36m[K~~~~~~~~~~~~~~~~~~~~~~~^~~~~~~~~~~~[m[K
[28.940s] In file included from [01m[K/opt/ros/iron/include/rclcpp/rclcpp/executors/single_threaded_executor.hpp:28[m[K,
[28.941s]                  from [01m[K/opt/ros/iron/include/rclcpp/rclcpp/executors.hpp:22[m[K,
[28.942s]                  from [01m[K/opt/ros/iron/include/rclcpp/rclcpp/rclcpp.hpp:167[m[K,
[28.943s]                  from [01m[K/home/racecar/racecar_ws/src/ydlidar_ros2/src/ydlidar_node.cpp:23[m[K:
[28.944s] [01m[K/opt/ros/iron/include/rclcpp/rclcpp/node.hpp:492:3:[m[K [01;36m[Knote: [m[Kcandidate: â€˜[01m[Ktemplate<class ParameterT> auto rclcpp::Node::declare_parameter(const string&, const ParameterDescriptor&, bool)[m[Kâ€™
[28.945s]   492 |   [01;36m[Kdeclare_parameter[m[K(
[28.946s]       |   [01;36m[K^~~~~~~~~~~~~~~~~[m[K
[28.947s] [01m[K/opt/ros/iron/include/rclcpp/rclcpp/node.hpp:492:3:[m[K [01;36m[Knote: [m[K  template argument deduction/substitution failed:
[28.948s] [01m[K/home/racecar/racecar_ws/src/ydlidar_ros2/src/ydlidar_node.cpp:81:26:[m[K [01;36m[Knote: [m[K  couldnâ€™t deduce template parameter â€˜[01m[KParameterT[m[Kâ€™
[28.949s]    81 |   [01;36m[Knode->declare_parameter("frame_id")[m[K;
[28.950s]       |   [01;36m[K~~~~~~~~~~~~~~~~~~~~~~~^~~~~~~~~~~~[m[K
[28.951s] In file included from [01m[K/opt/ros/iron/include/rclcpp/rclcpp/executors/single_threaded_executor.hpp:28[m[K,
[28.952s]                  from [01m[K/opt/ros/iron/include/rclcpp/rclcpp/executors.hpp:22[m[K,
[28.953s]                  from [01m[K/opt/ros/iron/include/rclcpp/rclcpp/rclcpp.hpp:167[m[K,
[28.954s]                  from [01m[K/home/racecar/racecar_ws/src/ydlidar_ros2/src/ydlidar_node.cpp:23[m[K:
[28.955s] [01m[K/opt/ros/iron/include/rclcpp/rclcpp/node.hpp:424:3:[m[K [01;36m[Knote: [m[Kcandidate: â€˜[01m[Kconst rclcpp::ParameterValue& rclcpp::Node::declare_parameter(const string&, const rclcpp::ParameterValue&, const ParameterDescriptor&, bool)[m[Kâ€™
[28.957s]   424 |   [01;36m[Kdeclare_parameter[m[K(
[28.958s]       |   [01;36m[K^~~~~~~~~~~~~~~~~[m[K
[28.959s] [01m[K/opt/ros/iron/include/rclcpp/rclcpp/node.hpp:424:3:[m[K [01;36m[Knote: [m[K  candidate expects 4 arguments, 1 provided
[28.959s] [01m[K/opt/ros/iron/include/rclcpp/rclcpp/node.hpp:449:3:[m[K [01;36m[Knote: [m[Kcandidate: â€˜[01m[Kconst rclcpp::ParameterValue& rclcpp::Node::declare_parameter(const string&, rclcpp::ParameterType, const ParameterDescriptor&, bool)[m[Kâ€™
[28.960s]   449 |   [01;36m[Kdeclare_parameter[m[K(
[28.961s]       |   [01;36m[K^~~~~~~~~~~~~~~~~[m[K
[28.961s] [01m[K/opt/ros/iron/include/rclcpp/rclcpp/node.hpp:449:3:[m[K [01;36m[Knote: [m[K  candidate expects 4 arguments, 1 provided
[28.962s] [01m[K/home/racecar/racecar_ws/src/ydlidar_ros2/src/ydlidar_node.cpp:84:26:[m[K [01;31m[Kerror: [m[Kno matching function for call to â€˜[01m[Krclcpp::Node::declare_parameter(const char [13])[m[Kâ€™
[28.962s]    84 |   [01;31m[Knode->declare_parameter("ignore_array")[m[K;
[28.963s]       |   [01;31m[K~~~~~~~~~~~~~~~~~~~~~~~^~~~~~~~~~~~~~~~[m[K
[28.964s] In file included from [01m[K/opt/ros/iron/include/rclcpp/rclcpp/executors/single_threaded_executor.hpp:28[m[K,
[28.964s]                  from [01m[K/opt/ros/iron/include/rclcpp/rclcpp/executors.hpp:22[m[K,
[28.965s]                  from [01m[K/opt/ros/iron/include/rclcpp/rclcpp/rclcpp.hpp:167[m[K,
[28.966s]                  from [01m[K/home/racecar/racecar_ws/src/ydlidar_ros2/src/ydlidar_node.cpp:23[m[K:
[28.966s] [01m[K/opt/ros/iron/include/rclcpp/rclcpp/node.hpp:479:3:[m[K [01;36m[Knote: [m[Kcandidate: â€˜[01m[Ktemplate<class ParameterT> auto rclcpp::Node::declare_parameter(const string&, const ParameterT&, const ParameterDescriptor&, bool)[m[Kâ€™
[28.967s]   479 |   [01;36m[Kdeclare_parameter[m[K(
[28.967s]       |   [01;36m[K^~~~~~~~~~~~~~~~~[m[K
[28.968s] [01m[K/opt/ros/iron/include/rclcpp/rclcpp/node.hpp:479:3:[m[K [01;36m[Knote: [m[K  template argument deduction/substitution failed:
[28.969s] [01m[K/home/racecar/racecar_ws/src/ydlidar_ros2/src/ydlidar_node.cpp:84:26:[m[K [01;36m[Knote: [m[K  candidate expects 4 arguments, 1 provided
[28.969s]    84 |   [01;36m[Knode->declare_parameter("ignore_array")[m[K;
[28.970s]       |   [01;36m[K~~~~~~~~~~~~~~~~~~~~~~~^~~~~~~~~~~~~~~~[m[K
[28.971s] In file included from [01m[K/opt/ros/iron/include/rclcpp/rclcpp/executors/single_threaded_executor.hpp:28[m[K,
[28.971s]                  from [01m[K/opt/ros/iron/include/rclcpp/rclcpp/executors.hpp:22[m[K,
[28.972s]                  from [01m[K/opt/ros/iron/include/rclcpp/rclcpp/rclcpp.hpp:167[m[K,
[28.972s]                  from [01m[K/home/racecar/racecar_ws/src/ydlidar_ros2/src/ydlidar_node.cpp:23[m[K:
[28.973s] [01m[K/opt/ros/iron/include/rclcpp/rclcpp/node.hpp:492:3:[m[K [01;36m[Knote: [m[Kcandidate: â€˜[01m[Ktemplate<class ParameterT> auto rclcpp::Node::declare_parameter(const string&, const ParameterDescriptor&, bool)[m[Kâ€™
[28.974s]   492 |   [01;36m[Kdeclare_parameter[m[K(
[28.974s]       |   [01;36m[K^~~~~~~~~~~~~~~~~[m[K
[28.975s] [01m[K/opt/ros/iron/include/rclcpp/rclcpp/node.hpp:492:3:[m[K [01;36m[Knote: [m[K  template argument deduction/substitution failed:
[28.975s] [01m[K/home/racecar/racecar_ws/src/ydlidar_ros2/src/ydlidar_node.cpp:84:26:[m[K [01;36m[Knote: [m[K  couldnâ€™t deduce template parameter â€˜[01m[KParameterT[m[Kâ€™
[28.976s]    84 |   [01;36m[Knode->declare_parameter("ignore_array")[m[K;
[28.977s]       |   [01;36m[K~~~~~~~~~~~~~~~~~~~~~~~^~~~~~~~~~~~~~~~[m[K
[28.977s] In file included from [01m[K/opt/ros/iron/include/rclcpp/rclcpp/executors/single_threaded_executor.hpp:28[m[K,
[28.978s]                  from [01m[K/opt/ros/iron/include/rclcpp/rclcpp/executors.hpp:22[m[K,
[28.979s]                  from [01m[K/opt/ros/iron/include/rclcpp/rclcpp/rclcpp.hpp:167[m[K,
[28.979s]                  from [01m[K/home/racecar/racecar_ws/src/ydlidar_ros2/src/ydlidar_node.cpp:23[m[K:
[28.980s] [01m[K/opt/ros/iron/include/rclcpp/rclcpp/node.hpp:424:3:[m[K [01;36m[Knote: [m[Kcandidate: â€˜[01m[Kconst rclcpp::ParameterValue& rclcpp::Node::declare_parameter(const string&, const rclcpp::ParameterValue&, const ParameterDescriptor&, bool)[m[Kâ€™
[28.980s]   424 |   [01;36m[Kdeclare_parameter[m[K(
[28.981s]       |   [01;36m[K^~~~~~~~~~~~~~~~~[m[K
[28.982s] [01m[K/opt/ros/iron/include/rclcpp/rclcpp/node.hpp:424:3:[m[K [01;36m[Knote: [m[K  candidate expects 4 arguments, 1 provided
[28.983s] [01m[K/opt/ros/iron/include/rclcpp/rclcpp/node.hpp:449:3:[m[K [01;36m[Knote: [m[Kcandidate: â€˜[01m[Kconst rclcpp::ParameterValue& rclcpp::Node::declare_parameter(const string&, rclcpp::ParameterType, const ParameterDescriptor&, bool)[m[Kâ€™
[28.984s]   449 |   [01;36m[Kdeclare_parameter[m[K(
[28.984s]       |   [01;36m[K^~~~~~~~~~~~~~~~~[m[K
[28.985s] [01m[K/opt/ros/iron/include/rclcpp/rclcpp/node.hpp:449:3:[m[K [01;36m[Knote: [m[K  candidate expects 4 arguments, 1 provided
[28.985s] [01m[K/home/racecar/racecar_ws/src/ydlidar_ros2/src/ydlidar_node.cpp:87:26:[m[K [01;31m[Kerror: [m[Kno matching function for call to â€˜[01m[Krclcpp::Node::declare_parameter(const char [9])[m[Kâ€™
[28.986s]    87 |   [01;31m[Knode->declare_parameter("baudrate")[m[K;
[28.987s]       |   [01;31m[K~~~~~~~~~~~~~~~~~~~~~~~^~~~~~~~~~~~[m[K
[28.987s] In file included from [01m[K/opt/ros/iron/include/rclcpp/rclcpp/executors/single_threaded_executor.hpp:28[m[K,
[28.988s]                  from [01m[K/opt/ros/iron/include/rclcpp/rclcpp/executors.hpp:22[m[K,
[28.988s]                  from [01m[K/opt/ros/iron/include/rclcpp/rclcpp/rclcpp.hpp:167[m[K,
[28.989s]                  from [01m[K/home/racecar/racecar_ws/src/ydlidar_ros2/src/ydlidar_node.cpp:23[m[K:
[28.989s] [01m[K/opt/ros/iron/include/rclcpp/rclcpp/node.hpp:479:3:[m[K [01;36m[Knote: [m[Kcandidate: â€˜[01m[Ktemplate<class ParameterT> auto rclcpp::Node::declare_parameter(const string&, const ParameterT&, const ParameterDescriptor&, bool)[m[Kâ€™
[28.990s]   479 |   [01;36m[Kdeclare_parameter[m[K(
[28.991s]       |   [01;36m[K^~~~~~~~~~~~~~~~~[m[K
[28.991s] [01m[K/opt/ros/iron/include/rclcpp/rclcpp/node.hpp:479:3:[m[K [01;36m[Knote: [m[K  template argument deduction/substitution failed:
[28.992s] [01m[K/home/racecar/racecar_ws/src/ydlidar_ros2/src/ydlidar_node.cpp:87:26:[m[K [01;36m[Knote: [m[K  candidate expects 4 arguments, 1 provided
[28.992s]    87 |   [01;36m[Knode->declare_parameter("baudrate")[m[K;
[28.993s]       |   [01;36m[K~~~~~~~~~~~~~~~~~~~~~~~^~~~~~~~~~~~[m[K
[28.994s] In file included from [01m[K/opt/ros/iron/include/rclcpp/rclcpp/executors/single_threaded_executor.hpp:28[m[K,
[28.995s]                  from [01m[K/opt/ros/iron/include/rclcpp/rclcpp/executors.hpp:22[m[K,
[28.995s]                  from [01m[K/opt/ros/iron/include/rclcpp/rclcpp/rclcpp.hpp:167[m[K,
[28.996s]                  from [01m[K/home/racecar/racecar_ws/src/ydlidar_ros2/src/ydlidar_node.cpp:23[m[K:
[28.997s] [01m[K/opt/ros/iron/include/rclcpp/rclcpp/node.hpp:492:3:[m[K [01;36m[Knote: [m[Kcandidate: â€˜[01m[Ktemplate<class ParameterT> auto rclcpp::Node::declare_parameter(const string&, const ParameterDescriptor&, bool)[m[Kâ€™
[28.997s]   492 |   [01;36m[Kdeclare_parameter[m[K(
[28.998s]       |   [01;36m[K^~~~~~~~~~~~~~~~~[m[K
[28.998s] [01m[K/opt/ros/iron/include/rclcpp/rclcpp/node.hpp:492:3:[m[K [01;36m[Knote: [m[K  template argument deduction/substitution failed:
[28.999s] [01m[K/home/racecar/racecar_ws/src/ydlidar_ros2/src/ydlidar_node.cpp:87:26:[m[K [01;36m[Knote: [m[K  couldnâ€™t deduce template parameter â€˜[01m[KParameterT[m[Kâ€™
[29.000s]    87 |   [01;36m[Knode->declare_parameter("baudrate")[m[K;
[29.000s]       |   [01;36m[K~~~~~~~~~~~~~~~~~~~~~~~^~~~~~~~~~~~[m[K
[29.001s] In file included from [01m[K/opt/ros/iron/include/rclcpp/rclcpp/executors/single_threaded_executor.hpp:28[m[K,
[29.002s]                  from [01m[K/opt/ros/iron/include/rclcpp/rclcpp/executors.hpp:22[m[K,
[29.002s]                  from [01m[K/opt/ros/iron/include/rclcpp/rclcpp/rclcpp.hpp:167[m[K,
[29.003s]                  from [01m[K/home/racecar/racecar_ws/src/ydlidar_ros2/src/ydlidar_node.cpp:23[m[K:
[29.003s] [01m[K/opt/ros/iron/include/rclcpp/rclcpp/node.hpp:424:3:[m[K [01;36m[Knote: [m[Kcandidate: â€˜[01m[Kconst rclcpp::ParameterValue& rclcpp::Node::declare_parameter(const string&, const rclcpp::ParameterValue&, const ParameterDescriptor&, bool)[m[Kâ€™
[29.004s]   424 |   [01;36m[Kdeclare_parameter[m[K(
[29.005s]       |   [01;36m[K^~~~~~~~~~~~~~~~~[m[K
[29.005s] [01m[K/opt/ros/iron/include/rclcpp/rclcpp/node.hpp:424:3:[m[K [01;36m[Knote: [m[K  candidate expects 4 arguments, 1 provided
[29.006s] [01m[K/opt/ros/iron/include/rclcpp/rclcpp/node.hpp:449:3:[m[K [01;36m[Knote: [m[Kcandidate: â€˜[01m[Kconst rclcpp::ParameterValue& rclcpp::Node::declare_parameter(const string&, rclcpp::ParameterType, const ParameterDescriptor&, bool)[m[Kâ€™
[29.006s]   449 |   [01;36m[Kdeclare_parameter[m[K(
[29.007s]       |   [01;36m[K^~~~~~~~~~~~~~~~~[m[K
[29.007s] [01m[K/opt/ros/iron/include/rclcpp/rclcpp/node.hpp:449:3:[m[K [01;36m[Knote: [m[K  candidate expects 4 arguments, 1 provided
[29.008s] [01m[K/home/racecar/racecar_ws/src/ydlidar_ros2/src/ydlidar_node.cpp:90:26:[m[K [01;31m[Kerror: [m[Kno matching function for call to â€˜[01m[Krclcpp::Node::declare_parameter(const char [10])[m[Kâ€™
[29.008s]    90 |   [01;31m[Knode->declare_parameter("samp_rate")[m[K;
[29.009s]       |   [01;31m[K~~~~~~~~~~~~~~~~~~~~~~~^~~~~~~~~~~~~[m[K
[29.010s] In file included from [01m[K/opt/ros/iron/include/rclcpp/rclcpp/executors/single_threaded_executor.hpp:28[m[K,
[29.011s]                  from [01m[K/opt/ros/iron/include/rclcpp/rclcpp/executors.hpp:22[m[K,
[29.011s]                  from [01m[K/opt/ros/iron/include/rclcpp/rclcpp/rclcpp.hpp:167[m[K,
[29.012s]                  from [01m[K/home/racecar/racecar_ws/src/ydlidar_ros2/src/ydlidar_node.cpp:23[m[K:
[29.013s] [01m[K/opt/ros/iron/include/rclcpp/rclcpp/node.hpp:479:3:[m[K [01;36m[Knote: [m[Kcandidate: â€˜[01m[Ktemplate<class ParameterT> auto rclcpp::Node::declare_parameter(const string&, const ParameterT&, const ParameterDescriptor&, bool)[m[Kâ€™
[29.014s]   479 |   [01;36m[Kdeclare_parameter[m[K(
[29.014s]       |   [01;36m[K^~~~~~~~~~~~~~~~~[m[K
[29.015s] [01m[K/opt/ros/iron/include/rclcpp/rclcpp/node.hpp:479:3:[m[K [01;36m[Knote: [m[K  template argument deduction/substitution failed:
[29.017s] [01m[K/home/racecar/racecar_ws/src/ydlidar_ros2/src/ydlidar_node.cpp:90:26:[m[K [01;36m[Knote: [m[K  candidate expects 4 arguments, 1 provided
[29.018s]    90 |   [01;36m[Knode->declare_parameter("samp_rate")[m[K;
[29.020s]       |   [01;36m[K~~~~~~~~~~~~~~~~~~~~~~~^~~~~~~~~~~~~[m[K
[29.021s] In file included from [01m[K/opt/ros/iron/include/rclcpp/rclcpp/executors/single_threaded_executor.hpp:28[m[K,
[29.021s]                  from [01m[K/opt/ros/iron/include/rclcpp/rclcpp/executors.hpp:22[m[K,
[29.022s]                  from [01m[K/opt/ros/iron/include/rclcpp/rclcpp/rclcpp.hpp:167[m[K,
[29.023s]                  from [01m[K/home/racecar/racecar_ws/src/ydlidar_ros2/src/ydlidar_node.cpp:23[m[K:
[29.023s] [01m[K/opt/ros/iron/include/rclcpp/rclcpp/node.hpp:492:3:[m[K [01;36m[Knote: [m[Kcandidate: â€˜[01m[Ktemplate<class ParameterT> auto rclcpp::Node::declare_parameter(const string&, const ParameterDescriptor&, bool)[m[Kâ€™
[29.024s]   492 |   [01;36m[Kdeclare_parameter[m[K(
[29.025s]       |   [01;36m[K^~~~~~~~~~~~~~~~~[m[K
[29.025s] [01m[K/opt/ros/iron/include/rclcpp/rclcpp/node.hpp:492:3:[m[K [01;36m[Knote: [m[K  template argument deduction/substitution failed:
[29.026s] [01m[K/home/racecar/racecar_ws/src/ydlidar_ros2/src/ydlidar_node.cpp:90:26:[m[K [01;36m[Knote: [m[K  couldnâ€™t deduce template parameter â€˜[01m[KParameterT[m[Kâ€™
[29.026s]    90 |   [01;36m[Knode->declare_parameter("samp_rate")[m[K;
[29.027s]       |   [01;36m[K~~~~~~~~~~~~~~~~~~~~~~~^~~~~~~~~~~~~[m[K
[29.027s] In file included from [01m[K/opt/ros/iron/include/rclcpp/rclcpp/executors/single_threaded_executor.hpp:28[m[K,
[29.028s]                  from [01m[K/opt/ros/iron/include/rclcpp/rclcpp/executors.hpp:22[m[K,
[29.029s]                  from [01m[K/opt/ros/iron/include/rclcpp/rclcpp/rclcpp.hpp:167[m[K,
[29.030s]                  from [01m[K/home/racecar/racecar_ws/src/ydlidar_ros2/src/ydlidar_node.cpp:23[m[K:
[29.030s] [01m[K/opt/ros/iron/include/rclcpp/rclcpp/node.hpp:424:3:[m[K [01;36m[Knote: [m[Kcandidate: â€˜[01m[Kconst rclcpp::ParameterValue& rclcpp::Node::declare_parameter(const string&, const rclcpp::ParameterValue&, const ParameterDescriptor&, bool)[m[Kâ€™
[29.031s]   424 |   [01;36m[Kdeclare_parameter[m[K(
[29.031s]       |   [01;36m[K^~~~~~~~~~~~~~~~~[m[K
[29.032s] [01m[K/opt/ros/iron/include/rclcpp/rclcpp/node.hpp:424:3:[m[K [01;36m[Knote: [m[K  candidate expects 4 arguments, 1 provided
[29.033s] [01m[K/opt/ros/iron/include/rclcpp/rclcpp/node.hpp:449:3:[m[K [01;36m[Knote: [m[Kcandidate: â€˜[01m[Kconst rclcpp::ParameterValue& rclcpp::Node::declare_parameter(const string&, rclcpp::ParameterType, const ParameterDescriptor&, bool)[m[Kâ€™
[29.033s]   449 |   [01;36m[Kdeclare_parameter[m[K(
[29.034s]       |   [01;36m[K^~~~~~~~~~~~~~~~~[m[K
[29.034s] [01m[K/opt/ros/iron/include/rclcpp/rclcpp/node.hpp:449:3:[m[K [01;36m[Knote: [m[K  candidate expects 4 arguments, 1 provided
[29.035s] [01m[K/home/racecar/racecar_ws/src/ydlidar_ros2/src/ydlidar_node.cpp:93:26:[m[K [01;31m[Kerror: [m[Kno matching function for call to â€˜[01m[Krclcpp::Node::declare_parameter(const char [17])[m[Kâ€™
[29.036s]    93 |   [01;31m[Knode->declare_parameter("resolution_fixed")[m[K;
[29.036s]       |   [01;31m[K~~~~~~~~~~~~~~~~~~~~~~~^~~~~~~~~~~~~~~~~~~~[m[K
[29.037s] In file included from [01m[K/opt/ros/iron/include/rclcpp/rclcpp/executors/single_threaded_executor.hpp:28[m[K,
[29.037s]                  from [01m[K/opt/ros/iron/include/rclcpp/rclcpp/executors.hpp:22[m[K,
[29.038s]                  from [01m[K/opt/ros/iron/include/rclcpp/rclcpp/rclcpp.hpp:167[m[K,
[29.039s]                  from [01m[K/home/racecar/racecar_ws/src/ydlidar_ros2/src/ydlidar_node.cpp:23[m[K:
[29.039s] [01m[K/opt/ros/iron/include/rclcpp/rclcpp/node.hpp:479:3:[m[K [01;36m[Knote: [m[Kcandidate: â€˜[01m[Ktemplate<class ParameterT> auto rclcpp::Node::declare_parameter(const string&, const ParameterT&, const ParameterDescriptor&, bool)[m[Kâ€™
[29.040s]   479 |   [01;36m[Kdeclare_parameter[m[K(
[29.041s]       |   [01;36m[K^~~~~~~~~~~~~~~~~[m[K
[29.041s] [01m[K/opt/ros/iron/include/rclcpp/rclcpp/node.hpp:479:3:[m[K [01;36m[Knote: [m[K  template argument deduction/substitution failed:
[29.042s] [01m[K/home/racecar/racecar_ws/src/ydlidar_ros2/src/ydlidar_node.cpp:93:26:[m[K [01;36m[Knote: [m[K  candidate expects 4 arguments, 1 provided
[29.042s]    93 |   [01;36m[Knode->declare_parameter("resolution_fixed")[m[K;
[29.043s]       |   [01;36m[K~~~~~~~~~~~~~~~~~~~~~~~^~~~~~~~~~~~~~~~~~~~[m[K
[29.044s] In file included from [01m[K/opt/ros/iron/include/rclcpp/rclcpp/executors/single_threaded_executor.hpp:28[m[K,
[29.045s]                  from [01m[K/opt/ros/iron/include/rclcpp/rclcpp/executors.hpp:22[m[K,
[29.045s]                  from [01m[K/opt/ros/iron/include/rclcpp/rclcpp/rclcpp.hpp:167[m[K,
[29.046s]                  from [01m[K/home/racecar/racecar_ws/src/ydlidar_ros2/src/ydlidar_node.cpp:23[m[K:
[29.046s] [01m[K/opt/ros/iron/include/rclcpp/rclcpp/node.hpp:492:3:[m[K [01;36m[Knote: [m[Kcandidate: â€˜[01m[Ktemplate<class ParameterT> auto rclcpp::Node::declare_parameter(const string&, const ParameterDescriptor&, bool)[m[Kâ€™
[29.047s]   492 |   [01;36m[Kdeclare_parameter[m[K(
[29.047s]       |   [01;36m[K^~~~~~~~~~~~~~~~~[m[K
[29.048s] [01m[K/opt/ros/iron/include/rclcpp/rclcpp/node.hpp:492:3:[m[K [01;36m[Knote: [m[K  template argument deduction/substitution failed:
[29.048s] [01m[K/home/racecar/racecar_ws/src/ydlidar_ros2/src/ydlidar_node.cpp:93:26:[m[K [01;36m[Knote: [m[K  couldnâ€™t deduce template parameter â€˜[01m[KParameterT[m[Kâ€™
[29.049s]    93 |   [01;36m[Knode->declare_parameter("resolution_fixed")[m[K;
[29.049s]       |   [01;36m[K~~~~~~~~~~~~~~~~~~~~~~~^~~~~~~~~~~~~~~~~~~~[m[K
[29.050s] In file included from [01m[K/opt/ros/iron/include/rclcpp/rclcpp/executors/single_threaded_executor.hpp:28[m[K,
[29.051s]                  from [01m[K/opt/ros/iron/include/rclcpp/rclcpp/executors.hpp:22[m[K,
[29.051s]                  from [01m[K/opt/ros/iron/include/rclcpp/rclcpp/rclcpp.hpp:167[m[K,
[29.052s]                  from [01m[K/home/racecar/racecar_ws/src/ydlidar_ros2/src/ydlidar_node.cpp:23[m[K:
[29.052s] [01m[K/opt/ros/iron/include/rclcpp/rclcpp/node.hpp:424:3:[m[K [01;36m[Knote: [m[Kcandidate: â€˜[01m[Kconst rclcpp::ParameterValue& rclcpp::Node::declare_parameter(const string&, const rclcpp::ParameterValue&, const ParameterDescriptor&, bool)[m[Kâ€™
[29.053s]   424 |   [01;36m[Kdeclare_parameter[m[K(
[29.054s]       |   [01;36m[K^~~~~~~~~~~~~~~~~[m[K
[29.054s] [01m[K/opt/ros/iron/include/rclcpp/rclcpp/node.hpp:424:3:[m[K [01;36m[Knote: [m[K  candidate expects 4 arguments, 1 provided
[29.055s] [01m[K/opt/ros/iron/include/rclcpp/rclcpp/node.hpp:449:3:[m[K [01;36m[Knote: [m[Kcandidate: â€˜[01m[Kconst rclcpp::ParameterValue& rclcpp::Node::declare_parameter(const string&, rclcpp::ParameterType, const ParameterDescriptor&, bool)[m[Kâ€™
[29.055s]   449 |   [01;36m[Kdeclare_parameter[m[K(
[29.056s]       |   [01;36m[K^~~~~~~~~~~~~~~~~[m[K
[29.056s] [01m[K/opt/ros/iron/include/rclcpp/rclcpp/node.hpp:449:3:[m[K [01;36m[Knote: [m[K  candidate expects 4 arguments, 1 provided
[29.057s] [01m[K/home/racecar/racecar_ws/src/ydlidar_ros2/src/ydlidar_node.cpp:96:26:[m[K [01;31m[Kerror: [m[Kno matching function for call to â€˜[01m[Krclcpp::Node::declare_parameter(const char [14])[m[Kâ€™
[29.057s]    96 |   [01;31m[Knode->declare_parameter("singleChannel")[m[K;
[29.058s]       |   [01;31m[K~~~~~~~~~~~~~~~~~~~~~~~^~~~~~~~~~~~~~~~~[m[K
[29.059s] In file included from [01m[K/opt/ros/iron/include/rclcpp/rclcpp/executors/single_threaded_executor.hpp:28[m[K,
[29.059s]                  from [01m[K/opt/ros/iron/include/rclcpp/rclcpp/executors.hpp:22[m[K,
[29.060s]                  from [01m[K/opt/ros/iron/include/rclcpp/rclcpp/rclcpp.hpp:167[m[K,
[29.060s]                  from [01m[K/home/racecar/racecar_ws/src/ydlidar_ros2/src/ydlidar_node.cpp:23[m[K:
[29.061s] [01m[K/opt/ros/iron/include/rclcpp/rclcpp/node.hpp:479:3:[m[K [01;36m[Knote: [m[Kcandidate: â€˜[01m[Ktemplate<class ParameterT> auto rclcpp::Node::declare_parameter(const string&, const ParameterT&, const ParameterDescriptor&, bool)[m[Kâ€™
[29.061s]   479 |   [01;36m[Kdeclare_parameter[m[K(
[29.062s]       |   [01;36m[K^~~~~~~~~~~~~~~~~[m[K
[29.062s] [01m[K/opt/ros/iron/include/rclcpp/rclcpp/node.hpp:479:3:[m[K [01;36m[Knote: [m[K  template argument deduction/substitution failed:
[29.063s] [01m[K/home/racecar/racecar_ws/src/ydlidar_ros2/src/ydlidar_node.cpp:96:26:[m[K [01;36m[Knote: [m[K  candidate expects 4 arguments, 1 provided
[29.063s]    96 |   [01;36m[Knode->declare_parameter("singleChannel")[m[K;
[29.064s]       |   [01;36m[K~~~~~~~~~~~~~~~~~~~~~~~^~~~~~~~~~~~~~~~~[m[K
[29.064s] In file included from [01m[K/opt/ros/iron/include/rclcpp/rclcpp/executors/single_threaded_executor.hpp:28[m[K,
[29.065s]                  from [01m[K/opt/ros/iron/include/rclcpp/rclcpp/executors.hpp:22[m[K,
[29.066s]                  from [01m[K/opt/ros/iron/include/rclcpp/rclcpp/rclcpp.hpp:167[m[K,
[29.067s]                  from [01m[K/home/racecar/racecar_ws/src/ydlidar_ros2/src/ydlidar_node.cpp:23[m[K:
[29.067s] [01m[K/opt/ros/iron/include/rclcpp/rclcpp/node.hpp:492:3:[m[K [01;36m[Knote: [m[Kcandidate: â€˜[01m[Ktemplate<class ParameterT> auto rclcpp::Node::declare_parameter(const string&, const ParameterDescriptor&, bool)[m[Kâ€™
[29.068s]   492 |   [01;36m[Kdeclare_parameter[m[K(
[29.068s]       |   [01;36m[K^~~~~~~~~~~~~~~~~[m[K
[29.069s] [01m[K/opt/ros/iron/include/rclcpp/rclcpp/node.hpp:492:3:[m[K [01;36m[Knote: [m[K  template argument deduction/substitution failed:
[29.069s] [01m[K/home/racecar/racecar_ws/src/ydlidar_ros2/src/ydlidar_node.cpp:96:26:[m[K [01;36m[Knote: [m[K  couldnâ€™t deduce template parameter â€˜[01m[KParameterT[m[Kâ€™
[29.070s]    96 |   [01;36m[Knode->declare_parameter("singleChannel")[m[K;
[29.070s]       |   [01;36m[K~~~~~~~~~~~~~~~~~~~~~~~^~~~~~~~~~~~~~~~~[m[K
[29.071s] In file included from [01m[K/opt/ros/iron/include/rclcpp/rclcpp/executors/single_threaded_executor.hpp:28[m[K,
[29.071s]                  from [01m[K/opt/ros/iron/include/rclcpp/rclcpp/executors.hpp:22[m[K,
[29.072s]                  from [01m[K/opt/ros/iron/include/rclcpp/rclcpp/rclcpp.hpp:167[m[K,
[29.073s]                  from [01m[K/home/racecar/racecar_ws/src/ydlidar_ros2/src/ydlidar_node.cpp:23[m[K:
[29.073s] [01m[K/opt/ros/iron/include/rclcpp/rclcpp/node.hpp:424:3:[m[K [01;36m[Knote: [m[Kcandidate: â€˜[01m[Kconst rclcpp::ParameterValue& rclcpp::Node::declare_parameter(const string&, const rclcpp::ParameterValue&, const ParameterDescriptor&, bool)[m[Kâ€™
[29.074s]   424 |   [01;36m[Kdeclare_parameter[m[K(
[29.074s]       |   [01;36m[K^~~~~~~~~~~~~~~~~[m[K
[29.075s] [01m[K/opt/ros/iron/include/rclcpp/rclcpp/node.hpp:424:3:[m[K [01;36m[Knote: [m[K  candidate expects 4 arguments, 1 provided
[29.075s] [01m[K/opt/ros/iron/include/rclcpp/rclcpp/node.hpp:449:3:[m[K [01;36m[Knote: [m[Kcandidate: â€˜[01m[Kconst rclcpp::ParameterValue& rclcpp::Node::declare_parameter(const string&, rclcpp::ParameterType, const ParameterDescriptor&, bool)[m[Kâ€™
[29.076s]   449 |   [01;36m[Kdeclare_parameter[m[K(
[29.076s]       |   [01;36m[K^~~~~~~~~~~~~~~~~[m[K
[29.077s] [01m[K/opt/ros/iron/include/rclcpp/rclcpp/node.hpp:449:3:[m[K [01;36m[Knote: [m[K  candidate expects 4 arguments, 1 provided
[29.078s] [01m[K/home/racecar/racecar_ws/src/ydlidar_ros2/src/ydlidar_node.cpp:99:26:[m[K [01;31m[Kerror: [m[Kno matching function for call to â€˜[01m[Krclcpp::Node::declare_parameter(const char [15])[m[Kâ€™
[29.078s]    99 |   [01;31m[Knode->declare_parameter("auto_reconnect")[m[K;
[29.079s]       |   [01;31m[K~~~~~~~~~~~~~~~~~~~~~~~^~~~~~~~~~~~~~~~~~[m[K
[29.079s] In file included from [01m[K/opt/ros/iron/include/rclcpp/rclcpp/executors/single_threaded_executor.hpp:28[m[K,
[29.080s]                  from [01m[K/opt/ros/iron/include/rclcpp/rclcpp/executors.hpp:22[m[K,
[29.080s]                  from [01m[K/opt/ros/iron/include/rclcpp/rclcpp/rclcpp.hpp:167[m[K,
[29.081s]                  from [01m[K/home/racecar/racecar_ws/src/ydlidar_ros2/src/ydlidar_node.cpp:23[m[K:
[29.081s] [01m[K/opt/ros/iron/include/rclcpp/rclcpp/node.hpp:479:3:[m[K [01;36m[Knote: [m[Kcandidate: â€˜[01m[Ktemplate<class ParameterT> auto rclcpp::Node::declare_parameter(const string&, const ParameterT&, const ParameterDescriptor&, bool)[m[Kâ€™
[29.082s]   479 |   [01;36m[Kdeclare_parameter[m[K(
[29.083s]       |   [01;36m[K^~~~~~~~~~~~~~~~~[m[K
[29.084s] [01m[K/opt/ros/iron/include/rclcpp/rclcpp/node.hpp:479:3:[m[K [01;36m[Knote: [m[K  template argument deduction/substitution failed:
[29.084s] [01m[K/home/racecar/racecar_ws/src/ydlidar_ros2/src/ydlidar_node.cpp:99:26:[m[K [01;36m[Knote: [m[K  candidate expects 4 arguments, 1 provided
[29.085s]    99 |   [01;36m[Knode->declare_parameter("auto_reconnect")[m[K;
[29.086s]       |   [01;36m[K~~~~~~~~~~~~~~~~~~~~~~~^~~~~~~~~~~~~~~~~~[m[K
[29.086s] In file included from [01m[K/opt/ros/iron/include/rclcpp/rclcpp/executors/single_threaded_executor.hpp:28[m[K,
[29.087s]                  from [01m[K/opt/ros/iron/include/rclcpp/rclcpp/executors.hpp:22[m[K,
[29.087s]                  from [01m[K/opt/ros/iron/include/rclcpp/rclcpp/rclcpp.hpp:167[m[K,
[29.088s]                  from [01m[K/home/racecar/racecar_ws/src/ydlidar_ros2/src/ydlidar_node.cpp:23[m[K:
[29.088s] [01m[K/opt/ros/iron/include/rclcpp/rclcpp/node.hpp:492:3:[m[K [01;36m[Knote: [m[Kcandidate: â€˜[01m[Ktemplate<class ParameterT> auto rclcpp::Node::declare_parameter(const string&, const ParameterDescriptor&, bool)[m[Kâ€™
[29.089s]   492 |   [01;36m[Kdeclare_parameter[m[K(
[29.089s]       |   [01;36m[K^~~~~~~~~~~~~~~~~[m[K
[29.090s] [01m[K/opt/ros/iron/include/rclcpp/rclcpp/node.hpp:492:3:[m[K [01;36m[Knote: [m[K  template argument deduction/substitution failed:
[29.091s] [01m[K/home/racecar/racecar_ws/src/ydlidar_ros2/src/ydlidar_node.cpp:99:26:[m[K [01;36m[Knote: [m[K  couldnâ€™t deduce template parameter â€˜[01m[KParameterT[m[Kâ€™
[29.091s]    99 |   [01;36m[Knode->declare_parameter("auto_reconnect")[m[K;
[29.092s]       |   [01;36m[K~~~~~~~~~~~~~~~~~~~~~~~^~~~~~~~~~~~~~~~~~[m[K
[29.093s] In file included from [01m[K/opt/ros/iron/include/rclcpp/rclcpp/executors/single_threaded_executor.hpp:28[m[K,
[29.093s]                  from [01m[K/opt/ros/iron/include/rclcpp/rclcpp/executors.hpp:22[m[K,
[29.094s]                  from [01m[K/opt/ros/iron/include/rclcpp/rclcpp/rclcpp.hpp:167[m[K,
[29.095s]                  from [01m[K/home/racecar/racecar_ws/src/ydlidar_ros2/src/ydlidar_node.cpp:23[m[K:
[29.095s] [01m[K/opt/ros/iron/include/rclcpp/rclcpp/node.hpp:424:3:[m[K [01;36m[Knote: [m[Kcandidate: â€˜[01m[Kconst rclcpp::ParameterValue& rclcpp::Node::declare_parameter(const string&, const rclcpp::ParameterValue&, const ParameterDescriptor&, bool)[m[Kâ€™
[29.096s]   424 |   [01;36m[Kdeclare_parameter[m[K(
[29.096s]       |   [01;36m[K^~~~~~~~~~~~~~~~~[m[K
[29.097s] [01m[K/opt/ros/iron/include/rclcpp/rclcpp/node.hpp:424:3:[m[K [01;36m[Knote: [m[K  candidate expects 4 arguments, 1 provided
[29.098s] [01m[K/opt/ros/iron/include/rclcpp/rclcpp/node.hpp:449:3:[m[K [01;36m[Knote: [m[Kcandidate: â€˜[01m[Kconst rclcpp::ParameterValue& rclcpp::Node::declare_parameter(const string&, rclcpp::ParameterType, const ParameterDescriptor&, bool)[m[Kâ€™
[29.098s]   449 |   [01;36m[Kdeclare_parameter[m[K(
[29.099s]       |   [01;36m[K^~~~~~~~~~~~~~~~~[m[K
[29.099s] [01m[K/opt/ros/iron/include/rclcpp/rclcpp/node.hpp:449:3:[m[K [01;36m[Knote: [m[K  candidate expects 4 arguments, 1 provided
[29.100s] [01m[K/home/racecar/racecar_ws/src/ydlidar_ros2/src/ydlidar_node.cpp:102:26:[m[K [01;31m[Kerror: [m[Kno matching function for call to â€˜[01m[Krclcpp::Node::declare_parameter(const char [10])[m[Kâ€™
[29.100s]   102 |   [01;31m[Knode->declare_parameter("reversion")[m[K;
[29.101s]       |   [01;31m[K~~~~~~~~~~~~~~~~~~~~~~~^~~~~~~~~~~~~[m[K
[29.102s] In file included from [01m[K/opt/ros/iron/include/rclcpp/rclcpp/executors/single_threaded_executor.hpp:28[m[K,
[29.102s]                  from [01m[K/opt/ros/iron/include/rclcpp/rclcpp/executors.hpp:22[m[K,
[29.103s]                  from [01m[K/opt/ros/iron/include/rclcpp/rclcpp/rclcpp.hpp:167[m[K,
[29.103s]                  from [01m[K/home/racecar/racecar_ws/src/ydlidar_ros2/src/ydlidar_node.cpp:23[m[K:
[29.104s] [01m[K/opt/ros/iron/include/rclcpp/rclcpp/node.hpp:479:3:[m[K [01;36m[Knote: [m[Kcandidate: â€˜[01m[Ktemplate<class ParameterT> auto rclcpp::Node::declare_parameter(const string&, const ParameterT&, const ParameterDescriptor&, bool)[m[Kâ€™
[29.104s]   479 |   [01;36m[Kdeclare_parameter[m[K(
[29.105s]       |   [01;36m[K^~~~~~~~~~~~~~~~~[m[K
[29.106s] [01m[K/opt/ros/iron/include/rclcpp/rclcpp/node.hpp:479:3:[m[K [01;36m[Knote: [m[K  template argument deduction/substitution failed:
[29.106s] [01m[K/home/racecar/racecar_ws/src/ydlidar_ros2/src/ydlidar_node.cpp:102:26:[m[K [01;36m[Knote: [m[K  candidate expects 4 arguments, 1 provided
[29.107s]   102 |   [01;36m[Knode->declare_parameter("reversion")[m[K;
[29.107s]       |   [01;36m[K~~~~~~~~~~~~~~~~~~~~~~~^~~~~~~~~~~~~[m[K
[29.108s] In file included from [01m[K/opt/ros/iron/include/rclcpp/rclcpp/executors/single_threaded_executor.hpp:28[m[K,
[29.108s]                  from [01m[K/opt/ros/iron/include/rclcpp/rclcpp/executors.hpp:22[m[K,
[29.109s]                  from [01m[K/opt/ros/iron/include/rclcpp/rclcpp/rclcpp.hpp:167[m[K,
[29.110s]                  from [01m[K/home/racecar/racecar_ws/src/ydlidar_ros2/src/ydlidar_node.cpp:23[m[K:
[29.111s] [01m[K/opt/ros/iron/include/rclcpp/rclcpp/node.hpp:492:3:[m[K [01;36m[Knote: [m[Kcandidate: â€˜[01m[Ktemplate<class ParameterT> auto rclcpp::Node::declare_parameter(const string&, const ParameterDescriptor&, bool)[m[Kâ€™
[29.111s]   492 |   [01;36m[Kdeclare_parameter[m[K(
[29.112s]       |   [01;36m[K^~~~~~~~~~~~~~~~~[m[K
[29.113s] [01m[K/opt/ros/iron/include/rclcpp/rclcpp/node.hpp:492:3:[m[K [01;36m[Knote: [m[K  template argument deduction/substitution failed:
[29.114s] [01m[K/home/racecar/racecar_ws/src/ydlidar_ros2/src/ydlidar_node.cpp:102:26:[m[K [01;36m[Knote: [m[K  couldnâ€™t deduce template parameter â€˜[01m[KParameterT[m[Kâ€™
[29.114s]   102 |   [01;36m[Knode->declare_parameter("reversion")[m[K;
[29.115s]       |   [01;36m[K~~~~~~~~~~~~~~~~~~~~~~~^~~~~~~~~~~~~[m[K
[29.117s] In file included from [01m[K/opt/ros/iron/include/rclcpp/rclcpp/executors/single_threaded_executor.hpp:28[m[K,
[29.117s]                  from [01m[K/opt/ros/iron/include/rclcpp/rclcpp/executors.hpp:22[m[K,
[29.118s]                  from [01m[K/opt/ros/iron/include/rclcpp/rclcpp/rclcpp.hpp:167[m[K,
[29.120s]                  from [01m[K/home/racecar/racecar_ws/src/ydlidar_ros2/src/ydlidar_node.cpp:23[m[K:
[29.121s] [01m[K/opt/ros/iron/include/rclcpp/rclcpp/node.hpp:424:3:[m[K [01;36m[Knote: [m[Kcandidate: â€˜[01m[Kconst rclcpp::ParameterValue& rclcpp::Node::declare_parameter(const string&, const rclcpp::ParameterValue&, const ParameterDescriptor&, bool)[m[Kâ€™
[29.121s]   424 |   [01;36m[Kdeclare_parameter[m[K(
[29.122s]       |   [01;36m[K^~~~~~~~~~~~~~~~~[m[K
[29.123s] [01m[K/opt/ros/iron/include/rclcpp/rclcpp/node.hpp:424:3:[m[K [01;36m[Knote: [m[K  candidate expects 4 arguments, 1 provided
[29.123s] [01m[K/opt/ros/iron/include/rclcpp/rclcpp/node.hpp:449:3:[m[K [01;36m[Knote: [m[Kcandidate: â€˜[01m[Kconst rclcpp::ParameterValue& rclcpp::Node::declare_parameter(const string&, rclcpp::ParameterType, const ParameterDescriptor&, bool)[m[Kâ€™
[29.124s]   449 |   [01;36m[Kdeclare_parameter[m[K(
[29.125s]       |   [01;36m[K^~~~~~~~~~~~~~~~~[m[K
[29.125s] [01m[K/opt/ros/iron/include/rclcpp/rclcpp/node.hpp:449:3:[m[K [01;36m[Knote: [m[K  candidate expects 4 arguments, 1 provided
[29.126s] [01m[K/home/racecar/racecar_ws/src/ydlidar_ros2/src/ydlidar_node.cpp:105:26:[m[K [01;31m[Kerror: [m[Kno matching function for call to â€˜[01m[Krclcpp::Node::declare_parameter(const char [11])[m[Kâ€™
[29.126s]   105 |   [01;31m[Knode->declare_parameter("isToFLidar")[m[K;
[29.127s]       |   [01;31m[K~~~~~~~~~~~~~~~~~~~~~~~^~~~~~~~~~~~~~[m[K
[29.127s] In file included from [01m[K/opt/ros/iron/include/rclcpp/rclcpp/executors/single_threaded_executor.hpp:28[m[K,
[29.128s]                  from [01m[K/opt/ros/iron/include/rclcpp/rclcpp/executors.hpp:22[m[K,
[29.129s]                  from [01m[K/opt/ros/iron/include/rclcpp/rclcpp/rclcpp.hpp:167[m[K,
[29.129s]                  from [01m[K/home/racecar/racecar_ws/src/ydlidar_ros2/src/ydlidar_node.cpp:23[m[K:
[29.130s] [01m[K/opt/ros/iron/include/rclcpp/rclcpp/node.hpp:479:3:[m[K [01;36m[Knote: [m[Kcandidate: â€˜[01m[Ktemplate<class ParameterT> auto rclcpp::Node::declare_parameter(const string&, const ParameterT&, const ParameterDescriptor&, bool)[m[Kâ€™
[29.130s]   479 |   [01;36m[Kdeclare_parameter[m[K(
[29.131s]       |   [01;36m[K^~~~~~~~~~~~~~~~~[m[K
[29.132s] [01m[K/opt/ros/iron/include/rclcpp/rclcpp/node.hpp:479:3:[m[K [01;36m[Knote: [m[K  template argument deduction/substitution failed:
[29.132s] [01m[K/home/racecar/racecar_ws/src/ydlidar_ros2/src/ydlidar_node.cpp:105:26:[m[K [01;36m[Knote: [m[K  candidate expects 4 arguments, 1 provided
[29.133s]   105 |   [01;36m[Knode->declare_parameter("isToFLidar")[m[K;
[29.133s]       |   [01;36m[K~~~~~~~~~~~~~~~~~~~~~~~^~~~~~~~~~~~~~[m[K
[29.134s] In file included from [01m[K/opt/ros/iron/include/rclcpp/rclcpp/executors/single_threaded_executor.hpp:28[m[K,
[29.134s]                  from [01m[K/opt/ros/iron/include/rclcpp/rclcpp/executors.hpp:22[m[K,
[29.135s]                  from [01m[K/opt/ros/iron/include/rclcpp/rclcpp/rclcpp.hpp:167[m[K,
[29.136s]                  from [01m[K/home/racecar/racecar_ws/src/ydlidar_ros2/src/ydlidar_node.cpp:23[m[K:
[29.136s] [01m[K/opt/ros/iron/include/rclcpp/rclcpp/node.hpp:492:3:[m[K [01;36m[Knote: [m[Kcandidate: â€˜[01m[Ktemplate<class ParameterT> auto rclcpp::Node::declare_parameter(const string&, const ParameterDescriptor&, bool)[m[Kâ€™
[29.137s]   492 |   [01;36m[Kdeclare_parameter[m[K(
[29.138s]       |   [01;36m[K^~~~~~~~~~~~~~~~~[m[K
[29.138s] [01m[K/opt/ros/iron/include/rclcpp/rclcpp/node.hpp:492:3:[m[K [01;36m[Knote: [m[K  template argument deduction/substitution failed:
[29.139s] [01m[K/home/racecar/racecar_ws/src/ydlidar_ros2/src/ydlidar_node.cpp:105:26:[m[K [01;36m[Knote: [m[K  couldnâ€™t deduce template parameter â€˜[01m[KParameterT[m[Kâ€™
[29.139s]   105 |   [01;36m[Knode->declare_parameter("isToFLidar")[m[K;
[29.140s]       |   [01;36m[K~~~~~~~~~~~~~~~~~~~~~~~^~~~~~~~~~~~~~[m[K
[29.140s] In file included from [01m[K/opt/ros/iron/include/rclcpp/rclcpp/executors/single_threaded_executor.hpp:28[m[K,
[29.141s]                  from [01m[K/opt/ros/iron/include/rclcpp/rclcpp/executors.hpp:22[m[K,
[29.142s]                  from [01m[K/opt/ros/iron/include/rclcpp/rclcpp/rclcpp.hpp:167[m[K,
[29.142s]                  from [01m[K/home/racecar/racecar_ws/src/ydlidar_ros2/src/ydlidar_node.cpp:23[m[K:
[29.143s] [01m[K/opt/ros/iron/include/rclcpp/rclcpp/node.hpp:424:3:[m[K [01;36m[Knote: [m[Kcandidate: â€˜[01m[Kconst rclcpp::ParameterValue& rclcpp::Node::declare_parameter(const string&, const rclcpp::ParameterValue&, const ParameterDescriptor&, bool)[m[Kâ€™
[29.143s]   424 |   [01;36m[Kdeclare_parameter[m[K(
[29.144s]       |   [01;36m[K^~~~~~~~~~~~~~~~~[m[K
[29.144s] [01m[K/opt/ros/iron/include/rclcpp/rclcpp/node.hpp:424:3:[m[K [01;36m[Knote: [m[K  candidate expects 4 arguments, 1 provided
[29.145s] [01m[K/opt/ros/iron/include/rclcpp/rclcpp/node.hpp:449:3:[m[K [01;36m[Knote: [m[Kcandidate: â€˜[01m[Kconst rclcpp::ParameterValue& rclcpp::Node::declare_parameter(const string&, rclcpp::ParameterType, const ParameterDescriptor&, bool)[m[Kâ€™
[29.146s]   449 |   [01;36m[Kdeclare_parameter[m[K(
[29.146s]       |   [01;36m[K^~~~~~~~~~~~~~~~~[m[K
[29.147s] [01m[K/opt/ros/iron/include/rclcpp/rclcpp/node.hpp:449:3:[m[K [01;36m[Knote: [m[K  candidate expects 4 arguments, 1 provided
[29.147s] [01m[K/home/racecar/racecar_ws/src/ydlidar_ros2/src/ydlidar_node.cpp:108:26:[m[K [01;31m[Kerror: [m[Kno matching function for call to â€˜[01m[Krclcpp::Node::declare_parameter(const char [10])[m[Kâ€™
[29.148s]   108 |   [01;31m[Knode->declare_parameter("angle_max")[m[K;
[29.148s]       |   [01;31m[K~~~~~~~~~~~~~~~~~~~~~~~^~~~~~~~~~~~~[m[K
[29.149s] In file included from [01m[K/opt/ros/iron/include/rclcpp/rclcpp/executors/single_threaded_executor.hpp:28[m[K,
[29.150s]                  from [01m[K/opt/ros/iron/include/rclcpp/rclcpp/executors.hpp:22[m[K,
[29.150s]                  from [01m[K/opt/ros/iron/include/rclcpp/rclcpp/rclcpp.hpp:167[m[K,
[29.151s]                  from [01m[K/home/racecar/racecar_ws/src/ydlidar_ros2/src/ydlidar_node.cpp:23[m[K:
[29.151s] [01m[K/opt/ros/iron/include/rclcpp/rclcpp/node.hpp:479:3:[m[K [01;36m[Knote: [m[Kcandidate: â€˜[01m[Ktemplate<class ParameterT> auto rclcpp::Node::declare_parameter(const string&, const ParameterT&, const ParameterDescriptor&, bool)[m[Kâ€™
[29.152s]   479 |   [01;36m[Kdeclare_parameter[m[K(
[29.152s]       |   [01;36m[K^~~~~~~~~~~~~~~~~[m[K
[29.153s] [01m[K/opt/ros/iron/include/rclcpp/rclcpp/node.hpp:479:3:[m[K [01;36m[Knote: [m[K  template argument deduction/substitution failed:
[29.154s] [01m[K/home/racecar/racecar_ws/src/ydlidar_ros2/src/ydlidar_node.cpp:108:26:[m[K [01;36m[Knote: [m[K  candidate expects 4 arguments, 1 provided
[29.154s]   108 |   [01;36m[Knode->declare_parameter("angle_max")[m[K;
[29.155s]       |   [01;36m[K~~~~~~~~~~~~~~~~~~~~~~~^~~~~~~~~~~~~[m[K
[29.155s] In file included from [01m[K/opt/ros/iron/include/rclcpp/rclcpp/executors/single_threaded_executor.hpp:28[m[K,
[29.156s]                  from [01m[K/opt/ros/iron/include/rclcpp/rclcpp/executors.hpp:22[m[K,
[29.156s]                  from [01m[K/opt/ros/iron/include/rclcpp/rclcpp/rclcpp.hpp:167[m[K,
[29.157s]                  from [01m[K/home/racecar/racecar_ws/src/ydlidar_ros2/src/ydlidar_node.cpp:23[m[K:
[29.158s] [01m[K/opt/ros/iron/include/rclcpp/rclcpp/node.hpp:492:3:[m[K [01;36m[Knote: [m[Kcandidate: â€˜[01m[Ktemplate<class ParameterT> auto rclcpp::Node::declare_parameter(const string&, const ParameterDescriptor&, bool)[m[Kâ€™
[29.158s]   492 |   [01;36m[Kdeclare_parameter[m[K(
[29.159s]       |   [01;36m[K^~~~~~~~~~~~~~~~~[m[K
[29.159s] [01m[K/opt/ros/iron/include/rclcpp/rclcpp/node.hpp:492:3:[m[K [01;36m[Knote: [m[K  template argument deduction/substitution failed:
[29.160s] [01m[K/home/racecar/racecar_ws/src/ydlidar_ros2/src/ydlidar_node.cpp:108:26:[m[K [01;36m[Knote: [m[K  couldnâ€™t deduce template parameter â€˜[01m[KParameterT[m[Kâ€™
[29.160s]   108 |   [01;36m[Knode->declare_parameter("angle_max")[m[K;
[29.161s]       |   [01;36m[K~~~~~~~~~~~~~~~~~~~~~~~^~~~~~~~~~~~~[m[K
[29.161s] In file included from [01m[K/opt/ros/iron/include/rclcpp/rclcpp/executors/single_threaded_executor.hpp:28[m[K,
[29.162s]                  from [01m[K/opt/ros/iron/include/rclcpp/rclcpp/executors.hpp:22[m[K,
[29.162s]                  from [01m[K/opt/ros/iron/include/rclcpp/rclcpp/rclcpp.hpp:167[m[K,
[29.163s]                  from [01m[K/home/racecar/racecar_ws/src/ydlidar_ros2/src/ydlidar_node.cpp:23[m[K:
[29.164s] [01m[K/opt/ros/iron/include/rclcpp/rclcpp/node.hpp:424:3:[m[K [01;36m[Knote: [m[Kcandidate: â€˜[01m[Kconst rclcpp::ParameterValue& rclcpp::Node::declare_parameter(const string&, const rclcpp::ParameterValue&, const ParameterDescriptor&, bool)[m[Kâ€™
[29.164s]   424 |   [01;36m[Kdeclare_parameter[m[K(
[29.165s]       |   [01;36m[K^~~~~~~~~~~~~~~~~[m[K
[29.165s] [01m[K/opt/ros/iron/include/rclcpp/rclcpp/node.hpp:424:3:[m[K [01;36m[Knote: [m[K  candidate expects 4 arguments, 1 provided
[29.166s] [01m[K/opt/ros/iron/include/rclcpp/rclcpp/node.hpp:449:3:[m[K [01;36m[Knote: [m[Kcandidate: â€˜[01m[Kconst rclcpp::ParameterValue& rclcpp::Node::declare_parameter(const string&, rclcpp::ParameterType, const ParameterDescriptor&, bool)[m[Kâ€™
[29.167s]   449 |   [01;36m[Kdeclare_parameter[m[K(
[29.167s]       |   [01;36m[K^~~~~~~~~~~~~~~~~[m[K
[29.168s] [01m[K/opt/ros/iron/include/rclcpp/rclcpp/node.hpp:449:3:[m[K [01;36m[Knote: [m[K  candidate expects 4 arguments, 1 provided
[29.168s] [01m[K/home/racecar/racecar_ws/src/ydlidar_ros2/src/ydlidar_node.cpp:111:26:[m[K [01;31m[Kerror: [m[Kno matching function for call to â€˜[01m[Krclcpp::Node::declare_parameter(const char [10])[m[Kâ€™
[29.169s]   111 |   [01;31m[Knode->declare_parameter("angle_min")[m[K;
[29.170s]       |   [01;31m[K~~~~~~~~~~~~~~~~~~~~~~~^~~~~~~~~~~~~[m[K
[29.170s] In file included from [01m[K/opt/ros/iron/include/rclcpp/rclcpp/executors/single_threaded_executor.hpp:28[m[K,
[29.171s]                  from [01m[K/opt/ros/iron/include/rclcpp/rclcpp/executors.hpp:22[m[K,
[29.171s]                  from [01m[K/opt/ros/iron/include/rclcpp/rclcpp/rclcpp.hpp:167[m[K,
[29.172s]                  from [01m[K/home/racecar/racecar_ws/src/ydlidar_ros2/src/ydlidar_node.cpp:23[m[K:
[29.173s] [01m[K/opt/ros/iron/include/rclcpp/rclcpp/node.hpp:479:3:[m[K [01;36m[Knote: [m[Kcandidate: â€˜[01m[Ktemplate<class ParameterT> auto rclcpp::Node::declare_parameter(const string&, const ParameterT&, const ParameterDescriptor&, bool)[m[Kâ€™
[29.173s]   479 |   [01;36m[Kdeclare_parameter[m[K(
[29.174s]       |   [01;36m[K^~~~~~~~~~~~~~~~~[m[K
[29.174s] [01m[K/opt/ros/iron/include/rclcpp/rclcpp/node.hpp:479:3:[m[K [01;36m[Knote: [m[K  template argument deduction/substitution failed:
[29.175s] [01m[K/home/racecar/racecar_ws/src/ydlidar_ros2/src/ydlidar_node.cpp:111:26:[m[K [01;36m[Knote: [m[K  candidate expects 4 arguments, 1 provided
[29.176s]   111 |   [01;36m[Knode->declare_parameter("angle_min")[m[K;
[29.176s]       |   [01;36m[K~~~~~~~~~~~~~~~~~~~~~~~^~~~~~~~~~~~~[m[K
[29.177s] In file included from [01m[K/opt/ros/iron/include/rclcpp/rclcpp/executors/single_threaded_executor.hpp:28[m[K,
[29.177s]                  from [01m[K/opt/ros/iron/include/rclcpp/rclcpp/executors.hpp:22[m[K,
[29.178s]                  from [01m[K/opt/ros/iron/include/rclcpp/rclcpp/rclcpp.hpp:167[m[K,
[29.178s]                  from [01m[K/home/racecar/racecar_ws/src/ydlidar_ros2/src/ydlidar_node.cpp:23[m[K:
[29.179s] [01m[K/opt/ros/iron/include/rclcpp/rclcpp/node.hpp:492:3:[m[K [01;36m[Knote: [m[Kcandidate: â€˜[01m[Ktemplate<class ParameterT> auto rclcpp::Node::declare_parameter(const string&, const ParameterDescriptor&, bool)[m[Kâ€™
[29.179s]   492 |   [01;36m[Kdeclare_parameter[m[K(
[29.180s]       |   [01;36m[K^~~~~~~~~~~~~~~~~[m[K
[29.181s] [01m[K/opt/ros/iron/include/rclcpp/rclcpp/node.hpp:492:3:[m[K [01;36m[Knote: [m[K  template argument deduction/substitution failed:
[29.181s] [01m[K/home/racecar/racecar_ws/src/ydlidar_ros2/src/ydlidar_node.cpp:111:26:[m[K [01;36m[Knote: [m[K  couldnâ€™t deduce template parameter â€˜[01m[KParameterT[m[Kâ€™
[29.182s]   111 |   [01;36m[Knode->declare_parameter("angle_min")[m[K;
[29.183s]       |   [01;36m[K~~~~~~~~~~~~~~~~~~~~~~~^~~~~~~~~~~~~[m[K
[29.184s] In file included from [01m[K/opt/ros/iron/include/rclcpp/rclcpp/executors/single_threaded_executor.hpp:28[m[K,
[29.184s]                  from [01m[K/opt/ros/iron/include/rclcpp/rclcpp/executors.hpp:22[m[K,
[29.185s]                  from [01m[K/opt/ros/iron/include/rclcpp/rclcpp/rclcpp.hpp:167[m[K,
[29.186s]                  from [01m[K/home/racecar/racecar_ws/src/ydlidar_ros2/src/ydlidar_node.cpp:23[m[K:
[29.186s] [01m[K/opt/ros/iron/include/rclcpp/rclcpp/node.hpp:424:3:[m[K [01;36m[Knote: [m[Kcandidate: â€˜[01m[Kconst rclcpp::ParameterValue& rclcpp::Node::declare_parameter(const string&, const rclcpp::ParameterValue&, const ParameterDescriptor&, bool)[m[Kâ€™
[29.187s]   424 |   [01;36m[Kdeclare_parameter[m[K(
[29.187s]       |   [01;36m[K^~~~~~~~~~~~~~~~~[m[K
[29.188s] [01m[K/opt/ros/iron/include/rclcpp/rclcpp/node.hpp:424:3:[m[K [01;36m[Knote: [m[K  candidate expects 4 arguments, 1 provided
[29.189s] [01m[K/opt/ros/iron/include/rclcpp/rclcpp/node.hpp:449:3:[m[K [01;36m[Knote: [m[Kcandidate: â€˜[01m[Kconst rclcpp::ParameterValue& rclcpp::Node::declare_parameter(const string&, rclcpp::ParameterType, const ParameterDescriptor&, bool)[m[Kâ€™
[29.190s]   449 |   [01;36m[Kdeclare_parameter[m[K(
[29.190s]       |   [01;36m[K^~~~~~~~~~~~~~~~~[m[K
[29.191s] [01m[K/opt/ros/iron/include/rclcpp/rclcpp/node.hpp:449:3:[m[K [01;36m[Knote: [m[K  candidate expects 4 arguments, 1 provided
[29.192s] [01m[K/home/racecar/racecar_ws/src/ydlidar_ros2/src/ydlidar_node.cpp:114:26:[m[K [01;31m[Kerror: [m[Kno matching function for call to â€˜[01m[Krclcpp::Node::declare_parameter(const char [10])[m[Kâ€™
[29.192s]   114 |   [01;31m[Knode->declare_parameter("max_range")[m[K;
[29.193s]       |   [01;31m[K~~~~~~~~~~~~~~~~~~~~~~~^~~~~~~~~~~~~[m[K
[29.193s] In file included from [01m[K/opt/ros/iron/include/rclcpp/rclcpp/executors/single_threaded_executor.hpp:28[m[K,
[29.194s]                  from [01m[K/opt/ros/iron/include/rclcpp/rclcpp/executors.hpp:22[m[K,
[29.195s]                  from [01m[K/opt/ros/iron/include/rclcpp/rclcpp/rclcpp.hpp:167[m[K,
[29.195s]                  from [01m[K/home/racecar/racecar_ws/src/ydlidar_ros2/src/ydlidar_node.cpp:23[m[K:
[29.196s] [01m[K/opt/ros/iron/include/rclcpp/rclcpp/node.hpp:479:3:[m[K [01;36m[Knote: [m[Kcandidate: â€˜[01m[Ktemplate<class ParameterT> auto rclcpp::Node::declare_parameter(const string&, const ParameterT&, const ParameterDescriptor&, bool)[m[Kâ€™
[29.196s]   479 |   [01;36m[Kdeclare_parameter[m[K(
[29.197s]       |   [01;36m[K^~~~~~~~~~~~~~~~~[m[K
[29.198s] [01m[K/opt/ros/iron/include/rclcpp/rclcpp/node.hpp:479:3:[m[K [01;36m[Knote: [m[K  template argument deduction/substitution failed:
[29.198s] [01m[K/home/racecar/racecar_ws/src/ydlidar_ros2/src/ydlidar_node.cpp:114:26:[m[K [01;36m[Knote: [m[K  candidate expects 4 arguments, 1 provided
[29.199s]   114 |   [01;36m[Knode->declare_parameter("max_range")[m[K;
[29.199s]       |   [01;36m[K~~~~~~~~~~~~~~~~~~~~~~~^~~~~~~~~~~~~[m[K
[29.200s] In file included from [01m[K/opt/ros/iron/include/rclcpp/rclcpp/executors/single_threaded_executor.hpp:28[m[K,
[29.200s]                  from [01m[K/opt/ros/iron/include/rclcpp/rclcpp/executors.hpp:22[m[K,
[29.201s]                  from [01m[K/opt/ros/iron/include/rclcpp/rclcpp/rclcpp.hpp:167[m[K,
[29.201s]                  from [01m[K/home/racecar/racecar_ws/src/ydlidar_ros2/src/ydlidar_node.cpp:23[m[K:
[29.202s] [01m[K/opt/ros/iron/include/rclcpp/rclcpp/node.hpp:492:3:[m[K [01;36m[Knote: [m[Kcandidate: â€˜[01m[Ktemplate<class ParameterT> auto rclcpp::Node::declare_parameter(const string&, const ParameterDescriptor&, bool)[m[Kâ€™
[29.203s]   492 |   [01;36m[Kdeclare_parameter[m[K(
[29.203s]       |   [01;36m[K^~~~~~~~~~~~~~~~~[m[K
[29.204s] [01m[K/opt/ros/iron/include/rclcpp/rclcpp/node.hpp:492:3:[m[K [01;36m[Knote: [m[K  template argument deduction/substitution failed:
[29.204s] [01m[K/home/racecar/racecar_ws/src/ydlidar_ros2/src/ydlidar_node.cpp:114:26:[m[K [01;36m[Knote: [m[K  couldnâ€™t deduce template parameter â€˜[01m[KParameterT[m[Kâ€™
[29.205s]   114 |   [01;36m[Knode->declare_parameter("max_range")[m[K;
[29.206s]       |   [01;36m[K~~~~~~~~~~~~~~~~~~~~~~~^~~~~~~~~~~~~[m[K
[29.206s] In file included from [01m[K/opt/ros/iron/include/rclcpp/rclcpp/executors/single_threaded_executor.hpp:28[m[K,
[29.207s]                  from [01m[K/opt/ros/iron/include/rclcpp/rclcpp/executors.hpp:22[m[K,
[29.207s]                  from [01m[K/opt/ros/iron/include/rclcpp/rclcpp/rclcpp.hpp:167[m[K,
[29.208s]                  from [01m[K/home/racecar/racecar_ws/src/ydlidar_ros2/src/ydlidar_node.cpp:23[m[K:
[29.208s] [01m[K/opt/ros/iron/include/rclcpp/rclcpp/node.hpp:424:3:[m[K [01;36m[Knote: [m[Kcandidate: â€˜[01m[Kconst rclcpp::ParameterValue& rclcpp::Node::declare_parameter(const string&, const rclcpp::ParameterValue&, const ParameterDescriptor&, bool)[m[Kâ€™
[29.209s]   424 |   [01;36m[Kdeclare_parameter[m[K(
[29.210s]       |   [01;36m[K^~~~~~~~~~~~~~~~~[m[K
[29.211s] [01m[K/opt/ros/iron/include/rclcpp/rclcpp/node.hpp:424:3:[m[K [01;36m[Knote: [m[K  candidate expects 4 arguments, 1 provided
[29.212s] [01m[K/opt/ros/iron/include/rclcpp/rclcpp/node.hpp:449:3:[m[K [01;36m[Knote: [m[Kcandidate: â€˜[01m[Kconst rclcpp::ParameterValue& rclcpp::Node::declare_parameter(const string&, rclcpp::ParameterType, const ParameterDescriptor&, bool)[m[Kâ€™
[29.212s]   449 |   [01;36m[Kdeclare_parameter[m[K(
[29.213s]       |   [01;36m[K^~~~~~~~~~~~~~~~~[m[K
[29.214s] [01m[K/opt/ros/iron/include/rclcpp/rclcpp/node.hpp:449:3:[m[K [01;36m[Knote: [m[K  candidate expects 4 arguments, 1 provided
[29.215s] [01m[K/home/racecar/racecar_ws/src/ydlidar_ros2/src/ydlidar_node.cpp:117:26:[m[K [01;31m[Kerror: [m[Kno matching function for call to â€˜[01m[Krclcpp::Node::declare_parameter(const char [10])[m[Kâ€™
[29.216s]   117 |   [01;31m[Knode->declare_parameter("min_range")[m[K;
[29.217s]       |   [01;31m[K~~~~~~~~~~~~~~~~~~~~~~~^~~~~~~~~~~~~[m[K
[29.218s] In file included from [01m[K/opt/ros/iron/include/rclcpp/rclcpp/executors/single_threaded_executor.hpp:28[m[K,
[29.219s]                  from [01m[K/opt/ros/iron/include/rclcpp/rclcpp/executors.hpp:22[m[K,
[29.221s]                  from [01m[K/opt/ros/iron/include/rclcpp/rclcpp/rclcpp.hpp:167[m[K,
[29.222s]                  from [01m[K/home/racecar/racecar_ws/src/ydlidar_ros2/src/ydlidar_node.cpp:23[m[K:
[29.222s] [01m[K/opt/ros/iron/include/rclcpp/rclcpp/node.hpp:479:3:[m[K [01;36m[Knote: [m[Kcandidate: â€˜[01m[Ktemplate<class ParameterT> auto rclcpp::Node::declare_parameter(const string&, const ParameterT&, const ParameterDescriptor&, bool)[m[Kâ€™
[29.223s]   479 |   [01;36m[Kdeclare_parameter[m[K(
[29.223s]       |   [01;36m[K^~~~~~~~~~~~~~~~~[m[K
[29.224s] [01m[K/opt/ros/iron/include/rclcpp/rclcpp/node.hpp:479:3:[m[K [01;36m[Knote: [m[K  template argument deduction/substitution failed:
[29.225s] [01m[K/home/racecar/racecar_ws/src/ydlidar_ros2/src/ydlidar_node.cpp:117:26:[m[K [01;36m[Knote: [m[K  candidate expects 4 arguments, 1 provided
[29.225s]   117 |   [01;36m[Knode->declare_parameter("min_range")[m[K;
[29.226s]       |   [01;36m[K~~~~~~~~~~~~~~~~~~~~~~~^~~~~~~~~~~~~[m[K
[29.226s] In file included from [01m[K/opt/ros/iron/include/rclcpp/rclcpp/executors/single_threaded_executor.hpp:28[m[K,
[29.227s]                  from [01m[K/opt/ros/iron/include/rclcpp/rclcpp/executors.hpp:22[m[K,
[29.227s]                  from [01m[K/opt/ros/iron/include/rclcpp/rclcpp/rclcpp.hpp:167[m[K,
[29.228s]                  from [01m[K/home/racecar/racecar_ws/src/ydlidar_ros2/src/ydlidar_node.cpp:23[m[K:
[29.229s] [01m[K/opt/ros/iron/include/rclcpp/rclcpp/node.hpp:492:3:[m[K [01;36m[Knote: [m[Kcandidate: â€˜[01m[Ktemplate<class ParameterT> auto rclcpp::Node::declare_parameter(const string&, const ParameterDescriptor&, bool)[m[Kâ€™
[29.229s]   492 |   [01;36m[Kdeclare_parameter[m[K(
[29.230s]       |   [01;36m[K^~~~~~~~~~~~~~~~~[m[K
[29.230s] [01m[K/opt/ros/iron/include/rclcpp/rclcpp/node.hpp:492:3:[m[K [01;36m[Knote: [m[K  template argument deduction/substitution failed:
[29.231s] [01m[K/home/racecar/racecar_ws/src/ydlidar_ros2/src/ydlidar_node.cpp:117:26:[m[K [01;36m[Knote: [m[K  couldnâ€™t deduce template parameter â€˜[01m[KParameterT[m[Kâ€™
[29.231s]   117 |   [01;36m[Knode->declare_parameter("min_range")[m[K;
[29.232s]       |   [01;36m[K~~~~~~~~~~~~~~~~~~~~~~~^~~~~~~~~~~~~[m[K
[29.233s] In file included from [01m[K/opt/ros/iron/include/rclcpp/rclcpp/executors/single_threaded_executor.hpp:28[m[K,
[29.233s]                  from [01m[K/opt/ros/iron/include/rclcpp/rclcpp/executors.hpp:22[m[K,
[29.234s]                  from [01m[K/opt/ros/iron/include/rclcpp/rclcpp/rclcpp.hpp:167[m[K,
[29.234s]                  from [01m[K/home/racecar/racecar_ws/src/ydlidar_ros2/src/ydlidar_node.cpp:23[m[K:
[29.235s] [01m[K/opt/ros/iron/include/rclcpp/rclcpp/node.hpp:424:3:[m[K [01;36m[Knote: [m[Kcandidate: â€˜[01m[Kconst rclcpp::ParameterValue& rclcpp::Node::declare_parameter(const string&, const rclcpp::ParameterValue&, const ParameterDescriptor&, bool)[m[Kâ€™
[29.236s]   424 |   [01;36m[Kdeclare_parameter[m[K(
[29.236s]       |   [01;36m[K^~~~~~~~~~~~~~~~~[m[K
[29.237s] [01m[K/opt/ros/iron/include/rclcpp/rclcpp/node.hpp:424:3:[m[K [01;36m[Knote: [m[K  candidate expects 4 arguments, 1 provided
[29.237s] [01m[K/opt/ros/iron/include/rclcpp/rclcpp/node.hpp:449:3:[m[K [01;36m[Knote: [m[Kcandidate: â€˜[01m[Kconst rclcpp::ParameterValue& rclcpp::Node::declare_parameter(const string&, rclcpp::ParameterType, const ParameterDescriptor&, bool)[m[Kâ€™
[29.238s]   449 |   [01;36m[Kdeclare_parameter[m[K(
[29.238s]       |   [01;36m[K^~~~~~~~~~~~~~~~~[m[K
[29.239s] [01m[K/opt/ros/iron/include/rclcpp/rclcpp/node.hpp:449:3:[m[K [01;36m[Knote: [m[K  candidate expects 4 arguments, 1 provided
[29.240s] [01m[K/home/racecar/racecar_ws/src/ydlidar_ros2/src/ydlidar_node.cpp:120:26:[m[K [01;31m[Kerror: [m[Kno matching function for call to â€˜[01m[Krclcpp::Node::declare_parameter(const char [10])[m[Kâ€™
[29.240s]   120 |   [01;31m[Knode->declare_parameter("frequency")[m[K;
[29.241s]       |   [01;31m[K~~~~~~~~~~~~~~~~~~~~~~~^~~~~~~~~~~~~[m[K
[29.241s] In file included from [01m[K/opt/ros/iron/include/rclcpp/rclcpp/executors/single_threaded_executor.hpp:28[m[K,
[29.242s]                  from [01m[K/opt/ros/iron/include/rclcpp/rclcpp/executors.hpp:22[m[K,
[29.243s]                  from [01m[K/opt/ros/iron/include/rclcpp/rclcpp/rclcpp.hpp:167[m[K,
[29.243s]                  from [01m[K/home/racecar/racecar_ws/src/ydlidar_ros2/src/ydlidar_node.cpp:23[m[K:
[29.244s] [01m[K/opt/ros/iron/include/rclcpp/rclcpp/node.hpp:479:3:[m[K [01;36m[Knote: [m[Kcandidate: â€˜[01m[Ktemplate<class ParameterT> auto rclcpp::Node::declare_parameter(const string&, const ParameterT&, const ParameterDescriptor&, bool)[m[Kâ€™
[29.244s]   479 |   [01;36m[Kdeclare_parameter[m[K(
[29.245s]       |   [01;36m[K^~~~~~~~~~~~~~~~~[m[K
[29.246s] [01m[K/opt/ros/iron/include/rclcpp/rclcpp/node.hpp:479:3:[m[K [01;36m[Knote: [m[K  template argument deduction/substitution failed:
[29.246s] [01m[K/home/racecar/racecar_ws/src/ydlidar_ros2/src/ydlidar_node.cpp:120:26:[m[K [01;36m[Knote: [m[K  candidate expects 4 arguments, 1 provided
[29.247s]   120 |   [01;36m[Knode->declare_parameter("frequency")[m[K;
[29.247s]       |   [01;36m[K~~~~~~~~~~~~~~~~~~~~~~~^~~~~~~~~~~~~[m[K
[29.248s] In file included from [01m[K/opt/ros/iron/include/rclcpp/rclcpp/executors/single_threaded_executor.hpp:28[m[K,
[29.248s]                  from [01m[K/opt/ros/iron/include/rclcpp/rclcpp/executors.hpp:22[m[K,
[29.249s]                  from [01m[K/opt/ros/iron/include/rclcpp/rclcpp/rclcpp.hpp:167[m[K,
[29.249s]                  from [01m[K/home/racecar/racecar_ws/src/ydlidar_ros2/src/ydlidar_node.cpp:23[m[K:
[29.250s] [01m[K/opt/ros/iron/include/rclcpp/rclcpp/node.hpp:492:3:[m[K [01;36m[Knote: [m[Kcandidate: â€˜[01m[Ktemplate<class ParameterT> auto rclcpp::Node::declare_parameter(const string&, const ParameterDescriptor&, bool)[m[Kâ€™
[29.250s]   492 |   [01;36m[Kdeclare_parameter[m[K(
[29.251s]       |   [01;36m[K^~~~~~~~~~~~~~~~~[m[K
[29.251s] [01m[K/opt/ros/iron/include/rclcpp/rclcpp/node.hpp:492:3:[m[K [01;36m[Knote: [m[K  template argument deduction/substitution failed:
[29.252s] [01m[K/home/racecar/racecar_ws/src/ydlidar_ros2/src/ydlidar_node.cpp:120:26:[m[K [01;36m[Knote: [m[K  couldnâ€™t deduce template parameter â€˜[01m[KParameterT[m[Kâ€™
[29.253s]   120 |   [01;36m[Knode->declare_parameter("frequency")[m[K;
[29.253s]       |   [01;36m[K~~~~~~~~~~~~~~~~~~~~~~~^~~~~~~~~~~~~[m[K
[29.254s] In file included from [01m[K/opt/ros/iron/include/rclcpp/rclcpp/executors/single_threaded_executor.hpp:28[m[K,
[29.254s]                  from [01m[K/opt/ros/iron/include/rclcpp/rclcpp/executors.hpp:22[m[K,
[29.255s]                  from [01m[K/opt/ros/iron/include/rclcpp/rclcpp/rclcpp.hpp:167[m[K,
[29.255s]                  from [01m[K/home/racecar/racecar_ws/src/ydlidar_ros2/src/ydlidar_node.cpp:23[m[K:
[29.256s] [01m[K/opt/ros/iron/include/rclcpp/rclcpp/node.hpp:424:3:[m[K [01;36m[Knote: [m[Kcandidate: â€˜[01m[Kconst rclcpp::ParameterValue& rclcpp::Node::declare_parameter(const string&, const rclcpp::ParameterValue&, const ParameterDescriptor&, bool)[m[Kâ€™
[29.257s]   424 |   [01;36m[Kdeclare_parameter[m[K(
[29.257s]       |   [01;36m[K^~~~~~~~~~~~~~~~~[m[K
[29.258s] [01m[K/opt/ros/iron/include/rclcpp/rclcpp/node.hpp:424:3:[m[K [01;36m[Knote: [m[K  candidate expects 4 arguments, 1 provided
[29.258s] [01m[K/opt/ros/iron/include/rclcpp/rclcpp/node.hpp:449:3:[m[K [01;36m[Knote: [m[Kcandidate: â€˜[01m[Kconst rclcpp::ParameterValue& rclcpp::Node::declare_parameter(const string&, rclcpp::ParameterType, const ParameterDescriptor&, bool)[m[Kâ€™
[29.259s]   449 |   [01;36m[Kdeclare_parameter[m[K(
[29.260s]       |   [01;36m[K^~~~~~~~~~~~~~~~~[m[K
[29.260s] [01m[K/opt/ros/iron/include/rclcpp/rclcpp/node.hpp:449:3:[m[K [01;36m[Knote: [m[K  candidate expects 4 arguments, 1 provided
[29.261s] [01m[K/home/racecar/racecar_ws/src/ydlidar_ros2/src/ydlidar_node.cpp:208:22:[m[K [01;35m[Kwarning: [m[Kcomparison of integer expressions of different signedness: â€˜[01m[Kint[m[Kâ€™ and â€˜[01m[Kstd::vector<LaserPoint>::size_type[m[Kâ€™ {aka â€˜[01m[Klong unsigned int[m[Kâ€™} [[01;35m[K]8;;https://gcc.gnu.org/onlinedocs/gcc/Warning-Options.html#index-Wsign-compare-Wsign-compare]8;;[m[K]
[29.261s]   208 |       for(int i=0; [01;35m[Ki < scan.points.size()[m[K; i++) {
[29.262s]       |                    [01;35m[K~~^~~~~~~~~~~~~~~~~~~~[m[K
[33.707s] gmake[2]: *** [CMakeFiles/ydlidar_node.dir/build.make:76: CMakeFiles/ydlidar_node.dir/src/ydlidar_node.cpp.o] Error 1
[33.708s] gmake[1]: *** [CMakeFiles/Makefile2:139: CMakeFiles/ydlidar_node.dir/all] Error 2
[33.709s] gmake[1]: *** Waiting for unfinished jobs....
[48.276s] [ 90%] [32m[1mLinking CXX executable ydlidar_client[0m
[50.282s] [ 90%] Built target ydlidar_client
[50.286s] gmake: *** [Makefile:146: all] Error 2
[50.294s] Invoked command in '/home/racecar/racecar_ws/build/ydlidar' returned '2': CMAKE_PREFIX_PATH=/opt/ros/iron /usr/bin/cmake --build /home/racecar/racecar_ws/build/ydlidar -- -j4 -l4
