[2.076s] Invoking command in '/home/racecar/racecar_ws/build/ydlidar_ros2_driver': CMAKE_PREFIX_PATH=/home/racecar/racecar_ws/install/racecar_neo:/opt/ros/iron /usr/bin/cmake /home/racecar/racecar_ws/src/ydlidar -DAMENT_CMAKE_SYMLINK_INSTALL=1 -DCMAKE_INSTALL_PREFIX=/home/racecar/racecar_ws/install/ydlidar_ros2_driver
[2.338s] -- The C compiler identification is GNU 11.4.0
[2.603s] -- The CXX compiler identification is GNU 11.4.0
[2.632s] -- Detecting C compiler ABI info
[2.948s] -- Detecting C compiler ABI info - done
[2.974s] -- Check for working C compiler: /usr/bin/cc - skipped
[2.975s] -- Detecting C compile features
[2.976s] -- Detecting C compile features - done
[2.988s] -- Detecting CXX compiler ABI info
[3.332s] -- Detecting CXX compiler ABI info - done
[3.358s] -- Check for working CXX compiler: /usr/bin/c++ - skipped
[3.360s] -- Detecting CXX compile features
[3.361s] -- Detecting CXX compile features - done
[3.389s] -- Found ament_cmake: 2.0.3 (/opt/ros/iron/share/ament_cmake/cmake)
[4.435s] -- Found Python3: /usr/bin/python3.10 (found version "3.10.12") found components: Interpreter 
[4.765s] -- Override CMake install command with custom implementation using symlinks instead of copying resources
[5.051s] -- Found rclcpp: 21.0.4 (/opt/ros/iron/share/rclcpp/cmake)
[5.418s] -- Found rosidl_generator_c: 4.0.1 (/opt/ros/iron/share/rosidl_generator_c/cmake)
[5.511s] -- Found rosidl_generator_cpp: 4.0.1 (/opt/ros/iron/share/rosidl_generator_cpp/cmake)
[5.624s] -- Using all available rosidl_typesupport_c: rosidl_typesupport_fastrtps_c;rosidl_typesupport_introspection_c
[5.752s] -- Using all available rosidl_typesupport_cpp: rosidl_typesupport_fastrtps_cpp;rosidl_typesupport_introspection_cpp
[6.546s] -- Found rmw_implementation_cmake: 7.1.0 (/opt/ros/iron/share/rmw_implementation_cmake/cmake)
[6.571s] -- Found rmw_fastrtps_cpp: 7.1.2 (/opt/ros/iron/share/rmw_fastrtps_cpp/cmake)
[7.242s] -- Found OpenSSL: /usr/lib/aarch64-linux-gnu/libcrypto.so (found version "3.0.2")  
[7.520s] -- Found FastRTPS: /opt/ros/iron/include  
[7.958s] -- Using RMW implementation 'rmw_fastrtps_cpp' as default
[8.675s] -- Found sensor_msgs: 5.0.0 (/opt/ros/iron/share/sensor_msgs/cmake)
[9.502s] -- Found visualization_msgs: 5.0.0 (/opt/ros/iron/share/visualization_msgs/cmake)
[10.083s] -- Found std_srvs: 5.0.0 (/opt/ros/iron/share/std_srvs/cmake)
[10.313s] -- Found ament_lint_auto: 0.14.2 (/opt/ros/iron/share/ament_lint_auto/cmake)
[10.808s] -- Added test 'copyright' to check source files copyright and LICENSE
[10.848s] -- Added test 'cppcheck' to perform static code analysis on C / C++ code
[10.849s] -- Configured cppcheck include dirs: /home/racecar/racecar_ws/src/ydlidar/src
[10.850s] -- Configured cppcheck exclude dirs and/or files: 
[10.889s] -- Added test 'cpplint' to check C / C++ code against the Google style
[10.889s] -- Configured cpplint exclude dirs and/or files: 
[10.896s] -- Added test 'flake8' to check Python code syntax and style conventions
[10.896s] -- Configured 'flake8' exclude dirs and/or files: 
[10.907s] -- Added test 'lint_cmake' to check CMake code style
[10.914s] -- Added test 'pep257' to check Python code against some of the docstring style conventions in PEP 257
[10.954s] -- Added test 'uncrustify' to check C / C++ code style
[10.954s] -- Configured uncrustify additional arguments: 
[10.961s] -- Added test 'xmllint' to check XML markup files
[10.968s] -- Configuring done
[11.054s] -- Generating done
[11.061s] -- Build files have been written to: /home/racecar/racecar_ws/build/ydlidar_ros2_driver
[11.106s] Invoked command in '/home/racecar/racecar_ws/build/ydlidar_ros2_driver' returned '0': CMAKE_PREFIX_PATH=/home/racecar/racecar_ws/install/racecar_neo:/opt/ros/iron /usr/bin/cmake /home/racecar/racecar_ws/src/ydlidar -DAMENT_CMAKE_SYMLINK_INSTALL=1 -DCMAKE_INSTALL_PREFIX=/home/racecar/racecar_ws/install/ydlidar_ros2_driver
[11.115s] Invoking command in '/home/racecar/racecar_ws/build/ydlidar_ros2_driver': CMAKE_PREFIX_PATH=/home/racecar/racecar_ws/install/racecar_neo:/opt/ros/iron /usr/bin/cmake --build /home/racecar/racecar_ws/build/ydlidar_ros2_driver -- -j4 -l4
[11.327s] [ 50%] [32mBuilding CXX object CMakeFiles/ydlidar_ros2_driver_client.dir/src/ydlidar_ros2_driver_client.cpp.o[0m
[11.328s] [ 50%] [32mBuilding CXX object CMakeFiles/ydlidar_ros2_driver_node.dir/src/ydlidar_ros2_driver_node.cpp.o[0m
[24.421s] [01m[K/home/racecar/racecar_ws/src/ydlidar/src/ydlidar_ros2_driver_node.cpp:[m[K In function â€˜[01m[Kint main(int, char**)[m[Kâ€™:
[24.422s] [01m[K/home/racecar/racecar_ws/src/ydlidar/src/ydlidar_ros2_driver_node.cpp:44:26:[m[K [01;31m[Kerror: [m[Kno matching function for call to â€˜[01m[Krclcpp::Node::declare_parameter(const char [5])[m[Kâ€™
[24.424s]    44 |   [01;31m[Knode->declare_parameter("port")[m[K;
[24.426s]       |   [01;31m[K~~~~~~~~~~~~~~~~~~~~~~~^~~~~~~~[m[K
[24.427s] In file included from [01m[K/opt/ros/iron/include/rclcpp/rclcpp/executors/single_threaded_executor.hpp:28[m[K,
[24.429s]                  from [01m[K/opt/ros/iron/include/rclcpp/rclcpp/executors.hpp:22[m[K,
[24.431s]                  from [01m[K/opt/ros/iron/include/rclcpp/rclcpp/rclcpp.hpp:167[m[K,
[24.436s]                  from [01m[K/home/racecar/racecar_ws/src/ydlidar/src/ydlidar_ros2_driver_node.cpp:23[m[K:
[24.437s] [01m[K/opt/ros/iron/include/rclcpp/rclcpp/node.hpp:479:3:[m[K [01;36m[Knote: [m[Kcandidate: â€˜[01m[Ktemplate<class ParameterT> auto rclcpp::Node::declare_parameter(const string&, const ParameterT&, const ParameterDescriptor&, bool)[m[Kâ€™
[24.438s]   479 |   [01;36m[Kdeclare_parameter[m[K(
[24.439s]       |   [01;36m[K^~~~~~~~~~~~~~~~~[m[K
[24.439s] [01m[K/opt/ros/iron/include/rclcpp/rclcpp/node.hpp:479:3:[m[K [01;36m[Knote: [m[K  template argument deduction/substitution failed:
[24.440s] [01m[K/home/racecar/racecar_ws/src/ydlidar/src/ydlidar_ros2_driver_node.cpp:44:26:[m[K [01;36m[Knote: [m[K  candidate expects 4 arguments, 1 provided
[24.441s]    44 |   [01;36m[Knode->declare_parameter("port")[m[K;
[24.441s]       |   [01;36m[K~~~~~~~~~~~~~~~~~~~~~~~^~~~~~~~[m[K
[24.442s] In file included from [01m[K/opt/ros/iron/include/rclcpp/rclcpp/executors/single_threaded_executor.hpp:28[m[K,
[24.442s]                  from [01m[K/opt/ros/iron/include/rclcpp/rclcpp/executors.hpp:22[m[K,
[24.443s]                  from [01m[K/opt/ros/iron/include/rclcpp/rclcpp/rclcpp.hpp:167[m[K,
[24.443s]                  from [01m[K/home/racecar/racecar_ws/src/ydlidar/src/ydlidar_ros2_driver_node.cpp:23[m[K:
[24.444s] [01m[K/opt/ros/iron/include/rclcpp/rclcpp/node.hpp:492:3:[m[K [01;36m[Knote: [m[Kcandidate: â€˜[01m[Ktemplate<class ParameterT> auto rclcpp::Node::declare_parameter(const string&, const ParameterDescriptor&, bool)[m[Kâ€™
[24.445s]   492 |   [01;36m[Kdeclare_parameter[m[K(
[24.445s]       |   [01;36m[K^~~~~~~~~~~~~~~~~[m[K
[24.446s] [01m[K/opt/ros/iron/include/rclcpp/rclcpp/node.hpp:492:3:[m[K [01;36m[Knote: [m[K  template argument deduction/substitution failed:
[24.446s] [01m[K/home/racecar/racecar_ws/src/ydlidar/src/ydlidar_ros2_driver_node.cpp:44:26:[m[K [01;36m[Knote: [m[K  couldnâ€™t deduce template parameter â€˜[01m[KParameterT[m[Kâ€™
[24.447s]    44 |   [01;36m[Knode->declare_parameter("port")[m[K;
[24.447s]       |   [01;36m[K~~~~~~~~~~~~~~~~~~~~~~~^~~~~~~~[m[K
[24.456s] In file included from [01m[K/opt/ros/iron/include/rclcpp/rclcpp/executors/single_threaded_executor.hpp:28[m[K,
[24.461s]                  from [01m[K/opt/ros/iron/include/rclcpp/rclcpp/executors.hpp:22[m[K,
[24.461s]                  from [01m[K/opt/ros/iron/include/rclcpp/rclcpp/rclcpp.hpp:167[m[K,
[24.462s]                  from [01m[K/home/racecar/racecar_ws/src/ydlidar/src/ydlidar_ros2_driver_node.cpp:23[m[K:
[24.462s] [01m[K/opt/ros/iron/include/rclcpp/rclcpp/node.hpp:424:3:[m[K [01;36m[Knote: [m[Kcandidate: â€˜[01m[Kconst rclcpp::ParameterValue& rclcpp::Node::declare_parameter(const string&, const rclcpp::ParameterValue&, const ParameterDescriptor&, bool)[m[Kâ€™
[24.463s]   424 |   [01;36m[Kdeclare_parameter[m[K(
[24.464s]       |   [01;36m[K^~~~~~~~~~~~~~~~~[m[K
[24.464s] [01m[K/opt/ros/iron/include/rclcpp/rclcpp/node.hpp:424:3:[m[K [01;36m[Knote: [m[K  candidate expects 4 arguments, 1 provided
[24.465s] [01m[K/opt/ros/iron/include/rclcpp/rclcpp/node.hpp:449:3:[m[K [01;36m[Knote: [m[Kcandidate: â€˜[01m[Kconst rclcpp::ParameterValue& rclcpp::Node::declare_parameter(const string&, rclcpp::ParameterType, const ParameterDescriptor&, bool)[m[Kâ€™
[24.466s]   449 |   [01;36m[Kdeclare_parameter[m[K(
[24.466s]       |   [01;36m[K^~~~~~~~~~~~~~~~~[m[K
[24.467s] [01m[K/opt/ros/iron/include/rclcpp/rclcpp/node.hpp:449:3:[m[K [01;36m[Knote: [m[K  candidate expects 4 arguments, 1 provided
[24.467s] [01m[K/home/racecar/racecar_ws/src/ydlidar/src/ydlidar_ros2_driver_node.cpp:51:26:[m[K [01;31m[Kerror: [m[Kno matching function for call to â€˜[01m[Krclcpp::Node::declare_parameter(const char [13])[m[Kâ€™
[24.468s]    51 |   [01;31m[Knode->declare_parameter("ignore_array")[m[K;
[24.469s]       |   [01;31m[K~~~~~~~~~~~~~~~~~~~~~~~^~~~~~~~~~~~~~~~[m[K
[24.469s] In file included from [01m[K/opt/ros/iron/include/rclcpp/rclcpp/executors/single_threaded_executor.hpp:28[m[K,
[24.470s]                  from [01m[K/opt/ros/iron/include/rclcpp/rclcpp/executors.hpp:22[m[K,
[24.470s]                  from [01m[K/opt/ros/iron/include/rclcpp/rclcpp/rclcpp.hpp:167[m[K,
[24.471s]                  from [01m[K/home/racecar/racecar_ws/src/ydlidar/src/ydlidar_ros2_driver_node.cpp:23[m[K:
[24.471s] [01m[K/opt/ros/iron/include/rclcpp/rclcpp/node.hpp:479:3:[m[K [01;36m[Knote: [m[Kcandidate: â€˜[01m[Ktemplate<class ParameterT> auto rclcpp::Node::declare_parameter(const string&, const ParameterT&, const ParameterDescriptor&, bool)[m[Kâ€™
[24.472s]   479 |   [01;36m[Kdeclare_parameter[m[K(
[24.473s]       |   [01;36m[K^~~~~~~~~~~~~~~~~[m[K
[24.474s] [01m[K/opt/ros/iron/include/rclcpp/rclcpp/node.hpp:479:3:[m[K [01;36m[Knote: [m[K  template argument deduction/substitution failed:
[24.474s] [01m[K/home/racecar/racecar_ws/src/ydlidar/src/ydlidar_ros2_driver_node.cpp:51:26:[m[K [01;36m[Knote: [m[K  candidate expects 4 arguments, 1 provided
[24.475s]    51 |   [01;36m[Knode->declare_parameter("ignore_array")[m[K;
[24.475s]       |   [01;36m[K~~~~~~~~~~~~~~~~~~~~~~~^~~~~~~~~~~~~~~~[m[K
[24.476s] In file included from [01m[K/opt/ros/iron/include/rclcpp/rclcpp/executors/single_threaded_executor.hpp:28[m[K,
[24.476s]                  from [01m[K/opt/ros/iron/include/rclcpp/rclcpp/executors.hpp:22[m[K,
[24.477s]                  from [01m[K/opt/ros/iron/include/rclcpp/rclcpp/rclcpp.hpp:167[m[K,
[24.477s]                  from [01m[K/home/racecar/racecar_ws/src/ydlidar/src/ydlidar_ros2_driver_node.cpp:23[m[K:
[24.478s] [01m[K/opt/ros/iron/include/rclcpp/rclcpp/node.hpp:492:3:[m[K [01;36m[Knote: [m[Kcandidate: â€˜[01m[Ktemplate<class ParameterT> auto rclcpp::Node::declare_parameter(const string&, const ParameterDescriptor&, bool)[m[Kâ€™
[24.479s]   492 |   [01;36m[Kdeclare_parameter[m[K(
[24.479s]       |   [01;36m[K^~~~~~~~~~~~~~~~~[m[K
[24.480s] [01m[K/opt/ros/iron/include/rclcpp/rclcpp/node.hpp:492:3:[m[K [01;36m[Knote: [m[K  template argument deduction/substitution failed:
[24.480s] [01m[K/home/racecar/racecar_ws/src/ydlidar/src/ydlidar_ros2_driver_node.cpp:51:26:[m[K [01;36m[Knote: [m[K  couldnâ€™t deduce template parameter â€˜[01m[KParameterT[m[Kâ€™
[24.481s]    51 |   [01;36m[Knode->declare_parameter("ignore_array")[m[K;
[24.482s]       |   [01;36m[K~~~~~~~~~~~~~~~~~~~~~~~^~~~~~~~~~~~~~~~[m[K
[24.482s] In file included from [01m[K/opt/ros/iron/include/rclcpp/rclcpp/executors/single_threaded_executor.hpp:28[m[K,
[24.483s]                  from [01m[K/opt/ros/iron/include/rclcpp/rclcpp/executors.hpp:22[m[K,
[24.483s]                  from [01m[K/opt/ros/iron/include/rclcpp/rclcpp/rclcpp.hpp:167[m[K,
[24.484s]                  from [01m[K/home/racecar/racecar_ws/src/ydlidar/src/ydlidar_ros2_driver_node.cpp:23[m[K:
[24.485s] [01m[K/opt/ros/iron/include/rclcpp/rclcpp/node.hpp:424:3:[m[K [01;36m[Knote: [m[Kcandidate: â€˜[01m[Kconst rclcpp::ParameterValue& rclcpp::Node::declare_parameter(const string&, const rclcpp::ParameterValue&, const ParameterDescriptor&, bool)[m[Kâ€™
[24.485s]   424 |   [01;36m[Kdeclare_parameter[m[K(
[24.486s]       |   [01;36m[K^~~~~~~~~~~~~~~~~[m[K
[24.486s] [01m[K/opt/ros/iron/include/rclcpp/rclcpp/node.hpp:424:3:[m[K [01;36m[Knote: [m[K  candidate expects 4 arguments, 1 provided
[24.487s] [01m[K/opt/ros/iron/include/rclcpp/rclcpp/node.hpp:449:3:[m[K [01;36m[Knote: [m[Kcandidate: â€˜[01m[Kconst rclcpp::ParameterValue& rclcpp::Node::declare_parameter(const string&, rclcpp::ParameterType, const ParameterDescriptor&, bool)[m[Kâ€™
[24.487s]   449 |   [01;36m[Kdeclare_parameter[m[K(
[24.488s]       |   [01;36m[K^~~~~~~~~~~~~~~~~[m[K
[24.489s] [01m[K/opt/ros/iron/include/rclcpp/rclcpp/node.hpp:449:3:[m[K [01;36m[Knote: [m[K  candidate expects 4 arguments, 1 provided
[24.489s] [01m[K/home/racecar/racecar_ws/src/ydlidar/src/ydlidar_ros2_driver_node.cpp:56:26:[m[K [01;31m[Kerror: [m[Kno matching function for call to â€˜[01m[Krclcpp::Node::declare_parameter(const char [9])[m[Kâ€™
[24.490s]    56 |   [01;31m[Knode->declare_parameter("frame_id")[m[K;
[24.490s]       |   [01;31m[K~~~~~~~~~~~~~~~~~~~~~~~^~~~~~~~~~~~[m[K
[24.491s] In file included from [01m[K/opt/ros/iron/include/rclcpp/rclcpp/executors/single_threaded_executor.hpp:28[m[K,
[24.491s]                  from [01m[K/opt/ros/iron/include/rclcpp/rclcpp/executors.hpp:22[m[K,
[24.492s]                  from [01m[K/opt/ros/iron/include/rclcpp/rclcpp/rclcpp.hpp:167[m[K,
[24.493s]                  from [01m[K/home/racecar/racecar_ws/src/ydlidar/src/ydlidar_ros2_driver_node.cpp:23[m[K:
[24.493s] [01m[K/opt/ros/iron/include/rclcpp/rclcpp/node.hpp:479:3:[m[K [01;36m[Knote: [m[Kcandidate: â€˜[01m[Ktemplate<class ParameterT> auto rclcpp::Node::declare_parameter(const string&, const ParameterT&, const ParameterDescriptor&, bool)[m[Kâ€™
[24.494s]   479 |   [01;36m[Kdeclare_parameter[m[K(
[24.494s]       |   [01;36m[K^~~~~~~~~~~~~~~~~[m[K
[24.495s] [01m[K/opt/ros/iron/include/rclcpp/rclcpp/node.hpp:479:3:[m[K [01;36m[Knote: [m[K  template argument deduction/substitution failed:
[24.495s] [01m[K/home/racecar/racecar_ws/src/ydlidar/src/ydlidar_ros2_driver_node.cpp:56:26:[m[K [01;36m[Knote: [m[K  candidate expects 4 arguments, 1 provided
[24.496s]    56 |   [01;36m[Knode->declare_parameter("frame_id")[m[K;
[24.496s]       |   [01;36m[K~~~~~~~~~~~~~~~~~~~~~~~^~~~~~~~~~~~[m[K
[24.497s] In file included from [01m[K/opt/ros/iron/include/rclcpp/rclcpp/executors/single_threaded_executor.hpp:28[m[K,
[24.498s]                  from [01m[K/opt/ros/iron/include/rclcpp/rclcpp/executors.hpp:22[m[K,
[24.498s]                  from [01m[K/opt/ros/iron/include/rclcpp/rclcpp/rclcpp.hpp:167[m[K,
[24.499s]                  from [01m[K/home/racecar/racecar_ws/src/ydlidar/src/ydlidar_ros2_driver_node.cpp:23[m[K:
[24.499s] [01m[K/opt/ros/iron/include/rclcpp/rclcpp/node.hpp:492:3:[m[K [01;36m[Knote: [m[Kcandidate: â€˜[01m[Ktemplate<class ParameterT> auto rclcpp::Node::declare_parameter(const string&, const ParameterDescriptor&, bool)[m[Kâ€™
[24.500s]   492 |   [01;36m[Kdeclare_parameter[m[K(
[24.501s]       |   [01;36m[K^~~~~~~~~~~~~~~~~[m[K
[24.501s] [01m[K/opt/ros/iron/include/rclcpp/rclcpp/node.hpp:492:3:[m[K [01;36m[Knote: [m[K  template argument deduction/substitution failed:
[24.502s] [01m[K/home/racecar/racecar_ws/src/ydlidar/src/ydlidar_ros2_driver_node.cpp:56:26:[m[K [01;36m[Knote: [m[K  couldnâ€™t deduce template parameter â€˜[01m[KParameterT[m[Kâ€™
[24.502s]    56 |   [01;36m[Knode->declare_parameter("frame_id")[m[K;
[24.503s]       |   [01;36m[K~~~~~~~~~~~~~~~~~~~~~~~^~~~~~~~~~~~[m[K
[24.503s] In file included from [01m[K/opt/ros/iron/include/rclcpp/rclcpp/executors/single_threaded_executor.hpp:28[m[K,
[24.504s]                  from [01m[K/opt/ros/iron/include/rclcpp/rclcpp/executors.hpp:22[m[K,
[24.505s]                  from [01m[K/opt/ros/iron/include/rclcpp/rclcpp/rclcpp.hpp:167[m[K,
[24.505s]                  from [01m[K/home/racecar/racecar_ws/src/ydlidar/src/ydlidar_ros2_driver_node.cpp:23[m[K:
[24.506s] [01m[K/opt/ros/iron/include/rclcpp/rclcpp/node.hpp:424:3:[m[K [01;36m[Knote: [m[Kcandidate: â€˜[01m[Kconst rclcpp::ParameterValue& rclcpp::Node::declare_parameter(const string&, const rclcpp::ParameterValue&, const ParameterDescriptor&, bool)[m[Kâ€™
[24.506s]   424 |   [01;36m[Kdeclare_parameter[m[K(
[24.507s]       |   [01;36m[K^~~~~~~~~~~~~~~~~[m[K
[24.508s] [01m[K/opt/ros/iron/include/rclcpp/rclcpp/node.hpp:424:3:[m[K [01;36m[Knote: [m[K  candidate expects 4 arguments, 1 provided
[24.508s] [01m[K/opt/ros/iron/include/rclcpp/rclcpp/node.hpp:449:3:[m[K [01;36m[Knote: [m[Kcandidate: â€˜[01m[Kconst rclcpp::ParameterValue& rclcpp::Node::declare_parameter(const string&, rclcpp::ParameterType, const ParameterDescriptor&, bool)[m[Kâ€™
[24.509s]   449 |   [01;36m[Kdeclare_parameter[m[K(
[24.510s]       |   [01;36m[K^~~~~~~~~~~~~~~~~[m[K
[24.510s] [01m[K/opt/ros/iron/include/rclcpp/rclcpp/node.hpp:449:3:[m[K [01;36m[Knote: [m[K  candidate expects 4 arguments, 1 provided
[24.511s] [01m[K/home/racecar/racecar_ws/src/ydlidar/src/ydlidar_ros2_driver_node.cpp:62:26:[m[K [01;31m[Kerror: [m[Kno matching function for call to â€˜[01m[Krclcpp::Node::declare_parameter(const char [9])[m[Kâ€™
[24.511s]    62 |   [01;31m[Knode->declare_parameter("baudrate")[m[K;
[24.512s]       |   [01;31m[K~~~~~~~~~~~~~~~~~~~~~~~^~~~~~~~~~~~[m[K
[24.514s] In file included from [01m[K/opt/ros/iron/include/rclcpp/rclcpp/executors/single_threaded_executor.hpp:28[m[K,
[24.514s]                  from [01m[K/opt/ros/iron/include/rclcpp/rclcpp/executors.hpp:22[m[K,
[24.515s]                  from [01m[K/opt/ros/iron/include/rclcpp/rclcpp/rclcpp.hpp:167[m[K,
[24.515s]                  from [01m[K/home/racecar/racecar_ws/src/ydlidar/src/ydlidar_ros2_driver_node.cpp:23[m[K:
[24.516s] [01m[K/opt/ros/iron/include/rclcpp/rclcpp/node.hpp:479:3:[m[K [01;36m[Knote: [m[Kcandidate: â€˜[01m[Ktemplate<class ParameterT> auto rclcpp::Node::declare_parameter(const string&, const ParameterT&, const ParameterDescriptor&, bool)[m[Kâ€™
[24.517s]   479 |   [01;36m[Kdeclare_parameter[m[K(
[24.517s]       |   [01;36m[K^~~~~~~~~~~~~~~~~[m[K
[24.518s] [01m[K/opt/ros/iron/include/rclcpp/rclcpp/node.hpp:479:3:[m[K [01;36m[Knote: [m[K  template argument deduction/substitution failed:
[24.518s] [01m[K/home/racecar/racecar_ws/src/ydlidar/src/ydlidar_ros2_driver_node.cpp:62:26:[m[K [01;36m[Knote: [m[K  candidate expects 4 arguments, 1 provided
[24.519s]    62 |   [01;36m[Knode->declare_parameter("baudrate")[m[K;
[24.520s]       |   [01;36m[K~~~~~~~~~~~~~~~~~~~~~~~^~~~~~~~~~~~[m[K
[24.520s] In file included from [01m[K/opt/ros/iron/include/rclcpp/rclcpp/executors/single_threaded_executor.hpp:28[m[K,
[24.521s]                  from [01m[K/opt/ros/iron/include/rclcpp/rclcpp/executors.hpp:22[m[K,
[24.521s]                  from [01m[K/opt/ros/iron/include/rclcpp/rclcpp/rclcpp.hpp:167[m[K,
[24.522s]                  from [01m[K/home/racecar/racecar_ws/src/ydlidar/src/ydlidar_ros2_driver_node.cpp:23[m[K:
[24.523s] [01m[K/opt/ros/iron/include/rclcpp/rclcpp/node.hpp:492:3:[m[K [01;36m[Knote: [m[Kcandidate: â€˜[01m[Ktemplate<class ParameterT> auto rclcpp::Node::declare_parameter(const string&, const ParameterDescriptor&, bool)[m[Kâ€™
[24.523s]   492 |   [01;36m[Kdeclare_parameter[m[K(
[24.524s]       |   [01;36m[K^~~~~~~~~~~~~~~~~[m[K
[24.524s] [01m[K/opt/ros/iron/include/rclcpp/rclcpp/node.hpp:492:3:[m[K [01;36m[Knote: [m[K  template argument deduction/substitution failed:
[24.525s] [01m[K/home/racecar/racecar_ws/src/ydlidar/src/ydlidar_ros2_driver_node.cpp:62:26:[m[K [01;36m[Knote: [m[K  couldnâ€™t deduce template parameter â€˜[01m[KParameterT[m[Kâ€™
[24.526s]    62 |   [01;36m[Knode->declare_parameter("baudrate")[m[K;
[24.526s]       |   [01;36m[K~~~~~~~~~~~~~~~~~~~~~~~^~~~~~~~~~~~[m[K
[24.527s] In file included from [01m[K/opt/ros/iron/include/rclcpp/rclcpp/executors/single_threaded_executor.hpp:28[m[K,
[24.528s]                  from [01m[K/opt/ros/iron/include/rclcpp/rclcpp/executors.hpp:22[m[K,
[24.528s]                  from [01m[K/opt/ros/iron/include/rclcpp/rclcpp/rclcpp.hpp:167[m[K,
[24.529s]                  from [01m[K/home/racecar/racecar_ws/src/ydlidar/src/ydlidar_ros2_driver_node.cpp:23[m[K:
[24.529s] [01m[K/opt/ros/iron/include/rclcpp/rclcpp/node.hpp:424:3:[m[K [01;36m[Knote: [m[Kcandidate: â€˜[01m[Kconst rclcpp::ParameterValue& rclcpp::Node::declare_parameter(const string&, const rclcpp::ParameterValue&, const ParameterDescriptor&, bool)[m[Kâ€™
[24.530s]   424 |   [01;36m[Kdeclare_parameter[m[K(
[24.531s]       |   [01;36m[K^~~~~~~~~~~~~~~~~[m[K
[24.531s] [01m[K/opt/ros/iron/include/rclcpp/rclcpp/node.hpp:424:3:[m[K [01;36m[Knote: [m[K  candidate expects 4 arguments, 1 provided
[24.534s] [01m[K/opt/ros/iron/include/rclcpp/rclcpp/node.hpp:449:3:[m[K [01;36m[Knote: [m[Kcandidate: â€˜[01m[Kconst rclcpp::ParameterValue& rclcpp::Node::declare_parameter(const string&, rclcpp::ParameterType, const ParameterDescriptor&, bool)[m[Kâ€™
[24.534s]   449 |   [01;36m[Kdeclare_parameter[m[K(
[24.535s]       |   [01;36m[K^~~~~~~~~~~~~~~~~[m[K
[24.535s] [01m[K/opt/ros/iron/include/rclcpp/rclcpp/node.hpp:449:3:[m[K [01;36m[Knote: [m[K  candidate expects 4 arguments, 1 provided
[24.536s] [01m[K/home/racecar/racecar_ws/src/ydlidar/src/ydlidar_ros2_driver_node.cpp:67:26:[m[K [01;31m[Kerror: [m[Kno matching function for call to â€˜[01m[Krclcpp::Node::declare_parameter(const char [11])[m[Kâ€™
[24.537s]    67 |   [01;31m[Knode->declare_parameter("lidar_type")[m[K;
[24.537s]       |   [01;31m[K~~~~~~~~~~~~~~~~~~~~~~~^~~~~~~~~~~~~~[m[K
[24.538s] In file included from [01m[K/opt/ros/iron/include/rclcpp/rclcpp/executors/single_threaded_executor.hpp:28[m[K,
[24.539s]                  from [01m[K/opt/ros/iron/include/rclcpp/rclcpp/executors.hpp:22[m[K,
[24.539s]                  from [01m[K/opt/ros/iron/include/rclcpp/rclcpp/rclcpp.hpp:167[m[K,
[24.540s]                  from [01m[K/home/racecar/racecar_ws/src/ydlidar/src/ydlidar_ros2_driver_node.cpp:23[m[K:
[24.541s] [01m[K/opt/ros/iron/include/rclcpp/rclcpp/node.hpp:479:3:[m[K [01;36m[Knote: [m[Kcandidate: â€˜[01m[Ktemplate<class ParameterT> auto rclcpp::Node::declare_parameter(const string&, const ParameterT&, const ParameterDescriptor&, bool)[m[Kâ€™
[24.541s]   479 |   [01;36m[Kdeclare_parameter[m[K(
[24.542s]       |   [01;36m[K^~~~~~~~~~~~~~~~~[m[K
[24.543s] [01m[K/opt/ros/iron/include/rclcpp/rclcpp/node.hpp:479:3:[m[K [01;36m[Knote: [m[K  template argument deduction/substitution failed:
[24.543s] [01m[K/home/racecar/racecar_ws/src/ydlidar/src/ydlidar_ros2_driver_node.cpp:67:26:[m[K [01;36m[Knote: [m[K  candidate expects 4 arguments, 1 provided
[24.544s]    67 |   [01;36m[Knode->declare_parameter("lidar_type")[m[K;
[24.544s]       |   [01;36m[K~~~~~~~~~~~~~~~~~~~~~~~^~~~~~~~~~~~~~[m[K
[24.545s] In file included from [01m[K/opt/ros/iron/include/rclcpp/rclcpp/executors/single_threaded_executor.hpp:28[m[K,
[24.546s]                  from [01m[K/opt/ros/iron/include/rclcpp/rclcpp/executors.hpp:22[m[K,
[24.546s]                  from [01m[K/opt/ros/iron/include/rclcpp/rclcpp/rclcpp.hpp:167[m[K,
[24.547s]                  from [01m[K/home/racecar/racecar_ws/src/ydlidar/src/ydlidar_ros2_driver_node.cpp:23[m[K:
[24.547s] [01m[K/opt/ros/iron/include/rclcpp/rclcpp/node.hpp:492:3:[m[K [01;36m[Knote: [m[Kcandidate: â€˜[01m[Ktemplate<class ParameterT> auto rclcpp::Node::declare_parameter(const string&, const ParameterDescriptor&, bool)[m[Kâ€™
[24.548s]   492 |   [01;36m[Kdeclare_parameter[m[K(
[24.549s]       |   [01;36m[K^~~~~~~~~~~~~~~~~[m[K
[24.549s] [01m[K/opt/ros/iron/include/rclcpp/rclcpp/node.hpp:492:3:[m[K [01;36m[Knote: [m[K  template argument deduction/substitution failed:
[24.550s] [01m[K/home/racecar/racecar_ws/src/ydlidar/src/ydlidar_ros2_driver_node.cpp:67:26:[m[K [01;36m[Knote: [m[K  couldnâ€™t deduce template parameter â€˜[01m[KParameterT[m[Kâ€™
[24.551s]    67 |   [01;36m[Knode->declare_parameter("lidar_type")[m[K;
[24.551s]       |   [01;36m[K~~~~~~~~~~~~~~~~~~~~~~~^~~~~~~~~~~~~~[m[K
[24.552s] In file included from [01m[K/opt/ros/iron/include/rclcpp/rclcpp/executors/single_threaded_executor.hpp:28[m[K,
[24.552s]                  from [01m[K/opt/ros/iron/include/rclcpp/rclcpp/executors.hpp:22[m[K,
[24.553s]                  from [01m[K/opt/ros/iron/include/rclcpp/rclcpp/rclcpp.hpp:167[m[K,
[24.554s]                  from [01m[K/home/racecar/racecar_ws/src/ydlidar/src/ydlidar_ros2_driver_node.cpp:23[m[K:
[24.554s] [01m[K/opt/ros/iron/include/rclcpp/rclcpp/node.hpp:424:3:[m[K [01;36m[Knote: [m[Kcandidate: â€˜[01m[Kconst rclcpp::ParameterValue& rclcpp::Node::declare_parameter(const string&, const rclcpp::ParameterValue&, const ParameterDescriptor&, bool)[m[Kâ€™
[24.555s]   424 |   [01;36m[Kdeclare_parameter[m[K(
[24.555s]       |   [01;36m[K^~~~~~~~~~~~~~~~~[m[K
[24.556s] [01m[K/opt/ros/iron/include/rclcpp/rclcpp/node.hpp:424:3:[m[K [01;36m[Knote: [m[K  candidate expects 4 arguments, 1 provided
[24.557s] [01m[K/opt/ros/iron/include/rclcpp/rclcpp/node.hpp:449:3:[m[K [01;36m[Knote: [m[Kcandidate: â€˜[01m[Kconst rclcpp::ParameterValue& rclcpp::Node::declare_parameter(const string&, rclcpp::ParameterType, const ParameterDescriptor&, bool)[m[Kâ€™
[24.557s]   449 |   [01;36m[Kdeclare_parameter[m[K(
[24.558s]       |   [01;36m[K^~~~~~~~~~~~~~~~~[m[K
[24.558s] [01m[K/opt/ros/iron/include/rclcpp/rclcpp/node.hpp:449:3:[m[K [01;36m[Knote: [m[K  candidate expects 4 arguments, 1 provided
[24.559s] [01m[K/home/racecar/racecar_ws/src/ydlidar/src/ydlidar_ros2_driver_node.cpp:72:26:[m[K [01;31m[Kerror: [m[Kno matching function for call to â€˜[01m[Krclcpp::Node::declare_parameter(const char [12])[m[Kâ€™
[24.560s]    72 |   [01;31m[Knode->declare_parameter("device_type")[m[K;
[24.560s]       |   [01;31m[K~~~~~~~~~~~~~~~~~~~~~~~^~~~~~~~~~~~~~~[m[K
[24.561s] In file included from [01m[K/opt/ros/iron/include/rclcpp/rclcpp/executors/single_threaded_executor.hpp:28[m[K,
[24.562s]                  from [01m[K/opt/ros/iron/include/rclcpp/rclcpp/executors.hpp:22[m[K,
[24.562s]                  from [01m[K/opt/ros/iron/include/rclcpp/rclcpp/rclcpp.hpp:167[m[K,
[24.563s]                  from [01m[K/home/racecar/racecar_ws/src/ydlidar/src/ydlidar_ros2_driver_node.cpp:23[m[K:
[24.563s] [01m[K/opt/ros/iron/include/rclcpp/rclcpp/node.hpp:479:3:[m[K [01;36m[Knote: [m[Kcandidate: â€˜[01m[Ktemplate<class ParameterT> auto rclcpp::Node::declare_parameter(const string&, const ParameterT&, const ParameterDescriptor&, bool)[m[Kâ€™
[24.564s]   479 |   [01;36m[Kdeclare_parameter[m[K(
[24.564s]       |   [01;36m[K^~~~~~~~~~~~~~~~~[m[K
[24.565s] [01m[K/opt/ros/iron/include/rclcpp/rclcpp/node.hpp:479:3:[m[K [01;36m[Knote: [m[K  template argument deduction/substitution failed:
[24.566s] [01m[K/home/racecar/racecar_ws/src/ydlidar/src/ydlidar_ros2_driver_node.cpp:72:26:[m[K [01;36m[Knote: [m[K  candidate expects 4 arguments, 1 provided
[24.566s]    72 |   [01;36m[Knode->declare_parameter("device_type")[m[K;
[24.567s]       |   [01;36m[K~~~~~~~~~~~~~~~~~~~~~~~^~~~~~~~~~~~~~~[m[K
[24.567s] In file included from [01m[K/opt/ros/iron/include/rclcpp/rclcpp/executors/single_threaded_executor.hpp:28[m[K,
[24.568s]                  from [01m[K/opt/ros/iron/include/rclcpp/rclcpp/executors.hpp:22[m[K,
[24.569s]                  from [01m[K/opt/ros/iron/include/rclcpp/rclcpp/rclcpp.hpp:167[m[K,
[24.569s]                  from [01m[K/home/racecar/racecar_ws/src/ydlidar/src/ydlidar_ros2_driver_node.cpp:23[m[K:
[24.570s] [01m[K/opt/ros/iron/include/rclcpp/rclcpp/node.hpp:492:3:[m[K [01;36m[Knote: [m[Kcandidate: â€˜[01m[Ktemplate<class ParameterT> auto rclcpp::Node::declare_parameter(const string&, const ParameterDescriptor&, bool)[m[Kâ€™
[24.571s]   492 |   [01;36m[Kdeclare_parameter[m[K(
[24.571s]       |   [01;36m[K^~~~~~~~~~~~~~~~~[m[K
[24.572s] [01m[K/opt/ros/iron/include/rclcpp/rclcpp/node.hpp:492:3:[m[K [01;36m[Knote: [m[K  template argument deduction/substitution failed:
[24.572s] [01m[K/home/racecar/racecar_ws/src/ydlidar/src/ydlidar_ros2_driver_node.cpp:72:26:[m[K [01;36m[Knote: [m[K  couldnâ€™t deduce template parameter â€˜[01m[KParameterT[m[Kâ€™
[24.573s]    72 |   [01;36m[Knode->declare_parameter("device_type")[m[K;
[24.573s]       |   [01;36m[K~~~~~~~~~~~~~~~~~~~~~~~^~~~~~~~~~~~~~~[m[K
[24.574s] In file included from [01m[K/opt/ros/iron/include/rclcpp/rclcpp/executors/single_threaded_executor.hpp:28[m[K,
[24.575s]                  from [01m[K/opt/ros/iron/include/rclcpp/rclcpp/executors.hpp:22[m[K,
[24.575s]                  from [01m[K/opt/ros/iron/include/rclcpp/rclcpp/rclcpp.hpp:167[m[K,
[24.576s]                  from [01m[K/home/racecar/racecar_ws/src/ydlidar/src/ydlidar_ros2_driver_node.cpp:23[m[K:
[24.577s] [01m[K/opt/ros/iron/include/rclcpp/rclcpp/node.hpp:424:3:[m[K [01;36m[Knote: [m[Kcandidate: â€˜[01m[Kconst rclcpp::ParameterValue& rclcpp::Node::declare_parameter(const string&, const rclcpp::ParameterValue&, const ParameterDescriptor&, bool)[m[Kâ€™
[24.577s]   424 |   [01;36m[Kdeclare_parameter[m[K(
[24.578s]       |   [01;36m[K^~~~~~~~~~~~~~~~~[m[K
[24.578s] [01m[K/opt/ros/iron/include/rclcpp/rclcpp/node.hpp:424:3:[m[K [01;36m[Knote: [m[K  candidate expects 4 arguments, 1 provided
[24.579s] [01m[K/opt/ros/iron/include/rclcpp/rclcpp/node.hpp:449:3:[m[K [01;36m[Knote: [m[Kcandidate: â€˜[01m[Kconst rclcpp::ParameterValue& rclcpp::Node::declare_parameter(const string&, rclcpp::ParameterType, const ParameterDescriptor&, bool)[m[Kâ€™
[24.579s]   449 |   [01;36m[Kdeclare_parameter[m[K(
[24.580s]       |   [01;36m[K^~~~~~~~~~~~~~~~~[m[K
[24.581s] [01m[K/opt/ros/iron/include/rclcpp/rclcpp/node.hpp:449:3:[m[K [01;36m[Knote: [m[K  candidate expects 4 arguments, 1 provided
[24.582s] [01m[K/home/racecar/racecar_ws/src/ydlidar/src/ydlidar_ros2_driver_node.cpp:77:26:[m[K [01;31m[Kerror: [m[Kno matching function for call to â€˜[01m[Krclcpp::Node::declare_parameter(const char [12])[m[Kâ€™
[24.583s]    77 |   [01;31m[Knode->declare_parameter("sample_rate")[m[K;
[24.583s]       |   [01;31m[K~~~~~~~~~~~~~~~~~~~~~~~^~~~~~~~~~~~~~~[m[K
[24.584s] In file included from [01m[K/opt/ros/iron/include/rclcpp/rclcpp/executors/single_threaded_executor.hpp:28[m[K,
[24.584s]                  from [01m[K/opt/ros/iron/include/rclcpp/rclcpp/executors.hpp:22[m[K,
[24.585s]                  from [01m[K/opt/ros/iron/include/rclcpp/rclcpp/rclcpp.hpp:167[m[K,
[24.586s]                  from [01m[K/home/racecar/racecar_ws/src/ydlidar/src/ydlidar_ros2_driver_node.cpp:23[m[K:
[24.586s] [01m[K/opt/ros/iron/include/rclcpp/rclcpp/node.hpp:479:3:[m[K [01;36m[Knote: [m[Kcandidate: â€˜[01m[Ktemplate<class ParameterT> auto rclcpp::Node::declare_parameter(const string&, const ParameterT&, const ParameterDescriptor&, bool)[m[Kâ€™
[24.587s]   479 |   [01;36m[Kdeclare_parameter[m[K(
[24.587s]       |   [01;36m[K^~~~~~~~~~~~~~~~~[m[K
[24.588s] [01m[K/opt/ros/iron/include/rclcpp/rclcpp/node.hpp:479:3:[m[K [01;36m[Knote: [m[K  template argument deduction/substitution failed:
[24.589s] [01m[K/home/racecar/racecar_ws/src/ydlidar/src/ydlidar_ros2_driver_node.cpp:77:26:[m[K [01;36m[Knote: [m[K  candidate expects 4 arguments, 1 provided
[24.589s]    77 |   [01;36m[Knode->declare_parameter("sample_rate")[m[K;
[24.590s]       |   [01;36m[K~~~~~~~~~~~~~~~~~~~~~~~^~~~~~~~~~~~~~~[m[K
[24.590s] In file included from [01m[K/opt/ros/iron/include/rclcpp/rclcpp/executors/single_threaded_executor.hpp:28[m[K,
[24.591s]                  from [01m[K/opt/ros/iron/include/rclcpp/rclcpp/executors.hpp:22[m[K,
[24.592s]                  from [01m[K/opt/ros/iron/include/rclcpp/rclcpp/rclcpp.hpp:167[m[K,
[24.592s]                  from [01m[K/home/racecar/racecar_ws/src/ydlidar/src/ydlidar_ros2_driver_node.cpp:23[m[K:
[24.593s] [01m[K/opt/ros/iron/include/rclcpp/rclcpp/node.hpp:492:3:[m[K [01;36m[Knote: [m[Kcandidate: â€˜[01m[Ktemplate<class ParameterT> auto rclcpp::Node::declare_parameter(const string&, const ParameterDescriptor&, bool)[m[Kâ€™
[24.594s]   492 |   [01;36m[Kdeclare_parameter[m[K(
[24.594s]       |   [01;36m[K^~~~~~~~~~~~~~~~~[m[K
[24.595s] [01m[K/opt/ros/iron/include/rclcpp/rclcpp/node.hpp:492:3:[m[K [01;36m[Knote: [m[K  template argument deduction/substitution failed:
[24.595s] [01m[K/home/racecar/racecar_ws/src/ydlidar/src/ydlidar_ros2_driver_node.cpp:77:26:[m[K [01;36m[Knote: [m[K  couldnâ€™t deduce template parameter â€˜[01m[KParameterT[m[Kâ€™
[24.596s]    77 |   [01;36m[Knode->declare_parameter("sample_rate")[m[K;
[24.597s]       |   [01;36m[K~~~~~~~~~~~~~~~~~~~~~~~^~~~~~~~~~~~~~~[m[K
[24.597s] In file included from [01m[K/opt/ros/iron/include/rclcpp/rclcpp/executors/single_threaded_executor.hpp:28[m[K,
[24.598s]                  from [01m[K/opt/ros/iron/include/rclcpp/rclcpp/executors.hpp:22[m[K,
[24.598s]                  from [01m[K/opt/ros/iron/include/rclcpp/rclcpp/rclcpp.hpp:167[m[K,
[24.599s]                  from [01m[K/home/racecar/racecar_ws/src/ydlidar/src/ydlidar_ros2_driver_node.cpp:23[m[K:
[24.600s] [01m[K/opt/ros/iron/include/rclcpp/rclcpp/node.hpp:424:3:[m[K [01;36m[Knote: [m[Kcandidate: â€˜[01m[Kconst rclcpp::ParameterValue& rclcpp::Node::declare_parameter(const string&, const rclcpp::ParameterValue&, const ParameterDescriptor&, bool)[m[Kâ€™
[24.600s]   424 |   [01;36m[Kdeclare_parameter[m[K(
[24.601s]       |   [01;36m[K^~~~~~~~~~~~~~~~~[m[K
[24.602s] [01m[K/opt/ros/iron/include/rclcpp/rclcpp/node.hpp:424:3:[m[K [01;36m[Knote: [m[K  candidate expects 4 arguments, 1 provided
[24.602s] [01m[K/opt/ros/iron/include/rclcpp/rclcpp/node.hpp:449:3:[m[K [01;36m[Knote: [m[Kcandidate: â€˜[01m[Kconst rclcpp::ParameterValue& rclcpp::Node::declare_parameter(const string&, rclcpp::ParameterType, const ParameterDescriptor&, bool)[m[Kâ€™
[24.603s]   449 |   [01;36m[Kdeclare_parameter[m[K(
[24.603s]       |   [01;36m[K^~~~~~~~~~~~~~~~~[m[K
[24.604s] [01m[K/opt/ros/iron/include/rclcpp/rclcpp/node.hpp:449:3:[m[K [01;36m[Knote: [m[K  candidate expects 4 arguments, 1 provided
[24.605s] [01m[K/home/racecar/racecar_ws/src/ydlidar/src/ydlidar_ros2_driver_node.cpp:82:26:[m[K [01;31m[Kerror: [m[Kno matching function for call to â€˜[01m[Krclcpp::Node::declare_parameter(const char [21])[m[Kâ€™
[24.605s]    82 |   [01;31m[Knode->declare_parameter("abnormal_check_count")[m[K;
[24.606s]       |   [01;31m[K~~~~~~~~~~~~~~~~~~~~~~~^~~~~~~~~~~~~~~~~~~~~~~~[m[K
[24.607s] In file included from [01m[K/opt/ros/iron/include/rclcpp/rclcpp/executors/single_threaded_executor.hpp:28[m[K,
[24.607s]                  from [01m[K/opt/ros/iron/include/rclcpp/rclcpp/executors.hpp:22[m[K,
[24.608s]                  from [01m[K/opt/ros/iron/include/rclcpp/rclcpp/rclcpp.hpp:167[m[K,
[24.608s]                  from [01m[K/home/racecar/racecar_ws/src/ydlidar/src/ydlidar_ros2_driver_node.cpp:23[m[K:
[24.609s] [01m[K/opt/ros/iron/include/rclcpp/rclcpp/node.hpp:479:3:[m[K [01;36m[Knote: [m[Kcandidate: â€˜[01m[Ktemplate<class ParameterT> auto rclcpp::Node::declare_parameter(const string&, const ParameterT&, const ParameterDescriptor&, bool)[m[Kâ€™
[24.609s]   479 |   [01;36m[Kdeclare_parameter[m[K(
[24.610s]       |   [01;36m[K^~~~~~~~~~~~~~~~~[m[K
[24.611s] [01m[K/opt/ros/iron/include/rclcpp/rclcpp/node.hpp:479:3:[m[K [01;36m[Knote: [m[K  template argument deduction/substitution failed:
[24.611s] [01m[K/home/racecar/racecar_ws/src/ydlidar/src/ydlidar_ros2_driver_node.cpp:82:26:[m[K [01;36m[Knote: [m[K  candidate expects 4 arguments, 1 provided
[24.612s]    82 |   [01;36m[Knode->declare_parameter("abnormal_check_count")[m[K;
[24.613s]       |   [01;36m[K~~~~~~~~~~~~~~~~~~~~~~~^~~~~~~~~~~~~~~~~~~~~~~~[m[K
[24.613s] In file included from [01m[K/opt/ros/iron/include/rclcpp/rclcpp/executors/single_threaded_executor.hpp:28[m[K,
[24.614s]                  from [01m[K/opt/ros/iron/include/rclcpp/rclcpp/executors.hpp:22[m[K,
[24.614s]                  from [01m[K/opt/ros/iron/include/rclcpp/rclcpp/rclcpp.hpp:167[m[K,
[24.615s]                  from [01m[K/home/racecar/racecar_ws/src/ydlidar/src/ydlidar_ros2_driver_node.cpp:23[m[K:
[24.616s] [01m[K/opt/ros/iron/include/rclcpp/rclcpp/node.hpp:492:3:[m[K [01;36m[Knote: [m[Kcandidate: â€˜[01m[Ktemplate<class ParameterT> auto rclcpp::Node::declare_parameter(const string&, const ParameterDescriptor&, bool)[m[Kâ€™
[24.616s]   492 |   [01;36m[Kdeclare_parameter[m[K(
[24.617s]       |   [01;36m[K^~~~~~~~~~~~~~~~~[m[K
[24.618s] [01m[K/opt/ros/iron/include/rclcpp/rclcpp/node.hpp:492:3:[m[K [01;36m[Knote: [m[K  template argument deduction/substitution failed:
[24.619s] [01m[K/home/racecar/racecar_ws/src/ydlidar/src/ydlidar_ros2_driver_node.cpp:82:26:[m[K [01;36m[Knote: [m[K  couldnâ€™t deduce template parameter â€˜[01m[KParameterT[m[Kâ€™
[24.619s]    82 |   [01;36m[Knode->declare_parameter("abnormal_check_count")[m[K;
[24.620s]       |   [01;36m[K~~~~~~~~~~~~~~~~~~~~~~~^~~~~~~~~~~~~~~~~~~~~~~~[m[K
[24.621s] In file included from [01m[K/opt/ros/iron/include/rclcpp/rclcpp/executors/single_threaded_executor.hpp:28[m[K,
[24.621s]                  from [01m[K/opt/ros/iron/include/rclcpp/rclcpp/executors.hpp:22[m[K,
[24.622s]                  from [01m[K/opt/ros/iron/include/rclcpp/rclcpp/rclcpp.hpp:167[m[K,
[24.622s]                  from [01m[K/home/racecar/racecar_ws/src/ydlidar/src/ydlidar_ros2_driver_node.cpp:23[m[K:
[24.623s] [01m[K/opt/ros/iron/include/rclcpp/rclcpp/node.hpp:424:3:[m[K [01;36m[Knote: [m[Kcandidate: â€˜[01m[Kconst rclcpp::ParameterValue& rclcpp::Node::declare_parameter(const string&, const rclcpp::ParameterValue&, const ParameterDescriptor&, bool)[m[Kâ€™
[24.623s]   424 |   [01;36m[Kdeclare_parameter[m[K(
[24.624s]       |   [01;36m[K^~~~~~~~~~~~~~~~~[m[K
[24.625s] [01m[K/opt/ros/iron/include/rclcpp/rclcpp/node.hpp:424:3:[m[K [01;36m[Knote: [m[K  candidate expects 4 arguments, 1 provided
[24.625s] [01m[K/opt/ros/iron/include/rclcpp/rclcpp/node.hpp:449:3:[m[K [01;36m[Knote: [m[Kcandidate: â€˜[01m[Kconst rclcpp::ParameterValue& rclcpp::Node::declare_parameter(const string&, rclcpp::ParameterType, const ParameterDescriptor&, bool)[m[Kâ€™
[24.626s]   449 |   [01;36m[Kdeclare_parameter[m[K(
[24.626s]       |   [01;36m[K^~~~~~~~~~~~~~~~~[m[K
[24.627s] [01m[K/opt/ros/iron/include/rclcpp/rclcpp/node.hpp:449:3:[m[K [01;36m[Knote: [m[K  candidate expects 4 arguments, 1 provided
[24.628s] [01m[K/home/racecar/racecar_ws/src/ydlidar/src/ydlidar_ros2_driver_node.cpp:88:26:[m[K [01;31m[Kerror: [m[Kno matching function for call to â€˜[01m[Krclcpp::Node::declare_parameter(const char [14])[m[Kâ€™
[24.628s]    88 |   [01;31m[Knode->declare_parameter("intensity_bit")[m[K;
[24.629s]       |   [01;31m[K~~~~~~~~~~~~~~~~~~~~~~~^~~~~~~~~~~~~~~~~[m[K
[24.629s] In file included from [01m[K/opt/ros/iron/include/rclcpp/rclcpp/executors/single_threaded_executor.hpp:28[m[K,
[24.630s]                  from [01m[K/opt/ros/iron/include/rclcpp/rclcpp/executors.hpp:22[m[K,
[24.630s]                  from [01m[K/opt/ros/iron/include/rclcpp/rclcpp/rclcpp.hpp:167[m[K,
[24.631s]                  from [01m[K/home/racecar/racecar_ws/src/ydlidar/src/ydlidar_ros2_driver_node.cpp:23[m[K:
[24.632s] [01m[K/opt/ros/iron/include/rclcpp/rclcpp/node.hpp:479:3:[m[K [01;36m[Knote: [m[Kcandidate: â€˜[01m[Ktemplate<class ParameterT> auto rclcpp::Node::declare_parameter(const string&, const ParameterT&, const ParameterDescriptor&, bool)[m[Kâ€™
[24.633s]   479 |   [01;36m[Kdeclare_parameter[m[K(
[24.634s]       |   [01;36m[K^~~~~~~~~~~~~~~~~[m[K
[24.635s] [01m[K/opt/ros/iron/include/rclcpp/rclcpp/node.hpp:479:3:[m[K [01;36m[Knote: [m[K  template argument deduction/substitution failed:
[24.635s] [01m[K/home/racecar/racecar_ws/src/ydlidar/src/ydlidar_ros2_driver_node.cpp:88:26:[m[K [01;36m[Knote: [m[K  candidate expects 4 arguments, 1 provided
[24.636s]    88 |   [01;36m[Knode->declare_parameter("intensity_bit")[m[K;
[24.637s]       |   [01;36m[K~~~~~~~~~~~~~~~~~~~~~~~^~~~~~~~~~~~~~~~~[m[K
[24.637s] In file included from [01m[K/opt/ros/iron/include/rclcpp/rclcpp/executors/single_threaded_executor.hpp:28[m[K,
[24.638s]                  from [01m[K/opt/ros/iron/include/rclcpp/rclcpp/executors.hpp:22[m[K,
[24.638s]                  from [01m[K/opt/ros/iron/include/rclcpp/rclcpp/rclcpp.hpp:167[m[K,
[24.639s]                  from [01m[K/home/racecar/racecar_ws/src/ydlidar/src/ydlidar_ros2_driver_node.cpp:23[m[K:
[24.639s] [01m[K/opt/ros/iron/include/rclcpp/rclcpp/node.hpp:492:3:[m[K [01;36m[Knote: [m[Kcandidate: â€˜[01m[Ktemplate<class ParameterT> auto rclcpp::Node::declare_parameter(const string&, const ParameterDescriptor&, bool)[m[Kâ€™
[24.640s]   492 |   [01;36m[Kdeclare_parameter[m[K(
[24.641s]       |   [01;36m[K^~~~~~~~~~~~~~~~~[m[K
[24.641s] [01m[K/opt/ros/iron/include/rclcpp/rclcpp/node.hpp:492:3:[m[K [01;36m[Knote: [m[K  template argument deduction/substitution failed:
[24.642s] [01m[K/home/racecar/racecar_ws/src/ydlidar/src/ydlidar_ros2_driver_node.cpp:88:26:[m[K [01;36m[Knote: [m[K  couldnâ€™t deduce template parameter â€˜[01m[KParameterT[m[Kâ€™
[24.642s]    88 |   [01;36m[Knode->declare_parameter("intensity_bit")[m[K;
[24.643s]       |   [01;36m[K~~~~~~~~~~~~~~~~~~~~~~~^~~~~~~~~~~~~~~~~[m[K
[24.644s] In file included from [01m[K/opt/ros/iron/include/rclcpp/rclcpp/executors/single_threaded_executor.hpp:28[m[K,
[24.644s]                  from [01m[K/opt/ros/iron/include/rclcpp/rclcpp/executors.hpp:22[m[K,
[24.645s]                  from [01m[K/opt/ros/iron/include/rclcpp/rclcpp/rclcpp.hpp:167[m[K,
[24.645s]                  from [01m[K/home/racecar/racecar_ws/src/ydlidar/src/ydlidar_ros2_driver_node.cpp:23[m[K:
[24.646s] [01m[K/opt/ros/iron/include/rclcpp/rclcpp/node.hpp:424:3:[m[K [01;36m[Knote: [m[Kcandidate: â€˜[01m[Kconst rclcpp::ParameterValue& rclcpp::Node::declare_parameter(const string&, const rclcpp::ParameterValue&, const ParameterDescriptor&, bool)[m[Kâ€™
[24.647s]   424 |   [01;36m[Kdeclare_parameter[m[K(
[24.647s]       |   [01;36m[K^~~~~~~~~~~~~~~~~[m[K
[24.648s] [01m[K/opt/ros/iron/include/rclcpp/rclcpp/node.hpp:424:3:[m[K [01;36m[Knote: [m[K  candidate expects 4 arguments, 1 provided
[24.649s] [01m[K/opt/ros/iron/include/rclcpp/rclcpp/node.hpp:449:3:[m[K [01;36m[Knote: [m[Kcandidate: â€˜[01m[Kconst rclcpp::ParameterValue& rclcpp::Node::declare_parameter(const string&, rclcpp::ParameterType, const ParameterDescriptor&, bool)[m[Kâ€™
[24.649s]   449 |   [01;36m[Kdeclare_parameter[m[K(
[24.650s]       |   [01;36m[K^~~~~~~~~~~~~~~~~[m[K
[24.650s] [01m[K/opt/ros/iron/include/rclcpp/rclcpp/node.hpp:449:3:[m[K [01;36m[Knote: [m[K  candidate expects 4 arguments, 1 provided
[24.651s] [01m[K/home/racecar/racecar_ws/src/ydlidar/src/ydlidar_ros2_driver_node.cpp:95:26:[m[K [01;31m[Kerror: [m[Kno matching function for call to â€˜[01m[Krclcpp::Node::declare_parameter(const char [17])[m[Kâ€™
[24.652s]    95 |   [01;31m[Knode->declare_parameter("fixed_resolution")[m[K;
[24.652s]       |   [01;31m[K~~~~~~~~~~~~~~~~~~~~~~~^~~~~~~~~~~~~~~~~~~~[m[K
[24.653s] In file included from [01m[K/opt/ros/iron/include/rclcpp/rclcpp/executors/single_threaded_executor.hpp:28[m[K,
[24.654s]                  from [01m[K/opt/ros/iron/include/rclcpp/rclcpp/executors.hpp:22[m[K,
[24.654s]                  from [01m[K/opt/ros/iron/include/rclcpp/rclcpp/rclcpp.hpp:167[m[K,
[24.655s]                  from [01m[K/home/racecar/racecar_ws/src/ydlidar/src/ydlidar_ros2_driver_node.cpp:23[m[K:
[24.656s] [01m[K/opt/ros/iron/include/rclcpp/rclcpp/node.hpp:479:3:[m[K [01;36m[Knote: [m[Kcandidate: â€˜[01m[Ktemplate<class ParameterT> auto rclcpp::Node::declare_parameter(const string&, const ParameterT&, const ParameterDescriptor&, bool)[m[Kâ€™
[24.656s]   479 |   [01;36m[Kdeclare_parameter[m[K(
[24.657s]       |   [01;36m[K^~~~~~~~~~~~~~~~~[m[K
[24.658s] [01m[K/opt/ros/iron/include/rclcpp/rclcpp/node.hpp:479:3:[m[K [01;36m[Knote: [m[K  template argument deduction/substitution failed:
[24.658s] [01m[K/home/racecar/racecar_ws/src/ydlidar/src/ydlidar_ros2_driver_node.cpp:95:26:[m[K [01;36m[Knote: [m[K  candidate expects 4 arguments, 1 provided
[24.659s]    95 |   [01;36m[Knode->declare_parameter("fixed_resolution")[m[K;
[24.659s]       |   [01;36m[K~~~~~~~~~~~~~~~~~~~~~~~^~~~~~~~~~~~~~~~~~~~[m[K
[24.660s] In file included from [01m[K/opt/ros/iron/include/rclcpp/rclcpp/executors/single_threaded_executor.hpp:28[m[K,
[24.661s]                  from [01m[K/opt/ros/iron/include/rclcpp/rclcpp/executors.hpp:22[m[K,
[24.661s]                  from [01m[K/opt/ros/iron/include/rclcpp/rclcpp/rclcpp.hpp:167[m[K,
[24.662s]                  from [01m[K/home/racecar/racecar_ws/src/ydlidar/src/ydlidar_ros2_driver_node.cpp:23[m[K:
[24.663s] [01m[K/opt/ros/iron/include/rclcpp/rclcpp/node.hpp:492:3:[m[K [01;36m[Knote: [m[Kcandidate: â€˜[01m[Ktemplate<class ParameterT> auto rclcpp::Node::declare_parameter(const string&, const ParameterDescriptor&, bool)[m[Kâ€™
[24.664s]   492 |   [01;36m[Kdeclare_parameter[m[K(
[24.665s]       |   [01;36m[K^~~~~~~~~~~~~~~~~[m[K
[24.665s] [01m[K/opt/ros/iron/include/rclcpp/rclcpp/node.hpp:492:3:[m[K [01;36m[Knote: [m[K  template argument deduction/substitution failed:
[24.666s] [01m[K/home/racecar/racecar_ws/src/ydlidar/src/ydlidar_ros2_driver_node.cpp:95:26:[m[K [01;36m[Knote: [m[K  couldnâ€™t deduce template parameter â€˜[01m[KParameterT[m[Kâ€™
[24.666s]    95 |   [01;36m[Knode->declare_parameter("fixed_resolution")[m[K;
[24.667s]       |   [01;36m[K~~~~~~~~~~~~~~~~~~~~~~~^~~~~~~~~~~~~~~~~~~~[m[K
[24.667s] In file included from [01m[K/opt/ros/iron/include/rclcpp/rclcpp/executors/single_threaded_executor.hpp:28[m[K,
[24.668s]                  from [01m[K/opt/ros/iron/include/rclcpp/rclcpp/executors.hpp:22[m[K,
[24.669s]                  from [01m[K/opt/ros/iron/include/rclcpp/rclcpp/rclcpp.hpp:167[m[K,
[24.669s]                  from [01m[K/home/racecar/racecar_ws/src/ydlidar/src/ydlidar_ros2_driver_node.cpp:23[m[K:
[24.670s] [01m[K/opt/ros/iron/include/rclcpp/rclcpp/node.hpp:424:3:[m[K [01;36m[Knote: [m[Kcandidate: â€˜[01m[Kconst rclcpp::ParameterValue& rclcpp::Node::declare_parameter(const string&, const rclcpp::ParameterValue&, const ParameterDescriptor&, bool)[m[Kâ€™
[24.670s]   424 |   [01;36m[Kdeclare_parameter[m[K(
[24.671s]       |   [01;36m[K^~~~~~~~~~~~~~~~~[m[K
[24.671s] [01m[K/opt/ros/iron/include/rclcpp/rclcpp/node.hpp:424:3:[m[K [01;36m[Knote: [m[K  candidate expects 4 arguments, 1 provided
[24.672s] [01m[K/opt/ros/iron/include/rclcpp/rclcpp/node.hpp:449:3:[m[K [01;36m[Knote: [m[Kcandidate: â€˜[01m[Kconst rclcpp::ParameterValue& rclcpp::Node::declare_parameter(const string&, rclcpp::ParameterType, const ParameterDescriptor&, bool)[m[Kâ€™
[24.673s]   449 |   [01;36m[Kdeclare_parameter[m[K(
[24.673s]       |   [01;36m[K^~~~~~~~~~~~~~~~~[m[K
[24.674s] [01m[K/opt/ros/iron/include/rclcpp/rclcpp/node.hpp:449:3:[m[K [01;36m[Knote: [m[K  candidate expects 4 arguments, 1 provided
[24.675s] [01m[K/home/racecar/racecar_ws/src/ydlidar/src/ydlidar_ros2_driver_node.cpp:100:26:[m[K [01;31m[Kerror: [m[Kno matching function for call to â€˜[01m[Krclcpp::Node::declare_parameter(const char [10])[m[Kâ€™
[24.675s]   100 |   [01;31m[Knode->declare_parameter("reversion")[m[K;
[24.676s]       |   [01;31m[K~~~~~~~~~~~~~~~~~~~~~~~^~~~~~~~~~~~~[m[K
[24.677s] In file included from [01m[K/opt/ros/iron/include/rclcpp/rclcpp/executors/single_threaded_executor.hpp:28[m[K,
[24.677s]                  from [01m[K/opt/ros/iron/include/rclcpp/rclcpp/executors.hpp:22[m[K,
[24.678s]                  from [01m[K/opt/ros/iron/include/rclcpp/rclcpp/rclcpp.hpp:167[m[K,
[24.678s]                  from [01m[K/home/racecar/racecar_ws/src/ydlidar/src/ydlidar_ros2_driver_node.cpp:23[m[K:
[24.679s] [01m[K/opt/ros/iron/include/rclcpp/rclcpp/node.hpp:479:3:[m[K [01;36m[Knote: [m[Kcandidate: â€˜[01m[Ktemplate<class ParameterT> auto rclcpp::Node::declare_parameter(const string&, const ParameterT&, const ParameterDescriptor&, bool)[m[Kâ€™
[24.679s]   479 |   [01;36m[Kdeclare_parameter[m[K(
[24.680s]       |   [01;36m[K^~~~~~~~~~~~~~~~~[m[K
[24.681s] [01m[K/opt/ros/iron/include/rclcpp/rclcpp/node.hpp:479:3:[m[K [01;36m[Knote: [m[K  template argument deduction/substitution failed:
[24.681s] [01m[K/home/racecar/racecar_ws/src/ydlidar/src/ydlidar_ros2_driver_node.cpp:100:26:[m[K [01;36m[Knote: [m[K  candidate expects 4 arguments, 1 provided
[24.682s]   100 |   [01;36m[Knode->declare_parameter("reversion")[m[K;
[24.683s]       |   [01;36m[K~~~~~~~~~~~~~~~~~~~~~~~^~~~~~~~~~~~~[m[K
[24.683s] In file included from [01m[K/opt/ros/iron/include/rclcpp/rclcpp/executors/single_threaded_executor.hpp:28[m[K,
[24.684s]                  from [01m[K/opt/ros/iron/include/rclcpp/rclcpp/executors.hpp:22[m[K,
[24.685s]                  from [01m[K/opt/ros/iron/include/rclcpp/rclcpp/rclcpp.hpp:167[m[K,
[24.685s]                  from [01m[K/home/racecar/racecar_ws/src/ydlidar/src/ydlidar_ros2_driver_node.cpp:23[m[K:
[24.686s] [01m[K/opt/ros/iron/include/rclcpp/rclcpp/node.hpp:492:3:[m[K [01;36m[Knote: [m[Kcandidate: â€˜[01m[Ktemplate<class ParameterT> auto rclcpp::Node::declare_parameter(const string&, const ParameterDescriptor&, bool)[m[Kâ€™
[24.686s]   492 |   [01;36m[Kdeclare_parameter[m[K(
[24.687s]       |   [01;36m[K^~~~~~~~~~~~~~~~~[m[K
[24.687s] [01m[K/opt/ros/iron/include/rclcpp/rclcpp/node.hpp:492:3:[m[K [01;36m[Knote: [m[K  template argument deduction/substitution failed:
[24.688s] [01m[K/home/racecar/racecar_ws/src/ydlidar/src/ydlidar_ros2_driver_node.cpp:100:26:[m[K [01;36m[Knote: [m[K  couldnâ€™t deduce template parameter â€˜[01m[KParameterT[m[Kâ€™
[24.689s]   100 |   [01;36m[Knode->declare_parameter("reversion")[m[K;
[24.689s]       |   [01;36m[K~~~~~~~~~~~~~~~~~~~~~~~^~~~~~~~~~~~~[m[K
[24.690s] In file included from [01m[K/opt/ros/iron/include/rclcpp/rclcpp/executors/single_threaded_executor.hpp:28[m[K,
[24.691s]                  from [01m[K/opt/ros/iron/include/rclcpp/rclcpp/executors.hpp:22[m[K,
[24.691s]                  from [01m[K/opt/ros/iron/include/rclcpp/rclcpp/rclcpp.hpp:167[m[K,
[24.692s]                  from [01m[K/home/racecar/racecar_ws/src/ydlidar/src/ydlidar_ros2_driver_node.cpp:23[m[K:
[24.692s] [01m[K/opt/ros/iron/include/rclcpp/rclcpp/node.hpp:424:3:[m[K [01;36m[Knote: [m[Kcandidate: â€˜[01m[Kconst rclcpp::ParameterValue& rclcpp::Node::declare_parameter(const string&, const rclcpp::ParameterValue&, const ParameterDescriptor&, bool)[m[Kâ€™
[24.693s]   424 |   [01;36m[Kdeclare_parameter[m[K(
[24.694s]       |   [01;36m[K^~~~~~~~~~~~~~~~~[m[K
[24.694s] [01m[K/opt/ros/iron/include/rclcpp/rclcpp/node.hpp:424:3:[m[K [01;36m[Knote: [m[K  candidate expects 4 arguments, 1 provided
[24.695s] [01m[K/opt/ros/iron/include/rclcpp/rclcpp/node.hpp:449:3:[m[K [01;36m[Knote: [m[Kcandidate: â€˜[01m[Kconst rclcpp::ParameterValue& rclcpp::Node::declare_parameter(const string&, rclcpp::ParameterType, const ParameterDescriptor&, bool)[m[Kâ€™
[24.695s]   449 |   [01;36m[Kdeclare_parameter[m[K(
[24.696s]       |   [01;36m[K^~~~~~~~~~~~~~~~~[m[K
[24.697s] [01m[K/opt/ros/iron/include/rclcpp/rclcpp/node.hpp:449:3:[m[K [01;36m[Knote: [m[K  candidate expects 4 arguments, 1 provided
[24.697s] [01m[K/home/racecar/racecar_ws/src/ydlidar/src/ydlidar_ros2_driver_node.cpp:105:26:[m[K [01;31m[Kerror: [m[Kno matching function for call to â€˜[01m[Krclcpp::Node::declare_parameter(const char [9])[m[Kâ€™
[24.698s]   105 |   [01;31m[Knode->declare_parameter("inverted")[m[K;
[24.698s]       |   [01;31m[K~~~~~~~~~~~~~~~~~~~~~~~^~~~~~~~~~~~[m[K
[24.699s] In file included from [01m[K/opt/ros/iron/include/rclcpp/rclcpp/executors/single_threaded_executor.hpp:28[m[K,
[24.700s]                  from [01m[K/opt/ros/iron/include/rclcpp/rclcpp/executors.hpp:22[m[K,
[24.700s]                  from [01m[K/opt/ros/iron/include/rclcpp/rclcpp/rclcpp.hpp:167[m[K,
[24.701s]                  from [01m[K/home/racecar/racecar_ws/src/ydlidar/src/ydlidar_ros2_driver_node.cpp:23[m[K:
[24.701s] [01m[K/opt/ros/iron/include/rclcpp/rclcpp/node.hpp:479:3:[m[K [01;36m[Knote: [m[Kcandidate: â€˜[01m[Ktemplate<class ParameterT> auto rclcpp::Node::declare_parameter(const string&, const ParameterT&, const ParameterDescriptor&, bool)[m[Kâ€™
[24.702s]   479 |   [01;36m[Kdeclare_parameter[m[K(
[24.702s]       |   [01;36m[K^~~~~~~~~~~~~~~~~[m[K
[24.703s] [01m[K/opt/ros/iron/include/rclcpp/rclcpp/node.hpp:479:3:[m[K [01;36m[Knote: [m[K  template argument deduction/substitution failed:
[24.704s] [01m[K/home/racecar/racecar_ws/src/ydlidar/src/ydlidar_ros2_driver_node.cpp:105:26:[m[K [01;36m[Knote: [m[K  candidate expects 4 arguments, 1 provided
[24.704s]   105 |   [01;36m[Knode->declare_parameter("inverted")[m[K;
[24.705s]       |   [01;36m[K~~~~~~~~~~~~~~~~~~~~~~~^~~~~~~~~~~~[m[K
[24.705s] In file included from [01m[K/opt/ros/iron/include/rclcpp/rclcpp/executors/single_threaded_executor.hpp:28[m[K,
[24.706s]                  from [01m[K/opt/ros/iron/include/rclcpp/rclcpp/executors.hpp:22[m[K,
[24.707s]                  from [01m[K/opt/ros/iron/include/rclcpp/rclcpp/rclcpp.hpp:167[m[K,
[24.707s]                  from [01m[K/home/racecar/racecar_ws/src/ydlidar/src/ydlidar_ros2_driver_node.cpp:23[m[K:
[24.708s] [01m[K/opt/ros/iron/include/rclcpp/rclcpp/node.hpp:492:3:[m[K [01;36m[Knote: [m[Kcandidate: â€˜[01m[Ktemplate<class ParameterT> auto rclcpp::Node::declare_parameter(const string&, const ParameterDescriptor&, bool)[m[Kâ€™
[24.708s]   492 |   [01;36m[Kdeclare_parameter[m[K(
[24.709s]       |   [01;36m[K^~~~~~~~~~~~~~~~~[m[K
[24.710s] [01m[K/opt/ros/iron/include/rclcpp/rclcpp/node.hpp:492:3:[m[K [01;36m[Knote: [m[K  template argument deduction/substitution failed:
[24.710s] [01m[K/home/racecar/racecar_ws/src/ydlidar/src/ydlidar_ros2_driver_node.cpp:105:26:[m[K [01;36m[Knote: [m[K  couldnâ€™t deduce template parameter â€˜[01m[KParameterT[m[Kâ€™
[24.711s]   105 |   [01;36m[Knode->declare_parameter("inverted")[m[K;
[24.711s]       |   [01;36m[K~~~~~~~~~~~~~~~~~~~~~~~^~~~~~~~~~~~[m[K
[24.712s] In file included from [01m[K/opt/ros/iron/include/rclcpp/rclcpp/executors/single_threaded_executor.hpp:28[m[K,
[24.713s]                  from [01m[K/opt/ros/iron/include/rclcpp/rclcpp/executors.hpp:22[m[K,
[24.713s]                  from [01m[K/opt/ros/iron/include/rclcpp/rclcpp/rclcpp.hpp:167[m[K,
[24.714s]                  from [01m[K/home/racecar/racecar_ws/src/ydlidar/src/ydlidar_ros2_driver_node.cpp:23[m[K:
[24.714s] [01m[K/opt/ros/iron/include/rclcpp/rclcpp/node.hpp:424:3:[m[K [01;36m[Knote: [m[Kcandidate: â€˜[01m[Kconst rclcpp::ParameterValue& rclcpp::Node::declare_parameter(const string&, const rclcpp::ParameterValue&, const ParameterDescriptor&, bool)[m[Kâ€™
[24.715s]   424 |   [01;36m[Kdeclare_parameter[m[K(
[24.715s]       |   [01;36m[K^~~~~~~~~~~~~~~~~[m[K
[24.716s] [01m[K/opt/ros/iron/include/rclcpp/rclcpp/node.hpp:424:3:[m[K [01;36m[Knote: [m[K  candidate expects 4 arguments, 1 provided
[24.717s] [01m[K/opt/ros/iron/include/rclcpp/rclcpp/node.hpp:449:3:[m[K [01;36m[Knote: [m[Kcandidate: â€˜[01m[Kconst rclcpp::ParameterValue& rclcpp::Node::declare_parameter(const string&, rclcpp::ParameterType, const ParameterDescriptor&, bool)[m[Kâ€™
[24.717s]   449 |   [01;36m[Kdeclare_parameter[m[K(
[24.718s]       |   [01;36m[K^~~~~~~~~~~~~~~~~[m[K
[24.719s] [01m[K/opt/ros/iron/include/rclcpp/rclcpp/node.hpp:449:3:[m[K [01;36m[Knote: [m[K  candidate expects 4 arguments, 1 provided
[24.719s] [01m[K/home/racecar/racecar_ws/src/ydlidar/src/ydlidar_ros2_driver_node.cpp:109:26:[m[K [01;31m[Kerror: [m[Kno matching function for call to â€˜[01m[Krclcpp::Node::declare_parameter(const char [15])[m[Kâ€™
[24.720s]   109 |   [01;31m[Knode->declare_parameter("auto_reconnect")[m[K;
[24.720s]       |   [01;31m[K~~~~~~~~~~~~~~~~~~~~~~~^~~~~~~~~~~~~~~~~~[m[K
[24.721s] In file included from [01m[K/opt/ros/iron/include/rclcpp/rclcpp/executors/single_threaded_executor.hpp:28[m[K,
[24.722s]                  from [01m[K/opt/ros/iron/include/rclcpp/rclcpp/executors.hpp:22[m[K,
[24.722s]                  from [01m[K/opt/ros/iron/include/rclcpp/rclcpp/rclcpp.hpp:167[m[K,
[24.723s]                  from [01m[K/home/racecar/racecar_ws/src/ydlidar/src/ydlidar_ros2_driver_node.cpp:23[m[K:
[24.723s] [01m[K/opt/ros/iron/include/rclcpp/rclcpp/node.hpp:479:3:[m[K [01;36m[Knote: [m[Kcandidate: â€˜[01m[Ktemplate<class ParameterT> auto rclcpp::Node::declare_parameter(const string&, const ParameterT&, const ParameterDescriptor&, bool)[m[Kâ€™
[24.724s]   479 |   [01;36m[Kdeclare_parameter[m[K(
[24.725s]       |   [01;36m[K^~~~~~~~~~~~~~~~~[m[K
[24.725s] [01m[K/opt/ros/iron/include/rclcpp/rclcpp/node.hpp:479:3:[m[K [01;36m[Knote: [m[K  template argument deduction/substitution failed:
[24.726s] [01m[K/home/racecar/racecar_ws/src/ydlidar/src/ydlidar_ros2_driver_node.cpp:109:26:[m[K [01;36m[Knote: [m[K  candidate expects 4 arguments, 1 provided
[24.727s]   109 |   [01;36m[Knode->declare_parameter("auto_reconnect")[m[K;
[24.727s]       |   [01;36m[K~~~~~~~~~~~~~~~~~~~~~~~^~~~~~~~~~~~~~~~~~[m[K
[24.728s] In file included from [01m[K/opt/ros/iron/include/rclcpp/rclcpp/executors/single_threaded_executor.hpp:28[m[K,
[24.728s]                  from [01m[K/opt/ros/iron/include/rclcpp/rclcpp/executors.hpp:22[m[K,
[24.729s]                  from [01m[K/opt/ros/iron/include/rclcpp/rclcpp/rclcpp.hpp:167[m[K,
[24.730s]                  from [01m[K/home/racecar/racecar_ws/src/ydlidar/src/ydlidar_ros2_driver_node.cpp:23[m[K:
[24.730s] [01m[K/opt/ros/iron/include/rclcpp/rclcpp/node.hpp:492:3:[m[K [01;36m[Knote: [m[Kcandidate: â€˜[01m[Ktemplate<class ParameterT> auto rclcpp::Node::declare_parameter(const string&, const ParameterDescriptor&, bool)[m[Kâ€™
[24.731s]   492 |   [01;36m[Kdeclare_parameter[m[K(
[24.731s]       |   [01;36m[K^~~~~~~~~~~~~~~~~[m[K
[24.732s] [01m[K/opt/ros/iron/include/rclcpp/rclcpp/node.hpp:492:3:[m[K [01;36m[Knote: [m[K  template argument deduction/substitution failed:
[24.734s] [01m[K/home/racecar/racecar_ws/src/ydlidar/src/ydlidar_ros2_driver_node.cpp:109:26:[m[K [01;36m[Knote: [m[K  couldnâ€™t deduce template parameter â€˜[01m[KParameterT[m[Kâ€™
[24.734s]   109 |   [01;36m[Knode->declare_parameter("auto_reconnect")[m[K;
[24.735s]       |   [01;36m[K~~~~~~~~~~~~~~~~~~~~~~~^~~~~~~~~~~~~~~~~~[m[K
[24.736s] In file included from [01m[K/opt/ros/iron/include/rclcpp/rclcpp/executors/single_threaded_executor.hpp:28[m[K,
[24.736s]                  from [01m[K/opt/ros/iron/include/rclcpp/rclcpp/executors.hpp:22[m[K,
[24.737s]                  from [01m[K/opt/ros/iron/include/rclcpp/rclcpp/rclcpp.hpp:167[m[K,
[24.738s]                  from [01m[K/home/racecar/racecar_ws/src/ydlidar/src/ydlidar_ros2_driver_node.cpp:23[m[K:
[24.738s] [01m[K/opt/ros/iron/include/rclcpp/rclcpp/node.hpp:424:3:[m[K [01;36m[Knote: [m[Kcandidate: â€˜[01m[Kconst rclcpp::ParameterValue& rclcpp::Node::declare_parameter(const string&, const rclcpp::ParameterValue&, const ParameterDescriptor&, bool)[m[Kâ€™
[24.739s]   424 |   [01;36m[Kdeclare_parameter[m[K(
[24.739s]       |   [01;36m[K^~~~~~~~~~~~~~~~~[m[K
[24.740s] [01m[K/opt/ros/iron/include/rclcpp/rclcpp/node.hpp:424:3:[m[K [01;36m[Knote: [m[K  candidate expects 4 arguments, 1 provided
[24.741s] [01m[K/opt/ros/iron/include/rclcpp/rclcpp/node.hpp:449:3:[m[K [01;36m[Knote: [m[Kcandidate: â€˜[01m[Kconst rclcpp::ParameterValue& rclcpp::Node::declare_parameter(const string&, rclcpp::ParameterType, const ParameterDescriptor&, bool)[m[Kâ€™
[24.741s]   449 |   [01;36m[Kdeclare_parameter[m[K(
[24.742s]       |   [01;36m[K^~~~~~~~~~~~~~~~~[m[K
[24.742s] [01m[K/opt/ros/iron/include/rclcpp/rclcpp/node.hpp:449:3:[m[K [01;36m[Knote: [m[K  candidate expects 4 arguments, 1 provided
[24.743s] [01m[K/home/racecar/racecar_ws/src/ydlidar/src/ydlidar_ros2_driver_node.cpp:114:26:[m[K [01;31m[Kerror: [m[Kno matching function for call to â€˜[01m[Krclcpp::Node::declare_parameter(const char [16])[m[Kâ€™
[24.744s]   114 |   [01;31m[Knode->declare_parameter("isSingleChannel")[m[K;
[24.744s]       |   [01;31m[K~~~~~~~~~~~~~~~~~~~~~~~^~~~~~~~~~~~~~~~~~~[m[K
[24.745s] In file included from [01m[K/opt/ros/iron/include/rclcpp/rclcpp/executors/single_threaded_executor.hpp:28[m[K,
[24.745s]                  from [01m[K/opt/ros/iron/include/rclcpp/rclcpp/executors.hpp:22[m[K,
[24.746s]                  from [01m[K/opt/ros/iron/include/rclcpp/rclcpp/rclcpp.hpp:167[m[K,
[24.746s]                  from [01m[K/home/racecar/racecar_ws/src/ydlidar/src/ydlidar_ros2_driver_node.cpp:23[m[K:
[24.747s] [01m[K/opt/ros/iron/include/rclcpp/rclcpp/node.hpp:479:3:[m[K [01;36m[Knote: [m[Kcandidate: â€˜[01m[Ktemplate<class ParameterT> auto rclcpp::Node::declare_parameter(const string&, const ParameterT&, const ParameterDescriptor&, bool)[m[Kâ€™
[24.748s]   479 |   [01;36m[Kdeclare_parameter[m[K(
[24.748s]       |   [01;36m[K^~~~~~~~~~~~~~~~~[m[K
[24.749s] [01m[K/opt/ros/iron/include/rclcpp/rclcpp/node.hpp:479:3:[m[K [01;36m[Knote: [m[K  template argument deduction/substitution failed:
[24.749s] [01m[K/home/racecar/racecar_ws/src/ydlidar/src/ydlidar_ros2_driver_node.cpp:114:26:[m[K [01;36m[Knote: [m[K  candidate expects 4 arguments, 1 provided
[24.750s]   114 |   [01;36m[Knode->declare_parameter("isSingleChannel")[m[K;
[24.751s]       |   [01;36m[K~~~~~~~~~~~~~~~~~~~~~~~^~~~~~~~~~~~~~~~~~~[m[K
[24.751s] In file included from [01m[K/opt/ros/iron/include/rclcpp/rclcpp/executors/single_threaded_executor.hpp:28[m[K,
[24.752s]                  from [01m[K/opt/ros/iron/include/rclcpp/rclcpp/executors.hpp:22[m[K,
[24.753s]                  from [01m[K/opt/ros/iron/include/rclcpp/rclcpp/rclcpp.hpp:167[m[K,
[24.753s]                  from [01m[K/home/racecar/racecar_ws/src/ydlidar/src/ydlidar_ros2_driver_node.cpp:23[m[K:
[24.754s] [01m[K/opt/ros/iron/include/rclcpp/rclcpp/node.hpp:492:3:[m[K [01;36m[Knote: [m[Kcandidate: â€˜[01m[Ktemplate<class ParameterT> auto rclcpp::Node::declare_parameter(const string&, const ParameterDescriptor&, bool)[m[Kâ€™
[24.754s]   492 |   [01;36m[Kdeclare_parameter[m[K(
[24.755s]       |   [01;36m[K^~~~~~~~~~~~~~~~~[m[K
[24.755s] [01m[K/opt/ros/iron/include/rclcpp/rclcpp/node.hpp:492:3:[m[K [01;36m[Knote: [m[K  template argument deduction/substitution failed:
[24.756s] [01m[K/home/racecar/racecar_ws/src/ydlidar/src/ydlidar_ros2_driver_node.cpp:114:26:[m[K [01;36m[Knote: [m[K  couldnâ€™t deduce template parameter â€˜[01m[KParameterT[m[Kâ€™
[24.757s]   114 |   [01;36m[Knode->declare_parameter("isSingleChannel")[m[K;
[24.757s]       |   [01;36m[K~~~~~~~~~~~~~~~~~~~~~~~^~~~~~~~~~~~~~~~~~~[m[K
[24.758s] In file included from [01m[K/opt/ros/iron/include/rclcpp/rclcpp/executors/single_threaded_executor.hpp:28[m[K,
[24.758s]                  from [01m[K/opt/ros/iron/include/rclcpp/rclcpp/executors.hpp:22[m[K,
[24.759s]                  from [01m[K/opt/ros/iron/include/rclcpp/rclcpp/rclcpp.hpp:167[m[K,
[24.759s]                  from [01m[K/home/racecar/racecar_ws/src/ydlidar/src/ydlidar_ros2_driver_node.cpp:23[m[K:
[24.760s] [01m[K/opt/ros/iron/include/rclcpp/rclcpp/node.hpp:424:3:[m[K [01;36m[Knote: [m[Kcandidate: â€˜[01m[Kconst rclcpp::ParameterValue& rclcpp::Node::declare_parameter(const string&, const rclcpp::ParameterValue&, const ParameterDescriptor&, bool)[m[Kâ€™
[24.761s]   424 |   [01;36m[Kdeclare_parameter[m[K(
[24.761s]       |   [01;36m[K^~~~~~~~~~~~~~~~~[m[K
[24.762s] [01m[K/opt/ros/iron/include/rclcpp/rclcpp/node.hpp:424:3:[m[K [01;36m[Knote: [m[K  candidate expects 4 arguments, 1 provided
[24.762s] [01m[K/opt/ros/iron/include/rclcpp/rclcpp/node.hpp:449:3:[m[K [01;36m[Knote: [m[Kcandidate: â€˜[01m[Kconst rclcpp::ParameterValue& rclcpp::Node::declare_parameter(const string&, rclcpp::ParameterType, const ParameterDescriptor&, bool)[m[Kâ€™
[24.763s]   449 |   [01;36m[Kdeclare_parameter[m[K(
[24.763s]       |   [01;36m[K^~~~~~~~~~~~~~~~~[m[K
[24.764s] [01m[K/opt/ros/iron/include/rclcpp/rclcpp/node.hpp:449:3:[m[K [01;36m[Knote: [m[K  candidate expects 4 arguments, 1 provided
[24.765s] [01m[K/home/racecar/racecar_ws/src/ydlidar/src/ydlidar_ros2_driver_node.cpp:119:26:[m[K [01;31m[Kerror: [m[Kno matching function for call to â€˜[01m[Krclcpp::Node::declare_parameter(const char [10])[m[Kâ€™
[24.765s]   119 |   [01;31m[Knode->declare_parameter("intensity")[m[K;
[24.766s]       |   [01;31m[K~~~~~~~~~~~~~~~~~~~~~~~^~~~~~~~~~~~~[m[K
[24.767s] In file included from [01m[K/opt/ros/iron/include/rclcpp/rclcpp/executors/single_threaded_executor.hpp:28[m[K,
[24.767s]                  from [01m[K/opt/ros/iron/include/rclcpp/rclcpp/executors.hpp:22[m[K,
[24.768s]                  from [01m[K/opt/ros/iron/include/rclcpp/rclcpp/rclcpp.hpp:167[m[K,
[24.768s]                  from [01m[K/home/racecar/racecar_ws/src/ydlidar/src/ydlidar_ros2_driver_node.cpp:23[m[K:
[24.769s] [01m[K/opt/ros/iron/include/rclcpp/rclcpp/node.hpp:479:3:[m[K [01;36m[Knote: [m[Kcandidate: â€˜[01m[Ktemplate<class ParameterT> auto rclcpp::Node::declare_parameter(const string&, const ParameterT&, const ParameterDescriptor&, bool)[m[Kâ€™
[24.769s]   479 |   [01;36m[Kdeclare_parameter[m[K(
[24.770s]       |   [01;36m[K^~~~~~~~~~~~~~~~~[m[K
[24.771s] [01m[K/opt/ros/iron/include/rclcpp/rclcpp/node.hpp:479:3:[m[K [01;36m[Knote: [m[K  template argument deduction/substitution failed:
[24.771s] [01m[K/home/racecar/racecar_ws/src/ydlidar/src/ydlidar_ros2_driver_node.cpp:119:26:[m[K [01;36m[Knote: [m[K  candidate expects 4 arguments, 1 provided
[24.772s]   119 |   [01;36m[Knode->declare_parameter("intensity")[m[K;
[24.772s]       |   [01;36m[K~~~~~~~~~~~~~~~~~~~~~~~^~~~~~~~~~~~~[m[K
[24.773s] In file included from [01m[K/opt/ros/iron/include/rclcpp/rclcpp/executors/single_threaded_executor.hpp:28[m[K,
[24.773s]                  from [01m[K/opt/ros/iron/include/rclcpp/rclcpp/executors.hpp:22[m[K,
[24.774s]                  from [01m[K/opt/ros/iron/include/rclcpp/rclcpp/rclcpp.hpp:167[m[K,
[24.774s]                  from [01m[K/home/racecar/racecar_ws/src/ydlidar/src/ydlidar_ros2_driver_node.cpp:23[m[K:
[24.775s] [01m[K/opt/ros/iron/include/rclcpp/rclcpp/node.hpp:492:3:[m[K [01;36m[Knote: [m[Kcandidate: â€˜[01m[Ktemplate<class ParameterT> auto rclcpp::Node::declare_parameter(const string&, const ParameterDescriptor&, bool)[m[Kâ€™
[24.775s]   492 |   [01;36m[Kdeclare_parameter[m[K(
[24.776s]       |   [01;36m[K^~~~~~~~~~~~~~~~~[m[K
[24.777s] [01m[K/opt/ros/iron/include/rclcpp/rclcpp/node.hpp:492:3:[m[K [01;36m[Knote: [m[K  template argument deduction/substitution failed:
[24.777s] [01m[K/home/racecar/racecar_ws/src/ydlidar/src/ydlidar_ros2_driver_node.cpp:119:26:[m[K [01;36m[Knote: [m[K  couldnâ€™t deduce template parameter â€˜[01m[KParameterT[m[Kâ€™
[24.778s]   119 |   [01;36m[Knode->declare_parameter("intensity")[m[K;
[24.778s]       |   [01;36m[K~~~~~~~~~~~~~~~~~~~~~~~^~~~~~~~~~~~~[m[K
[24.779s] In file included from [01m[K/opt/ros/iron/include/rclcpp/rclcpp/executors/single_threaded_executor.hpp:28[m[K,
[24.779s]                  from [01m[K/opt/ros/iron/include/rclcpp/rclcpp/executors.hpp:22[m[K,
[24.780s]                  from [01m[K/opt/ros/iron/include/rclcpp/rclcpp/rclcpp.hpp:167[m[K,
[24.781s]                  from [01m[K/home/racecar/racecar_ws/src/ydlidar/src/ydlidar_ros2_driver_node.cpp:23[m[K:
[24.781s] [01m[K/opt/ros/iron/include/rclcpp/rclcpp/node.hpp:424:3:[m[K [01;36m[Knote: [m[Kcandidate: â€˜[01m[Kconst rclcpp::ParameterValue& rclcpp::Node::declare_parameter(const string&, const rclcpp::ParameterValue&, const ParameterDescriptor&, bool)[m[Kâ€™
[24.782s]   424 |   [01;36m[Kdeclare_parameter[m[K(
[24.782s]       |   [01;36m[K^~~~~~~~~~~~~~~~~[m[K
[24.783s] [01m[K/opt/ros/iron/include/rclcpp/rclcpp/node.hpp:424:3:[m[K [01;36m[Knote: [m[K  candidate expects 4 arguments, 1 provided
[24.783s] [01m[K/opt/ros/iron/include/rclcpp/rclcpp/node.hpp:449:3:[m[K [01;36m[Knote: [m[Kcandidate: â€˜[01m[Kconst rclcpp::ParameterValue& rclcpp::Node::declare_parameter(const string&, rclcpp::ParameterType, const ParameterDescriptor&, bool)[m[Kâ€™
[24.784s]   449 |   [01;36m[Kdeclare_parameter[m[K(
[24.785s]       |   [01;36m[K^~~~~~~~~~~~~~~~~[m[K
[24.785s] [01m[K/opt/ros/iron/include/rclcpp/rclcpp/node.hpp:449:3:[m[K [01;36m[Knote: [m[K  candidate expects 4 arguments, 1 provided
[24.786s] [01m[K/home/racecar/racecar_ws/src/ydlidar/src/ydlidar_ros2_driver_node.cpp:124:26:[m[K [01;31m[Kerror: [m[Kno matching function for call to â€˜[01m[Krclcpp::Node::declare_parameter(const char [18])[m[Kâ€™
[24.787s]   124 |   [01;31m[Knode->declare_parameter("support_motor_dtr")[m[K;
[24.787s]       |   [01;31m[K~~~~~~~~~~~~~~~~~~~~~~~^~~~~~~~~~~~~~~~~~~~~[m[K
[24.788s] In file included from [01m[K/opt/ros/iron/include/rclcpp/rclcpp/executors/single_threaded_executor.hpp:28[m[K,
[24.789s]                  from [01m[K/opt/ros/iron/include/rclcpp/rclcpp/executors.hpp:22[m[K,
[24.789s]                  from [01m[K/opt/ros/iron/include/rclcpp/rclcpp/rclcpp.hpp:167[m[K,
[24.790s]                  from [01m[K/home/racecar/racecar_ws/src/ydlidar/src/ydlidar_ros2_driver_node.cpp:23[m[K:
[24.790s] [01m[K/opt/ros/iron/include/rclcpp/rclcpp/node.hpp:479:3:[m[K [01;36m[Knote: [m[Kcandidate: â€˜[01m[Ktemplate<class ParameterT> auto rclcpp::Node::declare_parameter(const string&, const ParameterT&, const ParameterDescriptor&, bool)[m[Kâ€™
[24.791s]   479 |   [01;36m[Kdeclare_parameter[m[K(
[24.791s]       |   [01;36m[K^~~~~~~~~~~~~~~~~[m[K
[24.792s] [01m[K/opt/ros/iron/include/rclcpp/rclcpp/node.hpp:479:3:[m[K [01;36m[Knote: [m[K  template argument deduction/substitution failed:
[24.793s] [01m[K/home/racecar/racecar_ws/src/ydlidar/src/ydlidar_ros2_driver_node.cpp:124:26:[m[K [01;36m[Knote: [m[K  candidate expects 4 arguments, 1 provided
[24.794s]   124 |   [01;36m[Knode->declare_parameter("support_motor_dtr")[m[K;
[24.794s]       |   [01;36m[K~~~~~~~~~~~~~~~~~~~~~~~^~~~~~~~~~~~~~~~~~~~~[m[K
[24.795s] In file included from [01m[K/opt/ros/iron/include/rclcpp/rclcpp/executors/single_threaded_executor.hpp:28[m[K,
[24.795s]                  from [01m[K/opt/ros/iron/include/rclcpp/rclcpp/executors.hpp:22[m[K,
[24.796s]                  from [01m[K/opt/ros/iron/include/rclcpp/rclcpp/rclcpp.hpp:167[m[K,
[24.796s]                  from [01m[K/home/racecar/racecar_ws/src/ydlidar/src/ydlidar_ros2_driver_node.cpp:23[m[K:
[24.797s] [01m[K/opt/ros/iron/include/rclcpp/rclcpp/node.hpp:492:3:[m[K [01;36m[Knote: [m[Kcandidate: â€˜[01m[Ktemplate<class ParameterT> auto rclcpp::Node::declare_parameter(const string&, const ParameterDescriptor&, bool)[m[Kâ€™
[24.798s]   492 |   [01;36m[Kdeclare_parameter[m[K(
[24.798s]       |   [01;36m[K^~~~~~~~~~~~~~~~~[m[K
[24.799s] [01m[K/opt/ros/iron/include/rclcpp/rclcpp/node.hpp:492:3:[m[K [01;36m[Knote: [m[K  template argument deduction/substitution failed:
[24.799s] [01m[K/home/racecar/racecar_ws/src/ydlidar/src/ydlidar_ros2_driver_node.cpp:124:26:[m[K [01;36m[Knote: [m[K  couldnâ€™t deduce template parameter â€˜[01m[KParameterT[m[Kâ€™
[24.800s]   124 |   [01;36m[Knode->declare_parameter("support_motor_dtr")[m[K;
[24.801s]       |   [01;36m[K~~~~~~~~~~~~~~~~~~~~~~~^~~~~~~~~~~~~~~~~~~~~[m[K
[24.801s] In file included from [01m[K/opt/ros/iron/include/rclcpp/rclcpp/executors/single_threaded_executor.hpp:28[m[K,
[24.802s]                  from [01m[K/opt/ros/iron/include/rclcpp/rclcpp/executors.hpp:22[m[K,
[24.802s]                  from [01m[K/opt/ros/iron/include/rclcpp/rclcpp/rclcpp.hpp:167[m[K,
[24.803s]                  from [01m[K/home/racecar/racecar_ws/src/ydlidar/src/ydlidar_ros2_driver_node.cpp:23[m[K:
[24.804s] [01m[K/opt/ros/iron/include/rclcpp/rclcpp/node.hpp:424:3:[m[K [01;36m[Knote: [m[Kcandidate: â€˜[01m[Kconst rclcpp::ParameterValue& rclcpp::Node::declare_parameter(const string&, const rclcpp::ParameterValue&, const ParameterDescriptor&, bool)[m[Kâ€™
[24.804s]   424 |   [01;36m[Kdeclare_parameter[m[K(
[24.805s]       |   [01;36m[K^~~~~~~~~~~~~~~~~[m[K
[24.806s] [01m[K/opt/ros/iron/include/rclcpp/rclcpp/node.hpp:424:3:[m[K [01;36m[Knote: [m[K  candidate expects 4 arguments, 1 provided
[24.806s] [01m[K/opt/ros/iron/include/rclcpp/rclcpp/node.hpp:449:3:[m[K [01;36m[Knote: [m[Kcandidate: â€˜[01m[Kconst rclcpp::ParameterValue& rclcpp::Node::declare_parameter(const string&, rclcpp::ParameterType, const ParameterDescriptor&, bool)[m[Kâ€™
[24.807s]   449 |   [01;36m[Kdeclare_parameter[m[K(
[24.807s]       |   [01;36m[K^~~~~~~~~~~~~~~~~[m[K
[24.808s] [01m[K/opt/ros/iron/include/rclcpp/rclcpp/node.hpp:449:3:[m[K [01;36m[Knote: [m[K  candidate expects 4 arguments, 1 provided
[24.809s] [01m[K/home/racecar/racecar_ws/src/ydlidar/src/ydlidar_ros2_driver_node.cpp:131:26:[m[K [01;31m[Kerror: [m[Kno matching function for call to â€˜[01m[Krclcpp::Node::declare_parameter(const char [10])[m[Kâ€™
[24.809s]   131 |   [01;31m[Knode->declare_parameter("angle_max")[m[K;
[24.810s]       |   [01;31m[K~~~~~~~~~~~~~~~~~~~~~~~^~~~~~~~~~~~~[m[K
[24.810s] In file included from [01m[K/opt/ros/iron/include/rclcpp/rclcpp/executors/single_threaded_executor.hpp:28[m[K,
[24.811s]                  from [01m[K/opt/ros/iron/include/rclcpp/rclcpp/executors.hpp:22[m[K,
[24.812s]                  from [01m[K/opt/ros/iron/include/rclcpp/rclcpp/rclcpp.hpp:167[m[K,
[24.812s]                  from [01m[K/home/racecar/racecar_ws/src/ydlidar/src/ydlidar_ros2_driver_node.cpp:23[m[K:
[24.813s] [01m[K/opt/ros/iron/include/rclcpp/rclcpp/node.hpp:479:3:[m[K [01;36m[Knote: [m[Kcandidate: â€˜[01m[Ktemplate<class ParameterT> auto rclcpp::Node::declare_parameter(const string&, const ParameterT&, const ParameterDescriptor&, bool)[m[Kâ€™
[24.814s]   479 |   [01;36m[Kdeclare_parameter[m[K(
[24.814s]       |   [01;36m[K^~~~~~~~~~~~~~~~~[m[K
[24.815s] [01m[K/opt/ros/iron/include/rclcpp/rclcpp/node.hpp:479:3:[m[K [01;36m[Knote: [m[K  template argument deduction/substitution failed:
[24.815s] [01m[K/home/racecar/racecar_ws/src/ydlidar/src/ydlidar_ros2_driver_node.cpp:131:26:[m[K [01;36m[Knote: [m[K  candidate expects 4 arguments, 1 provided
[24.816s]   131 |   [01;36m[Knode->declare_parameter("angle_max")[m[K;
[24.817s]       |   [01;36m[K~~~~~~~~~~~~~~~~~~~~~~~^~~~~~~~~~~~~[m[K
[24.817s] In file included from [01m[K/opt/ros/iron/include/rclcpp/rclcpp/executors/single_threaded_executor.hpp:28[m[K,
[24.818s]                  from [01m[K/opt/ros/iron/include/rclcpp/rclcpp/executors.hpp:22[m[K,
[24.819s]                  from [01m[K/opt/ros/iron/include/rclcpp/rclcpp/rclcpp.hpp:167[m[K,
[24.819s]                  from [01m[K/home/racecar/racecar_ws/src/ydlidar/src/ydlidar_ros2_driver_node.cpp:23[m[K:
[24.820s] [01m[K/opt/ros/iron/include/rclcpp/rclcpp/node.hpp:492:3:[m[K [01;36m[Knote: [m[Kcandidate: â€˜[01m[Ktemplate<class ParameterT> auto rclcpp::Node::declare_parameter(const string&, const ParameterDescriptor&, bool)[m[Kâ€™
[24.821s]   492 |   [01;36m[Kdeclare_parameter[m[K(
[24.821s]       |   [01;36m[K^~~~~~~~~~~~~~~~~[m[K
[24.822s] [01m[K/opt/ros/iron/include/rclcpp/rclcpp/node.hpp:492:3:[m[K [01;36m[Knote: [m[K  template argument deduction/substitution failed:
[24.822s] [01m[K/home/racecar/racecar_ws/src/ydlidar/src/ydlidar_ros2_driver_node.cpp:131:26:[m[K [01;36m[Knote: [m[K  couldnâ€™t deduce template parameter â€˜[01m[KParameterT[m[Kâ€™
[24.823s]   131 |   [01;36m[Knode->declare_parameter("angle_max")[m[K;
[24.824s]       |   [01;36m[K~~~~~~~~~~~~~~~~~~~~~~~^~~~~~~~~~~~~[m[K
[24.824s] In file included from [01m[K/opt/ros/iron/include/rclcpp/rclcpp/executors/single_threaded_executor.hpp:28[m[K,
[24.825s]                  from [01m[K/opt/ros/iron/include/rclcpp/rclcpp/executors.hpp:22[m[K,
[24.825s]                  from [01m[K/opt/ros/iron/include/rclcpp/rclcpp/rclcpp.hpp:167[m[K,
[24.826s]                  from [01m[K/home/racecar/racecar_ws/src/ydlidar/src/ydlidar_ros2_driver_node.cpp:23[m[K:
[24.827s] [01m[K/opt/ros/iron/include/rclcpp/rclcpp/node.hpp:424:3:[m[K [01;36m[Knote: [m[Kcandidate: â€˜[01m[Kconst rclcpp::ParameterValue& rclcpp::Node::declare_parameter(const string&, const rclcpp::ParameterValue&, const ParameterDescriptor&, bool)[m[Kâ€™
[24.827s]   424 |   [01;36m[Kdeclare_parameter[m[K(
[24.828s]       |   [01;36m[K^~~~~~~~~~~~~~~~~[m[K
[24.828s] [01m[K/opt/ros/iron/include/rclcpp/rclcpp/node.hpp:424:3:[m[K [01;36m[Knote: [m[K  candidate expects 4 arguments, 1 provided
[24.829s] [01m[K/opt/ros/iron/include/rclcpp/rclcpp/node.hpp:449:3:[m[K [01;36m[Knote: [m[Kcandidate: â€˜[01m[Kconst rclcpp::ParameterValue& rclcpp::Node::declare_parameter(const string&, rclcpp::ParameterType, const ParameterDescriptor&, bool)[m[Kâ€™
[24.830s]   449 |   [01;36m[Kdeclare_parameter[m[K(
[24.830s]       |   [01;36m[K^~~~~~~~~~~~~~~~~[m[K
[24.831s] [01m[K/opt/ros/iron/include/rclcpp/rclcpp/node.hpp:449:3:[m[K [01;36m[Knote: [m[K  candidate expects 4 arguments, 1 provided
[24.831s] [01m[K/home/racecar/racecar_ws/src/ydlidar/src/ydlidar_ros2_driver_node.cpp:135:26:[m[K [01;31m[Kerror: [m[Kno matching function for call to â€˜[01m[Krclcpp::Node::declare_parameter(const char [10])[m[Kâ€™
[24.832s]   135 |   [01;31m[Knode->declare_parameter("angle_min")[m[K;
[24.833s]       |   [01;31m[K~~~~~~~~~~~~~~~~~~~~~~~^~~~~~~~~~~~~[m[K
[24.834s] In file included from [01m[K/opt/ros/iron/include/rclcpp/rclcpp/executors/single_threaded_executor.hpp:28[m[K,
[24.835s]                  from [01m[K/opt/ros/iron/include/rclcpp/rclcpp/executors.hpp:22[m[K,
[24.835s]                  from [01m[K/opt/ros/iron/include/rclcpp/rclcpp/rclcpp.hpp:167[m[K,
[24.836s]                  from [01m[K/home/racecar/racecar_ws/src/ydlidar/src/ydlidar_ros2_driver_node.cpp:23[m[K:
[24.837s] [01m[K/opt/ros/iron/include/rclcpp/rclcpp/node.hpp:479:3:[m[K [01;36m[Knote: [m[Kcandidate: â€˜[01m[Ktemplate<class ParameterT> auto rclcpp::Node::declare_parameter(const string&, const ParameterT&, const ParameterDescriptor&, bool)[m[Kâ€™
[24.837s]   479 |   [01;36m[Kdeclare_parameter[m[K(
[24.838s]       |   [01;36m[K^~~~~~~~~~~~~~~~~[m[K
[24.839s] [01m[K/opt/ros/iron/include/rclcpp/rclcpp/node.hpp:479:3:[m[K [01;36m[Knote: [m[K  template argument deduction/substitution failed:
[24.839s] [01m[K/home/racecar/racecar_ws/src/ydlidar/src/ydlidar_ros2_driver_node.cpp:135:26:[m[K [01;36m[Knote: [m[K  candidate expects 4 arguments, 1 provided
[24.840s]   135 |   [01;36m[Knode->declare_parameter("angle_min")[m[K;
[24.840s]       |   [01;36m[K~~~~~~~~~~~~~~~~~~~~~~~^~~~~~~~~~~~~[m[K
[24.841s] In file included from [01m[K/opt/ros/iron/include/rclcpp/rclcpp/executors/single_threaded_executor.hpp:28[m[K,
[24.842s]                  from [01m[K/opt/ros/iron/include/rclcpp/rclcpp/executors.hpp:22[m[K,
[24.842s]                  from [01m[K/opt/ros/iron/include/rclcpp/rclcpp/rclcpp.hpp:167[m[K,
[24.843s]                  from [01m[K/home/racecar/racecar_ws/src/ydlidar/src/ydlidar_ros2_driver_node.cpp:23[m[K:
[24.843s] [01m[K/opt/ros/iron/include/rclcpp/rclcpp/node.hpp:492:3:[m[K [01;36m[Knote: [m[Kcandidate: â€˜[01m[Ktemplate<class ParameterT> auto rclcpp::Node::declare_parameter(const string&, const ParameterDescriptor&, bool)[m[Kâ€™
[24.844s]   492 |   [01;36m[Kdeclare_parameter[m[K(
[24.845s]       |   [01;36m[K^~~~~~~~~~~~~~~~~[m[K
[24.845s] [01m[K/opt/ros/iron/include/rclcpp/rclcpp/node.hpp:492:3:[m[K [01;36m[Knote: [m[K  template argument deduction/substitution failed:
[24.846s] [01m[K/home/racecar/racecar_ws/src/ydlidar/src/ydlidar_ros2_driver_node.cpp:135:26:[m[K [01;36m[Knote: [m[K  couldnâ€™t deduce template parameter â€˜[01m[KParameterT[m[Kâ€™
[24.847s]   135 |   [01;36m[Knode->declare_parameter("angle_min")[m[K;
[24.847s]       |   [01;36m[K~~~~~~~~~~~~~~~~~~~~~~~^~~~~~~~~~~~~[m[K
[24.848s] In file included from [01m[K/opt/ros/iron/include/rclcpp/rclcpp/executors/single_threaded_executor.hpp:28[m[K,
[24.848s]                  from [01m[K/opt/ros/iron/include/rclcpp/rclcpp/executors.hpp:22[m[K,
[24.849s]                  from [01m[K/opt/ros/iron/include/rclcpp/rclcpp/rclcpp.hpp:167[m[K,
[24.850s]                  from [01m[K/home/racecar/racecar_ws/src/ydlidar/src/ydlidar_ros2_driver_node.cpp:23[m[K:
[24.850s] [01m[K/opt/ros/iron/include/rclcpp/rclcpp/node.hpp:424:3:[m[K [01;36m[Knote: [m[Kcandidate: â€˜[01m[Kconst rclcpp::ParameterValue& rclcpp::Node::declare_parameter(const string&, const rclcpp::ParameterValue&, const ParameterDescriptor&, bool)[m[Kâ€™
[24.851s]   424 |   [01;36m[Kdeclare_parameter[m[K(
[24.851s]       |   [01;36m[K^~~~~~~~~~~~~~~~~[m[K
[24.852s] [01m[K/opt/ros/iron/include/rclcpp/rclcpp/node.hpp:424:3:[m[K [01;36m[Knote: [m[K  candidate expects 4 arguments, 1 provided
[24.853s] [01m[K/opt/ros/iron/include/rclcpp/rclcpp/node.hpp:449:3:[m[K [01;36m[Knote: [m[Kcandidate: â€˜[01m[Kconst rclcpp::ParameterValue& rclcpp::Node::declare_parameter(const string&, rclcpp::ParameterType, const ParameterDescriptor&, bool)[m[Kâ€™
[24.853s]   449 |   [01;36m[Kdeclare_parameter[m[K(
[24.854s]       |   [01;36m[K^~~~~~~~~~~~~~~~~[m[K
[24.855s] [01m[K/opt/ros/iron/include/rclcpp/rclcpp/node.hpp:449:3:[m[K [01;36m[Knote: [m[K  candidate expects 4 arguments, 1 provided
[24.855s] [01m[K/home/racecar/racecar_ws/src/ydlidar/src/ydlidar_ros2_driver_node.cpp:140:26:[m[K [01;31m[Kerror: [m[Kno matching function for call to â€˜[01m[Krclcpp::Node::declare_parameter(const char [10])[m[Kâ€™
[24.856s]   140 |   [01;31m[Knode->declare_parameter("range_max")[m[K;
[24.857s]       |   [01;31m[K~~~~~~~~~~~~~~~~~~~~~~~^~~~~~~~~~~~~[m[K
[24.857s] In file included from [01m[K/opt/ros/iron/include/rclcpp/rclcpp/executors/single_threaded_executor.hpp:28[m[K,
[24.858s]                  from [01m[K/opt/ros/iron/include/rclcpp/rclcpp/executors.hpp:22[m[K,
[24.861s]                  from [01m[K/opt/ros/iron/include/rclcpp/rclcpp/rclcpp.hpp:167[m[K,
[24.861s]                  from [01m[K/home/racecar/racecar_ws/src/ydlidar/src/ydlidar_ros2_driver_node.cpp:23[m[K:
[24.862s] [01m[K/opt/ros/iron/include/rclcpp/rclcpp/node.hpp:479:3:[m[K [01;36m[Knote: [m[Kcandidate: â€˜[01m[Ktemplate<class ParameterT> auto rclcpp::Node::declare_parameter(const string&, const ParameterT&, const ParameterDescriptor&, bool)[m[Kâ€™
[24.863s]   479 |   [01;36m[Kdeclare_parameter[m[K(
[24.863s]       |   [01;36m[K^~~~~~~~~~~~~~~~~[m[K
[24.864s] [01m[K/opt/ros/iron/include/rclcpp/rclcpp/node.hpp:479:3:[m[K [01;36m[Knote: [m[K  template argument deduction/substitution failed:
[24.865s] [01m[K/home/racecar/racecar_ws/src/ydlidar/src/ydlidar_ros2_driver_node.cpp:140:26:[m[K [01;36m[Knote: [m[K  candidate expects 4 arguments, 1 provided
[24.865s]   140 |   [01;36m[Knode->declare_parameter("range_max")[m[K;
[24.866s]       |   [01;36m[K~~~~~~~~~~~~~~~~~~~~~~~^~~~~~~~~~~~~[m[K
[24.866s] In file included from [01m[K/opt/ros/iron/include/rclcpp/rclcpp/executors/single_threaded_executor.hpp:28[m[K,
[24.867s]                  from [01m[K/opt/ros/iron/include/rclcpp/rclcpp/executors.hpp:22[m[K,
[24.868s]                  from [01m[K/opt/ros/iron/include/rclcpp/rclcpp/rclcpp.hpp:167[m[K,
[24.868s]                  from [01m[K/home/racecar/racecar_ws/src/ydlidar/src/ydlidar_ros2_driver_node.cpp:23[m[K:
[24.869s] [01m[K/opt/ros/iron/include/rclcpp/rclcpp/node.hpp:492:3:[m[K [01;36m[Knote: [m[Kcandidate: â€˜[01m[Ktemplate<class ParameterT> auto rclcpp::Node::declare_parameter(const string&, const ParameterDescriptor&, bool)[m[Kâ€™
[24.869s]   492 |   [01;36m[Kdeclare_parameter[m[K(
[24.870s]       |   [01;36m[K^~~~~~~~~~~~~~~~~[m[K
[24.871s] [01m[K/opt/ros/iron/include/rclcpp/rclcpp/node.hpp:492:3:[m[K [01;36m[Knote: [m[K  template argument deduction/substitution failed:
[24.871s] [01m[K/home/racecar/racecar_ws/src/ydlidar/src/ydlidar_ros2_driver_node.cpp:140:26:[m[K [01;36m[Knote: [m[K  couldnâ€™t deduce template parameter â€˜[01m[KParameterT[m[Kâ€™
[24.872s]   140 |   [01;36m[Knode->declare_parameter("range_max")[m[K;
[24.873s]       |   [01;36m[K~~~~~~~~~~~~~~~~~~~~~~~^~~~~~~~~~~~~[m[K
[24.873s] In file included from [01m[K/opt/ros/iron/include/rclcpp/rclcpp/executors/single_threaded_executor.hpp:28[m[K,
[24.874s]                  from [01m[K/opt/ros/iron/include/rclcpp/rclcpp/executors.hpp:22[m[K,
[24.874s]                  from [01m[K/opt/ros/iron/include/rclcpp/rclcpp/rclcpp.hpp:167[m[K,
[24.875s]                  from [01m[K/home/racecar/racecar_ws/src/ydlidar/src/ydlidar_ros2_driver_node.cpp:23[m[K:
[24.875s] [01m[K/opt/ros/iron/include/rclcpp/rclcpp/node.hpp:424:3:[m[K [01;36m[Knote: [m[Kcandidate: â€˜[01m[Kconst rclcpp::ParameterValue& rclcpp::Node::declare_parameter(const string&, const rclcpp::ParameterValue&, const ParameterDescriptor&, bool)[m[Kâ€™
[24.876s]   424 |   [01;36m[Kdeclare_parameter[m[K(
[24.877s]       |   [01;36m[K^~~~~~~~~~~~~~~~~[m[K
[24.877s] [01m[K/opt/ros/iron/include/rclcpp/rclcpp/node.hpp:424:3:[m[K [01;36m[Knote: [m[K  candidate expects 4 arguments, 1 provided
[24.878s] [01m[K/opt/ros/iron/include/rclcpp/rclcpp/node.hpp:449:3:[m[K [01;36m[Knote: [m[Kcandidate: â€˜[01m[Kconst rclcpp::ParameterValue& rclcpp::Node::declare_parameter(const string&, rclcpp::ParameterType, const ParameterDescriptor&, bool)[m[Kâ€™
[24.879s]   449 |   [01;36m[Kdeclare_parameter[m[K(
[24.879s]       |   [01;36m[K^~~~~~~~~~~~~~~~~[m[K
[24.880s] [01m[K/opt/ros/iron/include/rclcpp/rclcpp/node.hpp:449:3:[m[K [01;36m[Knote: [m[K  candidate expects 4 arguments, 1 provided
[24.880s] [01m[K/home/racecar/racecar_ws/src/ydlidar/src/ydlidar_ros2_driver_node.cpp:144:26:[m[K [01;31m[Kerror: [m[Kno matching function for call to â€˜[01m[Krclcpp::Node::declare_parameter(const char [10])[m[Kâ€™
[24.881s]   144 |   [01;31m[Knode->declare_parameter("range_min")[m[K;
[24.881s]       |   [01;31m[K~~~~~~~~~~~~~~~~~~~~~~~^~~~~~~~~~~~~[m[K
[24.882s] In file included from [01m[K/opt/ros/iron/include/rclcpp/rclcpp/executors/single_threaded_executor.hpp:28[m[K,
[24.883s]                  from [01m[K/opt/ros/iron/include/rclcpp/rclcpp/executors.hpp:22[m[K,
[24.883s]                  from [01m[K/opt/ros/iron/include/rclcpp/rclcpp/rclcpp.hpp:167[m[K,
[24.884s]                  from [01m[K/home/racecar/racecar_ws/src/ydlidar/src/ydlidar_ros2_driver_node.cpp:23[m[K:
[24.884s] [01m[K/opt/ros/iron/include/rclcpp/rclcpp/node.hpp:479:3:[m[K [01;36m[Knote: [m[Kcandidate: â€˜[01m[Ktemplate<class ParameterT> auto rclcpp::Node::declare_parameter(const string&, const ParameterT&, const ParameterDescriptor&, bool)[m[Kâ€™
[24.885s]   479 |   [01;36m[Kdeclare_parameter[m[K(
[24.886s]       |   [01;36m[K^~~~~~~~~~~~~~~~~[m[K
[24.886s] [01m[K/opt/ros/iron/include/rclcpp/rclcpp/node.hpp:479:3:[m[K [01;36m[Knote: [m[K  template argument deduction/substitution failed:
[24.887s] [01m[K/home/racecar/racecar_ws/src/ydlidar/src/ydlidar_ros2_driver_node.cpp:144:26:[m[K [01;36m[Knote: [m[K  candidate expects 4 arguments, 1 provided
[24.887s]   144 |   [01;36m[Knode->declare_parameter("range_min")[m[K;
[24.888s]       |   [01;36m[K~~~~~~~~~~~~~~~~~~~~~~~^~~~~~~~~~~~~[m[K
[24.889s] In file included from [01m[K/opt/ros/iron/include/rclcpp/rclcpp/executors/single_threaded_executor.hpp:28[m[K,
[24.889s]                  from [01m[K/opt/ros/iron/include/rclcpp/rclcpp/executors.hpp:22[m[K,
[24.890s]                  from [01m[K/opt/ros/iron/include/rclcpp/rclcpp/rclcpp.hpp:167[m[K,
[24.890s]                  from [01m[K/home/racecar/racecar_ws/src/ydlidar/src/ydlidar_ros2_driver_node.cpp:23[m[K:
[24.891s] [01m[K/opt/ros/iron/include/rclcpp/rclcpp/node.hpp:492:3:[m[K [01;36m[Knote: [m[Kcandidate: â€˜[01m[Ktemplate<class ParameterT> auto rclcpp::Node::declare_parameter(const string&, const ParameterDescriptor&, bool)[m[Kâ€™
[24.891s]   492 |   [01;36m[Kdeclare_parameter[m[K(
[24.892s]       |   [01;36m[K^~~~~~~~~~~~~~~~~[m[K
[24.893s] [01m[K/opt/ros/iron/include/rclcpp/rclcpp/node.hpp:492:3:[m[K [01;36m[Knote: [m[K  template argument deduction/substitution failed:
[24.893s] [01m[K/home/racecar/racecar_ws/src/ydlidar/src/ydlidar_ros2_driver_node.cpp:144:26:[m[K [01;36m[Knote: [m[K  couldnâ€™t deduce template parameter â€˜[01m[KParameterT[m[Kâ€™
[24.894s]   144 |   [01;36m[Knode->declare_parameter("range_min")[m[K;
[24.895s]       |   [01;36m[K~~~~~~~~~~~~~~~~~~~~~~~^~~~~~~~~~~~~[m[K
[24.895s] In file included from [01m[K/opt/ros/iron/include/rclcpp/rclcpp/executors/single_threaded_executor.hpp:28[m[K,
[24.896s]                  from [01m[K/opt/ros/iron/include/rclcpp/rclcpp/executors.hpp:22[m[K,
[24.896s]                  from [01m[K/opt/ros/iron/include/rclcpp/rclcpp/rclcpp.hpp:167[m[K,
[24.897s]                  from [01m[K/home/racecar/racecar_ws/src/ydlidar/src/ydlidar_ros2_driver_node.cpp:23[m[K:
[24.898s] [01m[K/opt/ros/iron/include/rclcpp/rclcpp/node.hpp:424:3:[m[K [01;36m[Knote: [m[Kcandidate: â€˜[01m[Kconst rclcpp::ParameterValue& rclcpp::Node::declare_parameter(const string&, const rclcpp::ParameterValue&, const ParameterDescriptor&, bool)[m[Kâ€™
[24.898s]   424 |   [01;36m[Kdeclare_parameter[m[K(
[24.899s]       |   [01;36m[K^~~~~~~~~~~~~~~~~[m[K
[24.899s] [01m[K/opt/ros/iron/include/rclcpp/rclcpp/node.hpp:424:3:[m[K [01;36m[Knote: [m[K  candidate expects 4 arguments, 1 provided
[24.900s] [01m[K/opt/ros/iron/include/rclcpp/rclcpp/node.hpp:449:3:[m[K [01;36m[Knote: [m[Kcandidate: â€˜[01m[Kconst rclcpp::ParameterValue& rclcpp::Node::declare_parameter(const string&, rclcpp::ParameterType, const ParameterDescriptor&, bool)[m[Kâ€™
[24.901s]   449 |   [01;36m[Kdeclare_parameter[m[K(
[24.901s]       |   [01;36m[K^~~~~~~~~~~~~~~~~[m[K
[24.902s] [01m[K/opt/ros/iron/include/rclcpp/rclcpp/node.hpp:449:3:[m[K [01;36m[Knote: [m[K  candidate expects 4 arguments, 1 provided
[24.902s] [01m[K/home/racecar/racecar_ws/src/ydlidar/src/ydlidar_ros2_driver_node.cpp:149:26:[m[K [01;31m[Kerror: [m[Kno matching function for call to â€˜[01m[Krclcpp::Node::declare_parameter(const char [10])[m[Kâ€™
[24.903s]   149 |   [01;31m[Knode->declare_parameter("frequency")[m[K;
[24.903s]       |   [01;31m[K~~~~~~~~~~~~~~~~~~~~~~~^~~~~~~~~~~~~[m[K
[24.904s] In file included from [01m[K/opt/ros/iron/include/rclcpp/rclcpp/executors/single_threaded_executor.hpp:28[m[K,
[24.905s]                  from [01m[K/opt/ros/iron/include/rclcpp/rclcpp/executors.hpp:22[m[K,
[24.905s]                  from [01m[K/opt/ros/iron/include/rclcpp/rclcpp/rclcpp.hpp:167[m[K,
[24.906s]                  from [01m[K/home/racecar/racecar_ws/src/ydlidar/src/ydlidar_ros2_driver_node.cpp:23[m[K:
[24.907s] [01m[K/opt/ros/iron/include/rclcpp/rclcpp/node.hpp:479:3:[m[K [01;36m[Knote: [m[Kcandidate: â€˜[01m[Ktemplate<class ParameterT> auto rclcpp::Node::declare_parameter(const string&, const ParameterT&, const ParameterDescriptor&, bool)[m[Kâ€™
[24.908s]   479 |   [01;36m[Kdeclare_parameter[m[K(
[24.908s]       |   [01;36m[K^~~~~~~~~~~~~~~~~[m[K
[24.909s] [01m[K/opt/ros/iron/include/rclcpp/rclcpp/node.hpp:479:3:[m[K [01;36m[Knote: [m[K  template argument deduction/substitution failed:
[24.910s] [01m[K/home/racecar/racecar_ws/src/ydlidar/src/ydlidar_ros2_driver_node.cpp:149:26:[m[K [01;36m[Knote: [m[K  candidate expects 4 arguments, 1 provided
[24.910s]   149 |   [01;36m[Knode->declare_parameter("frequency")[m[K;
[24.911s]       |   [01;36m[K~~~~~~~~~~~~~~~~~~~~~~~^~~~~~~~~~~~~[m[K
[24.911s] In file included from [01m[K/opt/ros/iron/include/rclcpp/rclcpp/executors/single_threaded_executor.hpp:28[m[K,
[24.912s]                  from [01m[K/opt/ros/iron/include/rclcpp/rclcpp/executors.hpp:22[m[K,
[24.913s]                  from [01m[K/opt/ros/iron/include/rclcpp/rclcpp/rclcpp.hpp:167[m[K,
[24.913s]                  from [01m[K/home/racecar/racecar_ws/src/ydlidar/src/ydlidar_ros2_driver_node.cpp:23[m[K:
[24.914s] [01m[K/opt/ros/iron/include/rclcpp/rclcpp/node.hpp:492:3:[m[K [01;36m[Knote: [m[Kcandidate: â€˜[01m[Ktemplate<class ParameterT> auto rclcpp::Node::declare_parameter(const string&, const ParameterDescriptor&, bool)[m[Kâ€™
[24.915s]   492 |   [01;36m[Kdeclare_parameter[m[K(
[24.915s]       |   [01;36m[K^~~~~~~~~~~~~~~~~[m[K
[24.916s] [01m[K/opt/ros/iron/include/rclcpp/rclcpp/node.hpp:492:3:[m[K [01;36m[Knote: [m[K  template argument deduction/substitution failed:
[24.917s] [01m[K/home/racecar/racecar_ws/src/ydlidar/src/ydlidar_ros2_driver_node.cpp:149:26:[m[K [01;36m[Knote: [m[K  couldnâ€™t deduce template parameter â€˜[01m[KParameterT[m[Kâ€™
[24.917s]   149 |   [01;36m[Knode->declare_parameter("frequency")[m[K;
[24.918s]       |   [01;36m[K~~~~~~~~~~~~~~~~~~~~~~~^~~~~~~~~~~~~[m[K
[24.918s] In file included from [01m[K/opt/ros/iron/include/rclcpp/rclcpp/executors/single_threaded_executor.hpp:28[m[K,
[24.919s]                  from [01m[K/opt/ros/iron/include/rclcpp/rclcpp/executors.hpp:22[m[K,
[24.920s]                  from [01m[K/opt/ros/iron/include/rclcpp/rclcpp/rclcpp.hpp:167[m[K,
[24.920s]                  from [01m[K/home/racecar/racecar_ws/src/ydlidar/src/ydlidar_ros2_driver_node.cpp:23[m[K:
[24.921s] [01m[K/opt/ros/iron/include/rclcpp/rclcpp/node.hpp:424:3:[m[K [01;36m[Knote: [m[Kcandidate: â€˜[01m[Kconst rclcpp::ParameterValue& rclcpp::Node::declare_parameter(const string&, const rclcpp::ParameterValue&, const ParameterDescriptor&, bool)[m[Kâ€™
[24.921s]   424 |   [01;36m[Kdeclare_parameter[m[K(
[24.922s]       |   [01;36m[K^~~~~~~~~~~~~~~~~[m[K
[24.922s] [01m[K/opt/ros/iron/include/rclcpp/rclcpp/node.hpp:424:3:[m[K [01;36m[Knote: [m[K  candidate expects 4 arguments, 1 provided
[24.923s] [01m[K/opt/ros/iron/include/rclcpp/rclcpp/node.hpp:449:3:[m[K [01;36m[Knote: [m[Kcandidate: â€˜[01m[Kconst rclcpp::ParameterValue& rclcpp::Node::declare_parameter(const string&, rclcpp::ParameterType, const ParameterDescriptor&, bool)[m[Kâ€™
[24.924s]   449 |   [01;36m[Kdeclare_parameter[m[K(
[24.925s]       |   [01;36m[K^~~~~~~~~~~~~~~~~[m[K
[24.925s] [01m[K/opt/ros/iron/include/rclcpp/rclcpp/node.hpp:449:3:[m[K [01;36m[Knote: [m[K  candidate expects 4 arguments, 1 provided
[24.926s] [01m[K/home/racecar/racecar_ws/src/ydlidar/src/ydlidar_ros2_driver_node.cpp:154:26:[m[K [01;31m[Kerror: [m[Kno matching function for call to â€˜[01m[Krclcpp::Node::declare_parameter(const char [21])[m[Kâ€™
[24.926s]   154 |   [01;31m[Knode->declare_parameter("invalid_range_is_inf")[m[K;
[24.927s]       |   [01;31m[K~~~~~~~~~~~~~~~~~~~~~~~^~~~~~~~~~~~~~~~~~~~~~~~[m[K
[24.928s] In file included from [01m[K/opt/ros/iron/include/rclcpp/rclcpp/executors/single_threaded_executor.hpp:28[m[K,
[24.928s]                  from [01m[K/opt/ros/iron/include/rclcpp/rclcpp/executors.hpp:22[m[K,
[24.929s]                  from [01m[K/opt/ros/iron/include/rclcpp/rclcpp/rclcpp.hpp:167[m[K,
[24.929s]                  from [01m[K/home/racecar/racecar_ws/src/ydlidar/src/ydlidar_ros2_driver_node.cpp:23[m[K:
[24.930s] [01m[K/opt/ros/iron/include/rclcpp/rclcpp/node.hpp:479:3:[m[K [01;36m[Knote: [m[Kcandidate: â€˜[01m[Ktemplate<class ParameterT> auto rclcpp::Node::declare_parameter(const string&, const ParameterT&, const ParameterDescriptor&, bool)[m[Kâ€™
[24.930s]   479 |   [01;36m[Kdeclare_parameter[m[K(
[24.931s]       |   [01;36m[K^~~~~~~~~~~~~~~~~[m[K
[24.931s] [01m[K/opt/ros/iron/include/rclcpp/rclcpp/node.hpp:479:3:[m[K [01;36m[Knote: [m[K  template argument deduction/substitution failed:
[24.932s] [01m[K/home/racecar/racecar_ws/src/ydlidar/src/ydlidar_ros2_driver_node.cpp:154:26:[m[K [01;36m[Knote: [m[K  candidate expects 4 arguments, 1 provided
[24.933s]   154 |   [01;36m[Knode->declare_parameter("invalid_range_is_inf")[m[K;
[24.934s]       |   [01;36m[K~~~~~~~~~~~~~~~~~~~~~~~^~~~~~~~~~~~~~~~~~~~~~~~[m[K
[24.935s] In file included from [01m[K/opt/ros/iron/include/rclcpp/rclcpp/executors/single_threaded_executor.hpp:28[m[K,
[24.936s]                  from [01m[K/opt/ros/iron/include/rclcpp/rclcpp/executors.hpp:22[m[K,
[24.936s]                  from [01m[K/opt/ros/iron/include/rclcpp/rclcpp/rclcpp.hpp:167[m[K,
[24.937s]                  from [01m[K/home/racecar/racecar_ws/src/ydlidar/src/ydlidar_ros2_driver_node.cpp:23[m[K:
[24.938s] [01m[K/opt/ros/iron/include/rclcpp/rclcpp/node.hpp:492:3:[m[K [01;36m[Knote: [m[Kcandidate: â€˜[01m[Ktemplate<class ParameterT> auto rclcpp::Node::declare_parameter(const string&, const ParameterDescriptor&, bool)[m[Kâ€™
[24.938s]   492 |   [01;36m[Kdeclare_parameter[m[K(
[24.939s]       |   [01;36m[K^~~~~~~~~~~~~~~~~[m[K
[24.939s] [01m[K/opt/ros/iron/include/rclcpp/rclcpp/node.hpp:492:3:[m[K [01;36m[Knote: [m[K  template argument deduction/substitution failed:
[24.940s] [01m[K/home/racecar/racecar_ws/src/ydlidar/src/ydlidar_ros2_driver_node.cpp:154:26:[m[K [01;36m[Knote: [m[K  couldnâ€™t deduce template parameter â€˜[01m[KParameterT[m[Kâ€™
[24.941s]   154 |   [01;36m[Knode->declare_parameter("invalid_range_is_inf")[m[K;
[24.941s]       |   [01;36m[K~~~~~~~~~~~~~~~~~~~~~~~^~~~~~~~~~~~~~~~~~~~~~~~[m[K
[24.942s] In file included from [01m[K/opt/ros/iron/include/rclcpp/rclcpp/executors/single_threaded_executor.hpp:28[m[K,
[24.942s]                  from [01m[K/opt/ros/iron/include/rclcpp/rclcpp/executors.hpp:22[m[K,
[24.943s]                  from [01m[K/opt/ros/iron/include/rclcpp/rclcpp/rclcpp.hpp:167[m[K,
[24.943s]                  from [01m[K/home/racecar/racecar_ws/src/ydlidar/src/ydlidar_ros2_driver_node.cpp:23[m[K:
[24.944s] [01m[K/opt/ros/iron/include/rclcpp/rclcpp/node.hpp:424:3:[m[K [01;36m[Knote: [m[Kcandidate: â€˜[01m[Kconst rclcpp::ParameterValue& rclcpp::Node::declare_parameter(const string&, const rclcpp::ParameterValue&, const ParameterDescriptor&, bool)[m[Kâ€™
[24.945s]   424 |   [01;36m[Kdeclare_parameter[m[K(
[24.945s]       |   [01;36m[K^~~~~~~~~~~~~~~~~[m[K
[24.946s] [01m[K/opt/ros/iron/include/rclcpp/rclcpp/node.hpp:424:3:[m[K [01;36m[Knote: [m[K  candidate expects 4 arguments, 1 provided
[24.946s] [01m[K/opt/ros/iron/include/rclcpp/rclcpp/node.hpp:449:3:[m[K [01;36m[Knote: [m[Kcandidate: â€˜[01m[Kconst rclcpp::ParameterValue& rclcpp::Node::declare_parameter(const string&, rclcpp::ParameterType, const ParameterDescriptor&, bool)[m[Kâ€™
[24.947s]   449 |   [01;36m[Kdeclare_parameter[m[K(
[24.948s]       |   [01;36m[K^~~~~~~~~~~~~~~~~[m[K
[24.948s] [01m[K/opt/ros/iron/include/rclcpp/rclcpp/node.hpp:449:3:[m[K [01;36m[Knote: [m[K  candidate expects 4 arguments, 1 provided
[24.949s] [01m[K/home/racecar/racecar_ws/src/ydlidar/src/ydlidar_ros2_driver_node.cpp:[m[K In lambda function:
[24.949s] [01m[K/home/racecar/racecar_ws/src/ydlidar/src/ydlidar_ros2_driver_node.cpp:168:54:[m[K [01;35m[Kwarning: [m[Kunused parameter â€˜[01m[Krequest_header[m[Kâ€™ [[01;35m[K]8;;https://gcc.gnu.org/onlinedocs/gcc/Warning-Options.html#index-Wunused-parameter-Wunused-parameter]8;;[m[K]
[24.950s]   168 |     [&laser]([01;35m[Kconst std::shared_ptr<rmw_request_id_t> request_header[m[K,
[24.951s]       |              [01;35m[K~~~~~~~~~~~~~~~~~~~~~~~~~~~~~~~~~~~~~~~~^~~~~~~~~~~~~~[m[K
[24.951s] [01m[K/home/racecar/racecar_ws/src/ydlidar/src/ydlidar_ros2_driver_node.cpp:169:56:[m[K [01;35m[Kwarning: [m[Kunused parameter â€˜[01m[Kreq[m[Kâ€™ [[01;35m[K]8;;https://gcc.gnu.org/onlinedocs/gcc/Warning-Options.html#index-Wunused-parameter-Wunused-parameter]8;;[m[K]
[24.952s]   169 |   [01;35m[Kconst std::shared_ptr<std_srvs::srv::Empty::Request> req[m[K,
[24.952s]       |   [01;35m[K~~~~~~~~~~~~~~~~~~~~~~~~~~~~~~~~~~~~~~~~~~~~~~~~~~~~~^~~[m[K
[24.953s] [01m[K/home/racecar/racecar_ws/src/ydlidar/src/ydlidar_ros2_driver_node.cpp:170:51:[m[K [01;35m[Kwarning: [m[Kunused parameter â€˜[01m[Kresponse[m[Kâ€™ [[01;35m[K]8;;https://gcc.gnu.org/onlinedocs/gcc/Warning-Options.html#index-Wunused-parameter-Wunused-parameter]8;;[m[K]
[24.953s]   170 |   [01;35m[Kstd::shared_ptr<std_srvs::srv::Empty::Response> response[m[K) -> bool
[24.954s]       |   [01;35m[K~~~~~~~~~~~~~~~~~~~~~~~~~~~~~~~~~~~~~~~~~~~~~~~~^~~~~~~~[m[K
[24.955s] [01m[K/home/racecar/racecar_ws/src/ydlidar/src/ydlidar_ros2_driver_node.cpp:[m[K In lambda function:
[24.955s] [01m[K/home/racecar/racecar_ws/src/ydlidar/src/ydlidar_ros2_driver_node.cpp:178:54:[m[K [01;35m[Kwarning: [m[Kunused parameter â€˜[01m[Krequest_header[m[Kâ€™ [[01;35m[K]8;;https://gcc.gnu.org/onlinedocs/gcc/Warning-Options.html#index-Wunused-parameter-Wunused-parameter]8;;[m[K]
[24.956s]   178 |     [&laser]([01;35m[Kconst std::shared_ptr<rmw_request_id_t> request_header[m[K,
[24.956s]       |              [01;35m[K~~~~~~~~~~~~~~~~~~~~~~~~~~~~~~~~~~~~~~~~^~~~~~~~~~~~~~[m[K
[24.957s] [01m[K/home/racecar/racecar_ws/src/ydlidar/src/ydlidar_ros2_driver_node.cpp:179:56:[m[K [01;35m[Kwarning: [m[Kunused parameter â€˜[01m[Kreq[m[Kâ€™ [[01;35m[K]8;;https://gcc.gnu.org/onlinedocs/gcc/Warning-Options.html#index-Wunused-parameter-Wunused-parameter]8;;[m[K]
[24.957s]   179 |   [01;35m[Kconst std::shared_ptr<std_srvs::srv::Empty::Request> req[m[K,
[24.958s]       |   [01;35m[K~~~~~~~~~~~~~~~~~~~~~~~~~~~~~~~~~~~~~~~~~~~~~~~~~~~~~^~~[m[K
[24.959s] [01m[K/home/racecar/racecar_ws/src/ydlidar/src/ydlidar_ros2_driver_node.cpp:180:51:[m[K [01;35m[Kwarning: [m[Kunused parameter â€˜[01m[Kresponse[m[Kâ€™ [[01;35m[K]8;;https://gcc.gnu.org/onlinedocs/gcc/Warning-Options.html#index-Wunused-parameter-Wunused-parameter]8;;[m[K]
[24.959s]   180 |   [01;35m[Kstd::shared_ptr<std_srvs::srv::Empty::Response> response[m[K) -> bool
[24.960s]       |   [01;35m[K~~~~~~~~~~~~~~~~~~~~~~~~~~~~~~~~~~~~~~~~~~~~~~~~^~~~~~~~[m[K
[30.038s] gmake[2]: *** [CMakeFiles/ydlidar_ros2_driver_node.dir/build.make:76: CMakeFiles/ydlidar_ros2_driver_node.dir/src/ydlidar_ros2_driver_node.cpp.o] Error 1
[30.039s] gmake[1]: *** [CMakeFiles/Makefile2:139: CMakeFiles/ydlidar_ros2_driver_node.dir/all] Error 2
[30.039s] gmake[1]: *** Waiting for unfinished jobs....
[42.934s] [ 75%] [32m[1mLinking CXX executable ydlidar_ros2_driver_client[0m
[44.912s] [ 75%] Built target ydlidar_ros2_driver_client
[44.916s] gmake: *** [Makefile:146: all] Error 2
[44.923s] Invoked command in '/home/racecar/racecar_ws/build/ydlidar_ros2_driver' returned '2': CMAKE_PREFIX_PATH=/home/racecar/racecar_ws/install/racecar_neo:/opt/ros/iron /usr/bin/cmake --build /home/racecar/racecar_ws/build/ydlidar_ros2_driver -- -j4 -l4
