[2.236s] Invoking command in '/home/racecar/racecar_ws/build/ydlidar': CMAKE_PREFIX_PATH=/opt/ros/iron /usr/bin/cmake /home/racecar/racecar_ws/src/ydlidar_ros2 -DAMENT_CMAKE_SYMLINK_INSTALL=1 -DCMAKE_INSTALL_PREFIX=/home/racecar/racecar_ws/install/ydlidar
[2.500s] -- The C compiler identification is GNU 11.4.0
[2.763s] -- The CXX compiler identification is GNU 11.4.0
[2.792s] -- Detecting C compiler ABI info
[3.200s] -- Detecting C compiler ABI info - done
[3.230s] -- Check for working C compiler: /usr/bin/cc - skipped
[3.232s] -- Detecting C compile features
[3.235s] -- Detecting C compile features - done
[3.258s] -- Detecting CXX compiler ABI info
[3.605s] -- Detecting CXX compiler ABI info - done
[3.631s] -- Check for working CXX compiler: /usr/bin/c++ - skipped
[3.632s] -- Detecting CXX compile features
[3.634s] -- Detecting CXX compile features - done
[3.659s] -- Found ament_cmake: 2.0.3 (/opt/ros/iron/share/ament_cmake/cmake)
[4.643s] -- Found Python3: /usr/bin/python3.10 (found version "3.10.12") found components: Interpreter 
[4.963s] -- Override CMake install command with custom implementation using symlinks instead of copying resources
[5.225s] -- Found rclcpp: 21.0.4 (/opt/ros/iron/share/rclcpp/cmake)
[5.581s] -- Found rosidl_generator_c: 4.0.1 (/opt/ros/iron/share/rosidl_generator_c/cmake)
[5.665s] -- Found rosidl_generator_cpp: 4.0.1 (/opt/ros/iron/share/rosidl_generator_cpp/cmake)
[5.769s] -- Using all available rosidl_typesupport_c: rosidl_typesupport_fastrtps_c;rosidl_typesupport_introspection_c
[5.891s] -- Using all available rosidl_typesupport_cpp: rosidl_typesupport_fastrtps_cpp;rosidl_typesupport_introspection_cpp
[6.782s] -- Found rmw_implementation_cmake: 7.1.0 (/opt/ros/iron/share/rmw_implementation_cmake/cmake)
[6.813s] -- Found rmw_fastrtps_cpp: 7.1.2 (/opt/ros/iron/share/rmw_fastrtps_cpp/cmake)
[7.534s] -- Found OpenSSL: /usr/lib/aarch64-linux-gnu/libcrypto.so (found version "3.0.2")  
[7.791s] -- Found FastRTPS: /opt/ros/iron/include  
[8.237s] -- Using RMW implementation 'rmw_fastrtps_cpp' as default
[8.970s] -- Found sensor_msgs: 5.0.0 (/opt/ros/iron/share/sensor_msgs/cmake)
[9.785s] -- Found visualization_msgs: 5.0.0 (/opt/ros/iron/share/visualization_msgs/cmake)
[10.377s] -- Found ament_lint_auto: 0.14.2 (/opt/ros/iron/share/ament_lint_auto/cmake)
[10.846s] -- Added test 'copyright' to check source files copyright and LICENSE
[11.134s] -- Added test 'cppcheck' to perform static code analysis on C / C++ code
[11.135s] -- Configured cppcheck include dirs: /home/racecar/racecar_ws/src/ydlidar_ros2/src;/home/racecar/racecar_ws/src/ydlidar_ros2/sdk/include;/home/racecar/racecar_ws/src/ydlidar_ros2/sdk/src
[11.135s] -- Configured cppcheck exclude dirs and/or files: 
[11.423s] -- Added test 'cpplint' to check C / C++ code against the Google style
[11.423s] -- Configured cpplint exclude dirs and/or files: 
[11.460s] -- Added test 'flake8' to check Python code syntax and style conventions
[11.461s] -- Configured 'flake8' exclude dirs and/or files: 
[11.533s] -- Added test 'lint_cmake' to check CMake code style
[11.570s] -- Added test 'pep257' to check Python code against some of the docstring style conventions in PEP 257
[11.857s] -- Added test 'uncrustify' to check C / C++ code style
[11.858s] -- Configured uncrustify additional arguments: 
[11.895s] -- Added test 'xmllint' to check XML markup files
[11.902s] -- Configuring done
[11.989s] -- Generating done
[11.996s] -- Build files have been written to: /home/racecar/racecar_ws/build/ydlidar
[12.033s] Invoked command in '/home/racecar/racecar_ws/build/ydlidar' returned '0': CMAKE_PREFIX_PATH=/opt/ros/iron /usr/bin/cmake /home/racecar/racecar_ws/src/ydlidar_ros2 -DAMENT_CMAKE_SYMLINK_INSTALL=1 -DCMAKE_INSTALL_PREFIX=/home/racecar/racecar_ws/install/ydlidar
[12.041s] Invoking command in '/home/racecar/racecar_ws/build/ydlidar': CMAKE_PREFIX_PATH=/opt/ros/iron /usr/bin/cmake --build /home/racecar/racecar_ws/build/ydlidar -- -j4 -l4
[12.253s] [ 18%] [32mBuilding CXX object CMakeFiles/ydlidar_client.dir/src/ydlidar_client.cpp.o[0m
[12.254s] [ 18%] [32mBuilding CXX object CMakeFiles/ydlidar_node.dir/src/ydlidar_node.cpp.o[0m
[12.258s] [ 27%] [32mBuilding CXX object CMakeFiles/ydlidar_node.dir/sdk/src/impl/unix/list_ports_linux.cpp.o[0m
[12.265s] [ 36%] [32mBuilding CXX object CMakeFiles/ydlidar_node.dir/sdk/src/CYdLidar.cpp.o[0m
[14.350s] In file included from [01m[K/home/racecar/racecar_ws/src/ydlidar_ros2/sdk/include/serial.h:9[m[K,
[14.351s]                  from [01m[K/home/racecar/racecar_ws/src/ydlidar_ros2/sdk/src/impl/unix/list_ports_linux.cpp:26[m[K:
[14.352s] [01m[K/home/racecar/racecar_ws/src/ydlidar_ros2/sdk/include/v8stdint.h:[m[K In function â€˜[01m[Kbool ydlidar::fileExists(std::string)[m[Kâ€™:
[14.353s] [01m[K/home/racecar/racecar_ws/src/ydlidar_ros2/sdk/include/v8stdint.h:240:24:[m[K [01;35m[Kwarning: [m[Kmissing initializer for member â€˜[01m[Kstat::st_ino[m[Kâ€™ [[01;35m[K]8;;https://gcc.gnu.org/onlinedocs/gcc/Warning-Options.html#index-Wmissing-field-initializers-Wmissing-field-initializers]8;;[m[K]
[14.354s]   240 |   struct stat info = {0[01;35m[K}[m[K;
[14.354s]       |                        [01;35m[K^[m[K
[14.355s] [01m[K/home/racecar/racecar_ws/src/ydlidar_ros2/sdk/include/v8stdint.h:240:24:[m[K [01;35m[Kwarning: [m[Kmissing initializer for member â€˜[01m[Kstat::st_mode[m[Kâ€™ [[01;35m[K]8;;https://gcc.gnu.org/onlinedocs/gcc/Warning-Options.html#index-Wmissing-field-initializers-Wmissing-field-initializers]8;;[m[K]
[14.356s] [01m[K/home/racecar/racecar_ws/src/ydlidar_ros2/sdk/include/v8stdint.h:240:24:[m[K [01;35m[Kwarning: [m[Kmissing initializer for member â€˜[01m[Kstat::st_nlink[m[Kâ€™ [[01;35m[K]8;;https://gcc.gnu.org/onlinedocs/gcc/Warning-Options.html#index-Wmissing-field-initializers-Wmissing-field-initializers]8;;[m[K]
[14.357s] [01m[K/home/racecar/racecar_ws/src/ydlidar_ros2/sdk/include/v8stdint.h:240:24:[m[K [01;35m[Kwarning: [m[Kmissing initializer for member â€˜[01m[Kstat::st_uid[m[Kâ€™ [[01;35m[K]8;;https://gcc.gnu.org/onlinedocs/gcc/Warning-Options.html#index-Wmissing-field-initializers-Wmissing-field-initializers]8;;[m[K]
[14.358s] [01m[K/home/racecar/racecar_ws/src/ydlidar_ros2/sdk/include/v8stdint.h:240:24:[m[K [01;35m[Kwarning: [m[Kmissing initializer for member â€˜[01m[Kstat::st_gid[m[Kâ€™ [[01;35m[K]8;;https://gcc.gnu.org/onlinedocs/gcc/Warning-Options.html#index-Wmissing-field-initializers-Wmissing-field-initializers]8;;[m[K]
[14.371s] [01m[K/home/racecar/racecar_ws/src/ydlidar_ros2/sdk/include/v8stdint.h:240:24:[m[K [01;35m[Kwarning: [m[Kmissing initializer for member â€˜[01m[Kstat::st_rdev[m[Kâ€™ [[01;35m[K]8;;https://gcc.gnu.org/onlinedocs/gcc/Warning-Options.html#index-Wmissing-field-initializers-Wmissing-field-initializers]8;;[m[K]
[14.372s] [01m[K/home/racecar/racecar_ws/src/ydlidar_ros2/sdk/include/v8stdint.h:240:24:[m[K [01;35m[Kwarning: [m[Kmissing initializer for member â€˜[01m[Kstat::__pad1[m[Kâ€™ [[01;35m[K]8;;https://gcc.gnu.org/onlinedocs/gcc/Warning-Options.html#index-Wmissing-field-initializers-Wmissing-field-initializers]8;;[m[K]
[14.373s] [01m[K/home/racecar/racecar_ws/src/ydlidar_ros2/sdk/include/v8stdint.h:240:24:[m[K [01;35m[Kwarning: [m[Kmissing initializer for member â€˜[01m[Kstat::st_size[m[Kâ€™ [[01;35m[K]8;;https://gcc.gnu.org/onlinedocs/gcc/Warning-Options.html#index-Wmissing-field-initializers-Wmissing-field-initializers]8;;[m[K]
[14.374s] [01m[K/home/racecar/racecar_ws/src/ydlidar_ros2/sdk/include/v8stdint.h:240:24:[m[K [01;35m[Kwarning: [m[Kmissing initializer for member â€˜[01m[Kstat::st_blksize[m[Kâ€™ [[01;35m[K]8;;https://gcc.gnu.org/onlinedocs/gcc/Warning-Options.html#index-Wmissing-field-initializers-Wmissing-field-initializers]8;;[m[K]
[14.375s] [01m[K/home/racecar/racecar_ws/src/ydlidar_ros2/sdk/include/v8stdint.h:240:24:[m[K [01;35m[Kwarning: [m[Kmissing initializer for member â€˜[01m[Kstat::__pad2[m[Kâ€™ [[01;35m[K]8;;https://gcc.gnu.org/onlinedocs/gcc/Warning-Options.html#index-Wmissing-field-initializers-Wmissing-field-initializers]8;;[m[K]
[14.379s] [01m[K/home/racecar/racecar_ws/src/ydlidar_ros2/sdk/include/v8stdint.h:240:24:[m[K [01;35m[Kwarning: [m[Kmissing initializer for member â€˜[01m[Kstat::st_blocks[m[Kâ€™ [[01;35m[K]8;;https://gcc.gnu.org/onlinedocs/gcc/Warning-Options.html#index-Wmissing-field-initializers-Wmissing-field-initializers]8;;[m[K]
[14.380s] [01m[K/home/racecar/racecar_ws/src/ydlidar_ros2/sdk/include/v8stdint.h:240:24:[m[K [01;35m[Kwarning: [m[Kmissing initializer for member â€˜[01m[Kstat::st_atim[m[Kâ€™ [[01;35m[K]8;;https://gcc.gnu.org/onlinedocs/gcc/Warning-Options.html#index-Wmissing-field-initializers-Wmissing-field-initializers]8;;[m[K]
[14.381s] [01m[K/home/racecar/racecar_ws/src/ydlidar_ros2/sdk/include/v8stdint.h:240:24:[m[K [01;35m[Kwarning: [m[Kmissing initializer for member â€˜[01m[Kstat::st_mtim[m[Kâ€™ [[01;35m[K]8;;https://gcc.gnu.org/onlinedocs/gcc/Warning-Options.html#index-Wmissing-field-initializers-Wmissing-field-initializers]8;;[m[K]
[14.382s] [01m[K/home/racecar/racecar_ws/src/ydlidar_ros2/sdk/include/v8stdint.h:240:24:[m[K [01;35m[Kwarning: [m[Kmissing initializer for member â€˜[01m[Kstat::st_ctim[m[Kâ€™ [[01;35m[K]8;;https://gcc.gnu.org/onlinedocs/gcc/Warning-Options.html#index-Wmissing-field-initializers-Wmissing-field-initializers]8;;[m[K]
[14.383s] [01m[K/home/racecar/racecar_ws/src/ydlidar_ros2/sdk/include/v8stdint.h:240:24:[m[K [01;35m[Kwarning: [m[Kmissing initializer for member â€˜[01m[Kstat::__glibc_reserved[m[Kâ€™ [[01;35m[K]8;;https://gcc.gnu.org/onlinedocs/gcc/Warning-Options.html#index-Wmissing-field-initializers-Wmissing-field-initializers]8;;[m[K]
[14.384s] [01m[K/home/racecar/racecar_ws/src/ydlidar_ros2/sdk/src/impl/unix/list_ports_linux.cpp:[m[K In function â€˜[01m[Kstd::vector<std::__cxx11::basic_string<char> > glob(const std::vector<std::__cxx11::basic_string<char> >&)[m[Kâ€™:
[14.385s] [01m[K/home/racecar/racecar_ws/src/ydlidar_ros2/sdk/src/impl/unix/list_ports_linux.cpp:58:7:[m[K [01;35m[Kwarning: [m[Kvariable â€˜[01m[Kglob_retval[m[Kâ€™ set but not used [[01;35m[K]8;;https://gcc.gnu.org/onlinedocs/gcc/Warning-Options.html#index-Wunused-but-set-variable-Wunused-but-set-variable]8;;[m[K]
[14.386s]    58 |   int [01;35m[Kglob_retval[m[K = glob(patterns[0].c_str(), 0, NULL, &glob_results);
[14.386s]       |       [01;35m[K^~~~~~~~~~~[m[K
[15.232s] In file included from [01m[K/home/racecar/racecar_ws/src/ydlidar_ros2/sdk/include/serial.h:9[m[K,
[15.234s]                  from [01m[K/home/racecar/racecar_ws/src/ydlidar_ros2/sdk/include/ydlidar_driver.h:54[m[K,
[15.235s]                  from [01m[K/home/racecar/racecar_ws/src/ydlidar_ros2/sdk/include/CYdLidar.h:36[m[K,
[15.235s]                  from [01m[K/home/racecar/racecar_ws/src/ydlidar_ros2/sdk/src/CYdLidar.cpp:34[m[K:
[15.236s] [01m[K/home/racecar/racecar_ws/src/ydlidar_ros2/sdk/include/v8stdint.h:[m[K In function â€˜[01m[Kbool ydlidar::fileExists(std::string)[m[Kâ€™:
[15.237s] [01m[K/home/racecar/racecar_ws/src/ydlidar_ros2/sdk/include/v8stdint.h:240:24:[m[K [01;35m[Kwarning: [m[Kmissing initializer for member â€˜[01m[Kstat::st_ino[m[Kâ€™ [[01;35m[K]8;;https://gcc.gnu.org/onlinedocs/gcc/Warning-Options.html#index-Wmissing-field-initializers-Wmissing-field-initializers]8;;[m[K]
[15.238s]   240 |   struct stat info = {0[01;35m[K}[m[K;
[15.239s]       |                        [01;35m[K^[m[K
[15.240s] [01m[K/home/racecar/racecar_ws/src/ydlidar_ros2/sdk/include/v8stdint.h:240:24:[m[K [01;35m[Kwarning: [m[Kmissing initializer for member â€˜[01m[Kstat::st_mode[m[Kâ€™ [[01;35m[K]8;;https://gcc.gnu.org/onlinedocs/gcc/Warning-Options.html#index-Wmissing-field-initializers-Wmissing-field-initializers]8;;[m[K]
[15.241s] [01m[K/home/racecar/racecar_ws/src/ydlidar_ros2/sdk/include/v8stdint.h:240:24:[m[K [01;35m[Kwarning: [m[Kmissing initializer for member â€˜[01m[Kstat::st_nlink[m[Kâ€™ [[01;35m[K]8;;https://gcc.gnu.org/onlinedocs/gcc/Warning-Options.html#index-Wmissing-field-initializers-Wmissing-field-initializers]8;;[m[K]
[15.242s] [01m[K/home/racecar/racecar_ws/src/ydlidar_ros2/sdk/include/v8stdint.h:240:24:[m[K [01;35m[Kwarning: [m[Kmissing initializer for member â€˜[01m[Kstat::st_uid[m[Kâ€™ [[01;35m[K]8;;https://gcc.gnu.org/onlinedocs/gcc/Warning-Options.html#index-Wmissing-field-initializers-Wmissing-field-initializers]8;;[m[K]
[15.259s] [01m[K/home/racecar/racecar_ws/src/ydlidar_ros2/sdk/include/v8stdint.h:240:24:[m[K [01;35m[Kwarning: [m[Kmissing initializer for member â€˜[01m[Kstat::st_gid[m[Kâ€™ [[01;35m[K]8;;https://gcc.gnu.org/onlinedocs/gcc/Warning-Options.html#index-Wmissing-field-initializers-Wmissing-field-initializers]8;;[m[K]
[15.260s] [01m[K/home/racecar/racecar_ws/src/ydlidar_ros2/sdk/include/v8stdint.h:240:24:[m[K [01;35m[Kwarning: [m[Kmissing initializer for member â€˜[01m[Kstat::st_rdev[m[Kâ€™ [[01;35m[K]8;;https://gcc.gnu.org/onlinedocs/gcc/Warning-Options.html#index-Wmissing-field-initializers-Wmissing-field-initializers]8;;[m[K]
[15.260s] [01m[K/home/racecar/racecar_ws/src/ydlidar_ros2/sdk/include/v8stdint.h:240:24:[m[K [01;35m[Kwarning: [m[Kmissing initializer for member â€˜[01m[Kstat::__pad1[m[Kâ€™ [[01;35m[K]8;;https://gcc.gnu.org/onlinedocs/gcc/Warning-Options.html#index-Wmissing-field-initializers-Wmissing-field-initializers]8;;[m[K]
[15.262s] [01m[K/home/racecar/racecar_ws/src/ydlidar_ros2/sdk/include/v8stdint.h:240:24:[m[K [01;35m[Kwarning: [m[Kmissing initializer for member â€˜[01m[Kstat::st_size[m[Kâ€™ [[01;35m[K]8;;https://gcc.gnu.org/onlinedocs/gcc/Warning-Options.html#index-Wmissing-field-initializers-Wmissing-field-initializers]8;;[m[K]
[15.263s] [01m[K/home/racecar/racecar_ws/src/ydlidar_ros2/sdk/include/v8stdint.h:240:24:[m[K [01;35m[Kwarning: [m[Kmissing initializer for member â€˜[01m[Kstat::st_blksize[m[Kâ€™ [[01;35m[K]8;;https://gcc.gnu.org/onlinedocs/gcc/Warning-Options.html#index-Wmissing-field-initializers-Wmissing-field-initializers]8;;[m[K]
[15.263s] [01m[K/home/racecar/racecar_ws/src/ydlidar_ros2/sdk/include/v8stdint.h:240:24:[m[K [01;35m[Kwarning: [m[Kmissing initializer for member â€˜[01m[Kstat::__pad2[m[Kâ€™ [[01;35m[K]8;;https://gcc.gnu.org/onlinedocs/gcc/Warning-Options.html#index-Wmissing-field-initializers-Wmissing-field-initializers]8;;[m[K]
[15.264s] [01m[K/home/racecar/racecar_ws/src/ydlidar_ros2/sdk/include/v8stdint.h:240:24:[m[K [01;35m[Kwarning: [m[Kmissing initializer for member â€˜[01m[Kstat::st_blocks[m[Kâ€™ [[01;35m[K]8;;https://gcc.gnu.org/onlinedocs/gcc/Warning-Options.html#index-Wmissing-field-initializers-Wmissing-field-initializers]8;;[m[K]
[15.265s] [01m[K/home/racecar/racecar_ws/src/ydlidar_ros2/sdk/include/v8stdint.h:240:24:[m[K [01;35m[Kwarning: [m[Kmissing initializer for member â€˜[01m[Kstat::st_atim[m[Kâ€™ [[01;35m[K]8;;https://gcc.gnu.org/onlinedocs/gcc/Warning-Options.html#index-Wmissing-field-initializers-Wmissing-field-initializers]8;;[m[K]
[15.266s] [01m[K/home/racecar/racecar_ws/src/ydlidar_ros2/sdk/include/v8stdint.h:240:24:[m[K [01;35m[Kwarning: [m[Kmissing initializer for member â€˜[01m[Kstat::st_mtim[m[Kâ€™ [[01;35m[K]8;;https://gcc.gnu.org/onlinedocs/gcc/Warning-Options.html#index-Wmissing-field-initializers-Wmissing-field-initializers]8;;[m[K]
[15.267s] [01m[K/home/racecar/racecar_ws/src/ydlidar_ros2/sdk/include/v8stdint.h:240:24:[m[K [01;35m[Kwarning: [m[Kmissing initializer for member â€˜[01m[Kstat::st_ctim[m[Kâ€™ [[01;35m[K]8;;https://gcc.gnu.org/onlinedocs/gcc/Warning-Options.html#index-Wmissing-field-initializers-Wmissing-field-initializers]8;;[m[K]
[15.268s] [01m[K/home/racecar/racecar_ws/src/ydlidar_ros2/sdk/include/v8stdint.h:240:24:[m[K [01;35m[Kwarning: [m[Kmissing initializer for member â€˜[01m[Kstat::__glibc_reserved[m[Kâ€™ [[01;35m[K]8;;https://gcc.gnu.org/onlinedocs/gcc/Warning-Options.html#index-Wmissing-field-initializers-Wmissing-field-initializers]8;;[m[K]
[15.269s] In file included from [01m[K/home/racecar/racecar_ws/src/ydlidar_ros2/sdk/include/ydlidar_driver.h:56[m[K,
[15.269s]                  from [01m[K/home/racecar/racecar_ws/src/ydlidar_ros2/sdk/include/CYdLidar.h:36[m[K,
[15.271s]                  from [01m[K/home/racecar/racecar_ws/src/ydlidar_ros2/sdk/src/CYdLidar.cpp:34[m[K:
[15.283s] [01m[K/home/racecar/racecar_ws/src/ydlidar_ros2/sdk/include/thread.h:[m[K In static member function â€˜[01m[Kstatic Thread Thread::createThread(thread_proc_t, void*)[m[Kâ€™:
[15.284s] [01m[K/home/racecar/racecar_ws/src/ydlidar_ros2/sdk/include/thread.h:43:57:[m[K [01;35m[Kwarning: [m[Kcast between incompatible function types from â€˜[01m[Kthread_proc_t[m[Kâ€™ {aka â€˜[01m[Klong unsigned int (*)(void*)[m[Kâ€™} to â€˜[01m[Kvoid* (*)(void*)[m[Kâ€™ [[01;35m[K]8;;https://gcc.gnu.org/onlinedocs/gcc/Warning-Options.html#index-Wcast-function-type-Wcast-function-type]8;;[m[K]
[15.285s]    43 |     pthread_create((pthread_t *)&thread_._handle, NULL, [01;35m[K(void *(*)(void *))proc[m[K,
[15.286s]       |                                                         [01;35m[K^~~~~~~~~~~~~~~~~~~~~~~[m[K
[15.287s] In file included from [01m[K/home/racecar/racecar_ws/src/ydlidar_ros2/sdk/include/ydlidar_driver.h:58[m[K,
[15.288s]                  from [01m[K/home/racecar/racecar_ws/src/ydlidar_ros2/sdk/include/CYdLidar.h:36[m[K,
[15.288s]                  from [01m[K/home/racecar/racecar_ws/src/ydlidar_ros2/sdk/src/CYdLidar.cpp:34[m[K:
[15.289s] [01m[K/home/racecar/racecar_ws/src/ydlidar_ros2/sdk/include/help_info.h:[m[K In function â€˜[01m[Kbool ydlidar::isSupportMotorCtrl(int)[m[Kâ€™:
[15.290s] [01m[K/home/racecar/racecar_ws/src/ydlidar_ros2/sdk/include/help_info.h:414:8:[m[K [01;35m[Kwarning: [m[Kvariable â€˜[01m[Kret[m[Kâ€™ set but not used [[01;35m[K]8;;https://gcc.gnu.org/onlinedocs/gcc/Warning-Options.html#index-Wunused-but-set-variable-Wunused-but-set-variable]8;;[m[K]
[15.291s]   414 |   bool [01;35m[Kret[m[K = false;
[15.292s]       |        [01;35m[K^~~[m[K
[15.572s] [ 45%] [32mBuilding CXX object CMakeFiles/ydlidar_node.dir/sdk/src/impl/unix/unix_serial.cpp.o[0m
[16.268s] [01m[K/home/racecar/racecar_ws/src/ydlidar_ros2/sdk/src/CYdLidar.cpp:[m[K In member function â€˜[01m[Kbool CYdLidar::doProcessSimple(LaserScan&, bool&)[m[Kâ€™:
[16.269s] [01m[K/home/racecar/racecar_ws/src/ydlidar_ros2/sdk/src/CYdLidar.cpp:216:23:[m[K [01;35m[Kwarning: [m[Kcomparison of integer expressions of different signedness: â€˜[01m[Kint[m[Kâ€™ and â€˜[01m[Ksize_t[m[Kâ€™ {aka â€˜[01m[Klong unsigned int[m[Kâ€™} [[01;35m[K]8;;https://gcc.gnu.org/onlinedocs/gcc/Warning-Options.html#index-Wsign-compare-Wsign-compare]8;;[m[K]
[16.270s]   216 |     for (int i = 0; [01;35m[Ki < count[m[K; i++) {
[16.271s]       |                     [01;35m[K~~^~~~~~~[m[K
[17.048s] In file included from [01m[K/home/racecar/racecar_ws/src/ydlidar_ros2/sdk/include/ydlidar_driver.h:58[m[K,
[17.049s]                  from [01m[K/home/racecar/racecar_ws/src/ydlidar_ros2/sdk/include/CYdLidar.h:36[m[K,
[17.050s]                  from [01m[K/home/racecar/racecar_ws/src/ydlidar_ros2/sdk/src/CYdLidar.cpp:34[m[K:
[17.051s] [01m[K/home/racecar/racecar_ws/src/ydlidar_ros2/sdk/include/help_info.h:[m[K In function â€˜[01m[Kbool ydlidar::ParseLaserDebugInfo(const LaserDebug&, device_info&)[m[Kâ€™:
[17.052s] [01m[K/home/racecar/racecar_ws/src/ydlidar_ros2/sdk/include/help_info.h:679:67:[m[K [01;35m[Kwarning: [m[Kâ€˜[01m[Ksprintf[m[Kâ€™ writing a terminating nul past the end of the destination [[01;35m[K]8;;https://gcc.gnu.org/onlinedocs/gcc/Warning-Options.html#index-Wformat-overflow=-Wformat-overflow=]8;;[m[K]
[17.053s]   679 |       sprintf(reinterpret_cast<char *>(value.serialnum + 8), "%08d[01;35m[K"[m[K, Number);
[17.054s]       |                                                                   [01;35m[K^[m[K
[17.055s] [01m[K/home/racecar/racecar_ws/src/ydlidar_ros2/sdk/include/help_info.h:679:14:[m[K [01;36m[Knote: [m[Kâ€˜[01m[Ksprintf[m[Kâ€™ output 9 bytes into a destination of size 8
[17.055s]   679 |       [01;36m[Ksprintf(reinterpret_cast<char *>(value.serialnum + 8), "%08d", Number)[m[K;
[17.056s]       |       [01;36m[K~~~~~~~^~~~~~~~~~~~~~~~~~~~~~~~~~~~~~~~~~~~~~~~~~~~~~~~~~~~~~~~~~~~~~~[m[K
[18.174s] In file included from [01m[K/home/racecar/racecar_ws/src/ydlidar_ros2/sdk/include/serial.h:9[m[K,
[18.175s]                  from [01m[K/home/racecar/racecar_ws/src/ydlidar_ros2/sdk/src/impl/unix/unix_serial.h:9[m[K,
[18.176s]                  from [01m[K/home/racecar/racecar_ws/src/ydlidar_ros2/sdk/src/impl/unix/unix_serial.cpp:39[m[K:
[18.177s] [01m[K/home/racecar/racecar_ws/src/ydlidar_ros2/sdk/include/v8stdint.h:[m[K In function â€˜[01m[Kbool ydlidar::fileExists(std::string)[m[Kâ€™:
[18.179s] [01m[K/home/racecar/racecar_ws/src/ydlidar_ros2/sdk/include/v8stdint.h:240:24:[m[K [01;35m[Kwarning: [m[Kmissing initializer for member â€˜[01m[Kstat::st_ino[m[Kâ€™ [[01;35m[K]8;;https://gcc.gnu.org/onlinedocs/gcc/Warning-Options.html#index-Wmissing-field-initializers-Wmissing-field-initializers]8;;[m[K]
[18.180s]   240 |   struct stat info = {0[01;35m[K}[m[K;
[18.181s]       |                        [01;35m[K^[m[K
[18.182s] [01m[K/home/racecar/racecar_ws/src/ydlidar_ros2/sdk/include/v8stdint.h:240:24:[m[K [01;35m[Kwarning: [m[Kmissing initializer for member â€˜[01m[Kstat::st_mode[m[Kâ€™ [[01;35m[K]8;;https://gcc.gnu.org/onlinedocs/gcc/Warning-Options.html#index-Wmissing-field-initializers-Wmissing-field-initializers]8;;[m[K]
[18.183s] [01m[K/home/racecar/racecar_ws/src/ydlidar_ros2/sdk/include/v8stdint.h:240:24:[m[K [01;35m[Kwarning: [m[Kmissing initializer for member â€˜[01m[Kstat::st_nlink[m[Kâ€™ [[01;35m[K]8;;https://gcc.gnu.org/onlinedocs/gcc/Warning-Options.html#index-Wmissing-field-initializers-Wmissing-field-initializers]8;;[m[K]
[18.184s] [01m[K/home/racecar/racecar_ws/src/ydlidar_ros2/sdk/include/v8stdint.h:240:24:[m[K [01;35m[Kwarning: [m[Kmissing initializer for member â€˜[01m[Kstat::st_uid[m[Kâ€™ [[01;35m[K]8;;https://gcc.gnu.org/onlinedocs/gcc/Warning-Options.html#index-Wmissing-field-initializers-Wmissing-field-initializers]8;;[m[K]
[18.185s] [01m[K/home/racecar/racecar_ws/src/ydlidar_ros2/sdk/include/v8stdint.h:240:24:[m[K [01;35m[Kwarning: [m[Kmissing initializer for member â€˜[01m[Kstat::st_gid[m[Kâ€™ [[01;35m[K]8;;https://gcc.gnu.org/onlinedocs/gcc/Warning-Options.html#index-Wmissing-field-initializers-Wmissing-field-initializers]8;;[m[K]
[18.186s] [01m[K/home/racecar/racecar_ws/src/ydlidar_ros2/sdk/include/v8stdint.h:240:24:[m[K [01;35m[Kwarning: [m[Kmissing initializer for member â€˜[01m[Kstat::st_rdev[m[Kâ€™ [[01;35m[K]8;;https://gcc.gnu.org/onlinedocs/gcc/Warning-Options.html#index-Wmissing-field-initializers-Wmissing-field-initializers]8;;[m[K]
[18.187s] [01m[K/home/racecar/racecar_ws/src/ydlidar_ros2/sdk/include/v8stdint.h:240:24:[m[K [01;35m[Kwarning: [m[Kmissing initializer for member â€˜[01m[Kstat::__pad1[m[Kâ€™ [[01;35m[K]8;;https://gcc.gnu.org/onlinedocs/gcc/Warning-Options.html#index-Wmissing-field-initializers-Wmissing-field-initializers]8;;[m[K]
[18.188s] [01m[K/home/racecar/racecar_ws/src/ydlidar_ros2/sdk/include/v8stdint.h:240:24:[m[K [01;35m[Kwarning: [m[Kmissing initializer for member â€˜[01m[Kstat::st_size[m[Kâ€™ [[01;35m[K]8;;https://gcc.gnu.org/onlinedocs/gcc/Warning-Options.html#index-Wmissing-field-initializers-Wmissing-field-initializers]8;;[m[K]
[18.189s] [01m[K/home/racecar/racecar_ws/src/ydlidar_ros2/sdk/include/v8stdint.h:240:24:[m[K [01;35m[Kwarning: [m[Kmissing initializer for member â€˜[01m[Kstat::st_blksize[m[Kâ€™ [[01;35m[K]8;;https://gcc.gnu.org/onlinedocs/gcc/Warning-Options.html#index-Wmissing-field-initializers-Wmissing-field-initializers]8;;[m[K]
[18.203s] [01m[K/home/racecar/racecar_ws/src/ydlidar_ros2/sdk/include/v8stdint.h:240:24:[m[K [01;35m[Kwarning: [m[Kmissing initializer for member â€˜[01m[Kstat::__pad2[m[Kâ€™ [[01;35m[K]8;;https://gcc.gnu.org/onlinedocs/gcc/Warning-Options.html#index-Wmissing-field-initializers-Wmissing-field-initializers]8;;[m[K]
[18.204s] [01m[K/home/racecar/racecar_ws/src/ydlidar_ros2/sdk/include/v8stdint.h:240:24:[m[K [01;35m[Kwarning: [m[Kmissing initializer for member â€˜[01m[Kstat::st_blocks[m[Kâ€™ [[01;35m[K]8;;https://gcc.gnu.org/onlinedocs/gcc/Warning-Options.html#index-Wmissing-field-initializers-Wmissing-field-initializers]8;;[m[K]
[18.205s] [01m[K/home/racecar/racecar_ws/src/ydlidar_ros2/sdk/include/v8stdint.h:240:24:[m[K [01;35m[Kwarning: [m[Kmissing initializer for member â€˜[01m[Kstat::st_atim[m[Kâ€™ [[01;35m[K]8;;https://gcc.gnu.org/onlinedocs/gcc/Warning-Options.html#index-Wmissing-field-initializers-Wmissing-field-initializers]8;;[m[K]
[18.207s] [01m[K/home/racecar/racecar_ws/src/ydlidar_ros2/sdk/include/v8stdint.h:240:24:[m[K [01;35m[Kwarning: [m[Kmissing initializer for member â€˜[01m[Kstat::st_mtim[m[Kâ€™ [[01;35m[K]8;;https://gcc.gnu.org/onlinedocs/gcc/Warning-Options.html#index-Wmissing-field-initializers-Wmissing-field-initializers]8;;[m[K]
[18.208s] [01m[K/home/racecar/racecar_ws/src/ydlidar_ros2/sdk/include/v8stdint.h:240:24:[m[K [01;35m[Kwarning: [m[Kmissing initializer for member â€˜[01m[Kstat::st_ctim[m[Kâ€™ [[01;35m[K]8;;https://gcc.gnu.org/onlinedocs/gcc/Warning-Options.html#index-Wmissing-field-initializers-Wmissing-field-initializers]8;;[m[K]
[18.209s] [01m[K/home/racecar/racecar_ws/src/ydlidar_ros2/sdk/include/v8stdint.h:240:24:[m[K [01;35m[Kwarning: [m[Kmissing initializer for member â€˜[01m[Kstat::__glibc_reserved[m[Kâ€™ [[01;35m[K]8;;https://gcc.gnu.org/onlinedocs/gcc/Warning-Options.html#index-Wmissing-field-initializers-Wmissing-field-initializers]8;;[m[K]
[18.250s] [01m[K/home/racecar/racecar_ws/src/ydlidar_ros2/sdk/src/impl/unix/unix_serial.cpp:[m[K In member function â€˜[01m[Kbool serial::Serial::SerialImpl::setCustomBaudRate(long unsigned int)[m[Kâ€™:
[18.251s] [01m[K/home/racecar/racecar_ws/src/ydlidar_ros2/sdk/src/impl/unix/unix_serial.cpp:1235:40:[m[K [01;35m[Kwarning: [m[Kcomparison of integer expressions of different signedness: â€˜[01m[Klong unsigned int[m[Kâ€™ and â€˜[01m[Kint[m[Kâ€™ [[01;35m[K]8;;https://gcc.gnu.org/onlinedocs/gcc/Warning-Options.html#index-Wsign-compare-Wsign-compare]8;;[m[K]
[18.252s]  1235 |   if ([01;35m[Kserial.custom_divisor * baudrate != serial.baud_base[m[K) {
[18.253s]       |       [01;35m[K~~~~~~~~~~~~~~~~~~~~~~~~~~~~~~~~~^~~~~~~~~~~~~~~~~~~[m[K
[18.576s] [ 54%] [32mBuilding CXX object CMakeFiles/ydlidar_node.dir/sdk/src/impl/unix/unix_timer.cpp.o[0m
[18.880s] [ 63%] [32mBuilding C object CMakeFiles/ydlidar_node.dir/sdk/src/lock.c.o[0m
[19.437s] [01m[K/home/racecar/racecar_ws/src/ydlidar_ros2/sdk/src/lock.c:[m[K In function â€˜[01m[Kfhs_lock[m[Kâ€™:
[19.460s] [01m[K/home/racecar/racecar_ws/src/ydlidar_ros2/sdk/src/lock.c:199:40:[m[K [01;35m[Kwarning: [m[Kunused parameter â€˜[01m[Kpid[m[Kâ€™ [[01;35m[K]8;;https://gcc.gnu.org/onlinedocs/gcc/Warning-Options.html#index-Wunused-parameter-Wunused-parameter]8;;[m[K]
[19.461s]   199 | int fhs_lock(const char *filename, [01;35m[Kint pid[m[K) {
[19.462s]       |                                    [01;35m[K~~~~^~~[m[K
[19.463s] [01m[K/home/racecar/racecar_ws/src/ydlidar_ros2/sdk/src/lock.c:[m[K In function â€˜[01m[Kuucp_lock[m[Kâ€™:
[19.464s] [01m[K/home/racecar/racecar_ws/src/ydlidar_ros2/sdk/src/lock.c:281:41:[m[K [01;35m[Kwarning: [m[Kunused parameter â€˜[01m[Kpid[m[Kâ€™ [[01;35m[K]8;;https://gcc.gnu.org/onlinedocs/gcc/Warning-Options.html#index-Wunused-parameter-Wunused-parameter]8;;[m[K]
[19.465s]   281 | int uucp_lock(const char *filename, [01;35m[Kint pid[m[K) {
[19.466s]       |                                     [01;35m[K~~~~^~~[m[K
[19.639s] [ 72%] [32mBuilding CXX object CMakeFiles/ydlidar_node.dir/sdk/src/serial.cpp.o[0m
[20.077s] In file included from [01m[K/home/racecar/racecar_ws/src/ydlidar_ros2/sdk/include/timer.h:2[m[K,
[20.078s]                  from [01m[K/home/racecar/racecar_ws/src/ydlidar_ros2/sdk/src/impl/unix/unix_timer.cpp:2[m[K:
[20.079s] [01m[K/home/racecar/racecar_ws/src/ydlidar_ros2/sdk/include/v8stdint.h:[m[K In function â€˜[01m[Kbool ydlidar::fileExists(std::string)[m[Kâ€™:
[20.081s] [01m[K/home/racecar/racecar_ws/src/ydlidar_ros2/sdk/include/v8stdint.h:240:24:[m[K [01;35m[Kwarning: [m[Kmissing initializer for member â€˜[01m[Kstat::st_ino[m[Kâ€™ [[01;35m[K]8;;https://gcc.gnu.org/onlinedocs/gcc/Warning-Options.html#index-Wmissing-field-initializers-Wmissing-field-initializers]8;;[m[K]
[20.082s]   240 |   struct stat info = {0[01;35m[K}[m[K;
[20.083s]       |                        [01;35m[K^[m[K
[20.084s] [01m[K/home/racecar/racecar_ws/src/ydlidar_ros2/sdk/include/v8stdint.h:240:24:[m[K [01;35m[Kwarning: [m[Kmissing initializer for member â€˜[01m[Kstat::st_mode[m[Kâ€™ [[01;35m[K]8;;https://gcc.gnu.org/onlinedocs/gcc/Warning-Options.html#index-Wmissing-field-initializers-Wmissing-field-initializers]8;;[m[K]
[20.086s] [01m[K/home/racecar/racecar_ws/src/ydlidar_ros2/sdk/include/v8stdint.h:240:24:[m[K [01;35m[Kwarning: [m[Kmissing initializer for member â€˜[01m[Kstat::st_nlink[m[Kâ€™ [[01;35m[K]8;;https://gcc.gnu.org/onlinedocs/gcc/Warning-Options.html#index-Wmissing-field-initializers-Wmissing-field-initializers]8;;[m[K]
[20.087s] [01m[K/home/racecar/racecar_ws/src/ydlidar_ros2/sdk/include/v8stdint.h:240:24:[m[K [01;35m[Kwarning: [m[Kmissing initializer for member â€˜[01m[Kstat::st_uid[m[Kâ€™ [[01;35m[K]8;;https://gcc.gnu.org/onlinedocs/gcc/Warning-Options.html#index-Wmissing-field-initializers-Wmissing-field-initializers]8;;[m[K]
[20.089s] [01m[K/home/racecar/racecar_ws/src/ydlidar_ros2/sdk/include/v8stdint.h:240:24:[m[K [01;35m[Kwarning: [m[Kmissing initializer for member â€˜[01m[Kstat::st_gid[m[Kâ€™ [[01;35m[K]8;;https://gcc.gnu.org/onlinedocs/gcc/Warning-Options.html#index-Wmissing-field-initializers-Wmissing-field-initializers]8;;[m[K]
[20.090s] [01m[K/home/racecar/racecar_ws/src/ydlidar_ros2/sdk/include/v8stdint.h:240:24:[m[K [01;35m[Kwarning: [m[Kmissing initializer for member â€˜[01m[Kstat::st_rdev[m[Kâ€™ [[01;35m[K]8;;https://gcc.gnu.org/onlinedocs/gcc/Warning-Options.html#index-Wmissing-field-initializers-Wmissing-field-initializers]8;;[m[K]
[20.091s] [01m[K/home/racecar/racecar_ws/src/ydlidar_ros2/sdk/include/v8stdint.h:240:24:[m[K [01;35m[Kwarning: [m[Kmissing initializer for member â€˜[01m[Kstat::__pad1[m[Kâ€™ [[01;35m[K]8;;https://gcc.gnu.org/onlinedocs/gcc/Warning-Options.html#index-Wmissing-field-initializers-Wmissing-field-initializers]8;;[m[K]
[20.094s] [01m[K/home/racecar/racecar_ws/src/ydlidar_ros2/sdk/include/v8stdint.h:240:24:[m[K [01;35m[Kwarning: [m[Kmissing initializer for member â€˜[01m[Kstat::st_size[m[Kâ€™ [[01;35m[K]8;;https://gcc.gnu.org/onlinedocs/gcc/Warning-Options.html#index-Wmissing-field-initializers-Wmissing-field-initializers]8;;[m[K]
[20.095s] [01m[K/home/racecar/racecar_ws/src/ydlidar_ros2/sdk/include/v8stdint.h:240:24:[m[K [01;35m[Kwarning: [m[Kmissing initializer for member â€˜[01m[Kstat::st_blksize[m[Kâ€™ [[01;35m[K]8;;https://gcc.gnu.org/onlinedocs/gcc/Warning-Options.html#index-Wmissing-field-initializers-Wmissing-field-initializers]8;;[m[K]
[20.096s] [01m[K/home/racecar/racecar_ws/src/ydlidar_ros2/sdk/include/v8stdint.h:240:24:[m[K [01;35m[Kwarning: [m[Kmissing initializer for member â€˜[01m[Kstat::__pad2[m[Kâ€™ [[01;35m[K]8;;https://gcc.gnu.org/onlinedocs/gcc/Warning-Options.html#index-Wmissing-field-initializers-Wmissing-field-initializers]8;;[m[K]
[20.111s] [01m[K/home/racecar/racecar_ws/src/ydlidar_ros2/sdk/include/v8stdint.h:240:24:[m[K [01;35m[Kwarning: [m[Kmissing initializer for member â€˜[01m[Kstat::st_blocks[m[Kâ€™ [[01;35m[K]8;;https://gcc.gnu.org/onlinedocs/gcc/Warning-Options.html#index-Wmissing-field-initializers-Wmissing-field-initializers]8;;[m[K]
[20.112s] [01m[K/home/racecar/racecar_ws/src/ydlidar_ros2/sdk/include/v8stdint.h:240:24:[m[K [01;35m[Kwarning: [m[Kmissing initializer for member â€˜[01m[Kstat::st_atim[m[Kâ€™ [[01;35m[K]8;;https://gcc.gnu.org/onlinedocs/gcc/Warning-Options.html#index-Wmissing-field-initializers-Wmissing-field-initializers]8;;[m[K]
[20.113s] [01m[K/home/racecar/racecar_ws/src/ydlidar_ros2/sdk/include/v8stdint.h:240:24:[m[K [01;35m[Kwarning: [m[Kmissing initializer for member â€˜[01m[Kstat::st_mtim[m[Kâ€™ [[01;35m[K]8;;https://gcc.gnu.org/onlinedocs/gcc/Warning-Options.html#index-Wmissing-field-initializers-Wmissing-field-initializers]8;;[m[K]
[20.114s] [01m[K/home/racecar/racecar_ws/src/ydlidar_ros2/sdk/include/v8stdint.h:240:24:[m[K [01;35m[Kwarning: [m[Kmissing initializer for member â€˜[01m[Kstat::st_ctim[m[Kâ€™ [[01;35m[K]8;;https://gcc.gnu.org/onlinedocs/gcc/Warning-Options.html#index-Wmissing-field-initializers-Wmissing-field-initializers]8;;[m[K]
[20.114s] [01m[K/home/racecar/racecar_ws/src/ydlidar_ros2/sdk/include/v8stdint.h:240:24:[m[K [01;35m[Kwarning: [m[Kmissing initializer for member â€˜[01m[Kstat::__glibc_reserved[m[Kâ€™ [[01;35m[K]8;;https://gcc.gnu.org/onlinedocs/gcc/Warning-Options.html#index-Wmissing-field-initializers-Wmissing-field-initializers]8;;[m[K]
[20.346s] [ 81%] [32mBuilding CXX object CMakeFiles/ydlidar_node.dir/sdk/src/ydlidar_driver.cpp.o[0m
[23.004s] In file included from [01m[K/home/racecar/racecar_ws/src/ydlidar_ros2/sdk/include/serial.h:9[m[K,
[23.009s]                  from [01m[K/home/racecar/racecar_ws/src/ydlidar_ros2/sdk/src/serial.cpp:11[m[K:
[23.010s] [01m[K/home/racecar/racecar_ws/src/ydlidar_ros2/sdk/include/v8stdint.h:[m[K In function â€˜[01m[Kbool ydlidar::fileExists(std::string)[m[Kâ€™:
[23.012s] [01m[K/home/racecar/racecar_ws/src/ydlidar_ros2/sdk/include/v8stdint.h:240:24:[m[K [01;35m[Kwarning: [m[Kmissing initializer for member â€˜[01m[Kstat::st_ino[m[Kâ€™ [[01;35m[K]8;;https://gcc.gnu.org/onlinedocs/gcc/Warning-Options.html#index-Wmissing-field-initializers-Wmissing-field-initializers]8;;[m[K]
[23.012s]   240 |   struct stat info = {0[01;35m[K}[m[K;
[23.013s]       |                        [01;35m[K^[m[K
[23.014s] [01m[K/home/racecar/racecar_ws/src/ydlidar_ros2/sdk/include/v8stdint.h:240:24:[m[K [01;35m[Kwarning: [m[Kmissing initializer for member â€˜[01m[Kstat::st_mode[m[Kâ€™ [[01;35m[K]8;;https://gcc.gnu.org/onlinedocs/gcc/Warning-Options.html#index-Wmissing-field-initializers-Wmissing-field-initializers]8;;[m[K]
[23.015s] [01m[K/home/racecar/racecar_ws/src/ydlidar_ros2/sdk/include/v8stdint.h:240:24:[m[K [01;35m[Kwarning: [m[Kmissing initializer for member â€˜[01m[Kstat::st_nlink[m[Kâ€™ [[01;35m[K]8;;https://gcc.gnu.org/onlinedocs/gcc/Warning-Options.html#index-Wmissing-field-initializers-Wmissing-field-initializers]8;;[m[K]
[23.016s] [01m[K/home/racecar/racecar_ws/src/ydlidar_ros2/sdk/include/v8stdint.h:240:24:[m[K [01;35m[Kwarning: [m[Kmissing initializer for member â€˜[01m[Kstat::st_uid[m[Kâ€™ [[01;35m[K]8;;https://gcc.gnu.org/onlinedocs/gcc/Warning-Options.html#index-Wmissing-field-initializers-Wmissing-field-initializers]8;;[m[K]
[23.017s] [01m[K/home/racecar/racecar_ws/src/ydlidar_ros2/sdk/include/v8stdint.h:240:24:[m[K [01;35m[Kwarning: [m[Kmissing initializer for member â€˜[01m[Kstat::st_gid[m[Kâ€™ [[01;35m[K]8;;https://gcc.gnu.org/onlinedocs/gcc/Warning-Options.html#index-Wmissing-field-initializers-Wmissing-field-initializers]8;;[m[K]
[23.018s] [01m[K/home/racecar/racecar_ws/src/ydlidar_ros2/sdk/include/v8stdint.h:240:24:[m[K [01;35m[Kwarning: [m[Kmissing initializer for member â€˜[01m[Kstat::st_rdev[m[Kâ€™ [[01;35m[K]8;;https://gcc.gnu.org/onlinedocs/gcc/Warning-Options.html#index-Wmissing-field-initializers-Wmissing-field-initializers]8;;[m[K]
[23.019s] [01m[K/home/racecar/racecar_ws/src/ydlidar_ros2/sdk/include/v8stdint.h:240:24:[m[K [01;35m[Kwarning: [m[Kmissing initializer for member â€˜[01m[Kstat::__pad1[m[Kâ€™ [[01;35m[K]8;;https://gcc.gnu.org/onlinedocs/gcc/Warning-Options.html#index-Wmissing-field-initializers-Wmissing-field-initializers]8;;[m[K]
[23.032s] [01m[K/home/racecar/racecar_ws/src/ydlidar_ros2/sdk/include/v8stdint.h:240:24:[m[K [01;35m[Kwarning: [m[Kmissing initializer for member â€˜[01m[Kstat::st_size[m[Kâ€™ [[01;35m[K]8;;https://gcc.gnu.org/onlinedocs/gcc/Warning-Options.html#index-Wmissing-field-initializers-Wmissing-field-initializers]8;;[m[K]
[23.033s] [01m[K/home/racecar/racecar_ws/src/ydlidar_ros2/sdk/include/v8stdint.h:240:24:[m[K [01;35m[Kwarning: [m[Kmissing initializer for member â€˜[01m[Kstat::st_blksize[m[Kâ€™ [[01;35m[K]8;;https://gcc.gnu.org/onlinedocs/gcc/Warning-Options.html#index-Wmissing-field-initializers-Wmissing-field-initializers]8;;[m[K]
[23.034s] [01m[K/home/racecar/racecar_ws/src/ydlidar_ros2/sdk/include/v8stdint.h:240:24:[m[K [01;35m[Kwarning: [m[Kmissing initializer for member â€˜[01m[Kstat::__pad2[m[Kâ€™ [[01;35m[K]8;;https://gcc.gnu.org/onlinedocs/gcc/Warning-Options.html#index-Wmissing-field-initializers-Wmissing-field-initializers]8;;[m[K]
[23.034s] [01m[K/home/racecar/racecar_ws/src/ydlidar_ros2/sdk/include/v8stdint.h:240:24:[m[K [01;35m[Kwarning: [m[Kmissing initializer for member â€˜[01m[Kstat::st_blocks[m[Kâ€™ [[01;35m[K]8;;https://gcc.gnu.org/onlinedocs/gcc/Warning-Options.html#index-Wmissing-field-initializers-Wmissing-field-initializers]8;;[m[K]
[23.035s] [01m[K/home/racecar/racecar_ws/src/ydlidar_ros2/sdk/include/v8stdint.h:240:24:[m[K [01;35m[Kwarning: [m[Kmissing initializer for member â€˜[01m[Kstat::st_atim[m[Kâ€™ [[01;35m[K]8;;https://gcc.gnu.org/onlinedocs/gcc/Warning-Options.html#index-Wmissing-field-initializers-Wmissing-field-initializers]8;;[m[K]
[23.036s] [01m[K/home/racecar/racecar_ws/src/ydlidar_ros2/sdk/include/v8stdint.h:240:24:[m[K [01;35m[Kwarning: [m[Kmissing initializer for member â€˜[01m[Kstat::st_mtim[m[Kâ€™ [[01;35m[K]8;;https://gcc.gnu.org/onlinedocs/gcc/Warning-Options.html#index-Wmissing-field-initializers-Wmissing-field-initializers]8;;[m[K]
[23.037s] [01m[K/home/racecar/racecar_ws/src/ydlidar_ros2/sdk/include/v8stdint.h:240:24:[m[K [01;35m[Kwarning: [m[Kmissing initializer for member â€˜[01m[Kstat::st_ctim[m[Kâ€™ [[01;35m[K]8;;https://gcc.gnu.org/onlinedocs/gcc/Warning-Options.html#index-Wmissing-field-initializers-Wmissing-field-initializers]8;;[m[K]
[23.038s] [01m[K/home/racecar/racecar_ws/src/ydlidar_ros2/sdk/include/v8stdint.h:240:24:[m[K [01;35m[Kwarning: [m[Kmissing initializer for member â€˜[01m[Kstat::__glibc_reserved[m[Kâ€™ [[01;35m[K]8;;https://gcc.gnu.org/onlinedocs/gcc/Warning-Options.html#index-Wmissing-field-initializers-Wmissing-field-initializers]8;;[m[K]
[23.376s] In file included from [01m[K/home/racecar/racecar_ws/src/ydlidar_ros2/sdk/src/common.h:47[m[K,
[23.377s]                  from [01m[K/home/racecar/racecar_ws/src/ydlidar_ros2/sdk/src/serial.cpp:12[m[K:
[23.378s] [01m[K/home/racecar/racecar_ws/src/ydlidar_ros2/sdk/include/thread.h:[m[K In static member function â€˜[01m[Kstatic Thread Thread::createThread(thread_proc_t, void*)[m[Kâ€™:
[23.379s] [01m[K/home/racecar/racecar_ws/src/ydlidar_ros2/sdk/include/thread.h:43:57:[m[K [01;35m[Kwarning: [m[Kcast between incompatible function types from â€˜[01m[Kthread_proc_t[m[Kâ€™ {aka â€˜[01m[Klong unsigned int (*)(void*)[m[Kâ€™} to â€˜[01m[Kvoid* (*)(void*)[m[Kâ€™ [[01;35m[K]8;;https://gcc.gnu.org/onlinedocs/gcc/Warning-Options.html#index-Wcast-function-type-Wcast-function-type]8;;[m[K]
[23.380s]    43 |     pthread_create((pthread_t *)&thread_._handle, NULL, [01;35m[K(void *(*)(void *))proc[m[K,
[23.381s]       |                                                         [01;35m[K^~~~~~~~~~~~~~~~~~~~~~~[m[K
[23.539s] In file included from [01m[K/home/racecar/racecar_ws/src/ydlidar_ros2/sdk/include/serial.h:9[m[K,
[23.540s]                  from [01m[K/home/racecar/racecar_ws/src/ydlidar_ros2/sdk/include/ydlidar_driver.h:54[m[K,
[23.541s]                  from [01m[K/home/racecar/racecar_ws/src/ydlidar_ros2/sdk/src/ydlidar_driver.cpp:34[m[K:
[23.542s] [01m[K/home/racecar/racecar_ws/src/ydlidar_ros2/sdk/include/v8stdint.h:[m[K In function â€˜[01m[Kbool ydlidar::fileExists(std::string)[m[Kâ€™:
[23.556s] [01m[K/home/racecar/racecar_ws/src/ydlidar_ros2/sdk/include/v8stdint.h:240:24:[m[K [01;35m[Kwarning: [m[Kmissing initializer for member â€˜[01m[Kstat::st_ino[m[Kâ€™ [[01;35m[K]8;;https://gcc.gnu.org/onlinedocs/gcc/Warning-Options.html#index-Wmissing-field-initializers-Wmissing-field-initializers]8;;[m[K]
[23.557s]   240 |   struct stat info = {0[01;35m[K}[m[K;
[23.558s]       |                        [01;35m[K^[m[K
[23.569s] [01m[K/home/racecar/racecar_ws/src/ydlidar_ros2/sdk/include/v8stdint.h:240:24:[m[K [01;35m[Kwarning: [m[Kmissing initializer for member â€˜[01m[Kstat::st_mode[m[Kâ€™ [[01;35m[K]8;;https://gcc.gnu.org/onlinedocs/gcc/Warning-Options.html#index-Wmissing-field-initializers-Wmissing-field-initializers]8;;[m[K]
[23.570s] [01m[K/home/racecar/racecar_ws/src/ydlidar_ros2/sdk/include/v8stdint.h:240:24:[m[K [01;35m[Kwarning: [m[Kmissing initializer for member â€˜[01m[Kstat::st_nlink[m[Kâ€™ [[01;35m[K]8;;https://gcc.gnu.org/onlinedocs/gcc/Warning-Options.html#index-Wmissing-field-initializers-Wmissing-field-initializers]8;;[m[K]
[23.571s] [01m[K/home/racecar/racecar_ws/src/ydlidar_ros2/sdk/include/v8stdint.h:240:24:[m[K [01;35m[Kwarning: [m[Kmissing initializer for member â€˜[01m[Kstat::st_uid[m[Kâ€™ [[01;35m[K]8;;https://gcc.gnu.org/onlinedocs/gcc/Warning-Options.html#index-Wmissing-field-initializers-Wmissing-field-initializers]8;;[m[K]
[23.572s] [01m[K/home/racecar/racecar_ws/src/ydlidar_ros2/sdk/include/v8stdint.h:240:24:[m[K [01;35m[Kwarning: [m[Kmissing initializer for member â€˜[01m[Kstat::st_gid[m[Kâ€™ [[01;35m[K]8;;https://gcc.gnu.org/onlinedocs/gcc/Warning-Options.html#index-Wmissing-field-initializers-Wmissing-field-initializers]8;;[m[K]
[23.573s] [01m[K/home/racecar/racecar_ws/src/ydlidar_ros2/sdk/include/v8stdint.h:240:24:[m[K [01;35m[Kwarning: [m[Kmissing initializer for member â€˜[01m[Kstat::st_rdev[m[Kâ€™ [[01;35m[K]8;;https://gcc.gnu.org/onlinedocs/gcc/Warning-Options.html#index-Wmissing-field-initializers-Wmissing-field-initializers]8;;[m[K]
[23.574s] [01m[K/home/racecar/racecar_ws/src/ydlidar_ros2/sdk/include/v8stdint.h:240:24:[m[K [01;35m[Kwarning: [m[Kmissing initializer for member â€˜[01m[Kstat::__pad1[m[Kâ€™ [[01;35m[K]8;;https://gcc.gnu.org/onlinedocs/gcc/Warning-Options.html#index-Wmissing-field-initializers-Wmissing-field-initializers]8;;[m[K]
[23.579s] [01m[K/home/racecar/racecar_ws/src/ydlidar_ros2/sdk/include/v8stdint.h:240:24:[m[K [01;35m[Kwarning: [m[Kmissing initializer for member â€˜[01m[Kstat::st_size[m[Kâ€™ [[01;35m[K]8;;https://gcc.gnu.org/onlinedocs/gcc/Warning-Options.html#index-Wmissing-field-initializers-Wmissing-field-initializers]8;;[m[K]
[23.580s] [01m[K/home/racecar/racecar_ws/src/ydlidar_ros2/sdk/include/v8stdint.h:240:24:[m[K [01;35m[Kwarning: [m[Kmissing initializer for member â€˜[01m[Kstat::st_blksize[m[Kâ€™ [[01;35m[K]8;;https://gcc.gnu.org/onlinedocs/gcc/Warning-Options.html#index-Wmissing-field-initializers-Wmissing-field-initializers]8;;[m[K]
[23.581s] [01m[K/home/racecar/racecar_ws/src/ydlidar_ros2/sdk/include/v8stdint.h:240:24:[m[K [01;35m[Kwarning: [m[Kmissing initializer for member â€˜[01m[Kstat::__pad2[m[Kâ€™ [[01;35m[K]8;;https://gcc.gnu.org/onlinedocs/gcc/Warning-Options.html#index-Wmissing-field-initializers-Wmissing-field-initializers]8;;[m[K]
[23.582s] [01m[K/home/racecar/racecar_ws/src/ydlidar_ros2/sdk/include/v8stdint.h:240:24:[m[K [01;35m[Kwarning: [m[Kmissing initializer for member â€˜[01m[Kstat::st_blocks[m[Kâ€™ [[01;35m[K]8;;https://gcc.gnu.org/onlinedocs/gcc/Warning-Options.html#index-Wmissing-field-initializers-Wmissing-field-initializers]8;;[m[K]
[23.584s] [01m[K/home/racecar/racecar_ws/src/ydlidar_ros2/sdk/include/v8stdint.h:240:24:[m[K [01;35m[Kwarning: [m[Kmissing initializer for member â€˜[01m[Kstat::st_atim[m[Kâ€™ [[01;35m[K]8;;https://gcc.gnu.org/onlinedocs/gcc/Warning-Options.html#index-Wmissing-field-initializers-Wmissing-field-initializers]8;;[m[K]
[23.585s] [01m[K/home/racecar/racecar_ws/src/ydlidar_ros2/sdk/include/v8stdint.h:240:24:[m[K [01;35m[Kwarning: [m[Kmissing initializer for member â€˜[01m[Kstat::st_mtim[m[Kâ€™ [[01;35m[K]8;;https://gcc.gnu.org/onlinedocs/gcc/Warning-Options.html#index-Wmissing-field-initializers-Wmissing-field-initializers]8;;[m[K]
[23.586s] [01m[K/home/racecar/racecar_ws/src/ydlidar_ros2/sdk/include/v8stdint.h:240:24:[m[K [01;35m[Kwarning: [m[Kmissing initializer for member â€˜[01m[Kstat::st_ctim[m[Kâ€™ [[01;35m[K]8;;https://gcc.gnu.org/onlinedocs/gcc/Warning-Options.html#index-Wmissing-field-initializers-Wmissing-field-initializers]8;;[m[K]
[23.588s] [01m[K/home/racecar/racecar_ws/src/ydlidar_ros2/sdk/include/v8stdint.h:240:24:[m[K [01;35m[Kwarning: [m[Kmissing initializer for member â€˜[01m[Kstat::__glibc_reserved[m[Kâ€™ [[01;35m[K]8;;https://gcc.gnu.org/onlinedocs/gcc/Warning-Options.html#index-Wmissing-field-initializers-Wmissing-field-initializers]8;;[m[K]
[23.589s] In file included from [01m[K/home/racecar/racecar_ws/src/ydlidar_ros2/sdk/include/ydlidar_driver.h:56[m[K,
[23.590s]                  from [01m[K/home/racecar/racecar_ws/src/ydlidar_ros2/sdk/src/ydlidar_driver.cpp:34[m[K:
[23.592s] [01m[K/home/racecar/racecar_ws/src/ydlidar_ros2/sdk/include/thread.h:[m[K In static member function â€˜[01m[Kstatic Thread Thread::createThread(thread_proc_t, void*)[m[Kâ€™:
[23.593s] [01m[K/home/racecar/racecar_ws/src/ydlidar_ros2/sdk/include/thread.h:43:57:[m[K [01;35m[Kwarning: [m[Kcast between incompatible function types from â€˜[01m[Kthread_proc_t[m[Kâ€™ {aka â€˜[01m[Klong unsigned int (*)(void*)[m[Kâ€™} to â€˜[01m[Kvoid* (*)(void*)[m[Kâ€™ [[01;35m[K]8;;https://gcc.gnu.org/onlinedocs/gcc/Warning-Options.html#index-Wcast-function-type-Wcast-function-type]8;;[m[K]
[23.594s]    43 |     pthread_create((pthread_t *)&thread_._handle, NULL, [01;35m[K(void *(*)(void *))proc[m[K,
[23.596s]       |                                                         [01;35m[K^~~~~~~~~~~~~~~~~~~~~~~[m[K
[23.597s] In file included from [01m[K/home/racecar/racecar_ws/src/ydlidar_ros2/sdk/include/ydlidar_driver.h:58[m[K,
[23.598s]                  from [01m[K/home/racecar/racecar_ws/src/ydlidar_ros2/sdk/src/ydlidar_driver.cpp:34[m[K:
[23.600s] [01m[K/home/racecar/racecar_ws/src/ydlidar_ros2/sdk/include/help_info.h:[m[K In function â€˜[01m[Kbool ydlidar::isSupportMotorCtrl(int)[m[Kâ€™:
[23.601s] [01m[K/home/racecar/racecar_ws/src/ydlidar_ros2/sdk/include/help_info.h:414:8:[m[K [01;35m[Kwarning: [m[Kvariable â€˜[01m[Kret[m[Kâ€™ set but not used [[01;35m[K]8;;https://gcc.gnu.org/onlinedocs/gcc/Warning-Options.html#index-Wunused-but-set-variable-Wunused-but-set-variable]8;;[m[K]
[23.602s]   414 |   bool [01;35m[Kret[m[K = false;
[23.603s]       |        [01;35m[K^~~[m[K
[24.004s] [01m[K/home/racecar/racecar_ws/src/ydlidar_ros2/sdk/src/ydlidar_driver.cpp:[m[K In member function â€˜[01m[Kresult_t ydlidar::YDlidarDriver::waitPackage(node_info*, uint32_t)[m[Kâ€™:
[24.005s] [01m[K/home/racecar/racecar_ws/src/ydlidar_ros2/sdk/src/ydlidar_driver.cpp:992:95:[m[K [01;35m[Kwarning: [m[Ksuggest parentheses around arithmetic in operand of â€˜[01m[K|[m[Kâ€™ [[01;35m[K]8;;https://gcc.gnu.org/onlinedocs/gcc/Warning-Options.html#index-Wparentheses-Wparentheses]8;;[m[K]
[24.007s]   992 |                                          [01;35m[Kpackages.packageSampleDistance[package_Sample_Index] &[m[K
[24.008s]       |                                          [01;35m[K~~~~~~~~~~~~~~~~~~~~~~~~~~~~~~~~~~~~~~~~~~~~~~~~~~~~~^[m[K
[24.010s]   993 | [01;35m[K                                         0x0003[m[K)) << LIDAR_RESP_MEASUREMENT_QUALITY_SHIFT;
[24.011s]       |                                          [01;35m[K~~~~~~[m[K                                                
[27.918s] In file included from [01m[K/home/racecar/racecar_ws/src/ydlidar_ros2/sdk/include/serial.h:9[m[K,
[27.919s]                  from [01m[K/home/racecar/racecar_ws/src/ydlidar_ros2/sdk/include/ydlidar_driver.h:54[m[K,
[27.920s]                  from [01m[K/home/racecar/racecar_ws/src/ydlidar_ros2/sdk/include/CYdLidar.h:36[m[K,
[27.920s]                  from [01m[K/home/racecar/racecar_ws/src/ydlidar_ros2/src/ydlidar_node.cpp:26[m[K:
[27.921s] [01m[K/home/racecar/racecar_ws/src/ydlidar_ros2/sdk/include/v8stdint.h:[m[K In function â€˜[01m[Kbool ydlidar::fileExists(std::string)[m[Kâ€™:
[27.922s] [01m[K/home/racecar/racecar_ws/src/ydlidar_ros2/sdk/include/v8stdint.h:240:24:[m[K [01;35m[Kwarning: [m[Kmissing initializer for member â€˜[01m[Kstat::st_ino[m[Kâ€™ [[01;35m[K]8;;https://gcc.gnu.org/onlinedocs/gcc/Warning-Options.html#index-Wmissing-field-initializers-Wmissing-field-initializers]8;;[m[K]
[27.922s]   240 |   struct stat info = {0[01;35m[K}[m[K;
[27.923s]       |                        [01;35m[K^[m[K
[27.924s] [01m[K/home/racecar/racecar_ws/src/ydlidar_ros2/sdk/include/v8stdint.h:240:24:[m[K [01;35m[Kwarning: [m[Kmissing initializer for member â€˜[01m[Kstat::st_mode[m[Kâ€™ [[01;35m[K]8;;https://gcc.gnu.org/onlinedocs/gcc/Warning-Options.html#index-Wmissing-field-initializers-Wmissing-field-initializers]8;;[m[K]
[27.924s] [01m[K/home/racecar/racecar_ws/src/ydlidar_ros2/sdk/include/v8stdint.h:240:24:[m[K [01;35m[Kwarning: [m[Kmissing initializer for member â€˜[01m[Kstat::st_nlink[m[Kâ€™ [[01;35m[K]8;;https://gcc.gnu.org/onlinedocs/gcc/Warning-Options.html#index-Wmissing-field-initializers-Wmissing-field-initializers]8;;[m[K]
[27.925s] [01m[K/home/racecar/racecar_ws/src/ydlidar_ros2/sdk/include/v8stdint.h:240:24:[m[K [01;35m[Kwarning: [m[Kmissing initializer for member â€˜[01m[Kstat::st_uid[m[Kâ€™ [[01;35m[K]8;;https://gcc.gnu.org/onlinedocs/gcc/Warning-Options.html#index-Wmissing-field-initializers-Wmissing-field-initializers]8;;[m[K]
[27.926s] [01m[K/home/racecar/racecar_ws/src/ydlidar_ros2/sdk/include/v8stdint.h:240:24:[m[K [01;35m[Kwarning: [m[Kmissing initializer for member â€˜[01m[Kstat::st_gid[m[Kâ€™ [[01;35m[K]8;;https://gcc.gnu.org/onlinedocs/gcc/Warning-Options.html#index-Wmissing-field-initializers-Wmissing-field-initializers]8;;[m[K]
[27.926s] [01m[K/home/racecar/racecar_ws/src/ydlidar_ros2/sdk/include/v8stdint.h:240:24:[m[K [01;35m[Kwarning: [m[Kmissing initializer for member â€˜[01m[Kstat::st_rdev[m[Kâ€™ [[01;35m[K]8;;https://gcc.gnu.org/onlinedocs/gcc/Warning-Options.html#index-Wmissing-field-initializers-Wmissing-field-initializers]8;;[m[K]
[27.927s] [01m[K/home/racecar/racecar_ws/src/ydlidar_ros2/sdk/include/v8stdint.h:240:24:[m[K [01;35m[Kwarning: [m[Kmissing initializer for member â€˜[01m[Kstat::__pad1[m[Kâ€™ [[01;35m[K]8;;https://gcc.gnu.org/onlinedocs/gcc/Warning-Options.html#index-Wmissing-field-initializers-Wmissing-field-initializers]8;;[m[K]
[27.928s] [01m[K/home/racecar/racecar_ws/src/ydlidar_ros2/sdk/include/v8stdint.h:240:24:[m[K [01;35m[Kwarning: [m[Kmissing initializer for member â€˜[01m[Kstat::st_size[m[Kâ€™ [[01;35m[K]8;;https://gcc.gnu.org/onlinedocs/gcc/Warning-Options.html#index-Wmissing-field-initializers-Wmissing-field-initializers]8;;[m[K]
[27.928s] [01m[K/home/racecar/racecar_ws/src/ydlidar_ros2/sdk/include/v8stdint.h:240:24:[m[K [01;35m[Kwarning: [m[Kmissing initializer for member â€˜[01m[Kstat::st_blksize[m[Kâ€™ [[01;35m[K]8;;https://gcc.gnu.org/onlinedocs/gcc/Warning-Options.html#index-Wmissing-field-initializers-Wmissing-field-initializers]8;;[m[K]
[27.929s] [01m[K/home/racecar/racecar_ws/src/ydlidar_ros2/sdk/include/v8stdint.h:240:24:[m[K [01;35m[Kwarning: [m[Kmissing initializer for member â€˜[01m[Kstat::__pad2[m[Kâ€™ [[01;35m[K]8;;https://gcc.gnu.org/onlinedocs/gcc/Warning-Options.html#index-Wmissing-field-initializers-Wmissing-field-initializers]8;;[m[K]
[27.931s] [01m[K/home/racecar/racecar_ws/src/ydlidar_ros2/sdk/include/v8stdint.h:240:24:[m[K [01;35m[Kwarning: [m[Kmissing initializer for member â€˜[01m[Kstat::st_blocks[m[Kâ€™ [[01;35m[K]8;;https://gcc.gnu.org/onlinedocs/gcc/Warning-Options.html#index-Wmissing-field-initializers-Wmissing-field-initializers]8;;[m[K]
[27.931s] [01m[K/home/racecar/racecar_ws/src/ydlidar_ros2/sdk/include/v8stdint.h:240:24:[m[K [01;35m[Kwarning: [m[Kmissing initializer for member â€˜[01m[Kstat::st_atim[m[Kâ€™ [[01;35m[K]8;;https://gcc.gnu.org/onlinedocs/gcc/Warning-Options.html#index-Wmissing-field-initializers-Wmissing-field-initializers]8;;[m[K]
[27.932s] [01m[K/home/racecar/racecar_ws/src/ydlidar_ros2/sdk/include/v8stdint.h:240:24:[m[K [01;35m[Kwarning: [m[Kmissing initializer for member â€˜[01m[Kstat::st_mtim[m[Kâ€™ [[01;35m[K]8;;https://gcc.gnu.org/onlinedocs/gcc/Warning-Options.html#index-Wmissing-field-initializers-Wmissing-field-initializers]8;;[m[K]
[27.932s] [01m[K/home/racecar/racecar_ws/src/ydlidar_ros2/sdk/include/v8stdint.h:240:24:[m[K [01;35m[Kwarning: [m[Kmissing initializer for member â€˜[01m[Kstat::st_ctim[m[Kâ€™ [[01;35m[K]8;;https://gcc.gnu.org/onlinedocs/gcc/Warning-Options.html#index-Wmissing-field-initializers-Wmissing-field-initializers]8;;[m[K]
[27.933s] [01m[K/home/racecar/racecar_ws/src/ydlidar_ros2/sdk/include/v8stdint.h:240:24:[m[K [01;35m[Kwarning: [m[Kmissing initializer for member â€˜[01m[Kstat::__glibc_reserved[m[Kâ€™ [[01;35m[K]8;;https://gcc.gnu.org/onlinedocs/gcc/Warning-Options.html#index-Wmissing-field-initializers-Wmissing-field-initializers]8;;[m[K]
[27.935s] In file included from [01m[K/home/racecar/racecar_ws/src/ydlidar_ros2/sdk/include/ydlidar_driver.h:56[m[K,
[27.936s]                  from [01m[K/home/racecar/racecar_ws/src/ydlidar_ros2/sdk/include/CYdLidar.h:36[m[K,
[27.937s]                  from [01m[K/home/racecar/racecar_ws/src/ydlidar_ros2/src/ydlidar_node.cpp:26[m[K:
[27.937s] [01m[K/home/racecar/racecar_ws/src/ydlidar_ros2/sdk/include/thread.h:[m[K In static member function â€˜[01m[Kstatic Thread Thread::createThread(thread_proc_t, void*)[m[Kâ€™:
[27.938s] [01m[K/home/racecar/racecar_ws/src/ydlidar_ros2/sdk/include/thread.h:43:57:[m[K [01;35m[Kwarning: [m[Kcast between incompatible function types from â€˜[01m[Kthread_proc_t[m[Kâ€™ {aka â€˜[01m[Klong unsigned int (*)(void*)[m[Kâ€™} to â€˜[01m[Kvoid* (*)(void*)[m[Kâ€™ [[01;35m[K]8;;https://gcc.gnu.org/onlinedocs/gcc/Warning-Options.html#index-Wcast-function-type-Wcast-function-type]8;;[m[K]
[27.938s]    43 |     pthread_create((pthread_t *)&thread_._handle, NULL, [01;35m[K(void *(*)(void *))proc[m[K,
[27.939s]       |                                                         [01;35m[K^~~~~~~~~~~~~~~~~~~~~~~[m[K
[27.957s] In file included from [01m[K/home/racecar/racecar_ws/src/ydlidar_ros2/sdk/include/ydlidar_driver.h:58[m[K,
[27.957s]                  from [01m[K/home/racecar/racecar_ws/src/ydlidar_ros2/sdk/include/CYdLidar.h:36[m[K,
[27.958s]                  from [01m[K/home/racecar/racecar_ws/src/ydlidar_ros2/src/ydlidar_node.cpp:26[m[K:
[27.959s] [01m[K/home/racecar/racecar_ws/src/ydlidar_ros2/sdk/include/help_info.h:[m[K In function â€˜[01m[Kbool ydlidar::isSupportMotorCtrl(int)[m[Kâ€™:
[27.959s] [01m[K/home/racecar/racecar_ws/src/ydlidar_ros2/sdk/include/help_info.h:414:8:[m[K [01;35m[Kwarning: [m[Kvariable â€˜[01m[Kret[m[Kâ€™ set but not used [[01;35m[K]8;;https://gcc.gnu.org/onlinedocs/gcc/Warning-Options.html#index-Wunused-but-set-variable-Wunused-but-set-variable]8;;[m[K]
[27.960s]   414 |   bool [01;35m[Kret[m[K = false;
[27.961s]       |        [01;35m[K^~~[m[K
[28.000s] [01m[K/home/racecar/racecar_ws/src/ydlidar_ros2/src/ydlidar_node.cpp:[m[K In function â€˜[01m[Kint main(int, char**)[m[Kâ€™:
[28.002s] [01m[K/home/racecar/racecar_ws/src/ydlidar_ros2/src/ydlidar_node.cpp:78:26:[m[K [01;31m[Kerror: [m[Kno matching function for call to â€˜[01m[Krclcpp::Node::declare_parameter(const char [5])[m[Kâ€™
[28.004s]    78 |   [01;31m[Knode->declare_parameter("port")[m[K;
[28.007s]       |   [01;31m[K~~~~~~~~~~~~~~~~~~~~~~~^~~~~~~~[m[K
[28.009s] In file included from [01m[K/opt/ros/iron/include/rclcpp/rclcpp/executors/single_threaded_executor.hpp:28[m[K,
[28.013s]                  from [01m[K/opt/ros/iron/include/rclcpp/rclcpp/executors.hpp:22[m[K,
[28.015s]                  from [01m[K/opt/ros/iron/include/rclcpp/rclcpp/rclcpp.hpp:167[m[K,
[28.018s]                  from [01m[K/home/racecar/racecar_ws/src/ydlidar_ros2/src/ydlidar_node.cpp:23[m[K:
[28.021s] [01m[K/opt/ros/iron/include/rclcpp/rclcpp/node.hpp:479:3:[m[K [01;36m[Knote: [m[Kcandidate: â€˜[01m[Ktemplate<class ParameterT> auto rclcpp::Node::declare_parameter(const string&, const ParameterT&, const ParameterDescriptor&, bool)[m[Kâ€™
[28.021s]   479 |   [01;36m[Kdeclare_parameter[m[K(
[28.022s]       |   [01;36m[K^~~~~~~~~~~~~~~~~[m[K
[28.023s] [01m[K/opt/ros/iron/include/rclcpp/rclcpp/node.hpp:479:3:[m[K [01;36m[Knote: [m[K  template argument deduction/substitution failed:
[28.023s] [01m[K/home/racecar/racecar_ws/src/ydlidar_ros2/src/ydlidar_node.cpp:78:26:[m[K [01;36m[Knote: [m[K  candidate expects 4 arguments, 1 provided
[28.024s]    78 |   [01;36m[Knode->declare_parameter("port")[m[K;
[28.024s]       |   [01;36m[K~~~~~~~~~~~~~~~~~~~~~~~^~~~~~~~[m[K
[28.025s] In file included from [01m[K/opt/ros/iron/include/rclcpp/rclcpp/executors/single_threaded_executor.hpp:28[m[K,
[28.026s]                  from [01m[K/opt/ros/iron/include/rclcpp/rclcpp/executors.hpp:22[m[K,
[28.026s]                  from [01m[K/opt/ros/iron/include/rclcpp/rclcpp/rclcpp.hpp:167[m[K,
[28.027s]                  from [01m[K/home/racecar/racecar_ws/src/ydlidar_ros2/src/ydlidar_node.cpp:23[m[K:
[28.027s] [01m[K/opt/ros/iron/include/rclcpp/rclcpp/node.hpp:492:3:[m[K [01;36m[Knote: [m[Kcandidate: â€˜[01m[Ktemplate<class ParameterT> auto rclcpp::Node::declare_parameter(const string&, const ParameterDescriptor&, bool)[m[Kâ€™
[28.028s]   492 |   [01;36m[Kdeclare_parameter[m[K(
[28.028s]       |   [01;36m[K^~~~~~~~~~~~~~~~~[m[K
[28.032s] [01m[K/opt/ros/iron/include/rclcpp/rclcpp/node.hpp:492:3:[m[K [01;36m[Knote: [m[K  template argument deduction/substitution failed:
[28.033s] [01m[K/home/racecar/racecar_ws/src/ydlidar_ros2/src/ydlidar_node.cpp:78:26:[m[K [01;36m[Knote: [m[K  couldnâ€™t deduce template parameter â€˜[01m[KParameterT[m[Kâ€™
[28.033s]    78 |   [01;36m[Knode->declare_parameter("port")[m[K;
[28.034s]       |   [01;36m[K~~~~~~~~~~~~~~~~~~~~~~~^~~~~~~~[m[K
[28.034s] In file included from [01m[K/opt/ros/iron/include/rclcpp/rclcpp/executors/single_threaded_executor.hpp:28[m[K,
[28.035s]                  from [01m[K/opt/ros/iron/include/rclcpp/rclcpp/executors.hpp:22[m[K,
[28.036s]                  from [01m[K/opt/ros/iron/include/rclcpp/rclcpp/rclcpp.hpp:167[m[K,
[28.036s]                  from [01m[K/home/racecar/racecar_ws/src/ydlidar_ros2/src/ydlidar_node.cpp:23[m[K:
[28.037s] [01m[K/opt/ros/iron/include/rclcpp/rclcpp/node.hpp:424:3:[m[K [01;36m[Knote: [m[Kcandidate: â€˜[01m[Kconst rclcpp::ParameterValue& rclcpp::Node::declare_parameter(const string&, const rclcpp::ParameterValue&, const ParameterDescriptor&, bool)[m[Kâ€™
[28.037s]   424 |   [01;36m[Kdeclare_parameter[m[K(
[28.038s]       |   [01;36m[K^~~~~~~~~~~~~~~~~[m[K
[28.038s] [01m[K/opt/ros/iron/include/rclcpp/rclcpp/node.hpp:424:3:[m[K [01;36m[Knote: [m[K  candidate expects 4 arguments, 1 provided
[28.039s] [01m[K/opt/ros/iron/include/rclcpp/rclcpp/node.hpp:449:3:[m[K [01;36m[Knote: [m[Kcandidate: â€˜[01m[Kconst rclcpp::ParameterValue& rclcpp::Node::declare_parameter(const string&, rclcpp::ParameterType, const ParameterDescriptor&, bool)[m[Kâ€™
[28.040s]   449 |   [01;36m[Kdeclare_parameter[m[K(
[28.040s]       |   [01;36m[K^~~~~~~~~~~~~~~~~[m[K
[28.041s] [01m[K/opt/ros/iron/include/rclcpp/rclcpp/node.hpp:449:3:[m[K [01;36m[Knote: [m[K  candidate expects 4 arguments, 1 provided
[28.041s] [01m[K/home/racecar/racecar_ws/src/ydlidar_ros2/src/ydlidar_node.cpp:81:26:[m[K [01;31m[Kerror: [m[Kno matching function for call to â€˜[01m[Krclcpp::Node::declare_parameter(const char [9])[m[Kâ€™
[28.042s]    81 |   [01;31m[Knode->declare_parameter("frame_id")[m[K;
[28.042s]       |   [01;31m[K~~~~~~~~~~~~~~~~~~~~~~~^~~~~~~~~~~~[m[K
[28.043s] In file included from [01m[K/opt/ros/iron/include/rclcpp/rclcpp/executors/single_threaded_executor.hpp:28[m[K,
[28.044s]                  from [01m[K/opt/ros/iron/include/rclcpp/rclcpp/executors.hpp:22[m[K,
[28.044s]                  from [01m[K/opt/ros/iron/include/rclcpp/rclcpp/rclcpp.hpp:167[m[K,
[28.045s]                  from [01m[K/home/racecar/racecar_ws/src/ydlidar_ros2/src/ydlidar_node.cpp:23[m[K:
[28.045s] [01m[K/opt/ros/iron/include/rclcpp/rclcpp/node.hpp:479:3:[m[K [01;36m[Knote: [m[Kcandidate: â€˜[01m[Ktemplate<class ParameterT> auto rclcpp::Node::declare_parameter(const string&, const ParameterT&, const ParameterDescriptor&, bool)[m[Kâ€™
[28.046s]   479 |   [01;36m[Kdeclare_parameter[m[K(
[28.046s]       |   [01;36m[K^~~~~~~~~~~~~~~~~[m[K
[28.047s] [01m[K/opt/ros/iron/include/rclcpp/rclcpp/node.hpp:479:3:[m[K [01;36m[Knote: [m[K  template argument deduction/substitution failed:
[28.048s] [01m[K/home/racecar/racecar_ws/src/ydlidar_ros2/src/ydlidar_node.cpp:81:26:[m[K [01;36m[Knote: [m[K  candidate expects 4 arguments, 1 provided
[28.048s]    81 |   [01;36m[Knode->declare_parameter("frame_id")[m[K;
[28.049s]       |   [01;36m[K~~~~~~~~~~~~~~~~~~~~~~~^~~~~~~~~~~~[m[K
[28.049s] In file included from [01m[K/opt/ros/iron/include/rclcpp/rclcpp/executors/single_threaded_executor.hpp:28[m[K,
[28.050s]                  from [01m[K/opt/ros/iron/include/rclcpp/rclcpp/executors.hpp:22[m[K,
[28.050s]                  from [01m[K/opt/ros/iron/include/rclcpp/rclcpp/rclcpp.hpp:167[m[K,
[28.051s]                  from [01m[K/home/racecar/racecar_ws/src/ydlidar_ros2/src/ydlidar_node.cpp:23[m[K:
[28.052s] [01m[K/opt/ros/iron/include/rclcpp/rclcpp/node.hpp:492:3:[m[K [01;36m[Knote: [m[Kcandidate: â€˜[01m[Ktemplate<class ParameterT> auto rclcpp::Node::declare_parameter(const string&, const ParameterDescriptor&, bool)[m[Kâ€™
[28.052s]   492 |   [01;36m[Kdeclare_parameter[m[K(
[28.053s]       |   [01;36m[K^~~~~~~~~~~~~~~~~[m[K
[28.053s] [01m[K/opt/ros/iron/include/rclcpp/rclcpp/node.hpp:492:3:[m[K [01;36m[Knote: [m[K  template argument deduction/substitution failed:
[28.054s] [01m[K/home/racecar/racecar_ws/src/ydlidar_ros2/src/ydlidar_node.cpp:81:26:[m[K [01;36m[Knote: [m[K  couldnâ€™t deduce template parameter â€˜[01m[KParameterT[m[Kâ€™
[28.054s]    81 |   [01;36m[Knode->declare_parameter("frame_id")[m[K;
[28.055s]       |   [01;36m[K~~~~~~~~~~~~~~~~~~~~~~~^~~~~~~~~~~~[m[K
[28.056s] In file included from [01m[K/opt/ros/iron/include/rclcpp/rclcpp/executors/single_threaded_executor.hpp:28[m[K,
[28.056s]                  from [01m[K/opt/ros/iron/include/rclcpp/rclcpp/executors.hpp:22[m[K,
[28.057s]                  from [01m[K/opt/ros/iron/include/rclcpp/rclcpp/rclcpp.hpp:167[m[K,
[28.057s]                  from [01m[K/home/racecar/racecar_ws/src/ydlidar_ros2/src/ydlidar_node.cpp:23[m[K:
[28.058s] [01m[K/opt/ros/iron/include/rclcpp/rclcpp/node.hpp:424:3:[m[K [01;36m[Knote: [m[Kcandidate: â€˜[01m[Kconst rclcpp::ParameterValue& rclcpp::Node::declare_parameter(const string&, const rclcpp::ParameterValue&, const ParameterDescriptor&, bool)[m[Kâ€™
[28.059s]   424 |   [01;36m[Kdeclare_parameter[m[K(
[28.059s]       |   [01;36m[K^~~~~~~~~~~~~~~~~[m[K
[28.060s] [01m[K/opt/ros/iron/include/rclcpp/rclcpp/node.hpp:424:3:[m[K [01;36m[Knote: [m[K  candidate expects 4 arguments, 1 provided
[28.060s] [01m[K/opt/ros/iron/include/rclcpp/rclcpp/node.hpp:449:3:[m[K [01;36m[Knote: [m[Kcandidate: â€˜[01m[Kconst rclcpp::ParameterValue& rclcpp::Node::declare_parameter(const string&, rclcpp::ParameterType, const ParameterDescriptor&, bool)[m[Kâ€™
[28.061s]   449 |   [01;36m[Kdeclare_parameter[m[K(
[28.061s]       |   [01;36m[K^~~~~~~~~~~~~~~~~[m[K
[28.062s] [01m[K/opt/ros/iron/include/rclcpp/rclcpp/node.hpp:449:3:[m[K [01;36m[Knote: [m[K  candidate expects 4 arguments, 1 provided
[28.063s] [01m[K/home/racecar/racecar_ws/src/ydlidar_ros2/src/ydlidar_node.cpp:84:26:[m[K [01;31m[Kerror: [m[Kno matching function for call to â€˜[01m[Krclcpp::Node::declare_parameter(const char [13])[m[Kâ€™
[28.063s]    84 |   [01;31m[Knode->declare_parameter("ignore_array")[m[K;
[28.064s]       |   [01;31m[K~~~~~~~~~~~~~~~~~~~~~~~^~~~~~~~~~~~~~~~[m[K
[28.065s] In file included from [01m[K/opt/ros/iron/include/rclcpp/rclcpp/executors/single_threaded_executor.hpp:28[m[K,
[28.065s]                  from [01m[K/opt/ros/iron/include/rclcpp/rclcpp/executors.hpp:22[m[K,
[28.066s]                  from [01m[K/opt/ros/iron/include/rclcpp/rclcpp/rclcpp.hpp:167[m[K,
[28.066s]                  from [01m[K/home/racecar/racecar_ws/src/ydlidar_ros2/src/ydlidar_node.cpp:23[m[K:
[28.067s] [01m[K/opt/ros/iron/include/rclcpp/rclcpp/node.hpp:479:3:[m[K [01;36m[Knote: [m[Kcandidate: â€˜[01m[Ktemplate<class ParameterT> auto rclcpp::Node::declare_parameter(const string&, const ParameterT&, const ParameterDescriptor&, bool)[m[Kâ€™
[28.067s]   479 |   [01;36m[Kdeclare_parameter[m[K(
[28.068s]       |   [01;36m[K^~~~~~~~~~~~~~~~~[m[K
[28.068s] [01m[K/opt/ros/iron/include/rclcpp/rclcpp/node.hpp:479:3:[m[K [01;36m[Knote: [m[K  template argument deduction/substitution failed:
[28.069s] [01m[K/home/racecar/racecar_ws/src/ydlidar_ros2/src/ydlidar_node.cpp:84:26:[m[K [01;36m[Knote: [m[K  candidate expects 4 arguments, 1 provided
[28.070s]    84 |   [01;36m[Knode->declare_parameter("ignore_array")[m[K;
[28.070s]       |   [01;36m[K~~~~~~~~~~~~~~~~~~~~~~~^~~~~~~~~~~~~~~~[m[K
[28.071s] In file included from [01m[K/opt/ros/iron/include/rclcpp/rclcpp/executors/single_threaded_executor.hpp:28[m[K,
[28.071s]                  from [01m[K/opt/ros/iron/include/rclcpp/rclcpp/executors.hpp:22[m[K,
[28.072s]                  from [01m[K/opt/ros/iron/include/rclcpp/rclcpp/rclcpp.hpp:167[m[K,
[28.072s]                  from [01m[K/home/racecar/racecar_ws/src/ydlidar_ros2/src/ydlidar_node.cpp:23[m[K:
[28.073s] [01m[K/opt/ros/iron/include/rclcpp/rclcpp/node.hpp:492:3:[m[K [01;36m[Knote: [m[Kcandidate: â€˜[01m[Ktemplate<class ParameterT> auto rclcpp::Node::declare_parameter(const string&, const ParameterDescriptor&, bool)[m[Kâ€™
[28.073s]   492 |   [01;36m[Kdeclare_parameter[m[K(
[28.074s]       |   [01;36m[K^~~~~~~~~~~~~~~~~[m[K
[28.074s] [01m[K/opt/ros/iron/include/rclcpp/rclcpp/node.hpp:492:3:[m[K [01;36m[Knote: [m[K  template argument deduction/substitution failed:
[28.075s] [01m[K/home/racecar/racecar_ws/src/ydlidar_ros2/src/ydlidar_node.cpp:84:26:[m[K [01;36m[Knote: [m[K  couldnâ€™t deduce template parameter â€˜[01m[KParameterT[m[Kâ€™
[28.076s]    84 |   [01;36m[Knode->declare_parameter("ignore_array")[m[K;
[28.076s]       |   [01;36m[K~~~~~~~~~~~~~~~~~~~~~~~^~~~~~~~~~~~~~~~[m[K
[28.077s] In file included from [01m[K/opt/ros/iron/include/rclcpp/rclcpp/executors/single_threaded_executor.hpp:28[m[K,
[28.078s]                  from [01m[K/opt/ros/iron/include/rclcpp/rclcpp/executors.hpp:22[m[K,
[28.079s]                  from [01m[K/opt/ros/iron/include/rclcpp/rclcpp/rclcpp.hpp:167[m[K,
[28.079s]                  from [01m[K/home/racecar/racecar_ws/src/ydlidar_ros2/src/ydlidar_node.cpp:23[m[K:
[28.080s] [01m[K/opt/ros/iron/include/rclcpp/rclcpp/node.hpp:424:3:[m[K [01;36m[Knote: [m[Kcandidate: â€˜[01m[Kconst rclcpp::ParameterValue& rclcpp::Node::declare_parameter(const string&, const rclcpp::ParameterValue&, const ParameterDescriptor&, bool)[m[Kâ€™
[28.080s]   424 |   [01;36m[Kdeclare_parameter[m[K(
[28.081s]       |   [01;36m[K^~~~~~~~~~~~~~~~~[m[K
[28.082s] [01m[K/opt/ros/iron/include/rclcpp/rclcpp/node.hpp:424:3:[m[K [01;36m[Knote: [m[K  candidate expects 4 arguments, 1 provided
[28.082s] [01m[K/opt/ros/iron/include/rclcpp/rclcpp/node.hpp:449:3:[m[K [01;36m[Knote: [m[Kcandidate: â€˜[01m[Kconst rclcpp::ParameterValue& rclcpp::Node::declare_parameter(const string&, rclcpp::ParameterType, const ParameterDescriptor&, bool)[m[Kâ€™
[28.083s]   449 |   [01;36m[Kdeclare_parameter[m[K(
[28.083s]       |   [01;36m[K^~~~~~~~~~~~~~~~~[m[K
[28.084s] [01m[K/opt/ros/iron/include/rclcpp/rclcpp/node.hpp:449:3:[m[K [01;36m[Knote: [m[K  candidate expects 4 arguments, 1 provided
[28.085s] [01m[K/home/racecar/racecar_ws/src/ydlidar_ros2/src/ydlidar_node.cpp:87:26:[m[K [01;31m[Kerror: [m[Kno matching function for call to â€˜[01m[Krclcpp::Node::declare_parameter(const char [9])[m[Kâ€™
[28.085s]    87 |   [01;31m[Knode->declare_parameter("baudrate")[m[K;
[28.086s]       |   [01;31m[K~~~~~~~~~~~~~~~~~~~~~~~^~~~~~~~~~~~[m[K
[28.086s] In file included from [01m[K/opt/ros/iron/include/rclcpp/rclcpp/executors/single_threaded_executor.hpp:28[m[K,
[28.087s]                  from [01m[K/opt/ros/iron/include/rclcpp/rclcpp/executors.hpp:22[m[K,
[28.088s]                  from [01m[K/opt/ros/iron/include/rclcpp/rclcpp/rclcpp.hpp:167[m[K,
[28.088s]                  from [01m[K/home/racecar/racecar_ws/src/ydlidar_ros2/src/ydlidar_node.cpp:23[m[K:
[28.089s] [01m[K/opt/ros/iron/include/rclcpp/rclcpp/node.hpp:479:3:[m[K [01;36m[Knote: [m[Kcandidate: â€˜[01m[Ktemplate<class ParameterT> auto rclcpp::Node::declare_parameter(const string&, const ParameterT&, const ParameterDescriptor&, bool)[m[Kâ€™
[28.090s]   479 |   [01;36m[Kdeclare_parameter[m[K(
[28.090s]       |   [01;36m[K^~~~~~~~~~~~~~~~~[m[K
[28.091s] [01m[K/opt/ros/iron/include/rclcpp/rclcpp/node.hpp:479:3:[m[K [01;36m[Knote: [m[K  template argument deduction/substitution failed:
[28.092s] [01m[K/home/racecar/racecar_ws/src/ydlidar_ros2/src/ydlidar_node.cpp:87:26:[m[K [01;36m[Knote: [m[K  candidate expects 4 arguments, 1 provided
[28.092s]    87 |   [01;36m[Knode->declare_parameter("baudrate")[m[K;
[28.093s]       |   [01;36m[K~~~~~~~~~~~~~~~~~~~~~~~^~~~~~~~~~~~[m[K
[28.094s] In file included from [01m[K/opt/ros/iron/include/rclcpp/rclcpp/executors/single_threaded_executor.hpp:28[m[K,
[28.094s]                  from [01m[K/opt/ros/iron/include/rclcpp/rclcpp/executors.hpp:22[m[K,
[28.095s]                  from [01m[K/opt/ros/iron/include/rclcpp/rclcpp/rclcpp.hpp:167[m[K,
[28.095s]                  from [01m[K/home/racecar/racecar_ws/src/ydlidar_ros2/src/ydlidar_node.cpp:23[m[K:
[28.096s] [01m[K/opt/ros/iron/include/rclcpp/rclcpp/node.hpp:492:3:[m[K [01;36m[Knote: [m[Kcandidate: â€˜[01m[Ktemplate<class ParameterT> auto rclcpp::Node::declare_parameter(const string&, const ParameterDescriptor&, bool)[m[Kâ€™
[28.096s]   492 |   [01;36m[Kdeclare_parameter[m[K(
[28.097s]       |   [01;36m[K^~~~~~~~~~~~~~~~~[m[K
[28.097s] [01m[K/opt/ros/iron/include/rclcpp/rclcpp/node.hpp:492:3:[m[K [01;36m[Knote: [m[K  template argument deduction/substitution failed:
[28.098s] [01m[K/home/racecar/racecar_ws/src/ydlidar_ros2/src/ydlidar_node.cpp:87:26:[m[K [01;36m[Knote: [m[K  couldnâ€™t deduce template parameter â€˜[01m[KParameterT[m[Kâ€™
[28.099s]    87 |   [01;36m[Knode->declare_parameter("baudrate")[m[K;
[28.100s]       |   [01;36m[K~~~~~~~~~~~~~~~~~~~~~~~^~~~~~~~~~~~[m[K
[28.100s] In file included from [01m[K/opt/ros/iron/include/rclcpp/rclcpp/executors/single_threaded_executor.hpp:28[m[K,
[28.101s]                  from [01m[K/opt/ros/iron/include/rclcpp/rclcpp/executors.hpp:22[m[K,
[28.101s]                  from [01m[K/opt/ros/iron/include/rclcpp/rclcpp/rclcpp.hpp:167[m[K,
[28.102s]                  from [01m[K/home/racecar/racecar_ws/src/ydlidar_ros2/src/ydlidar_node.cpp:23[m[K:
[28.102s] [01m[K/opt/ros/iron/include/rclcpp/rclcpp/node.hpp:424:3:[m[K [01;36m[Knote: [m[Kcandidate: â€˜[01m[Kconst rclcpp::ParameterValue& rclcpp::Node::declare_parameter(const string&, const rclcpp::ParameterValue&, const ParameterDescriptor&, bool)[m[Kâ€™
[28.103s]   424 |   [01;36m[Kdeclare_parameter[m[K(
[28.104s]       |   [01;36m[K^~~~~~~~~~~~~~~~~[m[K
[28.104s] [01m[K/opt/ros/iron/include/rclcpp/rclcpp/node.hpp:424:3:[m[K [01;36m[Knote: [m[K  candidate expects 4 arguments, 1 provided
[28.105s] [01m[K/opt/ros/iron/include/rclcpp/rclcpp/node.hpp:449:3:[m[K [01;36m[Knote: [m[Kcandidate: â€˜[01m[Kconst rclcpp::ParameterValue& rclcpp::Node::declare_parameter(const string&, rclcpp::ParameterType, const ParameterDescriptor&, bool)[m[Kâ€™
[28.105s]   449 |   [01;36m[Kdeclare_parameter[m[K(
[28.106s]       |   [01;36m[K^~~~~~~~~~~~~~~~~[m[K
[28.106s] [01m[K/opt/ros/iron/include/rclcpp/rclcpp/node.hpp:449:3:[m[K [01;36m[Knote: [m[K  candidate expects 4 arguments, 1 provided
[28.107s] [01m[K/home/racecar/racecar_ws/src/ydlidar_ros2/src/ydlidar_node.cpp:90:26:[m[K [01;31m[Kerror: [m[Kno matching function for call to â€˜[01m[Krclcpp::Node::declare_parameter(const char [10])[m[Kâ€™
[28.107s]    90 |   [01;31m[Knode->declare_parameter("samp_rate")[m[K;
[28.108s]       |   [01;31m[K~~~~~~~~~~~~~~~~~~~~~~~^~~~~~~~~~~~~[m[K
[28.108s] In file included from [01m[K/opt/ros/iron/include/rclcpp/rclcpp/executors/single_threaded_executor.hpp:28[m[K,
[28.109s]                  from [01m[K/opt/ros/iron/include/rclcpp/rclcpp/executors.hpp:22[m[K,
[28.110s]                  from [01m[K/opt/ros/iron/include/rclcpp/rclcpp/rclcpp.hpp:167[m[K,
[28.110s]                  from [01m[K/home/racecar/racecar_ws/src/ydlidar_ros2/src/ydlidar_node.cpp:23[m[K:
[28.111s] [01m[K/opt/ros/iron/include/rclcpp/rclcpp/node.hpp:479:3:[m[K [01;36m[Knote: [m[Kcandidate: â€˜[01m[Ktemplate<class ParameterT> auto rclcpp::Node::declare_parameter(const string&, const ParameterT&, const ParameterDescriptor&, bool)[m[Kâ€™
[28.111s]   479 |   [01;36m[Kdeclare_parameter[m[K(
[28.112s]       |   [01;36m[K^~~~~~~~~~~~~~~~~[m[K
[28.112s] [01m[K/opt/ros/iron/include/rclcpp/rclcpp/node.hpp:479:3:[m[K [01;36m[Knote: [m[K  template argument deduction/substitution failed:
[28.113s] [01m[K/home/racecar/racecar_ws/src/ydlidar_ros2/src/ydlidar_node.cpp:90:26:[m[K [01;36m[Knote: [m[K  candidate expects 4 arguments, 1 provided
[28.113s]    90 |   [01;36m[Knode->declare_parameter("samp_rate")[m[K;
[28.114s]       |   [01;36m[K~~~~~~~~~~~~~~~~~~~~~~~^~~~~~~~~~~~~[m[K
[28.114s] In file included from [01m[K/opt/ros/iron/include/rclcpp/rclcpp/executors/single_threaded_executor.hpp:28[m[K,
[28.115s]                  from [01m[K/opt/ros/iron/include/rclcpp/rclcpp/executors.hpp:22[m[K,
[28.116s]                  from [01m[K/opt/ros/iron/include/rclcpp/rclcpp/rclcpp.hpp:167[m[K,
[28.116s]                  from [01m[K/home/racecar/racecar_ws/src/ydlidar_ros2/src/ydlidar_node.cpp:23[m[K:
[28.117s] [01m[K/opt/ros/iron/include/rclcpp/rclcpp/node.hpp:492:3:[m[K [01;36m[Knote: [m[Kcandidate: â€˜[01m[Ktemplate<class ParameterT> auto rclcpp::Node::declare_parameter(const string&, const ParameterDescriptor&, bool)[m[Kâ€™
[28.117s]   492 |   [01;36m[Kdeclare_parameter[m[K(
[28.118s]       |   [01;36m[K^~~~~~~~~~~~~~~~~[m[K
[28.118s] [01m[K/opt/ros/iron/include/rclcpp/rclcpp/node.hpp:492:3:[m[K [01;36m[Knote: [m[K  template argument deduction/substitution failed:
[28.119s] [01m[K/home/racecar/racecar_ws/src/ydlidar_ros2/src/ydlidar_node.cpp:90:26:[m[K [01;36m[Knote: [m[K  couldnâ€™t deduce template parameter â€˜[01m[KParameterT[m[Kâ€™
[28.119s]    90 |   [01;36m[Knode->declare_parameter("samp_rate")[m[K;
[28.120s]       |   [01;36m[K~~~~~~~~~~~~~~~~~~~~~~~^~~~~~~~~~~~~[m[K
[28.121s] In file included from [01m[K/opt/ros/iron/include/rclcpp/rclcpp/executors/single_threaded_executor.hpp:28[m[K,
[28.121s]                  from [01m[K/opt/ros/iron/include/rclcpp/rclcpp/executors.hpp:22[m[K,
[28.122s]                  from [01m[K/opt/ros/iron/include/rclcpp/rclcpp/rclcpp.hpp:167[m[K,
[28.122s]                  from [01m[K/home/racecar/racecar_ws/src/ydlidar_ros2/src/ydlidar_node.cpp:23[m[K:
[28.123s] [01m[K/opt/ros/iron/include/rclcpp/rclcpp/node.hpp:424:3:[m[K [01;36m[Knote: [m[Kcandidate: â€˜[01m[Kconst rclcpp::ParameterValue& rclcpp::Node::declare_parameter(const string&, const rclcpp::ParameterValue&, const ParameterDescriptor&, bool)[m[Kâ€™
[28.124s]   424 |   [01;36m[Kdeclare_parameter[m[K(
[28.124s]       |   [01;36m[K^~~~~~~~~~~~~~~~~[m[K
[28.125s] [01m[K/opt/ros/iron/include/rclcpp/rclcpp/node.hpp:424:3:[m[K [01;36m[Knote: [m[K  candidate expects 4 arguments, 1 provided
[28.125s] [01m[K/opt/ros/iron/include/rclcpp/rclcpp/node.hpp:449:3:[m[K [01;36m[Knote: [m[Kcandidate: â€˜[01m[Kconst rclcpp::ParameterValue& rclcpp::Node::declare_parameter(const string&, rclcpp::ParameterType, const ParameterDescriptor&, bool)[m[Kâ€™
[28.126s]   449 |   [01;36m[Kdeclare_parameter[m[K(
[28.126s]       |   [01;36m[K^~~~~~~~~~~~~~~~~[m[K
[28.127s] [01m[K/opt/ros/iron/include/rclcpp/rclcpp/node.hpp:449:3:[m[K [01;36m[Knote: [m[K  candidate expects 4 arguments, 1 provided
[28.127s] [01m[K/home/racecar/racecar_ws/src/ydlidar_ros2/src/ydlidar_node.cpp:93:26:[m[K [01;31m[Kerror: [m[Kno matching function for call to â€˜[01m[Krclcpp::Node::declare_parameter(const char [17])[m[Kâ€™
[28.128s]    93 |   [01;31m[Knode->declare_parameter("resolution_fixed")[m[K;
[28.128s]       |   [01;31m[K~~~~~~~~~~~~~~~~~~~~~~~^~~~~~~~~~~~~~~~~~~~[m[K
[28.129s] In file included from [01m[K/opt/ros/iron/include/rclcpp/rclcpp/executors/single_threaded_executor.hpp:28[m[K,
[28.132s]                  from [01m[K/opt/ros/iron/include/rclcpp/rclcpp/executors.hpp:22[m[K,
[28.132s]                  from [01m[K/opt/ros/iron/include/rclcpp/rclcpp/rclcpp.hpp:167[m[K,
[28.133s]                  from [01m[K/home/racecar/racecar_ws/src/ydlidar_ros2/src/ydlidar_node.cpp:23[m[K:
[28.134s] [01m[K/opt/ros/iron/include/rclcpp/rclcpp/node.hpp:479:3:[m[K [01;36m[Knote: [m[Kcandidate: â€˜[01m[Ktemplate<class ParameterT> auto rclcpp::Node::declare_parameter(const string&, const ParameterT&, const ParameterDescriptor&, bool)[m[Kâ€™
[28.134s]   479 |   [01;36m[Kdeclare_parameter[m[K(
[28.135s]       |   [01;36m[K^~~~~~~~~~~~~~~~~[m[K
[28.136s] [01m[K/opt/ros/iron/include/rclcpp/rclcpp/node.hpp:479:3:[m[K [01;36m[Knote: [m[K  template argument deduction/substitution failed:
[28.136s] [01m[K/home/racecar/racecar_ws/src/ydlidar_ros2/src/ydlidar_node.cpp:93:26:[m[K [01;36m[Knote: [m[K  candidate expects 4 arguments, 1 provided
[28.137s]    93 |   [01;36m[Knode->declare_parameter("resolution_fixed")[m[K;
[28.138s]       |   [01;36m[K~~~~~~~~~~~~~~~~~~~~~~~^~~~~~~~~~~~~~~~~~~~[m[K
[28.138s] In file included from [01m[K/opt/ros/iron/include/rclcpp/rclcpp/executors/single_threaded_executor.hpp:28[m[K,
[28.139s]                  from [01m[K/opt/ros/iron/include/rclcpp/rclcpp/executors.hpp:22[m[K,
[28.139s]                  from [01m[K/opt/ros/iron/include/rclcpp/rclcpp/rclcpp.hpp:167[m[K,
[28.140s]                  from [01m[K/home/racecar/racecar_ws/src/ydlidar_ros2/src/ydlidar_node.cpp:23[m[K:
[28.141s] [01m[K/opt/ros/iron/include/rclcpp/rclcpp/node.hpp:492:3:[m[K [01;36m[Knote: [m[Kcandidate: â€˜[01m[Ktemplate<class ParameterT> auto rclcpp::Node::declare_parameter(const string&, const ParameterDescriptor&, bool)[m[Kâ€™
[28.141s]   492 |   [01;36m[Kdeclare_parameter[m[K(
[28.142s]       |   [01;36m[K^~~~~~~~~~~~~~~~~[m[K
[28.142s] [01m[K/opt/ros/iron/include/rclcpp/rclcpp/node.hpp:492:3:[m[K [01;36m[Knote: [m[K  template argument deduction/substitution failed:
[28.143s] [01m[K/home/racecar/racecar_ws/src/ydlidar_ros2/src/ydlidar_node.cpp:93:26:[m[K [01;36m[Knote: [m[K  couldnâ€™t deduce template parameter â€˜[01m[KParameterT[m[Kâ€™
[28.143s]    93 |   [01;36m[Knode->declare_parameter("resolution_fixed")[m[K;
[28.144s]       |   [01;36m[K~~~~~~~~~~~~~~~~~~~~~~~^~~~~~~~~~~~~~~~~~~~[m[K
[28.145s] In file included from [01m[K/opt/ros/iron/include/rclcpp/rclcpp/executors/single_threaded_executor.hpp:28[m[K,
[28.145s]                  from [01m[K/opt/ros/iron/include/rclcpp/rclcpp/executors.hpp:22[m[K,
[28.146s]                  from [01m[K/opt/ros/iron/include/rclcpp/rclcpp/rclcpp.hpp:167[m[K,
[28.146s]                  from [01m[K/home/racecar/racecar_ws/src/ydlidar_ros2/src/ydlidar_node.cpp:23[m[K:
[28.147s] [01m[K/opt/ros/iron/include/rclcpp/rclcpp/node.hpp:424:3:[m[K [01;36m[Knote: [m[Kcandidate: â€˜[01m[Kconst rclcpp::ParameterValue& rclcpp::Node::declare_parameter(const string&, const rclcpp::ParameterValue&, const ParameterDescriptor&, bool)[m[Kâ€™
[28.148s]   424 |   [01;36m[Kdeclare_parameter[m[K(
[28.148s]       |   [01;36m[K^~~~~~~~~~~~~~~~~[m[K
[28.149s] [01m[K/opt/ros/iron/include/rclcpp/rclcpp/node.hpp:424:3:[m[K [01;36m[Knote: [m[K  candidate expects 4 arguments, 1 provided
[28.149s] [01m[K/opt/ros/iron/include/rclcpp/rclcpp/node.hpp:449:3:[m[K [01;36m[Knote: [m[Kcandidate: â€˜[01m[Kconst rclcpp::ParameterValue& rclcpp::Node::declare_parameter(const string&, rclcpp::ParameterType, const ParameterDescriptor&, bool)[m[Kâ€™
[28.150s]   449 |   [01;36m[Kdeclare_parameter[m[K(
[28.151s]       |   [01;36m[K^~~~~~~~~~~~~~~~~[m[K
[28.151s] [01m[K/opt/ros/iron/include/rclcpp/rclcpp/node.hpp:449:3:[m[K [01;36m[Knote: [m[K  candidate expects 4 arguments, 1 provided
[28.152s] [01m[K/home/racecar/racecar_ws/src/ydlidar_ros2/src/ydlidar_node.cpp:96:26:[m[K [01;31m[Kerror: [m[Kno matching function for call to â€˜[01m[Krclcpp::Node::declare_parameter(const char [14])[m[Kâ€™
[28.153s]    96 |   [01;31m[Knode->declare_parameter("singleChannel")[m[K;
[28.153s]       |   [01;31m[K~~~~~~~~~~~~~~~~~~~~~~~^~~~~~~~~~~~~~~~~[m[K
[28.154s] In file included from [01m[K/opt/ros/iron/include/rclcpp/rclcpp/executors/single_threaded_executor.hpp:28[m[K,
[28.154s]                  from [01m[K/opt/ros/iron/include/rclcpp/rclcpp/executors.hpp:22[m[K,
[28.155s]                  from [01m[K/opt/ros/iron/include/rclcpp/rclcpp/rclcpp.hpp:167[m[K,
[28.155s]                  from [01m[K/home/racecar/racecar_ws/src/ydlidar_ros2/src/ydlidar_node.cpp:23[m[K:
[28.156s] [01m[K/opt/ros/iron/include/rclcpp/rclcpp/node.hpp:479:3:[m[K [01;36m[Knote: [m[Kcandidate: â€˜[01m[Ktemplate<class ParameterT> auto rclcpp::Node::declare_parameter(const string&, const ParameterT&, const ParameterDescriptor&, bool)[m[Kâ€™
[28.157s]   479 |   [01;36m[Kdeclare_parameter[m[K(
[28.157s]       |   [01;36m[K^~~~~~~~~~~~~~~~~[m[K
[28.158s] [01m[K/opt/ros/iron/include/rclcpp/rclcpp/node.hpp:479:3:[m[K [01;36m[Knote: [m[K  template argument deduction/substitution failed:
[28.158s] [01m[K/home/racecar/racecar_ws/src/ydlidar_ros2/src/ydlidar_node.cpp:96:26:[m[K [01;36m[Knote: [m[K  candidate expects 4 arguments, 1 provided
[28.159s]    96 |   [01;36m[Knode->declare_parameter("singleChannel")[m[K;
[28.160s]       |   [01;36m[K~~~~~~~~~~~~~~~~~~~~~~~^~~~~~~~~~~~~~~~~[m[K
[28.160s] In file included from [01m[K/opt/ros/iron/include/rclcpp/rclcpp/executors/single_threaded_executor.hpp:28[m[K,
[28.161s]                  from [01m[K/opt/ros/iron/include/rclcpp/rclcpp/executors.hpp:22[m[K,
[28.161s]                  from [01m[K/opt/ros/iron/include/rclcpp/rclcpp/rclcpp.hpp:167[m[K,
[28.162s]                  from [01m[K/home/racecar/racecar_ws/src/ydlidar_ros2/src/ydlidar_node.cpp:23[m[K:
[28.162s] [01m[K/opt/ros/iron/include/rclcpp/rclcpp/node.hpp:492:3:[m[K [01;36m[Knote: [m[Kcandidate: â€˜[01m[Ktemplate<class ParameterT> auto rclcpp::Node::declare_parameter(const string&, const ParameterDescriptor&, bool)[m[Kâ€™
[28.163s]   492 |   [01;36m[Kdeclare_parameter[m[K(
[28.164s]       |   [01;36m[K^~~~~~~~~~~~~~~~~[m[K
[28.164s] [01m[K/opt/ros/iron/include/rclcpp/rclcpp/node.hpp:492:3:[m[K [01;36m[Knote: [m[K  template argument deduction/substitution failed:
[28.165s] [01m[K/home/racecar/racecar_ws/src/ydlidar_ros2/src/ydlidar_node.cpp:96:26:[m[K [01;36m[Knote: [m[K  couldnâ€™t deduce template parameter â€˜[01m[KParameterT[m[Kâ€™
[28.166s]    96 |   [01;36m[Knode->declare_parameter("singleChannel")[m[K;
[28.166s]       |   [01;36m[K~~~~~~~~~~~~~~~~~~~~~~~^~~~~~~~~~~~~~~~~[m[K
[28.167s] In file included from [01m[K/opt/ros/iron/include/rclcpp/rclcpp/executors/single_threaded_executor.hpp:28[m[K,
[28.167s]                  from [01m[K/opt/ros/iron/include/rclcpp/rclcpp/executors.hpp:22[m[K,
[28.168s]                  from [01m[K/opt/ros/iron/include/rclcpp/rclcpp/rclcpp.hpp:167[m[K,
[28.168s]                  from [01m[K/home/racecar/racecar_ws/src/ydlidar_ros2/src/ydlidar_node.cpp:23[m[K:
[28.169s] [01m[K/opt/ros/iron/include/rclcpp/rclcpp/node.hpp:424:3:[m[K [01;36m[Knote: [m[Kcandidate: â€˜[01m[Kconst rclcpp::ParameterValue& rclcpp::Node::declare_parameter(const string&, const rclcpp::ParameterValue&, const ParameterDescriptor&, bool)[m[Kâ€™
[28.170s]   424 |   [01;36m[Kdeclare_parameter[m[K(
[28.170s]       |   [01;36m[K^~~~~~~~~~~~~~~~~[m[K
[28.171s] [01m[K/opt/ros/iron/include/rclcpp/rclcpp/node.hpp:424:3:[m[K [01;36m[Knote: [m[K  candidate expects 4 arguments, 1 provided
[28.172s] [01m[K/opt/ros/iron/include/rclcpp/rclcpp/node.hpp:449:3:[m[K [01;36m[Knote: [m[Kcandidate: â€˜[01m[Kconst rclcpp::ParameterValue& rclcpp::Node::declare_parameter(const string&, rclcpp::ParameterType, const ParameterDescriptor&, bool)[m[Kâ€™
[28.172s]   449 |   [01;36m[Kdeclare_parameter[m[K(
[28.173s]       |   [01;36m[K^~~~~~~~~~~~~~~~~[m[K
[28.173s] [01m[K/opt/ros/iron/include/rclcpp/rclcpp/node.hpp:449:3:[m[K [01;36m[Knote: [m[K  candidate expects 4 arguments, 1 provided
[28.174s] [01m[K/home/racecar/racecar_ws/src/ydlidar_ros2/src/ydlidar_node.cpp:99:26:[m[K [01;31m[Kerror: [m[Kno matching function for call to â€˜[01m[Krclcpp::Node::declare_parameter(const char [15])[m[Kâ€™
[28.174s]    99 |   [01;31m[Knode->declare_parameter("auto_reconnect")[m[K;
[28.175s]       |   [01;31m[K~~~~~~~~~~~~~~~~~~~~~~~^~~~~~~~~~~~~~~~~~[m[K
[28.176s] In file included from [01m[K/opt/ros/iron/include/rclcpp/rclcpp/executors/single_threaded_executor.hpp:28[m[K,
[28.176s]                  from [01m[K/opt/ros/iron/include/rclcpp/rclcpp/executors.hpp:22[m[K,
[28.177s]                  from [01m[K/opt/ros/iron/include/rclcpp/rclcpp/rclcpp.hpp:167[m[K,
[28.177s]                  from [01m[K/home/racecar/racecar_ws/src/ydlidar_ros2/src/ydlidar_node.cpp:23[m[K:
[28.178s] [01m[K/opt/ros/iron/include/rclcpp/rclcpp/node.hpp:479:3:[m[K [01;36m[Knote: [m[Kcandidate: â€˜[01m[Ktemplate<class ParameterT> auto rclcpp::Node::declare_parameter(const string&, const ParameterT&, const ParameterDescriptor&, bool)[m[Kâ€™
[28.178s]   479 |   [01;36m[Kdeclare_parameter[m[K(
[28.179s]       |   [01;36m[K^~~~~~~~~~~~~~~~~[m[K
[28.180s] [01m[K/opt/ros/iron/include/rclcpp/rclcpp/node.hpp:479:3:[m[K [01;36m[Knote: [m[K  template argument deduction/substitution failed:
[28.180s] [01m[K/home/racecar/racecar_ws/src/ydlidar_ros2/src/ydlidar_node.cpp:99:26:[m[K [01;36m[Knote: [m[K  candidate expects 4 arguments, 1 provided
[28.181s]    99 |   [01;36m[Knode->declare_parameter("auto_reconnect")[m[K;
[28.182s]       |   [01;36m[K~~~~~~~~~~~~~~~~~~~~~~~^~~~~~~~~~~~~~~~~~[m[K
[28.182s] In file included from [01m[K/opt/ros/iron/include/rclcpp/rclcpp/executors/single_threaded_executor.hpp:28[m[K,
[28.183s]                  from [01m[K/opt/ros/iron/include/rclcpp/rclcpp/executors.hpp:22[m[K,
[28.184s]                  from [01m[K/opt/ros/iron/include/rclcpp/rclcpp/rclcpp.hpp:167[m[K,
[28.184s]                  from [01m[K/home/racecar/racecar_ws/src/ydlidar_ros2/src/ydlidar_node.cpp:23[m[K:
[28.185s] [01m[K/opt/ros/iron/include/rclcpp/rclcpp/node.hpp:492:3:[m[K [01;36m[Knote: [m[Kcandidate: â€˜[01m[Ktemplate<class ParameterT> auto rclcpp::Node::declare_parameter(const string&, const ParameterDescriptor&, bool)[m[Kâ€™
[28.185s]   492 |   [01;36m[Kdeclare_parameter[m[K(
[28.186s]       |   [01;36m[K^~~~~~~~~~~~~~~~~[m[K
[28.186s] [01m[K/opt/ros/iron/include/rclcpp/rclcpp/node.hpp:492:3:[m[K [01;36m[Knote: [m[K  template argument deduction/substitution failed:
[28.187s] [01m[K/home/racecar/racecar_ws/src/ydlidar_ros2/src/ydlidar_node.cpp:99:26:[m[K [01;36m[Knote: [m[K  couldnâ€™t deduce template parameter â€˜[01m[KParameterT[m[Kâ€™
[28.188s]    99 |   [01;36m[Knode->declare_parameter("auto_reconnect")[m[K;
[28.188s]       |   [01;36m[K~~~~~~~~~~~~~~~~~~~~~~~^~~~~~~~~~~~~~~~~~[m[K
[28.189s] In file included from [01m[K/opt/ros/iron/include/rclcpp/rclcpp/executors/single_threaded_executor.hpp:28[m[K,
[28.189s]                  from [01m[K/opt/ros/iron/include/rclcpp/rclcpp/executors.hpp:22[m[K,
[28.190s]                  from [01m[K/opt/ros/iron/include/rclcpp/rclcpp/rclcpp.hpp:167[m[K,
[28.190s]                  from [01m[K/home/racecar/racecar_ws/src/ydlidar_ros2/src/ydlidar_node.cpp:23[m[K:
[28.191s] [01m[K/opt/ros/iron/include/rclcpp/rclcpp/node.hpp:424:3:[m[K [01;36m[Knote: [m[Kcandidate: â€˜[01m[Kconst rclcpp::ParameterValue& rclcpp::Node::declare_parameter(const string&, const rclcpp::ParameterValue&, const ParameterDescriptor&, bool)[m[Kâ€™
[28.192s]   424 |   [01;36m[Kdeclare_parameter[m[K(
[28.192s]       |   [01;36m[K^~~~~~~~~~~~~~~~~[m[K
[28.193s] [01m[K/opt/ros/iron/include/rclcpp/rclcpp/node.hpp:424:3:[m[K [01;36m[Knote: [m[K  candidate expects 4 arguments, 1 provided
[28.193s] [01m[K/opt/ros/iron/include/rclcpp/rclcpp/node.hpp:449:3:[m[K [01;36m[Knote: [m[Kcandidate: â€˜[01m[Kconst rclcpp::ParameterValue& rclcpp::Node::declare_parameter(const string&, rclcpp::ParameterType, const ParameterDescriptor&, bool)[m[Kâ€™
[28.194s]   449 |   [01;36m[Kdeclare_parameter[m[K(
[28.194s]       |   [01;36m[K^~~~~~~~~~~~~~~~~[m[K
[28.195s] [01m[K/opt/ros/iron/include/rclcpp/rclcpp/node.hpp:449:3:[m[K [01;36m[Knote: [m[K  candidate expects 4 arguments, 1 provided
[28.195s] [01m[K/home/racecar/racecar_ws/src/ydlidar_ros2/src/ydlidar_node.cpp:102:26:[m[K [01;31m[Kerror: [m[Kno matching function for call to â€˜[01m[Krclcpp::Node::declare_parameter(const char [10])[m[Kâ€™
[28.196s]   102 |   [01;31m[Knode->declare_parameter("reversion")[m[K;
[28.196s]       |   [01;31m[K~~~~~~~~~~~~~~~~~~~~~~~^~~~~~~~~~~~~[m[K
[28.197s] In file included from [01m[K/opt/ros/iron/include/rclcpp/rclcpp/executors/single_threaded_executor.hpp:28[m[K,
[28.198s]                  from [01m[K/opt/ros/iron/include/rclcpp/rclcpp/executors.hpp:22[m[K,
[28.198s]                  from [01m[K/opt/ros/iron/include/rclcpp/rclcpp/rclcpp.hpp:167[m[K,
[28.199s]                  from [01m[K/home/racecar/racecar_ws/src/ydlidar_ros2/src/ydlidar_node.cpp:23[m[K:
[28.199s] [01m[K/opt/ros/iron/include/rclcpp/rclcpp/node.hpp:479:3:[m[K [01;36m[Knote: [m[Kcandidate: â€˜[01m[Ktemplate<class ParameterT> auto rclcpp::Node::declare_parameter(const string&, const ParameterT&, const ParameterDescriptor&, bool)[m[Kâ€™
[28.200s]   479 |   [01;36m[Kdeclare_parameter[m[K(
[28.200s]       |   [01;36m[K^~~~~~~~~~~~~~~~~[m[K
[28.201s] [01m[K/opt/ros/iron/include/rclcpp/rclcpp/node.hpp:479:3:[m[K [01;36m[Knote: [m[K  template argument deduction/substitution failed:
[28.202s] [01m[K/home/racecar/racecar_ws/src/ydlidar_ros2/src/ydlidar_node.cpp:102:26:[m[K [01;36m[Knote: [m[K  candidate expects 4 arguments, 1 provided
[28.202s]   102 |   [01;36m[Knode->declare_parameter("reversion")[m[K;
[28.203s]       |   [01;36m[K~~~~~~~~~~~~~~~~~~~~~~~^~~~~~~~~~~~~[m[K
[28.203s] In file included from [01m[K/opt/ros/iron/include/rclcpp/rclcpp/executors/single_threaded_executor.hpp:28[m[K,
[28.204s]                  from [01m[K/opt/ros/iron/include/rclcpp/rclcpp/executors.hpp:22[m[K,
[28.204s]                  from [01m[K/opt/ros/iron/include/rclcpp/rclcpp/rclcpp.hpp:167[m[K,
[28.205s]                  from [01m[K/home/racecar/racecar_ws/src/ydlidar_ros2/src/ydlidar_node.cpp:23[m[K:
[28.205s] [01m[K/opt/ros/iron/include/rclcpp/rclcpp/node.hpp:492:3:[m[K [01;36m[Knote: [m[Kcandidate: â€˜[01m[Ktemplate<class ParameterT> auto rclcpp::Node::declare_parameter(const string&, const ParameterDescriptor&, bool)[m[Kâ€™
[28.206s]   492 |   [01;36m[Kdeclare_parameter[m[K(
[28.207s]       |   [01;36m[K^~~~~~~~~~~~~~~~~[m[K
[28.207s] [01m[K/opt/ros/iron/include/rclcpp/rclcpp/node.hpp:492:3:[m[K [01;36m[Knote: [m[K  template argument deduction/substitution failed:
[28.208s] [01m[K/home/racecar/racecar_ws/src/ydlidar_ros2/src/ydlidar_node.cpp:102:26:[m[K [01;36m[Knote: [m[K  couldnâ€™t deduce template parameter â€˜[01m[KParameterT[m[Kâ€™
[28.208s]   102 |   [01;36m[Knode->declare_parameter("reversion")[m[K;
[28.209s]       |   [01;36m[K~~~~~~~~~~~~~~~~~~~~~~~^~~~~~~~~~~~~[m[K
[28.209s] In file included from [01m[K/opt/ros/iron/include/rclcpp/rclcpp/executors/single_threaded_executor.hpp:28[m[K,
[28.210s]                  from [01m[K/opt/ros/iron/include/rclcpp/rclcpp/executors.hpp:22[m[K,
[28.211s]                  from [01m[K/opt/ros/iron/include/rclcpp/rclcpp/rclcpp.hpp:167[m[K,
[28.211s]                  from [01m[K/home/racecar/racecar_ws/src/ydlidar_ros2/src/ydlidar_node.cpp:23[m[K:
[28.212s] [01m[K/opt/ros/iron/include/rclcpp/rclcpp/node.hpp:424:3:[m[K [01;36m[Knote: [m[Kcandidate: â€˜[01m[Kconst rclcpp::ParameterValue& rclcpp::Node::declare_parameter(const string&, const rclcpp::ParameterValue&, const ParameterDescriptor&, bool)[m[Kâ€™
[28.213s]   424 |   [01;36m[Kdeclare_parameter[m[K(
[28.213s]       |   [01;36m[K^~~~~~~~~~~~~~~~~[m[K
[28.214s] [01m[K/opt/ros/iron/include/rclcpp/rclcpp/node.hpp:424:3:[m[K [01;36m[Knote: [m[K  candidate expects 4 arguments, 1 provided
[28.214s] [01m[K/opt/ros/iron/include/rclcpp/rclcpp/node.hpp:449:3:[m[K [01;36m[Knote: [m[Kcandidate: â€˜[01m[Kconst rclcpp::ParameterValue& rclcpp::Node::declare_parameter(const string&, rclcpp::ParameterType, const ParameterDescriptor&, bool)[m[Kâ€™
[28.215s]   449 |   [01;36m[Kdeclare_parameter[m[K(
[28.216s]       |   [01;36m[K^~~~~~~~~~~~~~~~~[m[K
[28.216s] [01m[K/opt/ros/iron/include/rclcpp/rclcpp/node.hpp:449:3:[m[K [01;36m[Knote: [m[K  candidate expects 4 arguments, 1 provided
[28.217s] [01m[K/home/racecar/racecar_ws/src/ydlidar_ros2/src/ydlidar_node.cpp:105:26:[m[K [01;31m[Kerror: [m[Kno matching function for call to â€˜[01m[Krclcpp::Node::declare_parameter(const char [11])[m[Kâ€™
[28.218s]   105 |   [01;31m[Knode->declare_parameter("isToFLidar")[m[K;
[28.218s]       |   [01;31m[K~~~~~~~~~~~~~~~~~~~~~~~^~~~~~~~~~~~~~[m[K
[28.219s] In file included from [01m[K/opt/ros/iron/include/rclcpp/rclcpp/executors/single_threaded_executor.hpp:28[m[K,
[28.219s]                  from [01m[K/opt/ros/iron/include/rclcpp/rclcpp/executors.hpp:22[m[K,
[28.220s]                  from [01m[K/opt/ros/iron/include/rclcpp/rclcpp/rclcpp.hpp:167[m[K,
[28.221s]                  from [01m[K/home/racecar/racecar_ws/src/ydlidar_ros2/src/ydlidar_node.cpp:23[m[K:
[28.221s] [01m[K/opt/ros/iron/include/rclcpp/rclcpp/node.hpp:479:3:[m[K [01;36m[Knote: [m[Kcandidate: â€˜[01m[Ktemplate<class ParameterT> auto rclcpp::Node::declare_parameter(const string&, const ParameterT&, const ParameterDescriptor&, bool)[m[Kâ€™
[28.222s]   479 |   [01;36m[Kdeclare_parameter[m[K(
[28.222s]       |   [01;36m[K^~~~~~~~~~~~~~~~~[m[K
[28.223s] [01m[K/opt/ros/iron/include/rclcpp/rclcpp/node.hpp:479:3:[m[K [01;36m[Knote: [m[K  template argument deduction/substitution failed:
[28.224s] [01m[K/home/racecar/racecar_ws/src/ydlidar_ros2/src/ydlidar_node.cpp:105:26:[m[K [01;36m[Knote: [m[K  candidate expects 4 arguments, 1 provided
[28.224s]   105 |   [01;36m[Knode->declare_parameter("isToFLidar")[m[K;
[28.225s]       |   [01;36m[K~~~~~~~~~~~~~~~~~~~~~~~^~~~~~~~~~~~~~[m[K
[28.225s] In file included from [01m[K/opt/ros/iron/include/rclcpp/rclcpp/executors/single_threaded_executor.hpp:28[m[K,
[28.226s]                  from [01m[K/opt/ros/iron/include/rclcpp/rclcpp/executors.hpp:22[m[K,
[28.226s]                  from [01m[K/opt/ros/iron/include/rclcpp/rclcpp/rclcpp.hpp:167[m[K,
[28.227s]                  from [01m[K/home/racecar/racecar_ws/src/ydlidar_ros2/src/ydlidar_node.cpp:23[m[K:
[28.228s] [01m[K/opt/ros/iron/include/rclcpp/rclcpp/node.hpp:492:3:[m[K [01;36m[Knote: [m[Kcandidate: â€˜[01m[Ktemplate<class ParameterT> auto rclcpp::Node::declare_parameter(const string&, const ParameterDescriptor&, bool)[m[Kâ€™
[28.228s]   492 |   [01;36m[Kdeclare_parameter[m[K(
[28.229s]       |   [01;36m[K^~~~~~~~~~~~~~~~~[m[K
[28.231s] [01m[K/opt/ros/iron/include/rclcpp/rclcpp/node.hpp:492:3:[m[K [01;36m[Knote: [m[K  template argument deduction/substitution failed:
[28.232s] [01m[K/home/racecar/racecar_ws/src/ydlidar_ros2/src/ydlidar_node.cpp:105:26:[m[K [01;36m[Knote: [m[K  couldnâ€™t deduce template parameter â€˜[01m[KParameterT[m[Kâ€™
[28.233s]   105 |   [01;36m[Knode->declare_parameter("isToFLidar")[m[K;
[28.233s]       |   [01;36m[K~~~~~~~~~~~~~~~~~~~~~~~^~~~~~~~~~~~~~[m[K
[28.234s] In file included from [01m[K/opt/ros/iron/include/rclcpp/rclcpp/executors/single_threaded_executor.hpp:28[m[K,
[28.234s]                  from [01m[K/opt/ros/iron/include/rclcpp/rclcpp/executors.hpp:22[m[K,
[28.235s]                  from [01m[K/opt/ros/iron/include/rclcpp/rclcpp/rclcpp.hpp:167[m[K,
[28.236s]                  from [01m[K/home/racecar/racecar_ws/src/ydlidar_ros2/src/ydlidar_node.cpp:23[m[K:
[28.236s] [01m[K/opt/ros/iron/include/rclcpp/rclcpp/node.hpp:424:3:[m[K [01;36m[Knote: [m[Kcandidate: â€˜[01m[Kconst rclcpp::ParameterValue& rclcpp::Node::declare_parameter(const string&, const rclcpp::ParameterValue&, const ParameterDescriptor&, bool)[m[Kâ€™
[28.237s]   424 |   [01;36m[Kdeclare_parameter[m[K(
[28.237s]       |   [01;36m[K^~~~~~~~~~~~~~~~~[m[K
[28.238s] [01m[K/opt/ros/iron/include/rclcpp/rclcpp/node.hpp:424:3:[m[K [01;36m[Knote: [m[K  candidate expects 4 arguments, 1 provided
[28.239s] [01m[K/opt/ros/iron/include/rclcpp/rclcpp/node.hpp:449:3:[m[K [01;36m[Knote: [m[Kcandidate: â€˜[01m[Kconst rclcpp::ParameterValue& rclcpp::Node::declare_parameter(const string&, rclcpp::ParameterType, const ParameterDescriptor&, bool)[m[Kâ€™
[28.239s]   449 |   [01;36m[Kdeclare_parameter[m[K(
[28.240s]       |   [01;36m[K^~~~~~~~~~~~~~~~~[m[K
[28.240s] [01m[K/opt/ros/iron/include/rclcpp/rclcpp/node.hpp:449:3:[m[K [01;36m[Knote: [m[K  candidate expects 4 arguments, 1 provided
[28.241s] [01m[K/home/racecar/racecar_ws/src/ydlidar_ros2/src/ydlidar_node.cpp:108:26:[m[K [01;31m[Kerror: [m[Kno matching function for call to â€˜[01m[Krclcpp::Node::declare_parameter(const char [10])[m[Kâ€™
[28.242s]   108 |   [01;31m[Knode->declare_parameter("angle_max")[m[K;
[28.242s]       |   [01;31m[K~~~~~~~~~~~~~~~~~~~~~~~^~~~~~~~~~~~~[m[K
[28.243s] In file included from [01m[K/opt/ros/iron/include/rclcpp/rclcpp/executors/single_threaded_executor.hpp:28[m[K,
[28.243s]                  from [01m[K/opt/ros/iron/include/rclcpp/rclcpp/executors.hpp:22[m[K,
[28.244s]                  from [01m[K/opt/ros/iron/include/rclcpp/rclcpp/rclcpp.hpp:167[m[K,
[28.245s]                  from [01m[K/home/racecar/racecar_ws/src/ydlidar_ros2/src/ydlidar_node.cpp:23[m[K:
[28.245s] [01m[K/opt/ros/iron/include/rclcpp/rclcpp/node.hpp:479:3:[m[K [01;36m[Knote: [m[Kcandidate: â€˜[01m[Ktemplate<class ParameterT> auto rclcpp::Node::declare_parameter(const string&, const ParameterT&, const ParameterDescriptor&, bool)[m[Kâ€™
[28.246s]   479 |   [01;36m[Kdeclare_parameter[m[K(
[28.246s]       |   [01;36m[K^~~~~~~~~~~~~~~~~[m[K
[28.247s] [01m[K/opt/ros/iron/include/rclcpp/rclcpp/node.hpp:479:3:[m[K [01;36m[Knote: [m[K  template argument deduction/substitution failed:
[28.248s] [01m[K/home/racecar/racecar_ws/src/ydlidar_ros2/src/ydlidar_node.cpp:108:26:[m[K [01;36m[Knote: [m[K  candidate expects 4 arguments, 1 provided
[28.248s]   108 |   [01;36m[Knode->declare_parameter("angle_max")[m[K;
[28.249s]       |   [01;36m[K~~~~~~~~~~~~~~~~~~~~~~~^~~~~~~~~~~~~[m[K
[28.250s] In file included from [01m[K/opt/ros/iron/include/rclcpp/rclcpp/executors/single_threaded_executor.hpp:28[m[K,
[28.250s]                  from [01m[K/opt/ros/iron/include/rclcpp/rclcpp/executors.hpp:22[m[K,
[28.251s]                  from [01m[K/opt/ros/iron/include/rclcpp/rclcpp/rclcpp.hpp:167[m[K,
[28.252s]                  from [01m[K/home/racecar/racecar_ws/src/ydlidar_ros2/src/ydlidar_node.cpp:23[m[K:
[28.253s] [01m[K/opt/ros/iron/include/rclcpp/rclcpp/node.hpp:492:3:[m[K [01;36m[Knote: [m[Kcandidate: â€˜[01m[Ktemplate<class ParameterT> auto rclcpp::Node::declare_parameter(const string&, const ParameterDescriptor&, bool)[m[Kâ€™
[28.253s]   492 |   [01;36m[Kdeclare_parameter[m[K(
[28.254s]       |   [01;36m[K^~~~~~~~~~~~~~~~~[m[K
[28.254s] [01m[K/opt/ros/iron/include/rclcpp/rclcpp/node.hpp:492:3:[m[K [01;36m[Knote: [m[K  template argument deduction/substitution failed:
[28.255s] [01m[K/home/racecar/racecar_ws/src/ydlidar_ros2/src/ydlidar_node.cpp:108:26:[m[K [01;36m[Knote: [m[K  couldnâ€™t deduce template parameter â€˜[01m[KParameterT[m[Kâ€™
[28.256s]   108 |   [01;36m[Knode->declare_parameter("angle_max")[m[K;
[28.256s]       |   [01;36m[K~~~~~~~~~~~~~~~~~~~~~~~^~~~~~~~~~~~~[m[K
[28.257s] In file included from [01m[K/opt/ros/iron/include/rclcpp/rclcpp/executors/single_threaded_executor.hpp:28[m[K,
[28.257s]                  from [01m[K/opt/ros/iron/include/rclcpp/rclcpp/executors.hpp:22[m[K,
[28.258s]                  from [01m[K/opt/ros/iron/include/rclcpp/rclcpp/rclcpp.hpp:167[m[K,
[28.258s]                  from [01m[K/home/racecar/racecar_ws/src/ydlidar_ros2/src/ydlidar_node.cpp:23[m[K:
[28.259s] [01m[K/opt/ros/iron/include/rclcpp/rclcpp/node.hpp:424:3:[m[K [01;36m[Knote: [m[Kcandidate: â€˜[01m[Kconst rclcpp::ParameterValue& rclcpp::Node::declare_parameter(const string&, const rclcpp::ParameterValue&, const ParameterDescriptor&, bool)[m[Kâ€™
[28.260s]   424 |   [01;36m[Kdeclare_parameter[m[K(
[28.260s]       |   [01;36m[K^~~~~~~~~~~~~~~~~[m[K
[28.261s] [01m[K/opt/ros/iron/include/rclcpp/rclcpp/node.hpp:424:3:[m[K [01;36m[Knote: [m[K  candidate expects 4 arguments, 1 provided
[28.262s] [01m[K/opt/ros/iron/include/rclcpp/rclcpp/node.hpp:449:3:[m[K [01;36m[Knote: [m[Kcandidate: â€˜[01m[Kconst rclcpp::ParameterValue& rclcpp::Node::declare_parameter(const string&, rclcpp::ParameterType, const ParameterDescriptor&, bool)[m[Kâ€™
[28.262s]   449 |   [01;36m[Kdeclare_parameter[m[K(
[28.263s]       |   [01;36m[K^~~~~~~~~~~~~~~~~[m[K
[28.263s] [01m[K/opt/ros/iron/include/rclcpp/rclcpp/node.hpp:449:3:[m[K [01;36m[Knote: [m[K  candidate expects 4 arguments, 1 provided
[28.264s] [01m[K/home/racecar/racecar_ws/src/ydlidar_ros2/src/ydlidar_node.cpp:111:26:[m[K [01;31m[Kerror: [m[Kno matching function for call to â€˜[01m[Krclcpp::Node::declare_parameter(const char [10])[m[Kâ€™
[28.265s]   111 |   [01;31m[Knode->declare_parameter("angle_min")[m[K;
[28.265s]       |   [01;31m[K~~~~~~~~~~~~~~~~~~~~~~~^~~~~~~~~~~~~[m[K
[28.266s] In file included from [01m[K/opt/ros/iron/include/rclcpp/rclcpp/executors/single_threaded_executor.hpp:28[m[K,
[28.266s]                  from [01m[K/opt/ros/iron/include/rclcpp/rclcpp/executors.hpp:22[m[K,
[28.267s]                  from [01m[K/opt/ros/iron/include/rclcpp/rclcpp/rclcpp.hpp:167[m[K,
[28.268s]                  from [01m[K/home/racecar/racecar_ws/src/ydlidar_ros2/src/ydlidar_node.cpp:23[m[K:
[28.268s] [01m[K/opt/ros/iron/include/rclcpp/rclcpp/node.hpp:479:3:[m[K [01;36m[Knote: [m[Kcandidate: â€˜[01m[Ktemplate<class ParameterT> auto rclcpp::Node::declare_parameter(const string&, const ParameterT&, const ParameterDescriptor&, bool)[m[Kâ€™
[28.269s]   479 |   [01;36m[Kdeclare_parameter[m[K(
[28.269s]       |   [01;36m[K^~~~~~~~~~~~~~~~~[m[K
[28.270s] [01m[K/opt/ros/iron/include/rclcpp/rclcpp/node.hpp:479:3:[m[K [01;36m[Knote: [m[K  template argument deduction/substitution failed:
[28.270s] [01m[K/home/racecar/racecar_ws/src/ydlidar_ros2/src/ydlidar_node.cpp:111:26:[m[K [01;36m[Knote: [m[K  candidate expects 4 arguments, 1 provided
[28.271s]   111 |   [01;36m[Knode->declare_parameter("angle_min")[m[K;
[28.272s]       |   [01;36m[K~~~~~~~~~~~~~~~~~~~~~~~^~~~~~~~~~~~~[m[K
[28.272s] In file included from [01m[K/opt/ros/iron/include/rclcpp/rclcpp/executors/single_threaded_executor.hpp:28[m[K,
[28.273s]                  from [01m[K/opt/ros/iron/include/rclcpp/rclcpp/executors.hpp:22[m[K,
[28.273s]                  from [01m[K/opt/ros/iron/include/rclcpp/rclcpp/rclcpp.hpp:167[m[K,
[28.274s]                  from [01m[K/home/racecar/racecar_ws/src/ydlidar_ros2/src/ydlidar_node.cpp:23[m[K:
[28.274s] [01m[K/opt/ros/iron/include/rclcpp/rclcpp/node.hpp:492:3:[m[K [01;36m[Knote: [m[Kcandidate: â€˜[01m[Ktemplate<class ParameterT> auto rclcpp::Node::declare_parameter(const string&, const ParameterDescriptor&, bool)[m[Kâ€™
[28.275s]   492 |   [01;36m[Kdeclare_parameter[m[K(
[28.276s]       |   [01;36m[K^~~~~~~~~~~~~~~~~[m[K
[28.276s] [01m[K/opt/ros/iron/include/rclcpp/rclcpp/node.hpp:492:3:[m[K [01;36m[Knote: [m[K  template argument deduction/substitution failed:
[28.277s] [01m[K/home/racecar/racecar_ws/src/ydlidar_ros2/src/ydlidar_node.cpp:111:26:[m[K [01;36m[Knote: [m[K  couldnâ€™t deduce template parameter â€˜[01m[KParameterT[m[Kâ€™
[28.277s]   111 |   [01;36m[Knode->declare_parameter("angle_min")[m[K;
[28.278s]       |   [01;36m[K~~~~~~~~~~~~~~~~~~~~~~~^~~~~~~~~~~~~[m[K
[28.278s] In file included from [01m[K/opt/ros/iron/include/rclcpp/rclcpp/executors/single_threaded_executor.hpp:28[m[K,
[28.279s]                  from [01m[K/opt/ros/iron/include/rclcpp/rclcpp/executors.hpp:22[m[K,
[28.280s]                  from [01m[K/opt/ros/iron/include/rclcpp/rclcpp/rclcpp.hpp:167[m[K,
[28.280s]                  from [01m[K/home/racecar/racecar_ws/src/ydlidar_ros2/src/ydlidar_node.cpp:23[m[K:
[28.281s] [01m[K/opt/ros/iron/include/rclcpp/rclcpp/node.hpp:424:3:[m[K [01;36m[Knote: [m[Kcandidate: â€˜[01m[Kconst rclcpp::ParameterValue& rclcpp::Node::declare_parameter(const string&, const rclcpp::ParameterValue&, const ParameterDescriptor&, bool)[m[Kâ€™
[28.281s]   424 |   [01;36m[Kdeclare_parameter[m[K(
[28.282s]       |   [01;36m[K^~~~~~~~~~~~~~~~~[m[K
[28.282s] [01m[K/opt/ros/iron/include/rclcpp/rclcpp/node.hpp:424:3:[m[K [01;36m[Knote: [m[K  candidate expects 4 arguments, 1 provided
[28.283s] [01m[K/opt/ros/iron/include/rclcpp/rclcpp/node.hpp:449:3:[m[K [01;36m[Knote: [m[Kcandidate: â€˜[01m[Kconst rclcpp::ParameterValue& rclcpp::Node::declare_parameter(const string&, rclcpp::ParameterType, const ParameterDescriptor&, bool)[m[Kâ€™
[28.284s]   449 |   [01;36m[Kdeclare_parameter[m[K(
[28.284s]       |   [01;36m[K^~~~~~~~~~~~~~~~~[m[K
[28.285s] [01m[K/opt/ros/iron/include/rclcpp/rclcpp/node.hpp:449:3:[m[K [01;36m[Knote: [m[K  candidate expects 4 arguments, 1 provided
[28.285s] [01m[K/home/racecar/racecar_ws/src/ydlidar_ros2/src/ydlidar_node.cpp:114:26:[m[K [01;31m[Kerror: [m[Kno matching function for call to â€˜[01m[Krclcpp::Node::declare_parameter(const char [10])[m[Kâ€™
[28.286s]   114 |   [01;31m[Knode->declare_parameter("max_range")[m[K;
[28.287s]       |   [01;31m[K~~~~~~~~~~~~~~~~~~~~~~~^~~~~~~~~~~~~[m[K
[28.287s] In file included from [01m[K/opt/ros/iron/include/rclcpp/rclcpp/executors/single_threaded_executor.hpp:28[m[K,
[28.288s]                  from [01m[K/opt/ros/iron/include/rclcpp/rclcpp/executors.hpp:22[m[K,
[28.288s]                  from [01m[K/opt/ros/iron/include/rclcpp/rclcpp/rclcpp.hpp:167[m[K,
[28.289s]                  from [01m[K/home/racecar/racecar_ws/src/ydlidar_ros2/src/ydlidar_node.cpp:23[m[K:
[28.290s] [01m[K/opt/ros/iron/include/rclcpp/rclcpp/node.hpp:479:3:[m[K [01;36m[Knote: [m[Kcandidate: â€˜[01m[Ktemplate<class ParameterT> auto rclcpp::Node::declare_parameter(const string&, const ParameterT&, const ParameterDescriptor&, bool)[m[Kâ€™
[28.290s]   479 |   [01;36m[Kdeclare_parameter[m[K(
[28.291s]       |   [01;36m[K^~~~~~~~~~~~~~~~~[m[K
[28.291s] [01m[K/opt/ros/iron/include/rclcpp/rclcpp/node.hpp:479:3:[m[K [01;36m[Knote: [m[K  template argument deduction/substitution failed:
[28.292s] [01m[K/home/racecar/racecar_ws/src/ydlidar_ros2/src/ydlidar_node.cpp:114:26:[m[K [01;36m[Knote: [m[K  candidate expects 4 arguments, 1 provided
[28.293s]   114 |   [01;36m[Knode->declare_parameter("max_range")[m[K;
[28.293s]       |   [01;36m[K~~~~~~~~~~~~~~~~~~~~~~~^~~~~~~~~~~~~[m[K
[28.294s] In file included from [01m[K/opt/ros/iron/include/rclcpp/rclcpp/executors/single_threaded_executor.hpp:28[m[K,
[28.294s]                  from [01m[K/opt/ros/iron/include/rclcpp/rclcpp/executors.hpp:22[m[K,
[28.295s]                  from [01m[K/opt/ros/iron/include/rclcpp/rclcpp/rclcpp.hpp:167[m[K,
[28.295s]                  from [01m[K/home/racecar/racecar_ws/src/ydlidar_ros2/src/ydlidar_node.cpp:23[m[K:
[28.296s] [01m[K/opt/ros/iron/include/rclcpp/rclcpp/node.hpp:492:3:[m[K [01;36m[Knote: [m[Kcandidate: â€˜[01m[Ktemplate<class ParameterT> auto rclcpp::Node::declare_parameter(const string&, const ParameterDescriptor&, bool)[m[Kâ€™
[28.296s]   492 |   [01;36m[Kdeclare_parameter[m[K(
[28.297s]       |   [01;36m[K^~~~~~~~~~~~~~~~~[m[K
[28.297s] [01m[K/opt/ros/iron/include/rclcpp/rclcpp/node.hpp:492:3:[m[K [01;36m[Knote: [m[K  template argument deduction/substitution failed:
[28.298s] [01m[K/home/racecar/racecar_ws/src/ydlidar_ros2/src/ydlidar_node.cpp:114:26:[m[K [01;36m[Knote: [m[K  couldnâ€™t deduce template parameter â€˜[01m[KParameterT[m[Kâ€™
[28.298s]   114 |   [01;36m[Knode->declare_parameter("max_range")[m[K;
[28.299s]       |   [01;36m[K~~~~~~~~~~~~~~~~~~~~~~~^~~~~~~~~~~~~[m[K
[28.300s] In file included from [01m[K/opt/ros/iron/include/rclcpp/rclcpp/executors/single_threaded_executor.hpp:28[m[K,
[28.300s]                  from [01m[K/opt/ros/iron/include/rclcpp/rclcpp/executors.hpp:22[m[K,
[28.301s]                  from [01m[K/opt/ros/iron/include/rclcpp/rclcpp/rclcpp.hpp:167[m[K,
[28.301s]                  from [01m[K/home/racecar/racecar_ws/src/ydlidar_ros2/src/ydlidar_node.cpp:23[m[K:
[28.302s] [01m[K/opt/ros/iron/include/rclcpp/rclcpp/node.hpp:424:3:[m[K [01;36m[Knote: [m[Kcandidate: â€˜[01m[Kconst rclcpp::ParameterValue& rclcpp::Node::declare_parameter(const string&, const rclcpp::ParameterValue&, const ParameterDescriptor&, bool)[m[Kâ€™
[28.302s]   424 |   [01;36m[Kdeclare_parameter[m[K(
[28.303s]       |   [01;36m[K^~~~~~~~~~~~~~~~~[m[K
[28.304s] [01m[K/opt/ros/iron/include/rclcpp/rclcpp/node.hpp:424:3:[m[K [01;36m[Knote: [m[K  candidate expects 4 arguments, 1 provided
[28.304s] [01m[K/opt/ros/iron/include/rclcpp/rclcpp/node.hpp:449:3:[m[K [01;36m[Knote: [m[Kcandidate: â€˜[01m[Kconst rclcpp::ParameterValue& rclcpp::Node::declare_parameter(const string&, rclcpp::ParameterType, const ParameterDescriptor&, bool)[m[Kâ€™
[28.305s]   449 |   [01;36m[Kdeclare_parameter[m[K(
[28.305s]       |   [01;36m[K^~~~~~~~~~~~~~~~~[m[K
[28.306s] [01m[K/opt/ros/iron/include/rclcpp/rclcpp/node.hpp:449:3:[m[K [01;36m[Knote: [m[K  candidate expects 4 arguments, 1 provided
[28.307s] [01m[K/home/racecar/racecar_ws/src/ydlidar_ros2/src/ydlidar_node.cpp:117:26:[m[K [01;31m[Kerror: [m[Kno matching function for call to â€˜[01m[Krclcpp::Node::declare_parameter(const char [10])[m[Kâ€™
[28.307s]   117 |   [01;31m[Knode->declare_parameter("min_range")[m[K;
[28.308s]       |   [01;31m[K~~~~~~~~~~~~~~~~~~~~~~~^~~~~~~~~~~~~[m[K
[28.308s] In file included from [01m[K/opt/ros/iron/include/rclcpp/rclcpp/executors/single_threaded_executor.hpp:28[m[K,
[28.309s]                  from [01m[K/opt/ros/iron/include/rclcpp/rclcpp/executors.hpp:22[m[K,
[28.309s]                  from [01m[K/opt/ros/iron/include/rclcpp/rclcpp/rclcpp.hpp:167[m[K,
[28.310s]                  from [01m[K/home/racecar/racecar_ws/src/ydlidar_ros2/src/ydlidar_node.cpp:23[m[K:
[28.310s] [01m[K/opt/ros/iron/include/rclcpp/rclcpp/node.hpp:479:3:[m[K [01;36m[Knote: [m[Kcandidate: â€˜[01m[Ktemplate<class ParameterT> auto rclcpp::Node::declare_parameter(const string&, const ParameterT&, const ParameterDescriptor&, bool)[m[Kâ€™
[28.311s]   479 |   [01;36m[Kdeclare_parameter[m[K(
[28.312s]       |   [01;36m[K^~~~~~~~~~~~~~~~~[m[K
[28.312s] [01m[K/opt/ros/iron/include/rclcpp/rclcpp/node.hpp:479:3:[m[K [01;36m[Knote: [m[K  template argument deduction/substitution failed:
[28.313s] [01m[K/home/racecar/racecar_ws/src/ydlidar_ros2/src/ydlidar_node.cpp:117:26:[m[K [01;36m[Knote: [m[K  candidate expects 4 arguments, 1 provided
[28.313s]   117 |   [01;36m[Knode->declare_parameter("min_range")[m[K;
[28.314s]       |   [01;36m[K~~~~~~~~~~~~~~~~~~~~~~~^~~~~~~~~~~~~[m[K
[28.314s] In file included from [01m[K/opt/ros/iron/include/rclcpp/rclcpp/executors/single_threaded_executor.hpp:28[m[K,
[28.315s]                  from [01m[K/opt/ros/iron/include/rclcpp/rclcpp/executors.hpp:22[m[K,
[28.316s]                  from [01m[K/opt/ros/iron/include/rclcpp/rclcpp/rclcpp.hpp:167[m[K,
[28.316s]                  from [01m[K/home/racecar/racecar_ws/src/ydlidar_ros2/src/ydlidar_node.cpp:23[m[K:
[28.317s] [01m[K/opt/ros/iron/include/rclcpp/rclcpp/node.hpp:492:3:[m[K [01;36m[Knote: [m[Kcandidate: â€˜[01m[Ktemplate<class ParameterT> auto rclcpp::Node::declare_parameter(const string&, const ParameterDescriptor&, bool)[m[Kâ€™
[28.317s]   492 |   [01;36m[Kdeclare_parameter[m[K(
[28.318s]       |   [01;36m[K^~~~~~~~~~~~~~~~~[m[K
[28.318s] [01m[K/opt/ros/iron/include/rclcpp/rclcpp/node.hpp:492:3:[m[K [01;36m[Knote: [m[K  template argument deduction/substitution failed:
[28.319s] [01m[K/home/racecar/racecar_ws/src/ydlidar_ros2/src/ydlidar_node.cpp:117:26:[m[K [01;36m[Knote: [m[K  couldnâ€™t deduce template parameter â€˜[01m[KParameterT[m[Kâ€™
[28.320s]   117 |   [01;36m[Knode->declare_parameter("min_range")[m[K;
[28.320s]       |   [01;36m[K~~~~~~~~~~~~~~~~~~~~~~~^~~~~~~~~~~~~[m[K
[28.321s] In file included from [01m[K/opt/ros/iron/include/rclcpp/rclcpp/executors/single_threaded_executor.hpp:28[m[K,
[28.321s]                  from [01m[K/opt/ros/iron/include/rclcpp/rclcpp/executors.hpp:22[m[K,
[28.322s]                  from [01m[K/opt/ros/iron/include/rclcpp/rclcpp/rclcpp.hpp:167[m[K,
[28.323s]                  from [01m[K/home/racecar/racecar_ws/src/ydlidar_ros2/src/ydlidar_node.cpp:23[m[K:
[28.324s] [01m[K/opt/ros/iron/include/rclcpp/rclcpp/node.hpp:424:3:[m[K [01;36m[Knote: [m[Kcandidate: â€˜[01m[Kconst rclcpp::ParameterValue& rclcpp::Node::declare_parameter(const string&, const rclcpp::ParameterValue&, const ParameterDescriptor&, bool)[m[Kâ€™
[28.324s]   424 |   [01;36m[Kdeclare_parameter[m[K(
[28.325s]       |   [01;36m[K^~~~~~~~~~~~~~~~~[m[K
[28.325s] [01m[K/opt/ros/iron/include/rclcpp/rclcpp/node.hpp:424:3:[m[K [01;36m[Knote: [m[K  candidate expects 4 arguments, 1 provided
[28.326s] [01m[K/opt/ros/iron/include/rclcpp/rclcpp/node.hpp:449:3:[m[K [01;36m[Knote: [m[Kcandidate: â€˜[01m[Kconst rclcpp::ParameterValue& rclcpp::Node::declare_parameter(const string&, rclcpp::ParameterType, const ParameterDescriptor&, bool)[m[Kâ€™
[28.327s]   449 |   [01;36m[Kdeclare_parameter[m[K(
[28.327s]       |   [01;36m[K^~~~~~~~~~~~~~~~~[m[K
[28.328s] [01m[K/opt/ros/iron/include/rclcpp/rclcpp/node.hpp:449:3:[m[K [01;36m[Knote: [m[K  candidate expects 4 arguments, 1 provided
[28.328s] [01m[K/home/racecar/racecar_ws/src/ydlidar_ros2/src/ydlidar_node.cpp:120:26:[m[K [01;31m[Kerror: [m[Kno matching function for call to â€˜[01m[Krclcpp::Node::declare_parameter(const char [10])[m[Kâ€™
[28.329s]   120 |   [01;31m[Knode->declare_parameter("frequency")[m[K;
[28.330s]       |   [01;31m[K~~~~~~~~~~~~~~~~~~~~~~~^~~~~~~~~~~~~[m[K
[28.331s] In file included from [01m[K/opt/ros/iron/include/rclcpp/rclcpp/executors/single_threaded_executor.hpp:28[m[K,
[28.331s]                  from [01m[K/opt/ros/iron/include/rclcpp/rclcpp/executors.hpp:22[m[K,
[28.332s]                  from [01m[K/opt/ros/iron/include/rclcpp/rclcpp/rclcpp.hpp:167[m[K,
[28.332s]                  from [01m[K/home/racecar/racecar_ws/src/ydlidar_ros2/src/ydlidar_node.cpp:23[m[K:
[28.333s] [01m[K/opt/ros/iron/include/rclcpp/rclcpp/node.hpp:479:3:[m[K [01;36m[Knote: [m[Kcandidate: â€˜[01m[Ktemplate<class ParameterT> auto rclcpp::Node::declare_parameter(const string&, const ParameterT&, const ParameterDescriptor&, bool)[m[Kâ€™
[28.334s]   479 |   [01;36m[Kdeclare_parameter[m[K(
[28.334s]       |   [01;36m[K^~~~~~~~~~~~~~~~~[m[K
[28.335s] [01m[K/opt/ros/iron/include/rclcpp/rclcpp/node.hpp:479:3:[m[K [01;36m[Knote: [m[K  template argument deduction/substitution failed:
[28.336s] [01m[K/home/racecar/racecar_ws/src/ydlidar_ros2/src/ydlidar_node.cpp:120:26:[m[K [01;36m[Knote: [m[K  candidate expects 4 arguments, 1 provided
[28.336s]   120 |   [01;36m[Knode->declare_parameter("frequency")[m[K;
[28.337s]       |   [01;36m[K~~~~~~~~~~~~~~~~~~~~~~~^~~~~~~~~~~~~[m[K
[28.337s] In file included from [01m[K/opt/ros/iron/include/rclcpp/rclcpp/executors/single_threaded_executor.hpp:28[m[K,
[28.338s]                  from [01m[K/opt/ros/iron/include/rclcpp/rclcpp/executors.hpp:22[m[K,
[28.338s]                  from [01m[K/opt/ros/iron/include/rclcpp/rclcpp/rclcpp.hpp:167[m[K,
[28.339s]                  from [01m[K/home/racecar/racecar_ws/src/ydlidar_ros2/src/ydlidar_node.cpp:23[m[K:
[28.340s] [01m[K/opt/ros/iron/include/rclcpp/rclcpp/node.hpp:492:3:[m[K [01;36m[Knote: [m[Kcandidate: â€˜[01m[Ktemplate<class ParameterT> auto rclcpp::Node::declare_parameter(const string&, const ParameterDescriptor&, bool)[m[Kâ€™
[28.340s]   492 |   [01;36m[Kdeclare_parameter[m[K(
[28.341s]       |   [01;36m[K^~~~~~~~~~~~~~~~~[m[K
[28.341s] [01m[K/opt/ros/iron/include/rclcpp/rclcpp/node.hpp:492:3:[m[K [01;36m[Knote: [m[K  template argument deduction/substitution failed:
[28.342s] [01m[K/home/racecar/racecar_ws/src/ydlidar_ros2/src/ydlidar_node.cpp:120:26:[m[K [01;36m[Knote: [m[K  couldnâ€™t deduce template parameter â€˜[01m[KParameterT[m[Kâ€™
[28.342s]   120 |   [01;36m[Knode->declare_parameter("frequency")[m[K;
[28.343s]       |   [01;36m[K~~~~~~~~~~~~~~~~~~~~~~~^~~~~~~~~~~~~[m[K
[28.343s] In file included from [01m[K/opt/ros/iron/include/rclcpp/rclcpp/executors/single_threaded_executor.hpp:28[m[K,
[28.344s]                  from [01m[K/opt/ros/iron/include/rclcpp/rclcpp/executors.hpp:22[m[K,
[28.344s]                  from [01m[K/opt/ros/iron/include/rclcpp/rclcpp/rclcpp.hpp:167[m[K,
[28.345s]                  from [01m[K/home/racecar/racecar_ws/src/ydlidar_ros2/src/ydlidar_node.cpp:23[m[K:
[28.346s] [01m[K/opt/ros/iron/include/rclcpp/rclcpp/node.hpp:424:3:[m[K [01;36m[Knote: [m[Kcandidate: â€˜[01m[Kconst rclcpp::ParameterValue& rclcpp::Node::declare_parameter(const string&, const rclcpp::ParameterValue&, const ParameterDescriptor&, bool)[m[Kâ€™
[28.346s]   424 |   [01;36m[Kdeclare_parameter[m[K(
[28.347s]       |   [01;36m[K^~~~~~~~~~~~~~~~~[m[K
[28.347s] [01m[K/opt/ros/iron/include/rclcpp/rclcpp/node.hpp:424:3:[m[K [01;36m[Knote: [m[K  candidate expects 4 arguments, 1 provided
[28.348s] [01m[K/opt/ros/iron/include/rclcpp/rclcpp/node.hpp:449:3:[m[K [01;36m[Knote: [m[Kcandidate: â€˜[01m[Kconst rclcpp::ParameterValue& rclcpp::Node::declare_parameter(const string&, rclcpp::ParameterType, const ParameterDescriptor&, bool)[m[Kâ€™
[28.349s]   449 |   [01;36m[Kdeclare_parameter[m[K(
[28.349s]       |   [01;36m[K^~~~~~~~~~~~~~~~~[m[K
[28.350s] [01m[K/opt/ros/iron/include/rclcpp/rclcpp/node.hpp:449:3:[m[K [01;36m[Knote: [m[K  candidate expects 4 arguments, 1 provided
[28.350s] [01m[K/home/racecar/racecar_ws/src/ydlidar_ros2/src/ydlidar_node.cpp:208:22:[m[K [01;35m[Kwarning: [m[Kcomparison of integer expressions of different signedness: â€˜[01m[Kint[m[Kâ€™ and â€˜[01m[Kstd::vector<LaserPoint>::size_type[m[Kâ€™ {aka â€˜[01m[Klong unsigned int[m[Kâ€™} [[01;35m[K]8;;https://gcc.gnu.org/onlinedocs/gcc/Warning-Options.html#index-Wsign-compare-Wsign-compare]8;;[m[K]
[28.351s]   208 |       for(int i=0; [01;35m[Ki < scan.points.size()[m[K; i++) {
[28.352s]       |                    [01;35m[K~~^~~~~~~~~~~~~~~~~~~~[m[K
[32.520s] gmake[2]: *** [CMakeFiles/ydlidar_node.dir/build.make:76: CMakeFiles/ydlidar_node.dir/src/ydlidar_node.cpp.o] Error 1
[32.521s] gmake[1]: *** [CMakeFiles/Makefile2:139: CMakeFiles/ydlidar_node.dir/all] Error 2
[32.521s] gmake[1]: *** Waiting for unfinished jobs....
[48.211s] [ 90%] [32m[1mLinking CXX executable ydlidar_client[0m
[50.390s] [ 90%] Built target ydlidar_client
[50.394s] gmake: *** [Makefile:146: all] Error 2
[50.400s] Invoked command in '/home/racecar/racecar_ws/build/ydlidar' returned '2': CMAKE_PREFIX_PATH=/opt/ros/iron /usr/bin/cmake --build /home/racecar/racecar_ws/build/ydlidar -- -j4 -l4
